#
# A fatal error has been detected by the Java Runtime Environment:
#
#  EXCEPTION_ACCESS_VIOLATION (0xc0000005) at pc=0x00007ffbfa44ca54, pid=13584, tid=10380
#
# JRE version: OpenJDK Runtime Environment (11.0.10) (build 11.0.10+0-b96-7249189)
# Java VM: OpenJDK 64-Bit Server VM (11.0.10+0-b96-7249189, mixed mode, tiered, compressed oops, g1 gc, windows-amd64)
# Problematic frame:
# V  [jvm.dll+0x18ca54]
#
# No core dump will be written. Minidumps are not enabled by default on client versions of Windows
#
# If you would like to submit a bug report, please visit:
#   https://bugreport.java.com/bugreport/crash.jsp
#

---------------  S U M M A R Y ------------

Command Line: --add-opens=java.base/java.util=ALL-UNNAMED --add-opens=java.base/java.lang=ALL-UNNAMED --add-opens=java.base/java.lang.invoke=ALL-UNNAMED --add-opens=java.base/java.util=ALL-UNNAMED --add-opens=java.prefs/java.util.prefs=ALL-UNNAMED --add-opens=java.prefs/java.util.prefs=ALL-UNNAMED --add-opens=java.base/java.nio.charset=ALL-UNNAMED --add-opens=java.base/java.net=ALL-UNNAMED --add-opens=java.base/java.util.concurrent.atomic=ALL-UNNAMED -Xmx2048m -Dfile.encoding=UTF-8 -Duser.country=US -Duser.language=en -Duser.variant org.gradle.launcher.daemon.bootstrap.GradleDaemon 7.0.2

Host: Intel(R) Core(TM) i3-9100F CPU @ 3.60GHz, 4 cores, 7G,  Windows 10 , 64 bit Build 22000 (10.0.22000.613)
Time: Mon May  2 13:34:20 2022 SE Asia Standard Time elapsed time: 2778.152846 seconds (0d 0h 46m 18s)

---------------  T H R E A D  ---------------

Current thread (0x000002a5a5739000):  GCTaskThread "GC Thread#2" [stack: 0x000000bf2ec00000,0x000000bf2ed00000] [id=10380]

Stack: [0x000000bf2ec00000,0x000000bf2ed00000],  sp=0x000000bf2ecfe3a8,  free space=1016k
Native frames: (J=compiled Java code, j=interpreted, Vv=VM code, C=native code)
V  [jvm.dll+0x18ca54]


siginfo: EXCEPTION_ACCESS_VIOLATION (0xc0000005), reading address 0x0000000000000110


Register to memory mapping:

RIP=0x00007ffbfa44ca54 jvm.dll
RAX=0x0 is NULL
RBX=
[error occurred during error reporting (printing register info), id 0xc0000005, EXCEPTION_ACCESS_VIOLATION (0xc0000005) at pc=0x00007ffbfa44c9e6]

Registers:
RAX=0x0000000000000000, RBX=0x0000000091cef9ac, RCX=0x0000000100013e08, RDX=0x000000009246afe8
RSP=0x000000bf2ecfe3a8, RBP=0x0000000000000001, RSI=0x000002a5a67e2ec0, RDI=0x000002a5a67e2ec0
R8 =0x0000000000000000, R9 =0x0000000100013e08, R10=0x000000009246afe8, R11=0x000002a5a67e3030
R12=0x0000000000000000, R13=0x0000000000000000, R14=0x000002a58af8acc0, R15=0x000000009246afe8
RIP=0x00007ffbfa44ca54, EFLAGS=0x0000000000010246

Top of Stack: (sp=0x000000bf2ecfe3a8)
0x000000bf2ecfe3a8:   00007ffbfa5bf61c 0000000091cef901
0x000000bf2ecfe3b8:   000002a5a67e2ec0 000002a5a67e2ec0
0x000000bf2ecfe3c8:   0000000091c3c479 000002a58af8ac40
0x000000bf2ecfe3d8:   00007ffbfa8895f2 00000020a67e3030
0x000000bf2ecfe3e8:   0000000000000009 0000000000000000
0x000000bf2ecfe3f8:   000002a5a67e2ec0 0000000000000040
0x000000bf2ecfe408:   000002a58af8acc0 0000000000000000
0x000000bf2ecfe418:   000002a5a67e2ec0 000002a5a7c39000
0x000000bf2ecfe428:   00007ffbfa591282 000002a5a67e2ec0
0x000000bf2ecfe438:   000002a5a7d2b001 000000000000015e
0x000000bf2ecfe448:   0000000091cef9ac 000002a58af8ac40
0x000000bf2ecfe458:   00007ffbfa5bdb7b 0000000000005265
0x000000bf2ecfe468:   0000000000005259 000002a5a7c39000
0x000000bf2ecfe478:   00007ffbfa594144 0000000000000000
0x000000bf2ecfe488:   0000000091c31389 0000000000000000
0x000000bf2ecfe498:   00007ffbfa8a70ff 000000bf2ecfe540 

Instructions: (pc=0x00007ffbfa44ca54)
0x00007ffbfa44c954:   11 86 98 03 00 00 48 8b 5c 24 40 48 8b 74 24 48
0x00007ffbfa44c964:   48 83 c4 30 5f c3 48 8b 07 48 8d 54 24 20 48 8b
0x00007ffbfa44c974:   cf 66 0f 7f 44 24 20 ff 50 38 48 8b 5c 24 40 48
0x00007ffbfa44c984:   8b 74 24 48 48 83 c4 30 5f c3 cc cc 48 8b 49 38
0x00007ffbfa44c994:   48 8b 01 48 ff 60 28 cc cc cc cc cc 80 3d f1 ab
0x00007ffbfa44c9a4:   86 00 00 48 8b c1 74 1b 8b 51 08 8b 0d 63 21 82
0x00007ffbfa44c9b4:   00 48 d3 e2 48 8b c8 48 03 15 4e 21 82 00 e9 19
0x00007ffbfa44c9c4:   00 00 00 48 8b 51 08 48 8b c8 e9 0d 00 00 00 cc
0x00007ffbfa44c9d4:   cc cc cc cc cc cc cc cc cc cc cc cc 4c 8b ca 48
0x00007ffbfa44c9e4:   8b d1 45 8b 41 08 45 85 c0 7e 0e 41 f6 c0 01 75
0x00007ffbfa44c9f4:   59 41 c1 f8 03 41 8b c0 c3 79 4f 80 3d 92 ab 86
0x00007ffbfa44ca04:   00 00 b8 0c 00 00 00 b9 10 00 00 00 0f 45 c8 8b
0x00007ffbfa44ca14:   05 ab 6c 80 00 ff c8 4c 63 c8 48 63 c1 41 8b c8
0x00007ffbfa44ca24:   83 e1 3f 48 63 14 10 41 8b c0 48 c1 f8 10 0f b6
0x00007ffbfa44ca34:   c0 48 d3 e2 49 8d 0c 11 49 f7 d1 48 03 c1 49 c1
0x00007ffbfa44ca44:   e9 03 48 c1 e8 03 41 23 c1 c3 49 8b 01 49 8b c9
0x00007ffbfa44ca54:   48 ff a0 10 01 00 00 cc cc cc cc cc 48 83 ec 38
0x00007ffbfa44ca64:   0f 10 02 48 8b 49 38 48 8d 54 24 20 0f 29 44 24
0x00007ffbfa44ca74:   20 e8 56 f0 ff ff 48 83 c4 38 c3 cc 48 89 5c 24
0x00007ffbfa44ca84:   08 55 56 57 41 54 41 55 41 56 41 57 48 8d 6c 24
0x00007ffbfa44ca94:   e0 48 81 ec 20 01 00 00 48 8b 05 5d a5 83 00 48
0x00007ffbfa44caa4:   33 c4 48 89 45 10 48 8b 05 df 15 86 00 45 33 ed
0x00007ffbfa44cab4:   4c 8b b5 80 00 00 00 4c 8b fa 48 8b bd 88 00 00
0x00007ffbfa44cac4:   00 4d 8b c6 49 8b d6 49 8b f1 48 8b 48 38 48 8b
0x00007ffbfa44cad4:   59 48 49 8b cf c7 45 c0 ff ff ff ff 44 89 6d d4
0x00007ffbfa44cae4:   4c 89 6d d8 44 88 6d e0 c7 45 e8 ff ff ff ff 44
0x00007ffbfa44caf4:   89 6d fc 4c 89 6d 00 44 88 6d 08 e8 ac 17 f6 ff
0x00007ffbfa44cb04:   41 b1 01 4c 8d 45 e8 41 8d 55 04 49 8b cf e8 39
0x00007ffbfa44cb14:   d5 f4 ff 48 8b 05 a2 55 6e 00 4c 8d 25 1b 29 5c
0x00007ffbfa44cb24:   00 48 89 44 24 30 4c 8d 44 24 70 0f b6 05 59 aa
0x00007ffbfa44cb34:   86 00 49 8b d6 f6 d8 48 89 74 24 20 4c 89 74 24
0x00007ffbfa44cb44:   28 0f 10 44 24 20 1b c9 44 89 6c 24 3c 83 c1 03 


Stack slot to memory mapping:
stack at sp + 0 slots: 0x00007ffbfa5bf61c jvm.dll
stack at sp + 1 slots: 
[error occurred during error reporting (inspecting top of stack), id 0xc0000005, EXCEPTION_ACCESS_VIOLATION (0xc0000005) at pc=0x00007ffbfa44c9e6]


---------------  P R O C E S S  ---------------

Threads class SMR info:
_java_thread_list=0x000002a5ac1c0c60, length=50, elements={
0x000002a58af7d800, 0x000002a5a4b52800, 0x000002a5a4b5d000, 0x000002a5a54e2800,
0x000002a5a4b6f000, 0x000002a5a4b73800, 0x000002a5a4b77800, 0x000002a5a4b79800,
0x000002a5a4b7a800, 0x000002a5a561e000, 0x000002a5a6f26800, 0x000002a5a6b0f800,
0x000002a5a6b10800, 0x000002a5a7be7800, 0x000002a5a7be6000, 0x000002a5a7be5000,
0x000002a5a7bf2800, 0x000002a5a7bf3000, 0x000002a5a7bef000, 0x000002a5a7bf5000,
0x000002a5a7bf5800, 0x000002a5a7bf0000, 0x000002a5a7c2f000, 0x000002a5a7c36800,
0x000002a5a7c37800, 0x000002a5a8061000, 0x000002a5b0272000, 0x000002a5a7c32800,
0x000002a5a7c35800, 0x000002a5a7c30000, 0x000002a5a7c31000, 0x000002a5a7c31800,
0x000002a5a7c3e000, 0x000002a5a7c3b800, 0x000002a5a7c3a000, 0x000002a5a7c3a800,
0x000002a5a7c3d000, 0x000002a5a7c3c000, 0x000002a5a7c38000, 0x000002a5a7c39000,
0x000002a5a8059800, 0x000002a5a805a800, 0x000002a5a8058800, 0x000002a5a805b000,
0x000002a5b00da000, 0x000002a5a8058000, 0x000002a5a8060000, 0x000002a5a805e800,
0x000002a5a805d800, 0x000002a5a8064000
}

Java Threads: ( => current thread )
  0x000002a58af7d800 JavaThread "main" [_thread_blocked, id=8812, stack(0x000000bf2d900000,0x000000bf2da00000)]
  0x000002a5a4b52800 JavaThread "Reference Handler" daemon [_thread_blocked, id=14804, stack(0x000000bf2e000000,0x000000bf2e100000)]
  0x000002a5a4b5d000 JavaThread "Finalizer" daemon [_thread_blocked, id=14448, stack(0x000000bf2e100000,0x000000bf2e200000)]
  0x000002a5a54e2800 JavaThread "Signal Dispatcher" daemon [_thread_blocked, id=11020, stack(0x000000bf2e200000,0x000000bf2e300000)]
  0x000002a5a4b6f000 JavaThread "Attach Listener" daemon [_thread_blocked, id=4112, stack(0x000000bf2e300000,0x000000bf2e400000)]
  0x000002a5a4b73800 JavaThread "Service Thread" daemon [_thread_blocked, id=15616, stack(0x000000bf2e400000,0x000000bf2e500000)]
  0x000002a5a4b77800 JavaThread "C2 CompilerThread0" daemon [_thread_blocked, id=5856, stack(0x000000bf2e500000,0x000000bf2e600000)]
  0x000002a5a4b79800 JavaThread "C1 CompilerThread0" daemon [_thread_blocked, id=7768, stack(0x000000bf2e600000,0x000000bf2e700000)]
  0x000002a5a4b7a800 JavaThread "Sweeper thread" daemon [_thread_blocked, id=10992, stack(0x000000bf2e700000,0x000000bf2e800000)]
  0x000002a5a561e000 JavaThread "Common-Cleaner" daemon [_thread_blocked, id=7516, stack(0x000000bf2e800000,0x000000bf2e900000)]
  0x000002a5a6f26800 JavaThread "Daemon health stats" [_thread_blocked, id=2148, stack(0x000000bf2ed00000,0x000000bf2ee00000)]
  0x000002a5a6b0f800 JavaThread "Incoming local TCP Connector on port 54613" [_thread_in_native, id=9260, stack(0x000000bf2ee00000,0x000000bf2ef00000)]
  0x000002a5a6b10800 JavaThread "Daemon periodic checks" [_thread_blocked, id=6324, stack(0x000000bf2ef00000,0x000000bf2f000000)]
  0x000002a5a7be7800 JavaThread "Cache worker for file hash cache (C:\Users\Khang\.gradle\caches\7.0.2\fileHashes)" [_thread_blocked, id=15972, stack(0x000000bf2ea00000,0x000000bf2eb00000)]
  0x000002a5a7be6000 JavaThread "File lock request listener" [_thread_in_native, id=3248, stack(0x000000bf2f700000,0x000000bf2f800000)]
  0x000002a5a7be5000 JavaThread "Cache worker for journal cache (C:\Users\Khang\.gradle\caches\journal-1)" [_thread_blocked, id=2120, stack(0x000000bf2f900000,0x000000bf2fa00000)]
  0x000002a5a7bf2800 JavaThread "File watcher server" daemon [_thread_blocked, id=1904, stack(0x000000bf2fc00000,0x000000bf2fd00000)]
  0x000002a5a7bf3000 JavaThread "File watcher consumer" daemon [_thread_blocked, id=14756, stack(0x000000bf2fd00000,0x000000bf2fe00000)]
  0x000002a5a7bef000 JavaThread "jar transforms" [_thread_blocked, id=2904, stack(0x000000bf2fe00000,0x000000bf2ff00000)]
  0x000002a5a7bf5000 JavaThread "jar transforms Thread 2" [_thread_blocked, id=13624, stack(0x000000bf2ff00000,0x000000bf30000000)]
  0x000002a5a7bf5800 JavaThread "jar transforms Thread 3" [_thread_blocked, id=15708, stack(0x000000bf30000000,0x000000bf30100000)]
  0x000002a5a7bf0000 JavaThread "jar transforms Thread 4" [_thread_blocked, id=5512, stack(0x000000bf30100000,0x000000bf30200000)]
  0x000002a5a7c2f000 JavaThread "Cache worker for execution history cache (C:\Users\Khang\.gradle\caches\7.0.2\executionHistory)" [_thread_blocked, id=13036, stack(0x000000bf30500000,0x000000bf30600000)]
  0x000002a5a7c36800 JavaThread "Cache worker for file content cache (C:\Users\Khang\.gradle\caches\7.0.2\fileContent)" [_thread_blocked, id=5472, stack(0x000000bf30600000,0x000000bf30700000)]
  0x000002a5a7c37800 JavaThread "Memory manager" [_thread_blocked, id=12988, stack(0x000000bf30d00000,0x000000bf30e00000)]
  0x000002a5a8061000 JavaThread "Cache worker for Java compile cache (C:\Users\Khang\.gradle\caches\7.0.2\javaCompile)" [_thread_blocked, id=8888, stack(0x000000bf31900000,0x000000bf31a00000)]
  0x000002a5b0272000 JavaThread "ForkJoinPool.commonPool-worker-7" daemon [_thread_blocked, id=13232, stack(0x000000bf31700000,0x000000bf31800000)]
  0x000002a5a7c32800 JavaThread "Daemon Thread 16" [_thread_blocked, id=2428, stack(0x000000bf2d600000,0x000000bf2d700000)]
  0x000002a5a7c35800 JavaThread "Handler for socket connection from /127.0.0.1:54613 to /127.0.0.1:56001" [_thread_in_native, id=6428, stack(0x000000bf2d700000,0x000000bf2d800000)]
  0x000002a5a7c30000 JavaThread "Cancel handler" [_thread_blocked, id=7896, stack(0x000000bf2d800000,0x000000bf2d900000)]
  0x000002a5a7c31000 JavaThread "Daemon worker Thread 16" [_thread_blocked, id=10760, stack(0x000000bf2f000000,0x000000bf2f100000)]
  0x000002a5a7c31800 JavaThread "Asynchronous log dispatcher for DefaultDaemonConnection: socket connection from /127.0.0.1:54613 to /127.0.0.1:56001" [_thread_blocked, id=8832, stack(0x000000bf2f100000,0x000000bf2f200000)]
  0x000002a5a7c3e000 JavaThread "Stdin handler" [_thread_blocked, id=14648, stack(0x000000bf2f200000,0x000000bf2f300000)]
  0x000002a5a7c3b800 JavaThread "Daemon client event forwarder" [_thread_blocked, id=1624, stack(0x000000bf2f300000,0x000000bf2f400000)]
  0x000002a5a7c3a000 JavaThread "Cache worker for file hash cache (C:\Users\Khang\AndroidStudioProjects\DoAnAndroid\.gradle\7.0.2\fileHashes)" [_thread_blocked, id=14636, stack(0x000000bf2f400000,0x000000bf2f500000)]
  0x000002a5a7c3a800 JavaThread "Cache worker for checksums cache (C:\Users\Khang\AndroidStudioProjects\DoAnAndroid\.gradle\checksums)" [_thread_blocked, id=3052, stack(0x000000bf2f500000,0x000000bf2f600000)]
  0x000002a5a7c3d000 JavaThread "Cache worker for cache directory md-supplier (C:\Users\Khang\.gradle\caches\7.0.2\md-supplier)" [_thread_blocked, id=10948, stack(0x000000bf2f600000,0x000000bf2f700000)]
  0x000002a5a7c3c000 JavaThread "Cache worker for cache directory md-rule (C:\Users\Khang\.gradle\caches\7.0.2\md-rule)" [_thread_blocked, id=12140, stack(0x000000bf2fa00000,0x000000bf2fb00000)]
  0x000002a5a7c38000 JavaThread "Cache worker for dependencies-accessors (C:\Users\Khang\AndroidStudioProjects\DoAnAndroid\.gradle\7.0.2\dependencies-accessors)" [_thread_blocked, id=2164, stack(0x000000bf2fb00000,0x000000bf2fc00000)]
  0x000002a5a7c39000 JavaThread "Cache worker for Build Output Cleanup Cache (C:\Users\Khang\AndroidStudioProjects\DoAnAndroid\.gradle\buildOutputCleanup)" [_thread_blocked, id=2368, stack(0x000000bf30200000,0x000000bf30300000)]
  0x000002a5a8059800 JavaThread "Build operations" [_thread_blocked, id=16196, stack(0x000000bf30300000,0x000000bf30400000)]
  0x000002a5a805a800 JavaThread "Build operations Thread 2" [_thread_blocked, id=15604, stack(0x000000bf30400000,0x000000bf30500000)]
  0x000002a5a8058800 JavaThread "Build operations Thread 3" [_thread_blocked, id=4692, stack(0x000000bf30700000,0x000000bf30800000)]
  0x000002a5a805b000 JavaThread "Build operations Thread 4" [_thread_blocked, id=1780, stack(0x000000bf30800000,0x000000bf30900000)]
  0x000002a5b00da000 JavaThread "C2 CompilerThread1" daemon [_thread_blocked, id=5828, stack(0x000000bf30900000,0x000000bf30a00000)]
  0x000002a5a8058000 JavaThread "build event listener" [_thread_blocked, id=2476, stack(0x000000bf30a00000,0x000000bf30b00000)]
  0x000002a5a8060000 JavaThread "Execution worker for ':'" [_thread_blocked, id=1672, stack(0x000000bf30b00000,0x000000bf30c00000)]
  0x000002a5a805e800 JavaThread "Execution worker for ':' Thread 2" [_thread_blocked, id=1108, stack(0x000000bf30c00000,0x000000bf30d00000)]
  0x000002a5a805d800 JavaThread "Execution worker for ':' Thread 3" [_thread_blocked, id=7612, stack(0x000000bf30e00000,0x000000bf30f00000)]
  0x000002a5a8064000 JavaThread "Cache worker for execution history cache (C:\Users\Khang\AndroidStudioProjects\DoAnAndroid\.gradle\7.0.2\executionHistory)" [_thread_blocked, id=15912, stack(0x000000bf30f00000,0x000000bf31000000)]

Other Threads:
  0x000002a5a4b4f000 VMThread "VM Thread" [stack: 0x000000bf2df00000,0x000000bf2e000000] [id=13368]
  0x000002a5a5630800 WatcherThread [stack: 0x000000bf2e900000,0x000000bf2ea00000] [id=11356]
  0x000002a58af96800 GCTaskThread "GC Thread#0" [stack: 0x000000bf2da00000,0x000000bf2db00000] [id=9176]
  0x000002a5a570e000 GCTaskThread "GC Thread#1" [stack: 0x000000bf2eb00000,0x000000bf2ec00000] [id=5480]
=>0x000002a5a5739000 GCTaskThread "GC Thread#2" [stack: 0x000000bf2ec00000,0x000000bf2ed00000] [id=10380]
  0x000002a5a7417800 GCTaskThread "GC Thread#3" [stack: 0x000000bf2f800000,0x000000bf2f900000] [id=14204]
  0x000002a58afc8800 ConcurrentGCThread "G1 Main Marker" [stack: 0x000000bf2db00000,0x000000bf2dc00000] [id=12728]
  0x000002a58afc9800 ConcurrentGCThread "G1 Conc#0" [stack: 0x000000bf2dc00000,0x000000bf2dd00000] [id=2760]
  0x000002a58b05d000 ConcurrentGCThread "G1 Refine#0" [stack: 0x000000bf2dd00000,0x000000bf2de00000] [id=6740]
  0x000002a58b05e000 ConcurrentGCThread "G1 Young RemSet Sampling" [stack: 0x000000bf2de00000,0x000000bf2df00000] [id=8996]

Threads with active compile tasks:
C2 CompilerThread02778163 32432       4       org.gradle.internal.component.model.ComponentAttributeMatcher::match (259 bytes)
C2 CompilerThread12778163 32421   !   4       java.io.ObjectOutputStream::writeSerialData (221 bytes)

VM state:at safepoint (normal execution)

VM Mutex/Monitor currently owned by a thread:  ([mutex/lock_event])
[0x000002a58af79700] Threads_lock - owner thread: 0x000002a5a4b4f000
[0x000002a58af78500] Heap_lock - owner thread: 0x000002a5a8060000

Heap address: 0x0000000080000000, size: 2048 MB, Compressed Oops mode: 32-bit
Narrow klass base: 0x0000000000000000, Narrow klass shift: 3
Compressed class space size: 1073741824 Address: 0x0000000100000000

Heap:
 garbage-first heap   total 331776K, used 178405K [0x0000000080000000, 0x0000000100000000)
  region size 1024K, 42 young (43008K), 5 survivors (5120K)
 Metaspace       used 146363K, capacity 152196K, committed 153932K, reserved 1183744K
  class space    used 18070K, capacity 20093K, committed 20608K, reserved 1048576K
Heap Regions: E=young(eden), S=young(survivor), O=old, HS=humongous(starts), HC=humongous(continues), CS=collection set, F=free, A=archive, TAMS=top-at-mark-start (previous, next)
|   0|0x0000000080000000, 0x0000000080100000, 0x0000000080100000|100%| O|  |TAMS 0x0000000080100000, 0x0000000080100000| Untracked 
|   1|0x0000000080100000, 0x0000000080200000, 0x0000000080200000|100%| O|  |TAMS 0x0000000080200000, 0x0000000080200000| Untracked 
|   2|0x0000000080200000, 0x0000000080300000, 0x0000000080300000|100%| O|  |TAMS 0x0000000080300000, 0x0000000080300000| Untracked 
|   3|0x0000000080300000, 0x0000000080400000, 0x0000000080400000|100%|HS|  |TAMS 0x0000000080400000, 0x0000000080400000| Complete 
|   4|0x0000000080400000, 0x0000000080500000, 0x0000000080500000|100%|HC|  |TAMS 0x0000000080500000, 0x0000000080500000| Complete 
|   5|0x0000000080500000, 0x0000000080600000, 0x0000000080600000|100%|HC|  |TAMS 0x0000000080600000, 0x0000000080600000| Complete 
|   6|0x0000000080600000, 0x0000000080700000, 0x0000000080700000|100%| O|  |TAMS 0x0000000080700000, 0x0000000080700000| Untracked 
|   7|0x0000000080700000, 0x0000000080800000, 0x0000000080800000|100%| O|  |TAMS 0x0000000080800000, 0x0000000080800000| Untracked 
|   8|0x0000000080800000, 0x0000000080900000, 0x0000000080900000|100%| O|  |TAMS 0x0000000080900000, 0x0000000080900000| Untracked 
|   9|0x0000000080900000, 0x0000000080a00000, 0x0000000080a00000|100%|HS|  |TAMS 0x0000000080a00000, 0x0000000080a00000| Complete 
|  10|0x0000000080a00000, 0x0000000080b00000, 0x0000000080b00000|100%|HC|  |TAMS 0x0000000080b00000, 0x0000000080b00000| Complete 
|  11|0x0000000080b00000, 0x0000000080c00000, 0x0000000080c00000|100%|HS|  |TAMS 0x0000000080c00000, 0x0000000080c00000| Complete 
|  12|0x0000000080c00000, 0x0000000080d00000, 0x0000000080d00000|100%|HC|  |TAMS 0x0000000080d00000, 0x0000000080d00000| Complete 
|  13|0x0000000080d00000, 0x0000000080e00000, 0x0000000080e00000|100%|HC|  |TAMS 0x0000000080e00000, 0x0000000080e00000| Complete 
|  14|0x0000000080e00000, 0x0000000080f00000, 0x0000000080f00000|100%|HS|  |TAMS 0x0000000080f00000, 0x0000000080f00000| Complete 
|  15|0x0000000080f00000, 0x0000000081000000, 0x0000000081000000|100%|HC|  |TAMS 0x0000000081000000, 0x0000000081000000| Complete 
|  16|0x0000000081000000, 0x0000000081100000, 0x0000000081100000|100%|HC|  |TAMS 0x0000000081100000, 0x0000000081100000| Complete 
|  17|0x0000000081100000, 0x0000000081200000, 0x0000000081200000|100%|HC|  |TAMS 0x0000000081200000, 0x0000000081200000| Complete 
|  18|0x0000000081200000, 0x0000000081300000, 0x0000000081300000|100%|HC|  |TAMS 0x0000000081300000, 0x0000000081300000| Complete 
|  19|0x0000000081300000, 0x0000000081400000, 0x0000000081400000|100%| O|  |TAMS 0x0000000081400000, 0x0000000081400000| Untracked 
|  20|0x0000000081400000, 0x0000000081500000, 0x0000000081500000|100%| O|  |TAMS 0x0000000081500000, 0x0000000081500000| Untracked 
|  21|0x0000000081500000, 0x0000000081600000, 0x0000000081600000|100%| O|  |TAMS 0x0000000081600000, 0x0000000081600000| Untracked 
|  22|0x0000000081600000, 0x0000000081700000, 0x0000000081700000|100%| O|  |TAMS 0x0000000081700000, 0x0000000081700000| Untracked 
|  23|0x0000000081700000, 0x0000000081800000, 0x0000000081800000|100%| O|  |TAMS 0x0000000081800000, 0x0000000081800000| Untracked 
|  24|0x0000000081800000, 0x0000000081900000, 0x0000000081900000|100%| O|  |TAMS 0x0000000081900000, 0x0000000081900000| Untracked 
|  25|0x0000000081900000, 0x0000000081a00000, 0x0000000081a00000|100%| O|  |TAMS 0x0000000081a00000, 0x0000000081a00000| Untracked 
|  26|0x0000000081a00000, 0x0000000081b00000, 0x0000000081b00000|100%| O|  |TAMS 0x0000000081b00000, 0x0000000081b00000| Untracked 
|  27|0x0000000081b00000, 0x0000000081c00000, 0x0000000081c00000|100%|HS|  |TAMS 0x0000000081c00000, 0x0000000081c00000| Complete 
|  28|0x0000000081c00000, 0x0000000081d00000, 0x0000000081d00000|100%|HC|  |TAMS 0x0000000081d00000, 0x0000000081d00000| Complete 
|  29|0x0000000081d00000, 0x0000000081e00000, 0x0000000081e00000|100%|HC|  |TAMS 0x0000000081e00000, 0x0000000081e00000| Complete 
|  30|0x0000000081e00000, 0x0000000081f00000, 0x0000000081f00000|100%| O|  |TAMS 0x0000000081f00000, 0x0000000081f00000| Untracked 
|  31|0x0000000081f00000, 0x0000000082000000, 0x0000000082000000|100%| O|  |TAMS 0x0000000082000000, 0x0000000082000000| Untracked 
|  32|0x0000000082000000, 0x0000000082100000, 0x0000000082100000|100%| O|  |TAMS 0x0000000082100000, 0x0000000082100000| Untracked 
|  33|0x0000000082100000, 0x0000000082200000, 0x0000000082200000|100%| O|  |TAMS 0x0000000082200000, 0x0000000082200000| Untracked 
|  34|0x0000000082200000, 0x0000000082300000, 0x0000000082300000|100%| O|  |TAMS 0x0000000082300000, 0x0000000082300000| Untracked 
|  35|0x0000000082300000, 0x0000000082400000, 0x0000000082400000|100%|HS|  |TAMS 0x0000000082400000, 0x0000000082400000| Complete 
|  36|0x0000000082400000, 0x0000000082500000, 0x0000000082500000|100%|HC|  |TAMS 0x0000000082500000, 0x0000000082500000| Complete 
|  37|0x0000000082500000, 0x0000000082600000, 0x0000000082600000|100%|HC|  |TAMS 0x0000000082600000, 0x0000000082600000| Complete 
|  38|0x0000000082600000, 0x0000000082700000, 0x0000000082700000|100%|HC|  |TAMS 0x0000000082700000, 0x0000000082700000| Complete 
|  39|0x0000000082700000, 0x0000000082800000, 0x0000000082800000|100%|HC|  |TAMS 0x0000000082800000, 0x0000000082800000| Complete 
|  40|0x0000000082800000, 0x0000000082900000, 0x0000000082900000|100%| O|  |TAMS 0x0000000082900000, 0x0000000082900000| Untracked 
|  41|0x0000000082900000, 0x0000000082a00000, 0x0000000082a00000|100%| O|  |TAMS 0x0000000082a00000, 0x0000000082a00000| Untracked 
|  42|0x0000000082a00000, 0x0000000082b00000, 0x0000000082b00000|100%| O|  |TAMS 0x0000000082b00000, 0x0000000082b00000| Untracked 
|  43|0x0000000082b00000, 0x0000000082b00000, 0x0000000082c00000|  0%| F|  |TAMS 0x0000000082b00000, 0x0000000082b00000| Untracked 
|  44|0x0000000082c00000, 0x0000000082d00000, 0x0000000082d00000|100%| O|  |TAMS 0x0000000082d00000, 0x0000000082d00000| Untracked 
|  45|0x0000000082d00000, 0x0000000082e00000, 0x0000000082e00000|100%| O|  |TAMS 0x0000000082e00000, 0x0000000082e00000| Untracked 
|  46|0x0000000082e00000, 0x0000000082f00000, 0x0000000082f00000|100%| O|  |TAMS 0x0000000082f00000, 0x0000000082f00000| Untracked 
|  47|0x0000000082f00000, 0x0000000083000000, 0x0000000083000000|100%| O|  |TAMS 0x0000000083000000, 0x0000000083000000| Untracked 
|  48|0x0000000083000000, 0x0000000083100000, 0x0000000083100000|100%| O|  |TAMS 0x0000000083100000, 0x0000000083100000| Untracked 
|  49|0x0000000083100000, 0x0000000083200000, 0x0000000083200000|100%| O|  |TAMS 0x0000000083200000, 0x0000000083200000| Untracked 
|  50|0x0000000083200000, 0x0000000083300000, 0x0000000083300000|100%| O|  |TAMS 0x0000000083300000, 0x0000000083300000| Untracked 
|  51|0x0000000083300000, 0x0000000083400000, 0x0000000083400000|100%| O|  |TAMS 0x0000000083400000, 0x0000000083400000| Untracked 
|  52|0x0000000083400000, 0x0000000083500000, 0x0000000083500000|100%| O|  |TAMS 0x0000000083500000, 0x0000000083500000| Untracked 
|  53|0x0000000083500000, 0x0000000083600000, 0x0000000083600000|100%| O|  |TAMS 0x0000000083600000, 0x0000000083600000| Untracked 
|  54|0x0000000083600000, 0x0000000083700000, 0x0000000083700000|100%|HS|  |TAMS 0x0000000083700000, 0x0000000083700000| Complete 
|  55|0x0000000083700000, 0x0000000083800000, 0x0000000083800000|100%|HS|  |TAMS 0x0000000083800000, 0x0000000083800000| Complete 
|  56|0x0000000083800000, 0x0000000083900000, 0x0000000083900000|100%|HS|  |TAMS 0x0000000083900000, 0x0000000083900000| Complete 
|  57|0x0000000083900000, 0x0000000083a00000, 0x0000000083a00000|100%|HC|  |TAMS 0x0000000083a00000, 0x0000000083a00000| Complete 
|  58|0x0000000083a00000, 0x0000000083b00000, 0x0000000083b00000|100%| O|  |TAMS 0x0000000083b00000, 0x0000000083b00000| Untracked 
|  59|0x0000000083b00000, 0x0000000083c00000, 0x0000000083c00000|100%| O|  |TAMS 0x0000000083c00000, 0x0000000083c00000| Untracked 
|  60|0x0000000083c00000, 0x0000000083d00000, 0x0000000083d00000|100%| O|  |TAMS 0x0000000083d00000, 0x0000000083d00000| Untracked 
|  61|0x0000000083d00000, 0x0000000083e00000, 0x0000000083e00000|100%| O|  |TAMS 0x0000000083e00000, 0x0000000083e00000| Untracked 
|  62|0x0000000083e00000, 0x0000000083f00000, 0x0000000083f00000|100%| O|  |TAMS 0x0000000083f00000, 0x0000000083f00000| Untracked 
|  63|0x0000000083f00000, 0x0000000084000000, 0x0000000084000000|100%| O|  |TAMS 0x0000000084000000, 0x0000000084000000| Untracked 
|  64|0x0000000084000000, 0x0000000084100000, 0x0000000084100000|100%| O|  |TAMS 0x0000000084100000, 0x0000000084100000| Untracked 
|  65|0x0000000084100000, 0x0000000084200000, 0x0000000084200000|100%| O|  |TAMS 0x0000000084200000, 0x0000000084200000| Untracked 
|  66|0x0000000084200000, 0x0000000084300000, 0x0000000084300000|100%| O|  |TAMS 0x0000000084300000, 0x0000000084300000| Untracked 
|  67|0x0000000084300000, 0x0000000084300000, 0x0000000084400000|  0%| F|  |TAMS 0x0000000084300000, 0x0000000084300000| Untracked 
|  68|0x0000000084400000, 0x0000000084500000, 0x0000000084500000|100%| O|  |TAMS 0x0000000084500000, 0x0000000084500000| Untracked 
|  69|0x0000000084500000, 0x0000000084600000, 0x0000000084600000|100%| O|  |TAMS 0x0000000084600000, 0x0000000084600000| Untracked 
|  70|0x0000000084600000, 0x0000000084700000, 0x0000000084700000|100%| O|  |TAMS 0x0000000084700000, 0x0000000084700000| Untracked 
|  71|0x0000000084700000, 0x0000000084800000, 0x0000000084800000|100%| O|  |TAMS 0x0000000084800000, 0x0000000084800000| Untracked 
|  72|0x0000000084800000, 0x0000000084900000, 0x0000000084900000|100%| O|  |TAMS 0x0000000084800000, 0x0000000084900000| Untracked 
|  73|0x0000000084900000, 0x0000000084a00000, 0x0000000084a00000|100%| O|  |TAMS 0x0000000084a00000, 0x0000000084a00000| Untracked 
|  74|0x0000000084a00000, 0x0000000084b00000, 0x0000000084b00000|100%| O|  |TAMS 0x0000000084a00000, 0x0000000084b00000| Untracked 
|  75|0x0000000084b00000, 0x0000000084c00000, 0x0000000084c00000|100%| O|  |TAMS 0x0000000084c00000, 0x0000000084c00000| Untracked 
|  76|0x0000000084c00000, 0x0000000084d00000, 0x0000000084d00000|100%| O|  |TAMS 0x0000000084d00000, 0x0000000084d00000| Untracked 
|  77|0x0000000084d00000, 0x0000000084e00000, 0x0000000084e00000|100%| O|  |TAMS 0x0000000084e00000, 0x0000000084e00000| Untracked 
|  78|0x0000000084e00000, 0x0000000084f00000, 0x0000000084f00000|100%| O|  |TAMS 0x0000000084f00000, 0x0000000084f00000| Untracked 
|  79|0x0000000084f00000, 0x0000000085000000, 0x0000000085000000|100%| O|  |TAMS 0x0000000085000000, 0x0000000085000000| Untracked 
|  80|0x0000000085000000, 0x0000000085100000, 0x0000000085100000|100%| O|  |TAMS 0x0000000085000000, 0x0000000085100000| Untracked 
|  81|0x0000000085100000, 0x0000000085100000, 0x0000000085200000|  0%| F|  |TAMS 0x0000000085100000, 0x0000000085100000| Untracked 
|  82|0x0000000085200000, 0x0000000085300000, 0x0000000085300000|100%| O|  |TAMS 0x0000000085300000, 0x0000000085300000| Untracked 
|  83|0x0000000085300000, 0x0000000085400000, 0x0000000085400000|100%| O|  |TAMS 0x0000000085400000, 0x0000000085400000| Untracked 
|  84|0x0000000085400000, 0x0000000085500000, 0x0000000085500000|100%| O|  |TAMS 0x0000000085500000, 0x0000000085500000| Untracked 
|  85|0x0000000085500000, 0x0000000085600000, 0x0000000085600000|100%| O|  |TAMS 0x0000000085500000, 0x0000000085600000| Untracked 
|  86|0x0000000085600000, 0x0000000085600000, 0x0000000085700000|  0%| F|  |TAMS 0x0000000085600000, 0x0000000085600000| Untracked 
|  87|0x0000000085700000, 0x0000000085800000, 0x0000000085800000|100%| O|  |TAMS 0x0000000085800000, 0x0000000085800000| Untracked 
|  88|0x0000000085800000, 0x0000000085900000, 0x0000000085900000|100%| O|  |TAMS 0x0000000085900000, 0x0000000085900000| Untracked 
|  89|0x0000000085900000, 0x0000000085a00000, 0x0000000085a00000|100%| O|  |TAMS 0x0000000085a00000, 0x0000000085a00000| Untracked 
|  90|0x0000000085a00000, 0x0000000085a00000, 0x0000000085b00000|  0%| F|  |TAMS 0x0000000085a00000, 0x0000000085a00000| Untracked 
|  91|0x0000000085b00000, 0x0000000085b00000, 0x0000000085c00000|  0%| F|  |TAMS 0x0000000085b00000, 0x0000000085b00000| Untracked 
|  92|0x0000000085c00000, 0x0000000085d00000, 0x0000000085d00000|100%| O|  |TAMS 0x0000000085d00000, 0x0000000085d00000| Untracked 
|  93|0x0000000085d00000, 0x0000000085e00000, 0x0000000085e00000|100%| O|  |TAMS 0x0000000085e00000, 0x0000000085e00000| Untracked 
|  94|0x0000000085e00000, 0x0000000085e00000, 0x0000000085f00000|  0%| F|  |TAMS 0x0000000085e00000, 0x0000000085e00000| Untracked 
|  95|0x0000000085f00000, 0x0000000086000000, 0x0000000086000000|100%| O|  |TAMS 0x0000000086000000, 0x0000000086000000| Untracked 
|  96|0x0000000086000000, 0x0000000086100000, 0x0000000086100000|100%| O|  |TAMS 0x0000000086100000, 0x0000000086100000| Untracked 
|  97|0x0000000086100000, 0x0000000086200000, 0x0000000086200000|100%| O|  |TAMS 0x0000000086200000, 0x0000000086200000| Untracked 
|  98|0x0000000086200000, 0x0000000086300000, 0x0000000086300000|100%| O|  |TAMS 0x0000000086300000, 0x0000000086300000| Untracked 
|  99|0x0000000086300000, 0x0000000086400000, 0x0000000086400000|100%| O|  |TAMS 0x0000000086400000, 0x0000000086400000| Untracked 
| 100|0x0000000086400000, 0x0000000086500000, 0x0000000086500000|100%| O|  |TAMS 0x0000000086500000, 0x0000000086500000| Untracked 
| 101|0x0000000086500000, 0x0000000086600000, 0x0000000086600000|100%| O|  |TAMS 0x0000000086600000, 0x0000000086600000| Untracked 
| 102|0x0000000086600000, 0x0000000086700000, 0x0000000086700000|100%| O|  |TAMS 0x0000000086700000, 0x0000000086700000| Untracked 
| 103|0x0000000086700000, 0x0000000086700000, 0x0000000086800000|  0%| F|  |TAMS 0x0000000086700000, 0x0000000086700000| Untracked 
| 104|0x0000000086800000, 0x0000000086900000, 0x0000000086900000|100%| O|  |TAMS 0x0000000086900000, 0x0000000086900000| Untracked 
| 105|0x0000000086900000, 0x0000000086900000, 0x0000000086a00000|  0%| F|  |TAMS 0x0000000086900000, 0x0000000086900000| Untracked 
| 106|0x0000000086a00000, 0x0000000086a00000, 0x0000000086b00000|  0%| F|  |TAMS 0x0000000086a00000, 0x0000000086a00000| Untracked 
| 107|0x0000000086b00000, 0x0000000086b00000, 0x0000000086c00000|  0%| F|  |TAMS 0x0000000086b00000, 0x0000000086b00000| Untracked 
| 108|0x0000000086c00000, 0x0000000086c00000, 0x0000000086d00000|  0%| F|  |TAMS 0x0000000086c00000, 0x0000000086c00000| Untracked 
| 109|0x0000000086d00000, 0x0000000086e00000, 0x0000000086e00000|100%| O|  |TAMS 0x0000000086e00000, 0x0000000086e00000| Untracked 
| 110|0x0000000086e00000, 0x0000000086f00000, 0x0000000086f00000|100%| O|  |TAMS 0x0000000086f00000, 0x0000000086f00000| Untracked 
| 111|0x0000000086f00000, 0x0000000087000000, 0x0000000087000000|100%| O|  |TAMS 0x0000000086f00000, 0x0000000087000000| Untracked 
| 112|0x0000000087000000, 0x0000000087100000, 0x0000000087100000|100%| O|  |TAMS 0x0000000087100000, 0x0000000087100000| Untracked 
| 113|0x0000000087100000, 0x000000008718e200, 0x0000000087200000| 55%| O|  |TAMS 0x0000000087100000, 0x0000000087200000| Untracked 
| 114|0x0000000087200000, 0x0000000087300000, 0x0000000087300000|100%| O|  |TAMS 0x0000000087300000, 0x0000000087300000| Untracked 
| 115|0x0000000087300000, 0x0000000087400000, 0x0000000087400000|100%| O|  |TAMS 0x0000000087400000, 0x0000000087400000| Untracked 
| 116|0x0000000087400000, 0x0000000087500000, 0x0000000087500000|100%| O|  |TAMS 0x0000000087500000, 0x0000000087500000| Untracked 
| 117|0x0000000087500000, 0x0000000087600000, 0x0000000087600000|100%| O|  |TAMS 0x0000000087600000, 0x0000000087600000| Untracked 
| 118|0x0000000087600000, 0x0000000087700000, 0x0000000087700000|100%| O|  |TAMS 0x0000000087700000, 0x0000000087700000| Untracked 
| 119|0x0000000087700000, 0x0000000087800000, 0x0000000087800000|100%| O|  |TAMS 0x0000000087800000, 0x0000000087800000| Untracked 
| 120|0x0000000087800000, 0x0000000087800000, 0x0000000087900000|  0%| F|  |TAMS 0x0000000087800000, 0x0000000087800000| Untracked 
| 121|0x0000000087900000, 0x0000000087a00000, 0x0000000087a00000|100%| O|  |TAMS 0x0000000087a00000, 0x0000000087a00000| Untracked 
| 122|0x0000000087a00000, 0x0000000087b00000, 0x0000000087b00000|100%| O|  |TAMS 0x0000000087b00000, 0x0000000087b00000| Untracked 
| 123|0x0000000087b00000, 0x0000000087b00000, 0x0000000087c00000|  0%| F|  |TAMS 0x0000000087b00000, 0x0000000087b00000| Untracked 
| 124|0x0000000087c00000, 0x0000000087d00000, 0x0000000087d00000|100%| O|  |TAMS 0x0000000087d00000, 0x0000000087d00000| Untracked 
| 125|0x0000000087d00000, 0x0000000087e00000, 0x0000000087e00000|100%| O|  |TAMS 0x0000000087e00000, 0x0000000087e00000| Untracked 
| 126|0x0000000087e00000, 0x0000000087f00000, 0x0000000087f00000|100%| O|  |TAMS 0x0000000087f00000, 0x0000000087f00000| Untracked 
| 127|0x0000000087f00000, 0x0000000088000000, 0x0000000088000000|100%| O|  |TAMS 0x0000000088000000, 0x0000000088000000| Untracked 
| 128|0x0000000088000000, 0x0000000088100000, 0x0000000088100000|100%| O|  |TAMS 0x0000000088100000, 0x0000000088100000| Untracked 
| 129|0x0000000088100000, 0x0000000088200000, 0x0000000088200000|100%| O|  |TAMS 0x000000008816b000, 0x0000000088200000| Untracked 
| 130|0x0000000088200000, 0x0000000088200000, 0x0000000088300000|  0%| F|  |TAMS 0x0000000088200000, 0x0000000088200000| Untracked 
| 131|0x0000000088300000, 0x0000000088400000, 0x0000000088400000|100%| O|  |TAMS 0x0000000088400000, 0x0000000088400000| Untracked 
| 132|0x0000000088400000, 0x0000000088400000, 0x0000000088500000|  0%| F|  |TAMS 0x0000000088400000, 0x0000000088400000| Untracked 
| 133|0x0000000088500000, 0x0000000088600000, 0x0000000088600000|100%| O|  |TAMS 0x0000000088600000, 0x0000000088600000| Untracked 
| 134|0x0000000088600000, 0x0000000088700000, 0x0000000088700000|100%| O|  |TAMS 0x0000000088700000, 0x0000000088700000| Untracked 
| 135|0x0000000088700000, 0x0000000088700000, 0x0000000088800000|  0%| F|  |TAMS 0x0000000088700000, 0x0000000088700000| Untracked 
| 136|0x0000000088800000, 0x0000000088900000, 0x0000000088900000|100%| O|  |TAMS 0x0000000088900000, 0x0000000088900000| Untracked 
| 137|0x0000000088900000, 0x0000000088a00000, 0x0000000088a00000|100%| O|  |TAMS 0x0000000088a00000, 0x0000000088a00000| Untracked 
| 138|0x0000000088a00000, 0x0000000088b00000, 0x0000000088b00000|100%| O|  |TAMS 0x0000000088b00000, 0x0000000088b00000| Untracked 
| 139|0x0000000088b00000, 0x0000000088c00000, 0x0000000088c00000|100%| O|  |TAMS 0x0000000088c00000, 0x0000000088c00000| Untracked 
| 140|0x0000000088c00000, 0x0000000088c00000, 0x0000000088d00000|  0%| F|  |TAMS 0x0000000088c00000, 0x0000000088c00000| Untracked 
| 141|0x0000000088d00000, 0x0000000088d00000, 0x0000000088e00000|  0%| F|  |TAMS 0x0000000088d00000, 0x0000000088d00000| Untracked 
| 142|0x0000000088e00000, 0x0000000088e00000, 0x0000000088f00000|  0%| F|  |TAMS 0x0000000088e00000, 0x0000000088e00000| Untracked 
| 143|0x0000000088f00000, 0x0000000088f00000, 0x0000000089000000|  0%| F|  |TAMS 0x0000000088f00000, 0x0000000088f00000| Untracked 
| 144|0x0000000089000000, 0x0000000089000000, 0x0000000089100000|  0%| F|  |TAMS 0x0000000089000000, 0x0000000089000000| Untracked 
| 145|0x0000000089100000, 0x0000000089100000, 0x0000000089200000|  0%| F|  |TAMS 0x0000000089100000, 0x0000000089100000| Untracked 
| 146|0x0000000089200000, 0x0000000089300000, 0x0000000089300000|100%| O|  |TAMS 0x0000000089300000, 0x0000000089300000| Untracked 
| 147|0x0000000089300000, 0x0000000089400000, 0x0000000089400000|100%| O|  |TAMS 0x0000000089400000, 0x0000000089400000| Untracked 
| 148|0x0000000089400000, 0x0000000089500000, 0x0000000089500000|100%| O|  |TAMS 0x0000000089500000, 0x0000000089500000| Untracked 
| 149|0x0000000089500000, 0x0000000089600000, 0x0000000089600000|100%| O|  |TAMS 0x0000000089600000, 0x0000000089600000| Untracked 
| 150|0x0000000089600000, 0x0000000089600000, 0x0000000089700000|  0%| F|  |TAMS 0x0000000089600000, 0x0000000089600000| Untracked 
| 151|0x0000000089700000, 0x0000000089700000, 0x0000000089800000|  0%| F|  |TAMS 0x0000000089700000, 0x0000000089700000| Untracked 
| 152|0x0000000089800000, 0x0000000089900000, 0x0000000089900000|100%| O|  |TAMS 0x0000000089900000, 0x0000000089900000| Untracked 
| 153|0x0000000089900000, 0x0000000089900000, 0x0000000089a00000|  0%| F|  |TAMS 0x0000000089900000, 0x0000000089900000| Untracked 
| 154|0x0000000089a00000, 0x0000000089b00000, 0x0000000089b00000|100%| O|  |TAMS 0x0000000089b00000, 0x0000000089b00000| Untracked 
| 155|0x0000000089b00000, 0x0000000089c00000, 0x0000000089c00000|100%| O|  |TAMS 0x0000000089c00000, 0x0000000089c00000| Untracked 
| 156|0x0000000089c00000, 0x0000000089c00000, 0x0000000089d00000|  0%| F|  |TAMS 0x0000000089c00000, 0x0000000089c00000| Untracked 
| 157|0x0000000089d00000, 0x0000000089e00000, 0x0000000089e00000|100%| O|  |TAMS 0x0000000089e00000, 0x0000000089e00000| Untracked 
| 158|0x0000000089e00000, 0x0000000089e00000, 0x0000000089f00000|  0%| F|  |TAMS 0x0000000089e00000, 0x0000000089e00000| Untracked 
| 159|0x0000000089f00000, 0x0000000089f00000, 0x000000008a000000|  0%| F|  |TAMS 0x0000000089f00000, 0x0000000089f00000| Untracked 
| 160|0x000000008a000000, 0x000000008a000000, 0x000000008a100000|  0%| F|  |TAMS 0x000000008a000000, 0x000000008a000000| Untracked 
| 161|0x000000008a100000, 0x000000008a100000, 0x000000008a200000|  0%| F|  |TAMS 0x000000008a100000, 0x000000008a100000| Untracked 
| 162|0x000000008a200000, 0x000000008a200000, 0x000000008a300000|  0%| F|  |TAMS 0x000000008a200000, 0x000000008a200000| Untracked 
| 163|0x000000008a300000, 0x000000008a300000, 0x000000008a400000|  0%| F|  |TAMS 0x000000008a300000, 0x000000008a300000| Untracked 
| 164|0x000000008a400000, 0x000000008a400000, 0x000000008a500000|  0%| F|  |TAMS 0x000000008a400000, 0x000000008a400000| Untracked 
| 165|0x000000008a500000, 0x000000008a500000, 0x000000008a600000|  0%| F|  |TAMS 0x000000008a500000, 0x000000008a500000| Untracked 
| 166|0x000000008a600000, 0x000000008a600000, 0x000000008a700000|  0%| F|  |TAMS 0x000000008a600000, 0x000000008a600000| Untracked 
| 167|0x000000008a700000, 0x000000008a700000, 0x000000008a800000|  0%| F|  |TAMS 0x000000008a700000, 0x000000008a700000| Untracked 
| 168|0x000000008a800000, 0x000000008a800000, 0x000000008a900000|  0%| F|  |TAMS 0x000000008a800000, 0x000000008a800000| Untracked 
| 169|0x000000008a900000, 0x000000008aa00000, 0x000000008aa00000|100%| O|  |TAMS 0x000000008aa00000, 0x000000008aa00000| Untracked 
| 170|0x000000008aa00000, 0x000000008aa00000, 0x000000008ab00000|  0%| F|  |TAMS 0x000000008aa00000, 0x000000008aa00000| Untracked 
| 171|0x000000008ab00000, 0x000000008ab00000, 0x000000008ac00000|  0%| F|  |TAMS 0x000000008ab00000, 0x000000008ab00000| Untracked 
| 172|0x000000008ac00000, 0x000000008ad00000, 0x000000008ad00000|100%| O|  |TAMS 0x000000008ad00000, 0x000000008ad00000| Untracked 
| 173|0x000000008ad00000, 0x000000008ae00000, 0x000000008ae00000|100%| O|  |TAMS 0x000000008ae00000, 0x000000008ae00000| Untracked 
| 174|0x000000008ae00000, 0x000000008af00000, 0x000000008af00000|100%| O|  |TAMS 0x000000008af00000, 0x000000008af00000| Untracked 
| 175|0x000000008af00000, 0x000000008b000000, 0x000000008b000000|100%| O|  |TAMS 0x000000008b000000, 0x000000008b000000| Untracked 
| 176|0x000000008b000000, 0x000000008b000000, 0x000000008b100000|  0%| F|  |TAMS 0x000000008b000000, 0x000000008b000000| Untracked 
| 177|0x000000008b100000, 0x000000008b200000, 0x000000008b200000|100%| O|  |TAMS 0x000000008b200000, 0x000000008b200000| Untracked 
| 178|0x000000008b200000, 0x000000008b200000, 0x000000008b300000|  0%| F|  |TAMS 0x000000008b200000, 0x000000008b200000| Untracked 
| 179|0x000000008b300000, 0x000000008b300000, 0x000000008b400000|  0%| F|  |TAMS 0x000000008b300000, 0x000000008b300000| Untracked 
| 180|0x000000008b400000, 0x000000008b400000, 0x000000008b500000|  0%| F|  |TAMS 0x000000008b400000, 0x000000008b400000| Untracked 
| 181|0x000000008b500000, 0x000000008b500000, 0x000000008b600000|  0%| F|  |TAMS 0x000000008b500000, 0x000000008b500000| Untracked 
| 182|0x000000008b600000, 0x000000008b600000, 0x000000008b700000|  0%| F|  |TAMS 0x000000008b600000, 0x000000008b600000| Untracked 
| 183|0x000000008b700000, 0x000000008b700000, 0x000000008b800000|  0%| F|  |TAMS 0x000000008b700000, 0x000000008b700000| Untracked 
| 184|0x000000008b800000, 0x000000008b800000, 0x000000008b900000|  0%| F|  |TAMS 0x000000008b800000, 0x000000008b800000| Untracked 
| 185|0x000000008b900000, 0x000000008b900000, 0x000000008ba00000|  0%| F|  |TAMS 0x000000008b900000, 0x000000008b900000| Untracked 
| 186|0x000000008ba00000, 0x000000008ba00000, 0x000000008bb00000|  0%| F|  |TAMS 0x000000008ba00000, 0x000000008ba00000| Untracked 
| 187|0x000000008bb00000, 0x000000008bb00000, 0x000000008bc00000|  0%| F|  |TAMS 0x000000008bb00000, 0x000000008bb00000| Untracked 
| 188|0x000000008bc00000, 0x000000008bc00000, 0x000000008bd00000|  0%| F|  |TAMS 0x000000008bc00000, 0x000000008bc00000| Untracked 
| 189|0x000000008bd00000, 0x000000008bd00000, 0x000000008be00000|  0%| F|  |TAMS 0x000000008bd00000, 0x000000008bd00000| Untracked 
| 190|0x000000008be00000, 0x000000008be00000, 0x000000008bf00000|  0%| F|  |TAMS 0x000000008be00000, 0x000000008be00000| Untracked 
| 191|0x000000008bf00000, 0x000000008bf00000, 0x000000008c000000|  0%| F|  |TAMS 0x000000008bf00000, 0x000000008bf00000| Untracked 
| 192|0x000000008c000000, 0x000000008c000000, 0x000000008c100000|  0%| F|  |TAMS 0x000000008c000000, 0x000000008c000000| Untracked 
| 193|0x000000008c100000, 0x000000008c100000, 0x000000008c200000|  0%| F|  |TAMS 0x000000008c100000, 0x000000008c100000| Untracked 
| 194|0x000000008c200000, 0x000000008c200000, 0x000000008c300000|  0%| F|  |TAMS 0x000000008c200000, 0x000000008c200000| Untracked 
| 195|0x000000008c300000, 0x000000008c300000, 0x000000008c400000|  0%| F|  |TAMS 0x000000008c300000, 0x000000008c300000| Untracked 
| 196|0x000000008c400000, 0x000000008c400000, 0x000000008c500000|  0%| F|  |TAMS 0x000000008c400000, 0x000000008c400000| Untracked 
| 197|0x000000008c500000, 0x000000008c500000, 0x000000008c600000|  0%| F|  |TAMS 0x000000008c500000, 0x000000008c500000| Untracked 
| 198|0x000000008c600000, 0x000000008c600000, 0x000000008c700000|  0%| F|  |TAMS 0x000000008c600000, 0x000000008c600000| Untracked 
| 199|0x000000008c700000, 0x000000008c700000, 0x000000008c800000|  0%| F|  |TAMS 0x000000008c700000, 0x000000008c700000| Untracked 
| 200|0x000000008c800000, 0x000000008c800000, 0x000000008c900000|  0%| F|  |TAMS 0x000000008c800000, 0x000000008c800000| Untracked 
| 201|0x000000008c900000, 0x000000008c900000, 0x000000008ca00000|  0%| F|  |TAMS 0x000000008c900000, 0x000000008c900000| Untracked 
| 202|0x000000008ca00000, 0x000000008ca00000, 0x000000008cb00000|  0%| F|  |TAMS 0x000000008ca00000, 0x000000008ca00000| Untracked 
| 203|0x000000008cb00000, 0x000000008cb00000, 0x000000008cc00000|  0%| F|  |TAMS 0x000000008cb00000, 0x000000008cb00000| Untracked 
| 204|0x000000008cc00000, 0x000000008cc00000, 0x000000008cd00000|  0%| F|  |TAMS 0x000000008cc00000, 0x000000008cc00000| Untracked 
| 205|0x000000008cd00000, 0x000000008cd00000, 0x000000008ce00000|  0%| F|  |TAMS 0x000000008cd00000, 0x000000008cd00000| Untracked 
| 206|0x000000008ce00000, 0x000000008ce00000, 0x000000008cf00000|  0%| F|  |TAMS 0x000000008ce00000, 0x000000008ce00000| Untracked 
| 207|0x000000008cf00000, 0x000000008cf00000, 0x000000008d000000|  0%| F|  |TAMS 0x000000008cf00000, 0x000000008cf00000| Untracked 
| 208|0x000000008d000000, 0x000000008d000000, 0x000000008d100000|  0%| F|  |TAMS 0x000000008d000000, 0x000000008d000000| Untracked 
| 209|0x000000008d100000, 0x000000008d100000, 0x000000008d200000|  0%| F|  |TAMS 0x000000008d100000, 0x000000008d100000| Untracked 
| 210|0x000000008d200000, 0x000000008d200000, 0x000000008d300000|  0%| F|  |TAMS 0x000000008d200000, 0x000000008d200000| Untracked 
| 211|0x000000008d300000, 0x000000008d300000, 0x000000008d400000|  0%| F|  |TAMS 0x000000008d300000, 0x000000008d300000| Untracked 
| 212|0x000000008d400000, 0x000000008d400000, 0x000000008d500000|  0%| F|  |TAMS 0x000000008d400000, 0x000000008d400000| Untracked 
| 213|0x000000008d500000, 0x000000008d500000, 0x000000008d600000|  0%| F|  |TAMS 0x000000008d500000, 0x000000008d500000| Untracked 
| 214|0x000000008d600000, 0x000000008d600000, 0x000000008d700000|  0%| F|  |TAMS 0x000000008d600000, 0x000000008d600000| Untracked 
| 215|0x000000008d700000, 0x000000008d700000, 0x000000008d800000|  0%| F|  |TAMS 0x000000008d700000, 0x000000008d700000| Untracked 
| 216|0x000000008d800000, 0x000000008d800000, 0x000000008d900000|  0%| F|  |TAMS 0x000000008d800000, 0x000000008d800000| Untracked 
| 217|0x000000008d900000, 0x000000008d900000, 0x000000008da00000|  0%| F|  |TAMS 0x000000008d900000, 0x000000008d900000| Untracked 
| 218|0x000000008da00000, 0x000000008da00000, 0x000000008db00000|  0%| F|  |TAMS 0x000000008da00000, 0x000000008da00000| Untracked 
| 219|0x000000008db00000, 0x000000008db00000, 0x000000008dc00000|  0%| F|  |TAMS 0x000000008db00000, 0x000000008db00000| Untracked 
| 220|0x000000008dc00000, 0x000000008dc00000, 0x000000008dd00000|  0%| F|  |TAMS 0x000000008dc00000, 0x000000008dc00000| Untracked 
| 221|0x000000008dd00000, 0x000000008dd00000, 0x000000008de00000|  0%| F|  |TAMS 0x000000008dd00000, 0x000000008dd00000| Untracked 
| 222|0x000000008de00000, 0x000000008de00000, 0x000000008df00000|  0%| F|  |TAMS 0x000000008de00000, 0x000000008de00000| Untracked 
| 223|0x000000008df00000, 0x000000008df00000, 0x000000008e000000|  0%| F|  |TAMS 0x000000008df00000, 0x000000008df00000| Untracked 
| 224|0x000000008e000000, 0x000000008e000000, 0x000000008e100000|  0%| F|  |TAMS 0x000000008e000000, 0x000000008e000000| Untracked 
| 225|0x000000008e100000, 0x000000008e100000, 0x000000008e200000|  0%| F|  |TAMS 0x000000008e100000, 0x000000008e100000| Untracked 
| 226|0x000000008e200000, 0x000000008e200000, 0x000000008e300000|  0%| F|  |TAMS 0x000000008e200000, 0x000000008e200000| Untracked 
| 227|0x000000008e300000, 0x000000008e300000, 0x000000008e400000|  0%| F|  |TAMS 0x000000008e300000, 0x000000008e300000| Untracked 
| 228|0x000000008e400000, 0x000000008e400000, 0x000000008e500000|  0%| F|  |TAMS 0x000000008e400000, 0x000000008e400000| Untracked 
| 229|0x000000008e500000, 0x000000008e500000, 0x000000008e600000|  0%| F|  |TAMS 0x000000008e500000, 0x000000008e500000| Untracked 
| 230|0x000000008e600000, 0x000000008e600000, 0x000000008e700000|  0%| F|  |TAMS 0x000000008e600000, 0x000000008e600000| Untracked 
| 231|0x000000008e700000, 0x000000008e700000, 0x000000008e800000|  0%| F|  |TAMS 0x000000008e700000, 0x000000008e700000| Untracked 
| 232|0x000000008e800000, 0x000000008e800000, 0x000000008e900000|  0%| F|  |TAMS 0x000000008e800000, 0x000000008e800000| Untracked 
| 233|0x000000008e900000, 0x000000008e900000, 0x000000008ea00000|  0%| F|  |TAMS 0x000000008e900000, 0x000000008e900000| Untracked 
| 234|0x000000008ea00000, 0x000000008ea00000, 0x000000008eb00000|  0%| F|  |TAMS 0x000000008ea00000, 0x000000008ea00000| Untracked 
| 235|0x000000008eb00000, 0x000000008eb00000, 0x000000008ec00000|  0%| F|  |TAMS 0x000000008eb00000, 0x000000008eb00000| Untracked 
| 236|0x000000008ec00000, 0x000000008ec00000, 0x000000008ed00000|  0%| F|  |TAMS 0x000000008ec00000, 0x000000008ec00000| Untracked 
| 237|0x000000008ed00000, 0x000000008ed00000, 0x000000008ee00000|  0%| F|  |TAMS 0x000000008ed00000, 0x000000008ed00000| Untracked 
| 238|0x000000008ee00000, 0x000000008ee00000, 0x000000008ef00000|  0%| F|  |TAMS 0x000000008ee00000, 0x000000008ee00000| Untracked 
| 239|0x000000008ef00000, 0x000000008ef00000, 0x000000008f000000|  0%| F|  |TAMS 0x000000008ef00000, 0x000000008ef00000| Untracked 
| 240|0x000000008f000000, 0x000000008f000000, 0x000000008f100000|  0%| F|  |TAMS 0x000000008f000000, 0x000000008f000000| Untracked 
| 241|0x000000008f100000, 0x000000008f100000, 0x000000008f200000|  0%| F|  |TAMS 0x000000008f100000, 0x000000008f100000| Untracked 
| 242|0x000000008f200000, 0x000000008f200000, 0x000000008f300000|  0%| F|  |TAMS 0x000000008f200000, 0x000000008f200000| Untracked 
| 243|0x000000008f300000, 0x000000008f300000, 0x000000008f400000|  0%| F|  |TAMS 0x000000008f300000, 0x000000008f300000| Untracked 
| 244|0x000000008f400000, 0x000000008f400000, 0x000000008f500000|  0%| F|  |TAMS 0x000000008f400000, 0x000000008f400000| Untracked 
| 245|0x000000008f500000, 0x000000008f500000, 0x000000008f600000|  0%| F|  |TAMS 0x000000008f500000, 0x000000008f500000| Untracked 
| 246|0x000000008f600000, 0x000000008f600000, 0x000000008f700000|  0%| F|  |TAMS 0x000000008f600000, 0x000000008f600000| Untracked 
| 247|0x000000008f700000, 0x000000008f700000, 0x000000008f800000|  0%| F|  |TAMS 0x000000008f700000, 0x000000008f700000| Untracked 
| 248|0x000000008f800000, 0x000000008f800000, 0x000000008f900000|  0%| F|  |TAMS 0x000000008f800000, 0x000000008f800000| Untracked 
| 249|0x000000008f900000, 0x000000008f900000, 0x000000008fa00000|  0%| F|  |TAMS 0x000000008f900000, 0x000000008f900000| Untracked 
| 250|0x000000008fa00000, 0x000000008fa00000, 0x000000008fb00000|  0%| F|  |TAMS 0x000000008fa00000, 0x000000008fa00000| Untracked 
| 251|0x000000008fb00000, 0x000000008fb00000, 0x000000008fc00000|  0%| F|  |TAMS 0x000000008fb00000, 0x000000008fb00000| Untracked 
| 252|0x000000008fc00000, 0x000000008fc00000, 0x000000008fd00000|  0%| F|  |TAMS 0x000000008fc00000, 0x000000008fc00000| Untracked 
| 253|0x000000008fd00000, 0x000000008fd00000, 0x000000008fe00000|  0%| F|  |TAMS 0x000000008fd00000, 0x000000008fd00000| Untracked 
| 254|0x000000008fe00000, 0x000000008fe00000, 0x000000008ff00000|  0%| F|  |TAMS 0x000000008fe00000, 0x000000008fe00000| Untracked 
| 255|0x000000008ff00000, 0x000000008ff00000, 0x0000000090000000|  0%| F|  |TAMS 0x000000008ff00000, 0x000000008ff00000| Untracked 
| 256|0x0000000090000000, 0x0000000090000000, 0x0000000090100000|  0%| F|  |TAMS 0x0000000090000000, 0x0000000090000000| Untracked 
| 257|0x0000000090100000, 0x0000000090100000, 0x0000000090200000|  0%| F|  |TAMS 0x0000000090100000, 0x0000000090100000| Untracked 
| 258|0x0000000090200000, 0x0000000090200000, 0x0000000090300000|  0%| F|  |TAMS 0x0000000090200000, 0x0000000090200000| Untracked 
| 259|0x0000000090300000, 0x0000000090300000, 0x0000000090400000|  0%| F|  |TAMS 0x0000000090300000, 0x0000000090300000| Untracked 
| 260|0x0000000090400000, 0x0000000090400000, 0x0000000090500000|  0%| F|  |TAMS 0x0000000090400000, 0x0000000090400000| Untracked 
| 261|0x0000000090500000, 0x0000000090500000, 0x0000000090600000|  0%| F|  |TAMS 0x0000000090500000, 0x0000000090500000| Untracked 
| 262|0x0000000090600000, 0x0000000090600000, 0x0000000090700000|  0%| F|  |TAMS 0x0000000090600000, 0x0000000090600000| Untracked 
| 263|0x0000000090700000, 0x0000000090700000, 0x0000000090800000|  0%| F|  |TAMS 0x0000000090700000, 0x0000000090700000| Untracked 
| 264|0x0000000090800000, 0x0000000090800000, 0x0000000090900000|  0%| F|  |TAMS 0x0000000090800000, 0x0000000090800000| Untracked 
| 265|0x0000000090900000, 0x0000000090900000, 0x0000000090a00000|  0%| F|  |TAMS 0x0000000090900000, 0x0000000090900000| Untracked 
| 266|0x0000000090a00000, 0x0000000090a00000, 0x0000000090b00000|  0%| F|  |TAMS 0x0000000090a00000, 0x0000000090a00000| Untracked 
| 267|0x0000000090b00000, 0x0000000090b00000, 0x0000000090c00000|  0%| F|  |TAMS 0x0000000090b00000, 0x0000000090b00000| Untracked 
| 268|0x0000000090c00000, 0x0000000090c00000, 0x0000000090d00000|  0%| F|  |TAMS 0x0000000090c00000, 0x0000000090c00000| Untracked 
| 269|0x0000000090d00000, 0x0000000090d00000, 0x0000000090e00000|  0%| F|  |TAMS 0x0000000090d00000, 0x0000000090d00000| Untracked 
| 270|0x0000000090e00000, 0x0000000090e00000, 0x0000000090f00000|  0%| F|  |TAMS 0x0000000090e00000, 0x0000000090e00000| Untracked 
| 271|0x0000000090f00000, 0x0000000090f00000, 0x0000000091000000|  0%| F|  |TAMS 0x0000000090f00000, 0x0000000090f00000| Untracked 
| 272|0x0000000091000000, 0x0000000091000000, 0x0000000091100000|  0%| F|  |TAMS 0x0000000091000000, 0x0000000091000000| Untracked 
| 273|0x0000000091100000, 0x0000000091100000, 0x0000000091200000|  0%| F|  |TAMS 0x0000000091100000, 0x0000000091100000| Untracked 
| 274|0x0000000091200000, 0x0000000091200000, 0x0000000091300000|  0%| F|  |TAMS 0x0000000091200000, 0x0000000091200000| Untracked 
| 275|0x0000000091300000, 0x0000000091300000, 0x0000000091400000|  0%| F|  |TAMS 0x0000000091300000, 0x0000000091300000| Untracked 
| 276|0x0000000091400000, 0x0000000091400000, 0x0000000091500000|  0%| F|  |TAMS 0x0000000091400000, 0x0000000091400000| Untracked 
| 277|0x0000000091500000, 0x0000000091500000, 0x0000000091600000|  0%| F|  |TAMS 0x0000000091500000, 0x0000000091500000| Untracked 
| 278|0x0000000091600000, 0x0000000091600000, 0x0000000091700000|  0%| F|  |TAMS 0x0000000091600000, 0x0000000091600000| Untracked 
| 279|0x0000000091700000, 0x0000000091700000, 0x0000000091800000|  0%| F|  |TAMS 0x0000000091700000, 0x0000000091700000| Untracked 
| 280|0x0000000091800000, 0x0000000091861060, 0x0000000091900000| 37%| S|  |TAMS 0x0000000091800000, 0x0000000091800000| Complete 
| 281|0x0000000091900000, 0x0000000091a00000, 0x0000000091a00000|100%| S|  |TAMS 0x0000000091900000, 0x0000000091900000| Complete 
| 282|0x0000000091a00000, 0x0000000091b00000, 0x0000000091b00000|100%| S|  |TAMS 0x0000000091a00000, 0x0000000091a00000| Complete 
| 283|0x0000000091b00000, 0x0000000091c00000, 0x0000000091c00000|100%| S|  |TAMS 0x0000000091b00000, 0x0000000091b00000| Complete 
| 284|0x0000000091c00000, 0x0000000091d00000, 0x0000000091d00000|100%| S|  |TAMS 0x0000000091c00000, 0x0000000091c00000| Complete 
| 285|0x0000000091d00000, 0x0000000091d5e9f0, 0x0000000091e00000| 36%| E|CS|TAMS 0x0000000091d00000, 0x0000000091d5e9f0| Complete 
| 286|0x0000000091e00000, 0x0000000091f00000, 0x0000000091f00000|100%| E|CS|TAMS 0x0000000091e00000, 0x0000000091f00000| Complete 
| 287|0x0000000091f00000, 0x0000000092000000, 0x0000000092000000|100%| E|CS|TAMS 0x0000000091f00000, 0x0000000092000000| Complete 
| 288|0x0000000092000000, 0x0000000092100000, 0x0000000092100000|100%| E|CS|TAMS 0x0000000092000000, 0x0000000092100000| Complete 
| 289|0x0000000092100000, 0x0000000092200000, 0x0000000092200000|100%| E|CS|TAMS 0x0000000092100000, 0x0000000092200000| Complete 
| 290|0x0000000092200000, 0x0000000092300000, 0x0000000092300000|100%| E|CS|TAMS 0x0000000092200000, 0x0000000092300000| Complete 
| 291|0x0000000092300000, 0x0000000092400000, 0x0000000092400000|100%| E|CS|TAMS 0x0000000092300000, 0x0000000092400000| Complete 
| 292|0x0000000092400000, 0x0000000092500000, 0x0000000092500000|100%| E|CS|TAMS 0x0000000092400000, 0x0000000092500000| Complete 
| 293|0x0000000092500000, 0x0000000092600000, 0x0000000092600000|100%| E|CS|TAMS 0x0000000092500000, 0x0000000092600000| Complete 
| 294|0x0000000092600000, 0x0000000092700000, 0x0000000092700000|100%| E|CS|TAMS 0x0000000092600000, 0x0000000092700000| Complete 
| 295|0x0000000092700000, 0x0000000092800000, 0x0000000092800000|100%| E|CS|TAMS 0x0000000092700000, 0x0000000092800000| Complete 
| 296|0x0000000092800000, 0x0000000092900000, 0x0000000092900000|100%| E|CS|TAMS 0x0000000092800000, 0x0000000092900000| Complete 
| 297|0x0000000092900000, 0x0000000092a00000, 0x0000000092a00000|100%| E|CS|TAMS 0x0000000092900000, 0x0000000092a00000| Complete 
| 298|0x0000000092a00000, 0x0000000092b00000, 0x0000000092b00000|100%| E|CS|TAMS 0x0000000092a00000, 0x0000000092b00000| Complete 
| 299|0x0000000092b00000, 0x0000000092c00000, 0x0000000092c00000|100%| E|CS|TAMS 0x0000000092b00000, 0x0000000092c00000| Complete 
| 300|0x0000000092c00000, 0x0000000092d00000, 0x0000000092d00000|100%| E|CS|TAMS 0x0000000092c00000, 0x0000000092d00000| Complete 
| 301|0x0000000092d00000, 0x0000000092e00000, 0x0000000092e00000|100%| E|CS|TAMS 0x0000000092d00000, 0x0000000092e00000| Complete 
| 302|0x0000000092e00000, 0x0000000092f00000, 0x0000000092f00000|100%| E|CS|TAMS 0x0000000092e00000, 0x0000000092f00000| Complete 
| 303|0x0000000092f00000, 0x0000000093000000, 0x0000000093000000|100%| E|CS|TAMS 0x0000000092f00000, 0x0000000093000000| Complete 
| 304|0x0000000093000000, 0x0000000093100000, 0x0000000093100000|100%| E|CS|TAMS 0x0000000093000000, 0x0000000093100000| Complete 
| 305|0x0000000093100000, 0x0000000093200000, 0x0000000093200000|100%| E|CS|TAMS 0x0000000093100000, 0x0000000093200000| Complete 
| 306|0x0000000093200000, 0x0000000093300000, 0x0000000093300000|100%| E|CS|TAMS 0x0000000093200000, 0x0000000093300000| Complete 
| 307|0x0000000093300000, 0x0000000093400000, 0x0000000093400000|100%| E|CS|TAMS 0x0000000093300000, 0x0000000093400000| Complete 
| 308|0x0000000093400000, 0x0000000093500000, 0x0000000093500000|100%| E|CS|TAMS 0x0000000093400000, 0x0000000093500000| Complete 
| 309|0x0000000093500000, 0x0000000093600000, 0x0000000093600000|100%| E|CS|TAMS 0x0000000093500000, 0x0000000093600000| Complete 
| 310|0x0000000093600000, 0x0000000093700000, 0x0000000093700000|100%| E|CS|TAMS 0x0000000093600000, 0x0000000093700000| Complete 
| 311|0x0000000093700000, 0x0000000093800000, 0x0000000093800000|100%| E|CS|TAMS 0x0000000093700000, 0x0000000093800000| Complete 
| 312|0x0000000093800000, 0x0000000093900000, 0x0000000093900000|100%| E|CS|TAMS 0x0000000093800000, 0x0000000093900000| Complete 
| 313|0x0000000093900000, 0x0000000093a00000, 0x0000000093a00000|100%| E|CS|TAMS 0x0000000093900000, 0x0000000093a00000| Complete 
| 314|0x0000000093a00000, 0x0000000093a4caf8, 0x0000000093b00000| 29%| E|CS|TAMS 0x0000000093a00000, 0x0000000093a4caf8| Complete 
| 315|0x0000000093b00000, 0x0000000093c00000, 0x0000000093c00000|100%| E|CS|TAMS 0x0000000093b00000, 0x0000000093c00000| Complete 
| 316|0x0000000093c00000, 0x0000000093d00000, 0x0000000093d00000|100%| E|CS|TAMS 0x0000000093c00000, 0x0000000093d00000| Complete 
| 317|0x0000000093d00000, 0x0000000093e00000, 0x0000000093e00000|100%| E|CS|TAMS 0x0000000093d00000, 0x0000000093e00000| Complete 
| 318|0x0000000093e00000, 0x0000000093f00000, 0x0000000093f00000|100%| E|CS|TAMS 0x0000000093e00000, 0x0000000093f00000| Complete 
| 319|0x0000000093f00000, 0x0000000094000000, 0x0000000094000000|100%| E|CS|TAMS 0x0000000093f00000, 0x0000000094000000| Complete 
| 320|0x0000000094000000, 0x0000000094100000, 0x0000000094100000|100%| E|CS|TAMS 0x0000000094000000, 0x0000000094100000| Complete 
| 321|0x0000000094100000, 0x0000000094200000, 0x0000000094200000|100%| E|CS|TAMS 0x0000000094100000, 0x0000000094200000| Complete 
| 322|0x0000000094200000, 0x0000000094300000, 0x0000000094300000|100%| E|CS|TAMS 0x0000000094200000, 0x0000000094300000| Complete 
| 323|0x0000000094300000, 0x0000000094400000, 0x0000000094400000|100%| E|CS|TAMS 0x0000000094300000, 0x0000000094400000| Complete 

Card table byte_map: [0x000002a59de70000,0x000002a59e270000] _byte_map_base: 0x000002a59da70000

Marking Bits (Prev, Next): (CMBitMap*) 0x000002a58afbf770, (CMBitMap*) 0x000002a58afbf738
 Prev Bits: [0x000002a5a0670000, 0x000002a5a2670000)
 Next Bits: [0x000002a59e670000, 0x000002a5a0670000)

Polling page: 0x000002a588ee0000

Metaspace:

Usage:
  Non-class:    129.01 MB capacity,   125.29 MB ( 97%) used,     3.13 MB (  2%) free+waste,   607.81 KB ( <1%) overhead. 
      Class:     19.62 MB capacity,    17.65 MB ( 90%) used,     1.71 MB (  9%) free+waste,   268.69 KB (  1%) overhead. 
       Both:    148.63 MB capacity,   142.93 MB ( 96%) used,     4.84 MB (  3%) free+waste,   876.50 KB ( <1%) overhead. 

Virtual space:
  Non-class space:      132.00 MB reserved,     130.20 MB ( 99%) committed 
      Class space:        1.00 GB reserved,      20.13 MB (  2%) committed 
             Both:        1.13 GB reserved,     150.32 MB ( 13%) committed 

Chunk freelists:
   Non-Class:  1.15 MB
       Class:  417.00 KB
        Both:  1.55 MB

MaxMetaspaceSize: 17179869184.00 GB
CompressedClassSpaceSize: 1.00 GB

CodeHeap 'non-profiled nmethods': size=120064Kb used=24970Kb max_used=25777Kb free=95093Kb
 bounds [0x000002a596530000, 0x000002a597e70000, 0x000002a59da70000]
CodeHeap 'profiled nmethods': size=120000Kb used=58049Kb max_used=60600Kb free=61950Kb
 bounds [0x000002a58f000000, 0x000002a592bd0000, 0x000002a596530000]
CodeHeap 'non-nmethods': size=5696Kb used=2400Kb max_used=2481Kb free=3296Kb
 bounds [0x000002a58ea70000, 0x000002a58ecf0000, 0x000002a58f000000]
 total_blobs=26902 nmethods=25871 adapters=940
 compilation: enabled
              stopped_count=0, restarted_count=0
 full_count=0

Compilation events (20 events):
Event: 2778.073 Thread 0x000002a5a4b77800 nmethod 32425 0x000002a596d06710 code [0x000002a596d069e0, 0x000002a596d08b20]
Event: 2778.073 Thread 0x000002a5a4b77800 32432       4       org.gradle.internal.component.model.ComponentAttributeMatcher::match (259 bytes)
Event: 2778.084 Thread 0x000002a5a4b79800 32441       2       org.gradle.api.internal.artifacts.ivyservice.resolveengine.result.StreamingResolutionResultBuilder$$Lambda$384/0x000000010056b840::write (13 bytes)
Event: 2778.085 Thread 0x000002a5a4b79800 nmethod 32441 0x000002a58f1e3c90 code [0x000002a58f1e3e60, 0x000002a58f1e3fd8]
Event: 2778.086 Thread 0x000002a5a4b79800 32442       2       java.util.stream.Collectors$$Lambda$63/0x0000000100161040::accept (11 bytes)
Event: 2778.087 Thread 0x000002a5a4b79800 nmethod 32442 0x000002a58f0ff410 code [0x000002a58f0ff5c0, 0x000002a58f0ff728]
Event: 2778.087 Thread 0x000002a5a4b79800 32444       2       org.gradle.api.internal.artifacts.transform.ConsumerProvidedVariantFinder::findProducersFor (343 bytes)
Event: 2778.089 Thread 0x000002a5a4b79800 nmethod 32444 0x000002a58f321690 code [0x000002a58f321aa0, 0x000002a58f322d68]
Event: 2778.089 Thread 0x000002a5a4b79800 32446       2       org.gradle.api.internal.artifacts.transform.ConsumerProvidedVariantFinder$$Lambda$807/0x0000000100b7fc40::<init> (20 bytes)
Event: 2778.089 Thread 0x000002a5a4b79800 nmethod 32446 0x000002a58f1e3810 code [0x000002a58f1e39c0, 0x000002a58f1e3bd8]
Event: 2778.089 Thread 0x000002a5a4b79800 32448       2       org.gradle.api.internal.artifacts.transform.ConsumerProvidedVariantFinder::collectConsumerVariants (28 bytes)
Event: 2778.089 Thread 0x000002a5a4b79800 nmethod 32448 0x000002a58f1e3190 code [0x000002a58f1e3360, 0x000002a58f1e3698]
Event: 2778.089 Thread 0x000002a5a4b79800 32449       3       org.gradle.api.internal.artifacts.transform.ConsumerProvidedVariantFinder::computeRequestedAttributes (32 bytes)
Event: 2778.089 Thread 0x000002a5a4b79800 nmethod 32449 0x000002a58f20f710 code [0x000002a58f20f900, 0x000002a58f20fd78]
Event: 2778.090 Thread 0x000002a5a4b79800 32450       3       org.gradle.api.internal.artifacts.ivyservice.resolveengine.artifact.CompositeResolvedArtifactSet::<init> (10 bytes)
Event: 2778.090 Thread 0x000002a5a4b79800 nmethod 32450 0x000002a58f20e690 code [0x000002a58f20e840, 0x000002a58f20e9f8]
Event: 2778.091 Thread 0x000002a5a4b79800 32451   !   2       sun.nio.fs.WindowsPath::initOffsets (153 bytes)
Event: 2778.092 Thread 0x000002a5a4b79800 nmethod 32451 0x000002a58f3c8290 code [0x000002a58f3c8540, 0x000002a58f3c9548]
Event: 2778.124 Thread 0x000002a5a4b79800 32452       3       org.gradle.internal.isolated.IsolationScheme$ServicesForIsolatedObject::<init> (38 bytes)
Event: 2778.124 Thread 0x000002a5a4b79800 nmethod 32452 0x000002a58f211510 code [0x000002a58f2116e0, 0x000002a58f211a78]

GC Heap History (20 events):
Event: 2209.875 GC heap after
{Heap after GC invocations=170 (full 0):
 garbage-first heap   total 276480K, used 164581K [0x0000000080000000, 0x0000000100000000)
  region size 1024K, 2 young (2048K), 2 survivors (2048K)
 Metaspace       used 145756K, capacity 151368K, committed 153932K, reserved 1183744K
  class space    used 18044K, capacity 20044K, committed 20608K, reserved 1048576K
}
Event: 2210.052 GC heap before
{Heap before GC invocations=170 (full 0):
 garbage-first heap   total 276480K, used 181989K [0x0000000080000000, 0x0000000100000000)
  region size 1024K, 20 young (20480K), 2 survivors (2048K)
 Metaspace       used 145768K, capacity 151433K, committed 153932K, reserved 1183744K
  class space    used 18044K, capacity 20044K, committed 20608K, reserved 1048576K
}
Event: 2210.062 GC heap after
{Heap after GC invocations=171 (full 0):
 garbage-first heap   total 331776K, used 163158K [0x0000000080000000, 0x0000000100000000)
  region size 1024K, 1 young (1024K), 1 survivors (1024K)
 Metaspace       used 145768K, capacity 151433K, committed 153932K, reserved 1183744K
  class space    used 18044K, capacity 20044K, committed 20608K, reserved 1048576K
}
Event: 2302.454 GC heap before
{Heap before GC invocations=172 (full 0):
 garbage-first heap   total 331776K, used 277846K [0x0000000080000000, 0x0000000100000000)
  region size 1024K, 94 young (96256K), 1 survivors (1024K)
 Metaspace       used 146006K, capacity 151704K, committed 153932K, reserved 1183744K
  class space    used 18067K, capacity 20092K, committed 20608K, reserved 1048576K
}
Event: 2302.462 GC heap after
{Heap after GC invocations=173 (full 0):
 garbage-first heap   total 331776K, used 162499K [0x0000000080000000, 0x0000000100000000)
  region size 1024K, 6 young (6144K), 6 survivors (6144K)
 Metaspace       used 146006K, capacity 151704K, committed 153932K, reserved 1183744K
  class space    used 18067K, capacity 20092K, committed 20608K, reserved 1048576K
}
Event: 2302.593 GC heap before
{Heap before GC invocations=173 (full 0):
 garbage-first heap   total 331776K, used 171715K [0x0000000080000000, 0x0000000100000000)
  region size 1024K, 16 young (16384K), 6 survivors (6144K)
 Metaspace       used 146021K, capacity 151771K, committed 153932K, reserved 1183744K
  class space    used 18067K, capacity 20092K, committed 20608K, reserved 1048576K
}
Event: 2302.606 GC heap after
{Heap after GC invocations=174 (full 0):
 garbage-first heap   total 331776K, used 150955K [0x0000000080000000, 0x0000000100000000)
  region size 1024K, 1 young (1024K), 1 survivors (1024K)
 Metaspace       used 146021K, capacity 151771K, committed 153932K, reserved 1183744K
  class space    used 18067K, capacity 20092K, committed 20608K, reserved 1048576K
}
Event: 2453.571 GC heap before
{Heap before GC invocations=174 (full 0):
 garbage-first heap   total 331776K, used 240043K [0x0000000080000000, 0x0000000100000000)
  region size 1024K, 90 young (92160K), 1 survivors (1024K)
 Metaspace       used 146132K, capacity 151907K, committed 153932K, reserved 1183744K
  class space    used 18068K, capacity 20093K, committed 20608K, reserved 1048576K
}
Event: 2453.584 GC heap after
{Heap after GC invocations=175 (full 0):
 garbage-first heap   total 331776K, used 159553K [0x0000000080000000, 0x0000000100000000)
  region size 1024K, 10 young (10240K), 10 survivors (10240K)
 Metaspace       used 146132K, capacity 151907K, committed 153932K, reserved 1183744K
  class space    used 18068K, capacity 20093K, committed 20608K, reserved 1048576K
}
Event: 2608.662 GC heap before
{Heap before GC invocations=176 (full 0):
 garbage-first heap   total 331776K, used 285505K [0x0000000080000000, 0x0000000100000000)
  region size 1024K, 109 young (111616K), 10 survivors (10240K)
 Metaspace       used 146193K, capacity 151912K, committed 153932K, reserved 1183744K
  class space    used 18068K, capacity 20093K, committed 20608K, reserved 1048576K
}
Event: 2608.676 GC heap after
{Heap after GC invocations=177 (full 0):
 garbage-first heap   total 331776K, used 159301K [0x0000000080000000, 0x0000000100000000)
  region size 1024K, 4 young (4096K), 4 survivors (4096K)
 Metaspace       used 146193K, capacity 151912K, committed 153932K, reserved 1183744K
  class space    used 18068K, capacity 20093K, committed 20608K, reserved 1048576K
}
Event: 2608.896 GC heap before
{Heap before GC invocations=177 (full 0):
 garbage-first heap   total 331776K, used 171589K [0x0000000080000000, 0x0000000100000000)
  region size 1024K, 16 young (16384K), 4 survivors (4096K)
 Metaspace       used 146209K, capacity 151913K, committed 153932K, reserved 1183744K
  class space    used 18068K, capacity 20093K, committed 20608K, reserved 1048576K
}
Event: 2608.917 GC heap after
{Heap after GC invocations=178 (full 0):
 garbage-first heap   total 331776K, used 145836K [0x0000000080000000, 0x0000000100000000)
  region size 1024K, 2 young (2048K), 2 survivors (2048K)
 Metaspace       used 146209K, capacity 151913K, committed 153932K, reserved 1183744K
  class space    used 18068K, capacity 20093K, committed 20608K, reserved 1048576K
}
Event: 2609.423 GC heap before
{Heap before GC invocations=178 (full 0):
 garbage-first heap   total 331776K, used 179628K [0x0000000080000000, 0x0000000100000000)
  region size 1024K, 37 young (37888K), 2 survivors (2048K)
 Metaspace       used 146223K, capacity 151977K, committed 153932K, reserved 1183744K
  class space    used 18068K, capacity 20093K, committed 20608K, reserved 1048576K
}
Event: 2609.439 GC heap after
{Heap after GC invocations=179 (full 0):
 garbage-first heap   total 331776K, used 149380K [0x0000000080000000, 0x0000000100000000)
  region size 1024K, 6 young (6144K), 6 survivors (6144K)
 Metaspace       used 146223K, capacity 151977K, committed 153932K, reserved 1183744K
  class space    used 18068K, capacity 20093K, committed 20608K, reserved 1048576K
}
Event: 2610.298 GC heap before
{Heap before GC invocations=180 (full 0):
 garbage-first heap   total 331776K, used 233348K [0x0000000080000000, 0x0000000100000000)
  region size 1024K, 87 young (89088K), 6 survivors (6144K)
 Metaspace       used 146302K, capacity 152068K, committed 153932K, reserved 1183744K
  class space    used 18068K, capacity 20093K, committed 20608K, reserved 1048576K
}
Event: 2610.304 GC heap after
{Heap after GC invocations=181 (full 0):
 garbage-first heap   total 331776K, used 153877K [0x0000000080000000, 0x0000000100000000)
  region size 1024K, 8 young (8192K), 8 survivors (8192K)
 Metaspace       used 146302K, capacity 152068K, committed 153932K, reserved 1183744K
  class space    used 18068K, capacity 20093K, committed 20608K, reserved 1048576K
}
Event: 2777.616 GC heap before
{Heap before GC invocations=181 (full 0):
 garbage-first heap   total 331776K, used 184597K [0x0000000080000000, 0x0000000100000000)
  region size 1024K, 16 young (16384K), 8 survivors (8192K)
 Metaspace       used 146326K, capacity 152132K, committed 153932K, reserved 1183744K
  class space    used 18068K, capacity 20093K, committed 20608K, reserved 1048576K
}
Event: 2777.634 GC heap after
{Heap after GC invocations=182 (full 0):
 garbage-first heap   total 331776K, used 141163K [0x0000000080000000, 0x0000000100000000)
  region size 1024K, 2 young (2048K), 2 survivors (2048K)
 Metaspace       used 146326K, capacity 152132K, committed 153932K, reserved 1183744K
  class space    used 18068K, capacity 20093K, committed 20608K, reserved 1048576K
}
Event: 2778.126 GC heap before
{Heap before GC invocations=182 (full 0):
 garbage-first heap   total 331776K, used 178027K [0x0000000080000000, 0x0000000100000000)
  region size 1024K, 39 young (39936K), 2 survivors (2048K)
 Metaspace       used 146363K, capacity 152196K, committed 153932K, reserved 1183744K
  class space    used 18070K, capacity 20093K, committed 20608K, reserved 1048576K
}

Deoptimization events (20 events):
Event: 2610.419 Thread 0x000002a5a7c32800 DEOPT PACKING pc=0x000002a590e938bc sp=0x000000bf312fcf70
Event: 2610.419 Thread 0x000002a5a7c32800 DEOPT UNPACKING pc=0x000002a58ea976ce sp=0x000000bf312fc3e8 mode 0
Event: 2610.419 Thread 0x000002a5a7c32800 DEOPT PACKING pc=0x000002a590e938bc sp=0x000000bf312fcf20
Event: 2610.419 Thread 0x000002a5a7c32800 DEOPT UNPACKING pc=0x000002a58ea976ce sp=0x000000bf312fc3a8 mode 0
Event: 2778.074 Thread 0x000002a5a8060000 Uncommon trap: trap_request=0xffffffbe fr.pc=0x000002a596d08250 relative=0x0000000000001870
Event: 2778.074 Thread 0x000002a5a8060000 Uncommon trap: reason=profile_predicate action=maybe_recompile pc=0x000002a596d08250 method=org.gradle.api.internal.attributes.DefaultImmutableAttributesFactory.doConcatIsolatable(Lorg/gradle/api/internal/attributes/ImmutableAttributes;Lorg/gradle/api/att
Event: 2778.074 Thread 0x000002a5a8060000 DEOPT PACKING pc=0x000002a596d08250 sp=0x000000bf30bfb8d0
Event: 2778.074 Thread 0x000002a5a8060000 DEOPT UNPACKING pc=0x000002a58ea978af sp=0x000000bf30bfb898 mode 2
Event: 2778.074 Thread 0x000002a5a8060000 Uncommon trap: trap_request=0xffffffbe fr.pc=0x000002a596d08250 relative=0x0000000000001870
Event: 2778.074 Thread 0x000002a5a8060000 Uncommon trap: reason=profile_predicate action=maybe_recompile pc=0x000002a596d08250 method=org.gradle.api.internal.attributes.DefaultImmutableAttributesFactory.doConcatIsolatable(Lorg/gradle/api/internal/attributes/ImmutableAttributes;Lorg/gradle/api/att
Event: 2778.075 Thread 0x000002a5a8060000 DEOPT PACKING pc=0x000002a596d08250 sp=0x000000bf30bfb8d0
Event: 2778.075 Thread 0x000002a5a8060000 DEOPT UNPACKING pc=0x000002a58ea978af sp=0x000000bf30bfb898 mode 2
Event: 2778.075 Thread 0x000002a5a8060000 Uncommon trap: trap_request=0xffffffbe fr.pc=0x000002a596d08250 relative=0x0000000000001870
Event: 2778.075 Thread 0x000002a5a8060000 Uncommon trap: reason=profile_predicate action=maybe_recompile pc=0x000002a596d08250 method=org.gradle.api.internal.attributes.DefaultImmutableAttributesFactory.doConcatIsolatable(Lorg/gradle/api/internal/attributes/ImmutableAttributes;Lorg/gradle/api/att
Event: 2778.075 Thread 0x000002a5a8060000 DEOPT PACKING pc=0x000002a596d08250 sp=0x000000bf30bfadf0
Event: 2778.075 Thread 0x000002a5a8060000 DEOPT UNPACKING pc=0x000002a58ea978af sp=0x000000bf30bfadb8 mode 2
Event: 2778.075 Thread 0x000002a5a8060000 Uncommon trap: trap_request=0xffffffbe fr.pc=0x000002a596d08250 relative=0x0000000000001870
Event: 2778.075 Thread 0x000002a5a8060000 Uncommon trap: reason=profile_predicate action=maybe_recompile pc=0x000002a596d08250 method=org.gradle.api.internal.attributes.DefaultImmutableAttributesFactory.doConcatIsolatable(Lorg/gradle/api/internal/attributes/ImmutableAttributes;Lorg/gradle/api/att
Event: 2778.075 Thread 0x000002a5a8060000 DEOPT PACKING pc=0x000002a596d08250 sp=0x000000bf30bfadf0
Event: 2778.075 Thread 0x000002a5a8060000 DEOPT UNPACKING pc=0x000002a58ea978af sp=0x000000bf30bfadb8 mode 2

Classes redefined (0 events):
No events

Internal exceptions (20 events):
Event: 2609.852 Thread 0x000002a5a7c35800 Exception <a 'sun/nio/fs/WindowsException'{0x00000000920cdf78}> (0x00000000920cdf78) thrown at [./src/hotspot/share/prims/jni.cpp, line 615]
Event: 2609.853 Thread 0x000002a5a7c35800 Exception <a 'sun/nio/fs/WindowsException'{0x00000000920fb320}> (0x00000000920fb320) thrown at [./src/hotspot/share/prims/jni.cpp, line 615]
Event: 2609.853 Thread 0x000002a5a7c35800 Exception <a 'sun/nio/fs/WindowsException'{0x00000000920fb4a8}> (0x00000000920fb4a8) thrown at [./src/hotspot/share/prims/jni.cpp, line 615]
Event: 2609.871 Thread 0x000002a5a7c35800 Exception <a 'sun/nio/fs/WindowsException'{0x00000000917a3e98}> (0x00000000917a3e98) thrown at [./src/hotspot/share/prims/jni.cpp, line 615]
Event: 2609.898 Thread 0x000002a5a7c35800 Exception <a 'sun/nio/fs/WindowsException'{0x00000000917ae7a8}> (0x00000000917ae7a8) thrown at [./src/hotspot/share/prims/jni.cpp, line 615]
Event: 2609.900 Thread 0x000002a5a7c35800 Exception <a 'sun/nio/fs/WindowsException'{0x00000000917b6520}> (0x00000000917b6520) thrown at [./src/hotspot/share/prims/jni.cpp, line 615]
Event: 2609.902 Thread 0x000002a5a7c35800 Exception <a 'sun/nio/fs/WindowsException'{0x00000000917c09c8}> (0x00000000917c09c8) thrown at [./src/hotspot/share/prims/jni.cpp, line 615]
Event: 2609.907 Thread 0x000002a5a7c35800 Exception <a 'sun/nio/fs/WindowsException'{0x00000000916034a0}> (0x00000000916034a0) thrown at [./src/hotspot/share/prims/jni.cpp, line 615]
Event: 2609.919 Thread 0x000002a5a7c35800 Exception <a 'sun/nio/fs/WindowsException'{0x0000000091461d98}> (0x0000000091461d98) thrown at [./src/hotspot/share/prims/jni.cpp, line 615]
Event: 2610.010 Thread 0x000002a5a7c38000 Exception <a 'sun/nio/fs/WindowsException'{0x00000000904b96f8}> (0x00000000904b96f8) thrown at [./src/hotspot/share/prims/jni.cpp, line 615]
Event: 2610.040 Thread 0x000002a5a7c38000 Exception <a 'sun/nio/fs/WindowsException'{0x000000009019c9d0}> (0x000000009019c9d0) thrown at [./src/hotspot/share/prims/jni.cpp, line 615]
Event: 2610.089 Thread 0x000002a5a7c3b800 Exception <a 'sun/nio/fs/WindowsException'{0x000000008fe1c8f0}> (0x000000008fe1c8f0) thrown at [./src/hotspot/share/prims/jni.cpp, line 615]
Event: 2610.099 Thread 0x000002a5a7c3b800 Exception <a 'sun/nio/fs/WindowsException'{0x000000008fc7b468}> (0x000000008fc7b468) thrown at [./src/hotspot/share/prims/jni.cpp, line 615]
Event: 2777.778 Thread 0x000002a5a7c31000 Exception <a 'sun/nio/fs/WindowsException'{0x00000000933d2930}> (0x00000000933d2930) thrown at [./src/hotspot/share/prims/jni.cpp, line 615]
Event: 2777.799 Thread 0x000002a5a7c31000 Exception <a 'java/lang/NoClassDefFoundError'{0x00000000930d81c0}: org/jetbrains/kotlin/gradle/plugin/KotlinBasePluginWrapper> (0x00000000930d81c0) thrown at [./src/hotspot/share/oops/constantPool.cpp, line 775]
Event: 2777.832 Thread 0x000002a5a7c31000 Exception <a 'sun/nio/fs/WindowsException'{0x0000000092fc3cf8}> (0x0000000092fc3cf8) thrown at [./src/hotspot/share/prims/jni.cpp, line 615]
Event: 2777.837 Thread 0x000002a5a7c31000 Exception <a 'sun/nio/fs/WindowsException'{0x0000000092e65930}> (0x0000000092e65930) thrown at [./src/hotspot/share/prims/jni.cpp, line 615]
Event: 2777.837 Thread 0x000002a5a7c31000 Exception <a 'sun/nio/fs/WindowsException'{0x0000000092e668b8}> (0x0000000092e668b8) thrown at [./src/hotspot/share/prims/jni.cpp, line 615]
Event: 2777.837 Thread 0x000002a5a7c31000 Exception <a 'sun/nio/fs/WindowsException'{0x0000000092e67890}> (0x0000000092e67890) thrown at [./src/hotspot/share/prims/jni.cpp, line 615]
Event: 2777.837 Thread 0x000002a5a7c31000 Exception <a 'sun/nio/fs/WindowsException'{0x0000000092e68868}> (0x0000000092e68868) thrown at [./src/hotspot/share/prims/jni.cpp, line 615]

Events (20 events):
Event: 2778.070 Executing VM operation: RevokeBias done
Event: 2778.071 Executing VM operation: RevokeBias
Event: 2778.071 Executing VM operation: RevokeBias done
Event: 2778.071 Executing VM operation: RevokeBias
Event: 2778.071 Executing VM operation: RevokeBias done
Event: 2778.071 Executing VM operation: RevokeBias
Event: 2778.071 Executing VM operation: RevokeBias done
Event: 2778.071 Executing VM operation: RevokeBias
Event: 2778.072 Executing VM operation: RevokeBias done
Event: 2778.072 Executing VM operation: RevokeBias
Event: 2778.072 Executing VM operation: RevokeBias done
Event: 2778.072 Executing VM operation: RevokeBias
Event: 2778.073 Executing VM operation: RevokeBias done
Event: 2778.125 Executing VM operation: RevokeBias
Event: 2778.125 Executing VM operation: RevokeBias done
Event: 2778.125 Executing VM operation: RevokeBias
Event: 2778.125 Executing VM operation: RevokeBias done
Event: 2778.125 Executing VM operation: RevokeBias
Event: 2778.126 Executing VM operation: RevokeBias done
Event: 2778.126 Executing VM operation: G1CollectForAllocation


Dynamic libraries:
0x00007ff74ef80000 - 0x00007ff74ef8a000 	C:\Program Files\Android\Android Studio3\jre\bin\java.exe
0x00007ffc500c0000 - 0x00007ffc502c9000 	C:\WINDOWS\SYSTEM32\ntdll.dll
0x00007ffc4ebf0000 - 0x00007ffc4ecad000 	C:\WINDOWS\System32\KERNEL32.DLL
0x00007ffc4d700000 - 0x00007ffc4da74000 	C:\WINDOWS\System32\KERNELBASE.dll
0x00007ffc4dcd0000 - 0x00007ffc4dde1000 	C:\WINDOWS\System32\ucrtbase.dll
0x00007ffc2ab50000 - 0x00007ffc2ab69000 	C:\Program Files\Android\Android Studio3\jre\bin\jli.dll
0x00007ffc28690000 - 0x00007ffc286a7000 	C:\Program Files\Android\Android Studio3\jre\bin\VCRUNTIME140.dll
0x00007ffc4f180000 - 0x00007ffc4f32c000 	C:\WINDOWS\System32\USER32.dll
0x00007ffc4d6d0000 - 0x00007ffc4d6f6000 	C:\WINDOWS\System32\win32u.dll
0x00007ffc3b620000 - 0x00007ffc3b8c5000 	C:\WINDOWS\WinSxS\amd64_microsoft.windows.common-controls_6595b64144ccf1df_6.0.22000.120_none_9d947278b86cc467\COMCTL32.dll
0x00007ffc4ef40000 - 0x00007ffc4ef69000 	C:\WINDOWS\System32\GDI32.dll
0x00007ffc4faf0000 - 0x00007ffc4fb93000 	C:\WINDOWS\System32\msvcrt.dll
0x00007ffc4d5b0000 - 0x00007ffc4d6c2000 	C:\WINDOWS\System32\gdi32full.dll
0x00007ffc4dbb0000 - 0x00007ffc4dc4d000 	C:\WINDOWS\System32\msvcp_win.dll
0x00007ffc50040000 - 0x00007ffc50071000 	C:\WINDOWS\System32\IMM32.DLL
0x00007ffc0e970000 - 0x00007ffc0ea0d000 	C:\Program Files\Android\Android Studio3\jre\bin\msvcp140.dll
0x00007ffbfa2c0000 - 0x00007ffbfad8f000 	C:\Program Files\Android\Android Studio3\jre\bin\server\jvm.dll
0x00007ffc4f8a0000 - 0x00007ffc4f94e000 	C:\WINDOWS\System32\ADVAPI32.dll
0x00007ffc4f330000 - 0x00007ffc4f3ce000 	C:\WINDOWS\System32\sechost.dll
0x00007ffc4ef70000 - 0x00007ffc4f090000 	C:\WINDOWS\System32\RPCRT4.dll
0x00007ffc4ffb0000 - 0x00007ffc4ffb8000 	C:\WINDOWS\System32\PSAPI.DLL
0x00007ffc454f0000 - 0x00007ffc454f9000 	C:\WINDOWS\SYSTEM32\WSOCK32.dll
0x00007ffc4f090000 - 0x00007ffc4f0ff000 	C:\WINDOWS\System32\WS2_32.dll
0x00007ffc48110000 - 0x00007ffc4811a000 	C:\WINDOWS\SYSTEM32\VERSION.dll
0x00007ffc42d20000 - 0x00007ffc42d53000 	C:\WINDOWS\SYSTEM32\WINMM.dll
0x00007ffc4c6b0000 - 0x00007ffc4c6c8000 	C:\WINDOWS\SYSTEM32\kernel.appcore.dll
0x00007ffc45430000 - 0x00007ffc45441000 	C:\Program Files\Android\Android Studio3\jre\bin\verify.dll
0x00007ffc3a100000 - 0x00007ffc3a321000 	C:\WINDOWS\SYSTEM32\DBGHELP.DLL
0x00007ffc2d5b0000 - 0x00007ffc2d5e1000 	C:\WINDOWS\SYSTEM32\dbgcore.DLL
0x00007ffc4dc50000 - 0x00007ffc4dccf000 	C:\WINDOWS\System32\bcryptPrimitives.dll
0x00007ffc45400000 - 0x00007ffc45429000 	C:\Program Files\Android\Android Studio3\jre\bin\java.dll
0x00007ffc453f0000 - 0x00007ffc453fb000 	C:\Program Files\Android\Android Studio3\jre\bin\jimage.dll
0x00007ffc44e50000 - 0x00007ffc44e68000 	C:\Program Files\Android\Android Studio3\jre\bin\zip.dll
0x00007ffc4e050000 - 0x00007ffc4e7ff000 	C:\WINDOWS\System32\SHELL32.dll
0x00007ffc4b720000 - 0x00007ffc4bf88000 	C:\WINDOWS\SYSTEM32\windows.storage.dll
0x00007ffc4fba0000 - 0x00007ffc4ff18000 	C:\WINDOWS\System32\combase.dll
0x00007ffc4b5b0000 - 0x00007ffc4b716000 	C:\WINDOWS\SYSTEM32\wintypes.dll
0x00007ffc4ee50000 - 0x00007ffc4ef3a000 	C:\WINDOWS\System32\SHCORE.dll
0x00007ffc4f3d0000 - 0x00007ffc4f42d000 	C:\WINDOWS\System32\shlwapi.dll
0x00007ffc4d4e0000 - 0x00007ffc4d501000 	C:\WINDOWS\SYSTEM32\profapi.dll
0x00007ffc44e30000 - 0x00007ffc44e4a000 	C:\Program Files\Android\Android Studio3\jre\bin\net.dll
0x00007ffc489b0000 - 0x00007ffc48abc000 	C:\WINDOWS\SYSTEM32\WINHTTP.dll
0x00007ffc4cae0000 - 0x00007ffc4cb47000 	C:\WINDOWS\system32\mswsock.dll
0x00007ffc44e10000 - 0x00007ffc44e24000 	C:\Program Files\Android\Android Studio3\jre\bin\nio.dll
0x00007ffc2ace0000 - 0x00007ffc2ad07000 	C:\Users\Khang\.gradle\native\8bec1ad78214c89d9ad589b4d07fe93259594b29d510b10fafb7a158f7737e5d\windows-amd64\native-platform.dll
0x00007ffc2aba0000 - 0x00007ffc2acdd000 	C:\Users\Khang\.gradle\native\53dbd7edfb1c66fb8903c78663c9afc45aea4f116125fa6feffd364cf09443e8\windows-amd64\native-platform-file-events.dll
0x00007ffc44dc0000 - 0x00007ffc44dca000 	C:\Program Files\Android\Android Studio3\jre\bin\management.dll
0x00007ffc44db0000 - 0x00007ffc44dbc000 	C:\Program Files\Android\Android Studio3\jre\bin\management_ext.dll
0x00007ffc4cd20000 - 0x00007ffc4cd38000 	C:\WINDOWS\SYSTEM32\CRYPTSP.dll
0x00007ffc4c610000 - 0x00007ffc4c645000 	C:\WINDOWS\system32\rsaenh.dll
0x00007ffc4cbd0000 - 0x00007ffc4cbf9000 	C:\WINDOWS\SYSTEM32\USERENV.dll
0x00007ffc4cf40000 - 0x00007ffc4cf67000 	C:\WINDOWS\SYSTEM32\bcrypt.dll
0x00007ffc4cd40000 - 0x00007ffc4cd4c000 	C:\WINDOWS\SYSTEM32\CRYPTBASE.dll
0x00007ffc4c1e0000 - 0x00007ffc4c20d000 	C:\WINDOWS\SYSTEM32\IPHLPAPI.DLL
0x00007ffc4f100000 - 0x00007ffc4f109000 	C:\WINDOWS\System32\NSI.dll
0x00007ffc487d0000 - 0x00007ffc487e9000 	C:\WINDOWS\SYSTEM32\dhcpcsvc6.DLL
0x00007ffc49380000 - 0x00007ffc4939e000 	C:\WINDOWS\SYSTEM32\dhcpcsvc.DLL
0x00007ffc4c210000 - 0x00007ffc4c2f8000 	C:\WINDOWS\SYSTEM32\DNSAPI.dll
0x00007ffc3abb0000 - 0x00007ffc3abd7000 	C:\Program Files\Android\Android Studio3\jre\bin\sunec.dll
0x00007ffc47a00000 - 0x00007ffc47a0a000 	C:\Windows\System32\rasadhlp.dll
0x00007ffc47dc0000 - 0x00007ffc47e41000 	C:\WINDOWS\System32\fwpuclnt.dll

dbghelp: loaded successfully - version: 4.0.5 - missing functions: none
symbol engine: initialized successfully - sym options: 0x614 - pdb path: .;C:\Program Files\Android\Android Studio3\jre\bin;C:\WINDOWS\SYSTEM32;C:\WINDOWS\WinSxS\amd64_microsoft.windows.common-controls_6595b64144ccf1df_6.0.22000.120_none_9d947278b86cc467;C:\Program Files\Android\Android Studio3\jre\bin\server;C:\Users\Khang\.gradle\native\8bec1ad78214c89d9ad589b4d07fe93259594b29d510b10fafb7a158f7737e5d\windows-amd64;C:\Users\Khang\.gradle\native\53dbd7edfb1c66fb8903c78663c9afc45aea4f116125fa6feffd364cf09443e8\windows-amd64

VM Arguments:
jvm_args: --add-opens=java.base/java.util=ALL-UNNAMED --add-opens=java.base/java.lang=ALL-UNNAMED --add-opens=java.base/java.lang.invoke=ALL-UNNAMED --add-opens=java.base/java.util=ALL-UNNAMED --add-opens=java.prefs/java.util.prefs=ALL-UNNAMED --add-opens=java.prefs/java.util.prefs=ALL-UNNAMED --add-opens=java.base/java.nio.charset=ALL-UNNAMED --add-opens=java.base/java.net=ALL-UNNAMED --add-opens=java.base/java.util.concurrent.atomic=ALL-UNNAMED -Xmx2048m -Dfile.encoding=UTF-8 -Duser.country=US -Duser.language=en -Duser.variant 
java_command: org.gradle.launcher.daemon.bootstrap.GradleDaemon 7.0.2
java_class_path (initial): C:\Users\Khang\.gradle\wrapper\dists\gradle-7.0.2-bin\857tjihv64xamwrf0h14cai3r\gradle-7.0.2\lib\gradle-launcher-7.0.2.jar
Launcher Type: SUN_STANDARD

[Global flags]
     intx CICompilerCount                          = 3                                         {product} {ergonomic}
     uint ConcGCThreads                            = 1                                         {product} {ergonomic}
     uint G1ConcRefinementThreads                  = 4                                         {product} {ergonomic}
   size_t G1HeapRegionSize                         = 1048576                                   {product} {ergonomic}
    uintx GCDrainStackTargetSize                   = 64                                        {product} {ergonomic}
   size_t InitialHeapSize                          = 134217728                                 {product} {ergonomic}
   size_t MarkStackSize                            = 4194304                                   {product} {ergonomic}
   size_t MaxHeapSize                              = 2147483648                                {product} {command line}
   size_t MaxNewSize                               = 1287651328                                {product} {ergonomic}
   size_t MinHeapDeltaBytes                        = 1048576                                   {product} {ergonomic}
    uintx NonNMethodCodeHeapSize                   = 5830732                                {pd product} {ergonomic}
    uintx NonProfiledCodeHeapSize                  = 122913754                              {pd product} {ergonomic}
    uintx ProfiledCodeHeapSize                     = 122913754                              {pd product} {ergonomic}
    uintx ReservedCodeCacheSize                    = 251658240                              {pd product} {ergonomic}
     bool SegmentedCodeCache                       = true                                      {product} {ergonomic}
     bool UseCompressedClassPointers               = true                                 {lp64_product} {ergonomic}
     bool UseCompressedOops                        = true                                 {lp64_product} {ergonomic}
     bool UseG1GC                                  = true                                      {product} {ergonomic}
     bool UseLargePagesIndividualAllocation        = false                                  {pd product} {ergonomic}

Logging:
Log output configuration:
 #0: stdout all=warning uptime,level,tags
 #1: stderr all=off uptime,level,tags

Environment Variables:
PATH=C:\WINDOWS\system32;C:\WINDOWS;C:\WINDOWS\System32\Wbem;C:\WINDOWS\System32\WindowsPowerShell\v1.0\;C:\WINDOWS\System32\OpenSSH\;C:\Program Files\Microsoft SQL Server\Client SDK\ODBC\170\Tools\Binn\;C:\Program Files (x86)\Microsoft SQL Server\150\Tools\Binn\;C:\Program Files\Microsoft SQL Server\150\Tools\Binn\;C:\Program Files\Microsoft SQL Server\150\DTS\Binn\;C:\Program Files (x86)\Microsoft SQL Server\150\DTS\Binn\;C:\Program Files\Azure Data Studio\bin;C:\Program Files\dotnet\;C:\Program Files\Microsoft SQL Server\130\Tools\Binn\;C:\Program Files\Git\cmd;C:\Users\Khang\AppData\Local\Microsoft\WindowsApps;C:\Program Files\Azure Data Studio\bin;C:\Users\Khang\AppData\Local\Programs\Microsoft VS Code\bin;C:\Users\Khang\.dotnet\tools;C:\Users\Khang\AppData\Local\GitHubDesktop\bin
USERNAME=Khang
OS=Windows_NT
PROCESSOR_IDENTIFIER=Intel64 Family 6 Model 158 Stepping 10, GenuineIntel



---------------  S Y S T E M  ---------------

OS: Windows 10 , 64 bit Build 22000 (10.0.22000.613)
OS uptime: 3 days 22:05 hours

CPU:total 4 (initial active 4) (4 cores per cpu, 1 threads per core) family 6 model 158 stepping 10 microcode 0xde, cmov, cx8, fxsr, mmx, sse, sse2, sse3, ssse3, sse4.1, sse4.2, popcnt, avx, avx2, aes, clmul, erms, 3dnowpref, lzcnt, tsc, tscinvbit, bmi1, bmi2, adx, fma

Memory: 4k page, system-wide physical 8134M (485M free)
TotalPageFile size 17350M (AvailPageFile size 2393M)
current process WorkingSet (physical memory assigned to process): 587M, peak: 652M
current process commit charge ("private bytes"): 771M, peak: 796M

vm_info: OpenJDK 64-Bit Server VM (11.0.10+0-b96-7249189) for windows-amd64 JRE (11.0.10+0-b96-7249189), built on Mar 31 2021 21:44:00 by "builder" with MS VC++ 14.0 (VS2015)

END.
