#
# A fatal error has been detected by the Java Runtime Environment:
#
#  EXCEPTION_ACCESS_VIOLATION (0xc0000005) at pc=0x00007ff967ec7a53, pid=9496, tid=13608
#
# JRE version: OpenJDK Runtime Environment (11.0.10) (build 11.0.10+0-b96-7249189)
# Java VM: OpenJDK 64-Bit Server VM (11.0.10+0-b96-7249189, mixed mode, tiered, compressed oops, g1 gc, windows-amd64)
# Problematic frame:
# V  [jvm.dll+0x617a53]
#
# No core dump will be written. Minidumps are not enabled by default on client versions of Windows
#
# If you would like to submit a bug report, please visit:
#   https://bugreport.java.com/bugreport/crash.jsp
#

---------------  S U M M A R Y ------------

Command Line: --add-opens=java.base/java.util=ALL-UNNAMED --add-opens=java.base/java.lang=ALL-UNNAMED --add-opens=java.base/java.lang.invoke=ALL-UNNAMED --add-opens=java.base/java.util=ALL-UNNAMED --add-opens=java.prefs/java.util.prefs=ALL-UNNAMED --add-opens=java.prefs/java.util.prefs=ALL-UNNAMED --add-opens=java.base/java.nio.charset=ALL-UNNAMED --add-opens=java.base/java.net=ALL-UNNAMED --add-opens=java.base/java.util.concurrent.atomic=ALL-UNNAMED -Xmx2048m -Dfile.encoding=UTF-8 -Duser.country=US -Duser.language=en -Duser.variant org.gradle.launcher.daemon.bootstrap.GradleDaemon 7.0.2

Host: Intel(R) Core(TM) i3-9100F CPU @ 3.60GHz, 4 cores, 7G,  Windows 10 , 64 bit Build 22000 (10.0.22000.675)
Time: Mon May 23 21:14:57 2022 SE Asia Standard Time elapsed time: 35.079180 seconds (0d 0h 0m 35s)

---------------  T H R E A D  ---------------

Current thread (0x000001e31e3c1000):  JavaThread "C2 CompilerThread0" daemon [_thread_in_native, id=13608, stack(0x00000019a4c00000,0x00000019a4d00000)]


Current CompileTask:
C2:  35079 10980       4       com.android.ide.common.symbols.SymbolIo::readSymbolListWithPackageLine (225 bytes)

Stack: [0x00000019a4c00000,0x00000019a4d00000],  sp=0x00000019a4cfb970,  free space=1006k
Native frames: (J=compiled Java code, j=interpreted, Vv=VM code, C=native code)
V  [jvm.dll+0x617a53]
V  [jvm.dll+0x617b56]
V  [jvm.dll+0x61aa13]
V  [jvm.dll+0x61972d]
V  [jvm.dll+0x1fca01]
V  [jvm.dll+0x1fa77f]
V  [jvm.dll+0x18354c]
V  [jvm.dll+0x208ee7]
V  [jvm.dll+0x207731]
V  [jvm.dll+0x6eb1cf]
V  [jvm.dll+0x6e3d45]
V  [jvm.dll+0x5ebe96]
C  [ucrtbase.dll+0x26c0c]
C  [KERNEL32.DLL+0x154e0]
C  [ntdll.dll+0x485b]


siginfo: EXCEPTION_ACCESS_VIOLATION (0xc0000005), reading address 0x000000060000002e


Register to memory mapping:

RIP=0x00007ff967ec7a53 jvm.dll
RAX=0x000001e3218028a0 points into unknown readable memory: 0x000001e3214a2a88 | 88 2a 4a 21 e3 01 00 00
RBX=0x00000019a4cfd078 is pointing into the stack for thread: 0x000001e31e3c1000
RCX=0x0000000000010000 is an unknown value
RDX=0x000001e3333dc49c points into unknown readable memory: 00 00 01 00
RSP=0x00000019a4cfb970 is pointing into the stack for thread: 0x000001e31e3c1000
RBP=0x0000000600000006 is an unknown value
RSI=0x0000000000000003 is an unknown value
RDI=0x0000000000000174 is an unknown value
R8 =0x0000000000010000 is an unknown value
R9 =0x0 is NULL
R10=0x000001e32b468050 points into unknown readable memory: 0x0000000000000000 | 00 00 00 00 00 00 00 00
R11=0x000001e33347e050 points into unknown readable memory: 0x0000000000000000 | 00 00 00 00 00 00 00 00
R12=0x000000006810aad8 is an unknown value
R13=0x000001e31e3b80c8 points into unknown readable memory: 0x000001e31e3c1000 | 00 10 3c 1e e3 01 00 00
R14=0x000001e31faf3890 points into unknown readable memory: 0x0000000600000006 | 06 00 00 00 06 00 00 00
R15=0x00000000000005b8 is an unknown value


Registers:
RAX=0x000001e3218028a0, RBX=0x00000019a4cfd078, RCX=0x0000000000010000, RDX=0x000001e3333dc49c
RSP=0x00000019a4cfb970, RBP=0x0000000600000006, RSI=0x0000000000000003, RDI=0x0000000000000174
R8 =0x0000000000010000, R9 =0x0000000000000000, R10=0x000001e32b468050, R11=0x000001e33347e050
R12=0x000000006810aad8, R13=0x000001e31e3b80c8, R14=0x000001e31faf3890, R15=0x00000000000005b8
RIP=0x00007ff967ec7a53, EFLAGS=0x0000000000010297

Top of Stack: (sp=0x00000019a4cfb970)
0x00000019a4cfb970:   00000019a4cfd078 0000000000000000
0x00000019a4cfb980:   000001e32109dd30 000001e32109dd30
0x00000019a4cfb990:   000001e328037348 0000000000000000
0x00000019a4cfb9a0:   00000019a4cfc6a0 00007ff967ec7b56
0x00000019a4cfb9b0:   000001e31faf3640 000001e31f00bbd0
0x00000019a4cfb9c0:   00000019a4cfc6a0 00000000000005b8
0x00000019a4cfb9d0:   0000000080008838 00007ff967a44e2a
0x00000019a4cfb9e0:   000001e320f58e70 000001e31e3b80c8
0x00000019a4cfb9f0:   000001e328037348 0000000000000000
0x00000019a4cfba00:   000001e320f58e88 00007ff967a44048
0x00000019a4cfba10:   000001e31f00bbd0 00000019a4cfc6a0
0x00000019a4cfba20:   000001e31f00bbd0 000001e3214a24e0
0x00000019a4cfba30:   0000000000000094 00007ff967ecaa13
0x00000019a4cfba40:   00000019a4cfc6a0 000001e31f00bbd0
0x00000019a4cfba50:   0000000000000094 000001e31faf3640
0x00000019a4cfba60:   00000000000005b8 00000019a4cfc6a0 

Instructions: (pc=0x00007ff967ec7a53)
0x00007ff967ec7953:   c4 20 5f c3 cc cc cc cc cc cc cc cc cc 48 89 5c
0x00007ff967ec7963:   24 08 48 89 74 24 10 57 48 83 ec 20 41 8b d8 48
0x00007ff967ec7973:   8b fa 41 b8 05 00 00 00 48 8b f1 e8 cd fd ff ff
0x00007ff967ec7983:   48 8d 05 be 65 25 00 44 8b c3 48 8d 8e 88 09 00
0x00007ff967ec7993:   00 48 89 06 48 8b d7 e8 01 f7 ff ff 48 8b 5c 24
0x00007ff967ec79a3:   30 48 8b c6 48 8b 74 24 38 48 83 c4 20 5f c3 cc
0x00007ff967ec79b3:   cc cc cc cc cc cc cc cc cc cc cc cc cc 40 53 48
0x00007ff967ec79c3:   83 ec 20 48 8d 05 4b ff 1c 00 48 8b d9 48 89 01
0x00007ff967ec79d3:   f6 c2 01 74 1d f6 c2 04 75 0e e8 7e c0 a9 ff 48
0x00007ff967ec79e3:   8b c3 48 83 c4 20 5b c3 ba 20 00 00 00 e8 0b 30
0x00007ff967ec79f3:   b1 ff 48 8b c3 48 83 c4 20 5b c3 cc cc 40 56 41
0x00007ff967ec7a03:   54 41 56 48 83 ec 20 8b 42 20 33 f6 4c 8b 72 10
0x00007ff967ec7a13:   4c 8d 24 c5 07 00 00 00 49 c1 ec 03 49 8d 14 c6
0x00007ff967ec7a23:   4c 3b f2 4c 0f 47 e6 4d 85 e4 0f 84 a1 00 00 00
0x00007ff967ec7a33:   48 89 5c 24 40 48 8d 99 d8 09 00 00 48 89 6c 24
0x00007ff967ec7a43:   48 4c 89 7c 24 58 48 89 7c 24 50 66 90 49 8b 2e
0x00007ff967ec7a53:   8b 4d 28 8b c1 c1 e8 05 3b 43 30 72 0f 48 8b 43
0x00007ff967ec7a63:   20 8b d1 48 8d 4b 20 ff 50 18 eb 25 83 e1 1f 41
0x00007ff967ec7a73:   b8 01 00 00 00 41 d3 e0 8b c8 48 8b 43 38 48 8d
0x00007ff967ec7a83:   14 88 8b 0c 88 8b c1 41 0b c8 89 0a 41 23 c0 75
0x00007ff967ec7a93:   20 8b 7b 18 8d 47 01 89 43 18 3b 7b 08 72 0a 8b
0x00007ff967ec7aa3:   d7 48 8b cb e8 14 49 fb ff 48 8b 43 10 48 89 2c
0x00007ff967ec7ab3:   f8 49 83 c6 08 48 ff c6 49 3b f4 72 90 4c 8b 7c
0x00007ff967ec7ac3:   24 58 48 8b 7c 24 50 48 8b 6c 24 48 48 8b 5c 24
0x00007ff967ec7ad3:   40 48 83 c4 20 41 5e 41 5c 5e c3 cc cc 48 89 54
0x00007ff967ec7ae3:   24 10 48 89 4c 24 08 55 57 48 83 ec 78 48 8b ea
0x00007ff967ec7af3:   48 8b f9 e8 05 ff ff ff 48 8b 4d 10 8b 45 20 48
0x00007ff967ec7b03:   89 4c 24 30 48 8d 04 c1 48 89 44 24 50 48 3b c8
0x00007ff967ec7b13:   0f 83 b2 08 00 00 48 89 5c 24 70 48 89 74 24 68
0x00007ff967ec7b23:   0f 1f 40 00 66 0f 1f 84 00 00 00 00 00 48 8b 19
0x00007ff967ec7b33:   48 89 9c 24 a8 00 00 00 f6 43 2c 01 75 0a 8b 43
0x00007ff967ec7b43:   2c 83 e0 7f 3c 50 75 0b 48 8b d3 48 8b cf e8 aa 


Stack slot to memory mapping:
stack at sp + 0 slots: 0x00000019a4cfd078 is pointing into the stack for thread: 0x000001e31e3c1000
stack at sp + 1 slots: 0x0 is NULL
stack at sp + 2 slots: 0x000001e32109dd30 points into unknown readable memory: 0x00007ff9680a9c90 | 90 9c 0a 68 f9 7f 00 00
stack at sp + 3 slots: 0x000001e32109dd30 points into unknown readable memory: 0x00007ff9680a9c90 | 90 9c 0a 68 f9 7f 00 00
stack at sp + 4 slots: 0x000001e328037348 points into unknown readable memory: 0x00007ff968093ea0 | a0 3e 09 68 f9 7f 00 00
stack at sp + 5 slots: 0x0 is NULL
stack at sp + 6 slots: 0x00000019a4cfc6a0 is pointing into the stack for thread: 0x000001e31e3c1000
stack at sp + 7 slots: 0x00007ff967ec7b56 jvm.dll


---------------  P R O C E S S  ---------------

Threads class SMR info:
_java_thread_list=0x000001e322cb0c50, length=52, elements={
0x000001e3047bd800, 0x000001e31e396800, 0x000001e31e398800, 0x000001e31ed22800,
0x000001e31e3b6000, 0x000001e31e3b9000, 0x000001e31e3c1000, 0x000001e31e3c2000,
0x000001e31e3c7800, 0x000001e31ee5d800, 0x000001e32011b000, 0x000001e31fea3800,
0x000001e320425000, 0x000001e32066d800, 0x000001e320749800, 0x000001e320425800,
0x000001e31f151000, 0x000001e3201fe800, 0x000001e3201ff000, 0x000001e31fd38800,
0x000001e31fd37800, 0x000001e31fd35800, 0x000001e31fd34800, 0x000001e31fd33800,
0x000001e31fd3a000, 0x000001e31fd36000, 0x000001e31fd39800, 0x000001e31fd37000,
0x000001e3233af000, 0x000001e3233b2000, 0x000001e3233b0800, 0x000001e3233b3800,
0x000001e3233b7000, 0x000001e3233b8800, 0x000001e3233b8000, 0x000001e3233b4800,
0x000001e3233bb000, 0x000001e3233b6000, 0x000001e3233b5800, 0x000001e3233bd800,
0x000001e3233bc000, 0x000001e3233bc800, 0x000001e326591800, 0x000001e32658f800,
0x000001e32658e000, 0x000001e326590800, 0x000001e326592000, 0x000001e326593000,
0x000001e32658d800, 0x000001e326598800, 0x000001e326596800, 0x000001e328c02800
}

Java Threads: ( => current thread )
  0x000001e3047bd800 JavaThread "main" [_thread_blocked, id=3544, stack(0x00000019a4000000,0x00000019a4100000)]
  0x000001e31e396800 JavaThread "Reference Handler" daemon [_thread_blocked, id=8144, stack(0x00000019a4700000,0x00000019a4800000)]
  0x000001e31e398800 JavaThread "Finalizer" daemon [_thread_blocked, id=12944, stack(0x00000019a4800000,0x00000019a4900000)]
  0x000001e31ed22800 JavaThread "Signal Dispatcher" daemon [_thread_blocked, id=6276, stack(0x00000019a4900000,0x00000019a4a00000)]
  0x000001e31e3b6000 JavaThread "Attach Listener" daemon [_thread_blocked, id=5212, stack(0x00000019a4a00000,0x00000019a4b00000)]
  0x000001e31e3b9000 JavaThread "Service Thread" daemon [_thread_blocked, id=7004, stack(0x00000019a4b00000,0x00000019a4c00000)]
=>0x000001e31e3c1000 JavaThread "C2 CompilerThread0" daemon [_thread_in_native, id=13608, stack(0x00000019a4c00000,0x00000019a4d00000)]
  0x000001e31e3c2000 JavaThread "C1 CompilerThread0" daemon [_thread_blocked, id=8256, stack(0x00000019a4d00000,0x00000019a4e00000)]
  0x000001e31e3c7800 JavaThread "Sweeper thread" daemon [_thread_blocked, id=1000, stack(0x00000019a4e00000,0x00000019a4f00000)]
  0x000001e31ee5d800 JavaThread "Common-Cleaner" daemon [_thread_blocked, id=156, stack(0x00000019a4f00000,0x00000019a5000000)]
  0x000001e32011b000 JavaThread "Daemon health stats" [_thread_blocked, id=8264, stack(0x00000019a5300000,0x00000019a5400000)]
  0x000001e31fea3800 JavaThread "Incoming local TCP Connector on port 59040" [_thread_in_native, id=13084, stack(0x00000019a5400000,0x00000019a5500000)]
  0x000001e320425000 JavaThread "Daemon periodic checks" [_thread_blocked, id=3420, stack(0x00000019a5500000,0x00000019a5600000)]
  0x000001e32066d800 JavaThread "Daemon" [_thread_blocked, id=3968, stack(0x00000019a5600000,0x00000019a5700000)]
  0x000001e320749800 JavaThread "Handler for socket connection from /127.0.0.1:59040 to /127.0.0.1:59042" [_thread_in_native, id=10952, stack(0x00000019a5700000,0x00000019a5800000)]
  0x000001e320425800 JavaThread "Cancel handler" [_thread_blocked, id=8620, stack(0x00000019a5800000,0x00000019a5900000)]
  0x000001e31f151000 JavaThread "Daemon worker" [_thread_blocked, id=13784, stack(0x00000019a5900000,0x00000019a5a00000)]
  0x000001e3201fe800 JavaThread "Asynchronous log dispatcher for DefaultDaemonConnection: socket connection from /127.0.0.1:59040 to /127.0.0.1:59042" [_thread_blocked, id=9700, stack(0x00000019a5a00000,0x00000019a5b00000)]
  0x000001e3201ff000 JavaThread "Stdin handler" [_thread_blocked, id=9088, stack(0x00000019a5b00000,0x00000019a5c00000)]
  0x000001e31fd38800 JavaThread "Daemon client event forwarder" [_thread_blocked, id=13680, stack(0x00000019a5c00000,0x00000019a5d00000)]
  0x000001e31fd37800 JavaThread "Cache worker for file hash cache (C:\Users\Khang\.gradle\caches\7.0.2\fileHashes)" [_thread_blocked, id=12196, stack(0x00000019a5d00000,0x00000019a5e00000)]
  0x000001e31fd35800 JavaThread "File lock request listener" [_thread_in_native, id=12296, stack(0x00000019a5e00000,0x00000019a5f00000)]
  0x000001e31fd34800 JavaThread "Cache worker for journal cache (C:\Users\Khang\.gradle\caches\journal-1)" [_thread_blocked, id=12560, stack(0x00000019a6000000,0x00000019a6100000)]
  0x000001e31fd33800 JavaThread "Cache worker for file hash cache (C:\Users\Khang\AndroidStudioProjects\DoAnAndroid\.gradle\7.0.2\fileHashes)" [_thread_blocked, id=10844, stack(0x00000019a6200000,0x00000019a6300000)]
  0x000001e31fd3a000 JavaThread "File watcher server" daemon [_thread_in_native, id=14104, stack(0x00000019a6300000,0x00000019a6400000)]
  0x000001e31fd36000 JavaThread "File watcher consumer" daemon [_thread_blocked, id=10528, stack(0x00000019a6400000,0x00000019a6500000)]
  0x000001e31fd39800 JavaThread "Cache worker for checksums cache (C:\Users\Khang\AndroidStudioProjects\DoAnAndroid\.gradle\checksums)" [_thread_blocked, id=5224, stack(0x00000019a6500000,0x00000019a6600000)]
  0x000001e31fd37000 JavaThread "Cache worker for cache directory md-supplier (C:\Users\Khang\.gradle\caches\7.0.2\md-supplier)" [_thread_blocked, id=12200, stack(0x00000019a6600000,0x00000019a6700000)]
  0x000001e3233af000 JavaThread "Cache worker for cache directory md-rule (C:\Users\Khang\.gradle\caches\7.0.2\md-rule)" [_thread_blocked, id=5744, stack(0x00000019a6700000,0x00000019a6800000)]
  0x000001e3233b2000 JavaThread "Cache worker for execution history cache (C:\Users\Khang\.gradle\caches\7.0.2\executionHistory)" [_thread_blocked, id=13172, stack(0x00000019a6800000,0x00000019a6900000)]
  0x000001e3233b0800 JavaThread "jar transforms" [_thread_blocked, id=13716, stack(0x00000019a6900000,0x00000019a6a00000)]
  0x000001e3233b3800 JavaThread "jar transforms Thread 2" [_thread_blocked, id=7500, stack(0x00000019a6a00000,0x00000019a6b00000)]
  0x000001e3233b7000 JavaThread "Cache worker for file content cache (C:\Users\Khang\.gradle\caches\7.0.2\fileContent)" [_thread_blocked, id=13740, stack(0x00000019a6b00000,0x00000019a6c00000)]
  0x000001e3233b8800 JavaThread "Cache worker for dependencies-accessors (C:\Users\Khang\AndroidStudioProjects\DoAnAndroid\.gradle\7.0.2\dependencies-accessors)" [_thread_blocked, id=13952, stack(0x00000019a6c00000,0x00000019a6d00000)]
  0x000001e3233b8000 JavaThread "jar transforms Thread 3" [_thread_blocked, id=11592, stack(0x00000019a6d00000,0x00000019a6e00000)]
  0x000001e3233b4800 JavaThread "Cache worker for Build Output Cleanup Cache (C:\Users\Khang\AndroidStudioProjects\DoAnAndroid\.gradle\buildOutputCleanup)" [_thread_blocked, id=11188, stack(0x00000019a6e00000,0x00000019a6f00000)]
  0x000001e3233bb000 JavaThread "Build operations" [_thread_blocked, id=7144, stack(0x00000019a6f00000,0x00000019a7000000)]
  0x000001e3233b6000 JavaThread "Build operations Thread 2" [_thread_blocked, id=14148, stack(0x00000019a7000000,0x00000019a7100000)]
  0x000001e3233b5800 JavaThread "Build operations Thread 3" [_thread_blocked, id=2680, stack(0x00000019a7100000,0x00000019a7200000)]
  0x000001e3233bd800 JavaThread "Build operations Thread 4" [_thread_blocked, id=13772, stack(0x00000019a7200000,0x00000019a7300000)]
  0x000001e3233bc000 JavaThread "jar transforms Thread 4" [_thread_blocked, id=3248, stack(0x00000019a7300000,0x00000019a7400000)]
  0x000001e3233bc800 JavaThread "Memory manager" [_thread_blocked, id=11604, stack(0x00000019a7400000,0x00000019a7500000)]
  0x000001e326591800 JavaThread "build event listener" [_thread_blocked, id=11580, stack(0x00000019a7500000,0x00000019a7600000)]
  0x000001e32658f800 JavaThread "Execution worker for ':'" [_thread_blocked, id=12912, stack(0x00000019a7600000,0x00000019a7700000)]
  0x000001e32658e000 JavaThread "Execution worker for ':' Thread 2" [_thread_blocked, id=5492, stack(0x00000019a7700000,0x00000019a7800000)]
  0x000001e326590800 JavaThread "Execution worker for ':' Thread 3" [_thread_blocked, id=10448, stack(0x00000019a7800000,0x00000019a7900000)]
  0x000001e326592000 JavaThread "Cache worker for execution history cache (C:\Users\Khang\AndroidStudioProjects\DoAnAndroid\.gradle\7.0.2\executionHistory)" [_thread_blocked, id=3500, stack(0x00000019a7900000,0x00000019a7a00000)]
  0x000001e326593000 JavaThread "WorkerExecutor Queue" [_thread_in_vm, id=9884, stack(0x00000019a7a00000,0x00000019a7b00000)]
  0x000001e32658d800 JavaThread "pool-3-thread-1" [_thread_blocked, id=3752, stack(0x00000019a7b00000,0x00000019a7c00000)]
  0x000001e326598800 JavaThread "stderr" [_thread_in_native, id=4656, stack(0x00000019a7c00000,0x00000019a7d00000)]
  0x000001e326596800 JavaThread "stdout" [_thread_in_native, id=13316, stack(0x00000019a7d00000,0x00000019a7e00000)]
  0x000001e328c02800 JavaThread "C2 CompilerThread1" daemon [_thread_blocked, id=13296, stack(0x00000019a3f00000,0x00000019a4000000)]

Other Threads:
  0x000001e31e390800 VMThread "VM Thread" [stack: 0x00000019a4600000,0x00000019a4700000] [id=6040]
  0x000001e31ee67800 WatcherThread [stack: 0x00000019a5000000,0x00000019a5100000] [id=6896]
  0x000001e3047d8000 GCTaskThread "GC Thread#0" [stack: 0x00000019a4100000,0x00000019a4200000] [id=9156]
  0x000001e31f42b800 GCTaskThread "GC Thread#1" [stack: 0x00000019a5100000,0x00000019a5200000] [id=10020]
  0x000001e31f49a000 GCTaskThread "GC Thread#2" [stack: 0x00000019a5200000,0x00000019a5300000] [id=11424]
  0x000001e320b6b800 GCTaskThread "GC Thread#3" [stack: 0x00000019a5f00000,0x00000019a6000000] [id=7852]
  0x000001e304807800 ConcurrentGCThread "G1 Main Marker" [stack: 0x00000019a4200000,0x00000019a4300000] [id=10752]
  0x000001e304809000 ConcurrentGCThread "G1 Conc#0" [stack: 0x00000019a4300000,0x00000019a4400000] [id=14160]
  0x000001e30489b000 ConcurrentGCThread "G1 Refine#0" [stack: 0x00000019a4400000,0x00000019a4500000] [id=4440]
  0x000001e30489c000 ConcurrentGCThread "G1 Young RemSet Sampling" [stack: 0x00000019a4500000,0x00000019a4600000] [id=4916]

Threads with active compile tasks:
C2 CompilerThread0  35166 10980       4       com.android.ide.common.symbols.SymbolIo::readSymbolListWithPackageLine (225 bytes)

VM state:not at safepoint (normal execution)

VM Mutex/Monitor currently owned by a thread: None

Heap address: 0x0000000080000000, size: 2048 MB, Compressed Oops mode: 32-bit
Narrow klass base: 0x0000000000000000, Narrow klass shift: 3
Compressed class space size: 1073741824 Address: 0x0000000100000000

Heap:
 garbage-first heap   total 131072K, used 87404K [0x0000000080000000, 0x0000000100000000)
  region size 1024K, 5 young (5120K), 4 survivors (4096K)
 Metaspace       used 86033K, capacity 88102K, committed 88176K, reserved 1126400K
  class space    used 11074K, capacity 11839K, committed 11852K, reserved 1048576K
Heap Regions: E=young(eden), S=young(survivor), O=old, HS=humongous(starts), HC=humongous(continues), CS=collection set, F=free, A=archive, TAMS=top-at-mark-start (previous, next)
|   0|0x0000000080000000, 0x0000000080100000, 0x0000000080100000|100%| O|  |TAMS 0x0000000080100000, 0x0000000080100000| Untracked 
|   1|0x0000000080100000, 0x0000000080200000, 0x0000000080200000|100%| O|  |TAMS 0x0000000080200000, 0x0000000080200000| Untracked 
|   2|0x0000000080200000, 0x0000000080300000, 0x0000000080300000|100%| O|  |TAMS 0x0000000080300000, 0x0000000080300000| Untracked 
|   3|0x0000000080300000, 0x0000000080400000, 0x0000000080400000|100%|HS|  |TAMS 0x0000000080400000, 0x0000000080400000| Complete 
|   4|0x0000000080400000, 0x0000000080500000, 0x0000000080500000|100%|HC|  |TAMS 0x0000000080500000, 0x0000000080500000| Complete 
|   5|0x0000000080500000, 0x0000000080600000, 0x0000000080600000|100%|HC|  |TAMS 0x0000000080600000, 0x0000000080600000| Complete 
|   6|0x0000000080600000, 0x0000000080700000, 0x0000000080700000|100%| O|  |TAMS 0x0000000080700000, 0x0000000080700000| Untracked 
|   7|0x0000000080700000, 0x0000000080800000, 0x0000000080800000|100%| O|  |TAMS 0x0000000080800000, 0x0000000080800000| Untracked 
|   8|0x0000000080800000, 0x0000000080900000, 0x0000000080900000|100%| O|  |TAMS 0x0000000080900000, 0x0000000080900000| Untracked 
|   9|0x0000000080900000, 0x0000000080a00000, 0x0000000080a00000|100%| O|  |TAMS 0x0000000080a00000, 0x0000000080a00000| Untracked 
|  10|0x0000000080a00000, 0x0000000080b00000, 0x0000000080b00000|100%| O|  |TAMS 0x0000000080b00000, 0x0000000080b00000| Untracked 
|  11|0x0000000080b00000, 0x0000000080c00000, 0x0000000080c00000|100%| O|  |TAMS 0x0000000080c00000, 0x0000000080c00000| Untracked 
|  12|0x0000000080c00000, 0x0000000080d00000, 0x0000000080d00000|100%| O|  |TAMS 0x0000000080d00000, 0x0000000080d00000| Untracked 
|  13|0x0000000080d00000, 0x0000000080e00000, 0x0000000080e00000|100%| O|  |TAMS 0x0000000080e00000, 0x0000000080e00000| Untracked 
|  14|0x0000000080e00000, 0x0000000080f00000, 0x0000000080f00000|100%| O|  |TAMS 0x0000000080f00000, 0x0000000080f00000| Untracked 
|  15|0x0000000080f00000, 0x0000000081000000, 0x0000000081000000|100%| O|  |TAMS 0x0000000081000000, 0x0000000081000000| Untracked 
|  16|0x0000000081000000, 0x0000000081100000, 0x0000000081100000|100%|HS|  |TAMS 0x0000000081100000, 0x0000000081100000| Complete 
|  17|0x0000000081100000, 0x0000000081200000, 0x0000000081200000|100%| O|  |TAMS 0x0000000081200000, 0x0000000081200000| Untracked 
|  18|0x0000000081200000, 0x0000000081300000, 0x0000000081300000|100%| O|  |TAMS 0x0000000081300000, 0x0000000081300000| Untracked 
|  19|0x0000000081300000, 0x0000000081400000, 0x0000000081400000|100%| O|  |TAMS 0x0000000081400000, 0x0000000081400000| Untracked 
|  20|0x0000000081400000, 0x0000000081500000, 0x0000000081500000|100%| O|  |TAMS 0x0000000081500000, 0x0000000081500000| Untracked 
|  21|0x0000000081500000, 0x0000000081600000, 0x0000000081600000|100%| O|  |TAMS 0x0000000081600000, 0x0000000081600000| Untracked 
|  22|0x0000000081600000, 0x0000000081700000, 0x0000000081700000|100%| O|  |TAMS 0x0000000081700000, 0x0000000081700000| Untracked 
|  23|0x0000000081700000, 0x0000000081800000, 0x0000000081800000|100%| O|  |TAMS 0x0000000081800000, 0x0000000081800000| Untracked 
|  24|0x0000000081800000, 0x0000000081900000, 0x0000000081900000|100%| O|  |TAMS 0x0000000081900000, 0x0000000081900000| Untracked 
|  25|0x0000000081900000, 0x0000000081a00000, 0x0000000081a00000|100%| O|  |TAMS 0x0000000081a00000, 0x0000000081a00000| Untracked 
|  26|0x0000000081a00000, 0x0000000081b00000, 0x0000000081b00000|100%| O|  |TAMS 0x0000000081b00000, 0x0000000081b00000| Untracked 
|  27|0x0000000081b00000, 0x0000000081c00000, 0x0000000081c00000|100%|HS|  |TAMS 0x0000000081c00000, 0x0000000081c00000| Complete 
|  28|0x0000000081c00000, 0x0000000081d00000, 0x0000000081d00000|100%|HS|  |TAMS 0x0000000081d00000, 0x0000000081d00000| Complete 
|  29|0x0000000081d00000, 0x0000000081e00000, 0x0000000081e00000|100%|HC|  |TAMS 0x0000000081e00000, 0x0000000081e00000| Complete 
|  30|0x0000000081e00000, 0x0000000081f00000, 0x0000000081f00000|100%| O|  |TAMS 0x0000000081f00000, 0x0000000081f00000| Untracked 
|  31|0x0000000081f00000, 0x0000000082000000, 0x0000000082000000|100%| O|  |TAMS 0x0000000082000000, 0x0000000082000000| Untracked 
|  32|0x0000000082000000, 0x0000000082100000, 0x0000000082100000|100%| O|  |TAMS 0x0000000082100000, 0x0000000082100000| Untracked 
|  33|0x0000000082100000, 0x0000000082200000, 0x0000000082200000|100%| O|  |TAMS 0x0000000082200000, 0x0000000082200000| Untracked 
|  34|0x0000000082200000, 0x0000000082300000, 0x0000000082300000|100%| O|  |TAMS 0x0000000082300000, 0x0000000082300000| Untracked 
|  35|0x0000000082300000, 0x0000000082400000, 0x0000000082400000|100%| O|  |TAMS 0x0000000082400000, 0x0000000082400000| Untracked 
|  36|0x0000000082400000, 0x0000000082500000, 0x0000000082500000|100%| O|  |TAMS 0x0000000082500000, 0x0000000082500000| Untracked 
|  37|0x0000000082500000, 0x0000000082600000, 0x0000000082600000|100%| O|  |TAMS 0x0000000082600000, 0x0000000082600000| Untracked 
|  38|0x0000000082600000, 0x0000000082700000, 0x0000000082700000|100%| O|  |TAMS 0x0000000082700000, 0x0000000082700000| Untracked 
|  39|0x0000000082700000, 0x0000000082800000, 0x0000000082800000|100%| O|  |TAMS 0x0000000082800000, 0x0000000082800000| Untracked 
|  40|0x0000000082800000, 0x0000000082900000, 0x0000000082900000|100%| O|  |TAMS 0x0000000082900000, 0x0000000082900000| Untracked 
|  41|0x0000000082900000, 0x0000000082a00000, 0x0000000082a00000|100%| O|  |TAMS 0x0000000082a00000, 0x0000000082a00000| Untracked 
|  42|0x0000000082a00000, 0x0000000082b00000, 0x0000000082b00000|100%| O|  |TAMS 0x0000000082b00000, 0x0000000082b00000| Untracked 
|  43|0x0000000082b00000, 0x0000000082c00000, 0x0000000082c00000|100%| O|  |TAMS 0x0000000082c00000, 0x0000000082c00000| Untracked 
|  44|0x0000000082c00000, 0x0000000082d00000, 0x0000000082d00000|100%| O|  |TAMS 0x0000000082d00000, 0x0000000082d00000| Untracked 
|  45|0x0000000082d00000, 0x0000000082e00000, 0x0000000082e00000|100%| O|  |TAMS 0x0000000082e00000, 0x0000000082e00000| Untracked 
|  46|0x0000000082e00000, 0x0000000082f00000, 0x0000000082f00000|100%| O|  |TAMS 0x0000000082f00000, 0x0000000082f00000| Untracked 
|  47|0x0000000082f00000, 0x0000000083000000, 0x0000000083000000|100%| O|  |TAMS 0x0000000083000000, 0x0000000083000000| Untracked 
|  48|0x0000000083000000, 0x0000000083100000, 0x0000000083100000|100%| O|  |TAMS 0x0000000083100000, 0x0000000083100000| Untracked 
|  49|0x0000000083100000, 0x0000000083200000, 0x0000000083200000|100%| O|  |TAMS 0x0000000083200000, 0x0000000083200000| Untracked 
|  50|0x0000000083200000, 0x0000000083300000, 0x0000000083300000|100%| O|  |TAMS 0x0000000083300000, 0x0000000083300000| Untracked 
|  51|0x0000000083300000, 0x0000000083400000, 0x0000000083400000|100%| O|  |TAMS 0x0000000083400000, 0x0000000083400000| Untracked 
|  52|0x0000000083400000, 0x0000000083500000, 0x0000000083500000|100%| O|  |TAMS 0x0000000083500000, 0x0000000083500000| Untracked 
|  53|0x0000000083500000, 0x0000000083600000, 0x0000000083600000|100%| O|  |TAMS 0x0000000083600000, 0x0000000083600000| Untracked 
|  54|0x0000000083600000, 0x0000000083700000, 0x0000000083700000|100%| O|  |TAMS 0x0000000083700000, 0x0000000083700000| Untracked 
|  55|0x0000000083700000, 0x0000000083800000, 0x0000000083800000|100%| O|  |TAMS 0x0000000083800000, 0x0000000083800000| Untracked 
|  56|0x0000000083800000, 0x0000000083900000, 0x0000000083900000|100%| O|  |TAMS 0x0000000083900000, 0x0000000083900000| Untracked 
|  57|0x0000000083900000, 0x0000000083a00000, 0x0000000083a00000|100%| O|  |TAMS 0x0000000083a00000, 0x0000000083a00000| Untracked 
|  58|0x0000000083a00000, 0x0000000083b00000, 0x0000000083b00000|100%| O|  |TAMS 0x0000000083b00000, 0x0000000083b00000| Untracked 
|  59|0x0000000083b00000, 0x0000000083c00000, 0x0000000083c00000|100%| O|  |TAMS 0x0000000083c00000, 0x0000000083c00000| Untracked 
|  60|0x0000000083c00000, 0x0000000083d00000, 0x0000000083d00000|100%| O|  |TAMS 0x0000000083d00000, 0x0000000083d00000| Untracked 
|  61|0x0000000083d00000, 0x0000000083e00000, 0x0000000083e00000|100%| O|  |TAMS 0x0000000083e00000, 0x0000000083e00000| Untracked 
|  62|0x0000000083e00000, 0x0000000083f00000, 0x0000000083f00000|100%| O|  |TAMS 0x0000000083f00000, 0x0000000083f00000| Untracked 
|  63|0x0000000083f00000, 0x0000000084000000, 0x0000000084000000|100%| O|  |TAMS 0x0000000084000000, 0x0000000084000000| Untracked 
|  64|0x0000000084000000, 0x0000000084100000, 0x0000000084100000|100%| O|  |TAMS 0x0000000084100000, 0x0000000084100000| Untracked 
|  65|0x0000000084100000, 0x0000000084200000, 0x0000000084200000|100%| O|  |TAMS 0x0000000084200000, 0x0000000084200000| Untracked 
|  66|0x0000000084200000, 0x0000000084300000, 0x0000000084300000|100%| O|  |TAMS 0x0000000084300000, 0x0000000084300000| Untracked 
|  67|0x0000000084300000, 0x0000000084400000, 0x0000000084400000|100%| O|  |TAMS 0x0000000084400000, 0x0000000084400000| Untracked 
|  68|0x0000000084400000, 0x0000000084500000, 0x0000000084500000|100%| O|  |TAMS 0x0000000084500000, 0x0000000084500000| Untracked 
|  69|0x0000000084500000, 0x0000000084600000, 0x0000000084600000|100%| O|  |TAMS 0x0000000084600000, 0x0000000084600000| Untracked 
|  70|0x0000000084600000, 0x0000000084700000, 0x0000000084700000|100%| O|  |TAMS 0x0000000084700000, 0x0000000084700000| Untracked 
|  71|0x0000000084700000, 0x0000000084800000, 0x0000000084800000|100%| O|  |TAMS 0x0000000084800000, 0x0000000084800000| Untracked 
|  72|0x0000000084800000, 0x0000000084900000, 0x0000000084900000|100%| O|  |TAMS 0x0000000084900000, 0x0000000084900000| Untracked 
|  73|0x0000000084900000, 0x0000000084a00000, 0x0000000084a00000|100%| O|  |TAMS 0x0000000084a00000, 0x0000000084a00000| Untracked 
|  74|0x0000000084a00000, 0x0000000084b00000, 0x0000000084b00000|100%| O|  |TAMS 0x0000000084b00000, 0x0000000084b00000| Untracked 
|  75|0x0000000084b00000, 0x0000000084c00000, 0x0000000084c00000|100%| O|  |TAMS 0x0000000084c00000, 0x0000000084c00000| Untracked 
|  76|0x0000000084c00000, 0x0000000084d00000, 0x0000000084d00000|100%| O|  |TAMS 0x0000000084cc0c00, 0x0000000084d00000| Untracked 
|  77|0x0000000084d00000, 0x0000000084e00000, 0x0000000084e00000|100%| O|  |TAMS 0x0000000084d00000, 0x0000000084e00000| Untracked 
|  78|0x0000000084e00000, 0x0000000084f00000, 0x0000000084f00000|100%| O|  |TAMS 0x0000000084e00000, 0x0000000084f00000| Untracked 
|  79|0x0000000084f00000, 0x0000000085000000, 0x0000000085000000|100%| O|  |TAMS 0x0000000084f00000, 0x0000000085000000| Untracked 
|  80|0x0000000085000000, 0x0000000085100000, 0x0000000085100000|100%| O|  |TAMS 0x0000000085000000, 0x0000000085100000| Untracked 
|  81|0x0000000085100000, 0x000000008515b200, 0x0000000085200000| 35%| O|  |TAMS 0x0000000085100000, 0x000000008515b200| Untracked 
|  82|0x0000000085200000, 0x0000000085200000, 0x0000000085300000|  0%| F|  |TAMS 0x0000000085200000, 0x0000000085200000| Untracked 
|  83|0x0000000085300000, 0x0000000085300000, 0x0000000085400000|  0%| F|  |TAMS 0x0000000085300000, 0x0000000085300000| Untracked 
|  84|0x0000000085400000, 0x0000000085400000, 0x0000000085500000|  0%| F|  |TAMS 0x0000000085400000, 0x0000000085400000| Untracked 
|  85|0x0000000085500000, 0x0000000085500000, 0x0000000085600000|  0%| F|  |TAMS 0x0000000085500000, 0x0000000085500000| Untracked 
|  86|0x0000000085600000, 0x0000000085600000, 0x0000000085700000|  0%| F|  |TAMS 0x0000000085600000, 0x0000000085600000| Untracked 
|  87|0x0000000085700000, 0x0000000085700000, 0x0000000085800000|  0%| F|  |TAMS 0x0000000085700000, 0x0000000085700000| Untracked 
|  88|0x0000000085800000, 0x0000000085800000, 0x0000000085900000|  0%| F|  |TAMS 0x0000000085800000, 0x0000000085800000| Untracked 
|  89|0x0000000085900000, 0x0000000085900000, 0x0000000085a00000|  0%| F|  |TAMS 0x0000000085900000, 0x0000000085900000| Untracked 
|  90|0x0000000085a00000, 0x0000000085a00000, 0x0000000085b00000|  0%| F|  |TAMS 0x0000000085a00000, 0x0000000085a00000| Untracked 
|  91|0x0000000085b00000, 0x0000000085b00000, 0x0000000085c00000|  0%| F|  |TAMS 0x0000000085b00000, 0x0000000085b00000| Untracked 
|  92|0x0000000085c00000, 0x0000000085c00000, 0x0000000085d00000|  0%| F|  |TAMS 0x0000000085c00000, 0x0000000085c00000| Untracked 
|  93|0x0000000085d00000, 0x0000000085d00000, 0x0000000085e00000|  0%| F|  |TAMS 0x0000000085d00000, 0x0000000085d00000| Untracked 
|  94|0x0000000085e00000, 0x0000000085e00000, 0x0000000085f00000|  0%| F|  |TAMS 0x0000000085e00000, 0x0000000085e00000| Untracked 
|  95|0x0000000085f00000, 0x0000000086000000, 0x0000000086000000|100%| S|CS|TAMS 0x0000000085f00000, 0x0000000085f00000| Complete 
|  96|0x0000000086000000, 0x0000000086100000, 0x0000000086100000|100%| S|CS|TAMS 0x0000000086000000, 0x0000000086000000| Complete 
|  97|0x0000000086100000, 0x0000000086200000, 0x0000000086200000|100%| S|CS|TAMS 0x0000000086100000, 0x0000000086100000| Complete 
|  98|0x0000000086200000, 0x0000000086200000, 0x0000000086300000|  0%| F|  |TAMS 0x0000000086200000, 0x0000000086200000| Untracked 
|  99|0x0000000086300000, 0x0000000086300000, 0x0000000086400000|  0%| F|  |TAMS 0x0000000086300000, 0x0000000086300000| Untracked 
| 100|0x0000000086400000, 0x0000000086500000, 0x0000000086500000|100%| S|CS|TAMS 0x0000000086400000, 0x0000000086400000| Complete 
| 101|0x0000000086500000, 0x0000000086500000, 0x0000000086600000|  0%| F|  |TAMS 0x0000000086500000, 0x0000000086500000| Untracked 
| 102|0x0000000086600000, 0x0000000086600000, 0x0000000086700000|  0%| F|  |TAMS 0x0000000086600000, 0x0000000086600000| Untracked 
| 103|0x0000000086700000, 0x0000000086700000, 0x0000000086800000|  0%| F|  |TAMS 0x0000000086700000, 0x0000000086700000| Untracked 
| 104|0x0000000086800000, 0x0000000086800000, 0x0000000086900000|  0%| F|  |TAMS 0x0000000086800000, 0x0000000086800000| Untracked 
| 105|0x0000000086900000, 0x0000000086900000, 0x0000000086a00000|  0%| F|  |TAMS 0x0000000086900000, 0x0000000086900000| Untracked 
| 106|0x0000000086a00000, 0x0000000086a00000, 0x0000000086b00000|  0%| F|  |TAMS 0x0000000086a00000, 0x0000000086a00000| Untracked 
| 107|0x0000000086b00000, 0x0000000086b00000, 0x0000000086c00000|  0%| F|  |TAMS 0x0000000086b00000, 0x0000000086b00000| Untracked 
| 108|0x0000000086c00000, 0x0000000086c00000, 0x0000000086d00000|  0%| F|  |TAMS 0x0000000086c00000, 0x0000000086c00000| Untracked 
| 109|0x0000000086d00000, 0x0000000086d00000, 0x0000000086e00000|  0%| F|  |TAMS 0x0000000086d00000, 0x0000000086d00000| Untracked 
| 110|0x0000000086e00000, 0x0000000086e00000, 0x0000000086f00000|  0%| F|  |TAMS 0x0000000086e00000, 0x0000000086e00000| Untracked 
| 111|0x0000000086f00000, 0x0000000086f00000, 0x0000000087000000|  0%| F|  |TAMS 0x0000000086f00000, 0x0000000086f00000| Untracked 
| 112|0x0000000087000000, 0x0000000087000000, 0x0000000087100000|  0%| F|  |TAMS 0x0000000087000000, 0x0000000087000000| Untracked 
| 113|0x0000000087100000, 0x0000000087100000, 0x0000000087200000|  0%| F|  |TAMS 0x0000000087100000, 0x0000000087100000| Untracked 
| 114|0x0000000087200000, 0x0000000087200000, 0x0000000087300000|  0%| F|  |TAMS 0x0000000087200000, 0x0000000087200000| Untracked 
| 115|0x0000000087300000, 0x0000000087300000, 0x0000000087400000|  0%| F|  |TAMS 0x0000000087300000, 0x0000000087300000| Untracked 
| 116|0x0000000087400000, 0x0000000087400000, 0x0000000087500000|  0%| F|  |TAMS 0x0000000087400000, 0x0000000087400000| Untracked 
| 117|0x0000000087500000, 0x0000000087500000, 0x0000000087600000|  0%| F|  |TAMS 0x0000000087500000, 0x0000000087500000| Untracked 
| 118|0x0000000087600000, 0x0000000087600000, 0x0000000087700000|  0%| F|  |TAMS 0x0000000087600000, 0x0000000087600000| Untracked 
| 119|0x0000000087700000, 0x0000000087700000, 0x0000000087800000|  0%| F|  |TAMS 0x0000000087700000, 0x0000000087700000| Untracked 
| 120|0x0000000087800000, 0x0000000087800000, 0x0000000087900000|  0%| F|  |TAMS 0x0000000087800000, 0x0000000087800000| Untracked 
| 121|0x0000000087900000, 0x0000000087900000, 0x0000000087a00000|  0%| F|  |TAMS 0x0000000087900000, 0x0000000087900000| Untracked 
| 122|0x0000000087a00000, 0x0000000087a00000, 0x0000000087b00000|  0%| F|  |TAMS 0x0000000087a00000, 0x0000000087a00000| Untracked 
| 123|0x0000000087b00000, 0x0000000087b00000, 0x0000000087c00000|  0%| F|  |TAMS 0x0000000087b00000, 0x0000000087b00000| Untracked 
| 124|0x0000000087c00000, 0x0000000087c00000, 0x0000000087d00000|  0%| F|  |TAMS 0x0000000087c00000, 0x0000000087c00000| Untracked 
| 125|0x0000000087d00000, 0x0000000087d00000, 0x0000000087e00000|  0%| F|  |TAMS 0x0000000087d00000, 0x0000000087d00000| Untracked 
| 126|0x0000000087e00000, 0x0000000087e00000, 0x0000000087f00000|  0%| F|  |TAMS 0x0000000087e00000, 0x0000000087e00000| Untracked 
| 127|0x0000000087f00000, 0x0000000087f575b8, 0x0000000088000000| 34%| E|  |TAMS 0x0000000087f00000, 0x0000000087f00000| Complete 

Card table byte_map: [0x000001e3176b0000,0x000001e317ab0000] _byte_map_base: 0x000001e3172b0000

Marking Bits (Prev, Next): (CMBitMap*) 0x000001e3047fe9b0, (CMBitMap*) 0x000001e3047fe978
 Prev Bits: [0x000001e319eb0000, 0x000001e31beb0000)
 Next Bits: [0x000001e317eb0000, 0x000001e319eb0000)

Polling page: 0x000001e3027e0000

Metaspace:

Usage:
  Non-class:     74.48 MB capacity,    73.20 MB ( 98%) used,     1.04 MB (  1%) free+waste,   240.19 KB ( <1%) overhead. 
      Class:     11.56 MB capacity,    10.81 MB ( 94%) used,   657.20 KB (  6%) free+waste,   107.56 KB ( <1%) overhead. 
       Both:     86.04 MB capacity,    84.02 MB ( 98%) used,     1.68 MB (  2%) free+waste,   347.75 KB ( <1%) overhead. 

Virtual space:
  Non-class space:       76.00 MB reserved,      74.54 MB ( 98%) committed 
      Class space:        1.00 GB reserved,      11.57 MB (  1%) committed 
             Both:        1.07 GB reserved,      86.11 MB (  8%) committed 

Chunk freelists:
   Non-Class:  0 bytes
       Class:  1.00 KB
        Both:  1.00 KB

MaxMetaspaceSize: 17179869184.00 GB
CompressedClassSpaceSize: 1.00 GB

CodeHeap 'non-profiled nmethods': size=120064Kb used=7838Kb max_used=7838Kb free=112226Kb
 bounds [0x000001e30fd70000, 0x000001e310520000, 0x000001e3172b0000]
CodeHeap 'profiled nmethods': size=120000Kb used=23609Kb max_used=23609Kb free=96390Kb
 bounds [0x000001e308840000, 0x000001e309f50000, 0x000001e30fd70000]
CodeHeap 'non-nmethods': size=5696Kb used=2289Kb max_used=2343Kb free=3406Kb
 bounds [0x000001e3082b0000, 0x000001e308520000, 0x000001e308840000]
 total_blobs=11859 nmethods=10968 adapters=802
 compilation: enabled
              stopped_count=0, restarted_count=0
 full_count=0

Compilation events (20 events):
Event: 34.855 Thread 0x000001e31e3c2000 nmethod 10971 0x000001e309f49810 code [0x000001e309f49ac0, 0x000001e309f4a8a8]
Event: 34.856 Thread 0x000001e31e3c2000 10973       3       com.google.common.base.Equivalence$Equals::doEquivalent (6 bytes)
Event: 34.856 Thread 0x000001e31e3c2000 nmethod 10973 0x000001e309f4ae10 code [0x000001e309f4afc0, 0x000001e309f4b188]
Event: 34.857 Thread 0x000001e31e3c2000 10974       3       com.android.ide.common.symbols.Symbol$BasicAttributeSymbol::equals (39 bytes)
Event: 34.857 Thread 0x000001e31e3c2000 nmethod 10974 0x000001e309f4b290 code [0x000001e309f4b480, 0x000001e309f4b9c8]
Event: 34.859 Thread 0x000001e31e3c2000 10975       3       com.android.ide.common.symbols.Symbol$BasicNormalSymbol::equals (52 bytes)
Event: 34.859 Thread 0x000001e31e3c2000 nmethod 10975 0x000001e309f4bb10 code [0x000001e309f4bd00, 0x000001e309f4c2c8]
Event: 34.860 Thread 0x000001e328c02800 nmethod 10969 0x000001e31050c390 code [0x000001e31050c560, 0x000001e31050cdb8]
Event: 34.880 Thread 0x000001e31e3c1000 10976       4       com.android.ide.common.symbols.Symbol$Companion::normalSymbol (120 bytes)
Event: 34.883 Thread 0x000001e328c02800 10977       4       com.android.ide.common.symbols.Symbol$BasicNormalSymbol::hashCode (23 bytes)
Event: 34.887 Thread 0x000001e328c02800 nmethod 10977 0x000001e31050d190 code [0x000001e31050d340, 0x000001e31050d608]
Event: 34.888 Thread 0x000001e31e3c1000 nmethod 10976 0x000001e31050d810 code [0x000001e31050d9e0, 0x000001e31050e278]
Event: 34.892 Thread 0x000001e31e3c2000 10978       3       com.google.common.base.Objects::equal (23 bytes)
Event: 34.893 Thread 0x000001e31e3c2000 nmethod 10978 0x000001e309f4c410 code [0x000001e309f4c5e0, 0x000001e309f4c848]
Event: 34.906 Thread 0x000001e31e3c1000 10980       4       com.android.ide.common.symbols.SymbolIo::readSymbolListWithPackageLine (225 bytes)
Event: 34.906 Thread 0x000001e328c02800 10979       4       com.android.ide.common.symbols.SymbolIo$ReadConfiguration$3::parseLine (5 bytes)
Event: 34.968 Thread 0x000001e31e3c2000 10982       3       com.android.ide.common.symbols.Symbol$BasicStyleableSymbol::getCanonicalName (5 bytes)
Event: 34.969 Thread 0x000001e31e3c2000 nmethod 10982 0x000001e309f4c910 code [0x000001e309f4cac0, 0x000001e309f4cbd8]
Event: 35.043 Thread 0x000001e31e3c2000 10983       3       com.android.ide.common.symbols.SymbolIo$SymbolData::<init> (47 bytes)
Event: 35.043 Thread 0x000001e31e3c2000 nmethod 10983 0x000001e309f4cc90 code [0x000001e309f4ce60, 0x000001e309f4d238]

GC Heap History (20 events):
Event: 24.073 GC heap before
{Heap before GC invocations=17 (full 0):
 garbage-first heap   total 131072K, used 105662K [0x0000000080000000, 0x0000000100000000)
  region size 1024K, 52 young (53248K), 7 survivors (7168K)
 Metaspace       used 77379K, capacity 79230K, committed 79472K, reserved 1118208K
  class space    used 10119K, capacity 10815K, committed 10828K, reserved 1048576K
}
Event: 24.082 GC heap after
{Heap after GC invocations=18 (full 0):
 garbage-first heap   total 131072K, used 64305K [0x0000000080000000, 0x0000000100000000)
  region size 1024K, 7 young (7168K), 7 survivors (7168K)
 Metaspace       used 77379K, capacity 79230K, committed 79472K, reserved 1118208K
  class space    used 10119K, capacity 10815K, committed 10828K, reserved 1048576K
}
Event: 25.523 GC heap before
{Heap before GC invocations=18 (full 0):
 garbage-first heap   total 131072K, used 106289K [0x0000000080000000, 0x0000000100000000)
  region size 1024K, 49 young (50176K), 7 survivors (7168K)
 Metaspace       used 79293K, capacity 81365K, committed 81648K, reserved 1120256K
  class space    used 10369K, capacity 11142K, committed 11212K, reserved 1048576K
}
Event: 25.531 GC heap after
{Heap after GC invocations=19 (full 0):
 garbage-first heap   total 131072K, used 68139K [0x0000000080000000, 0x0000000100000000)
  region size 1024K, 4 young (4096K), 4 survivors (4096K)
 Metaspace       used 79293K, capacity 81365K, committed 81648K, reserved 1120256K
  class space    used 10369K, capacity 11142K, committed 11212K, reserved 1048576K
}
Event: 26.647 GC heap before
{Heap before GC invocations=19 (full 0):
 garbage-first heap   total 131072K, used 107051K [0x0000000080000000, 0x0000000100000000)
  region size 1024K, 43 young (44032K), 4 survivors (4096K)
 Metaspace       used 79592K, capacity 81667K, committed 81904K, reserved 1120256K
  class space    used 10375K, capacity 11149K, committed 11212K, reserved 1048576K
}
Event: 26.654 GC heap after
{Heap after GC invocations=20 (full 0):
 garbage-first heap   total 131072K, used 71313K [0x0000000080000000, 0x0000000100000000)
  region size 1024K, 4 young (4096K), 4 survivors (4096K)
 Metaspace       used 79592K, capacity 81667K, committed 81904K, reserved 1120256K
  class space    used 10375K, capacity 11149K, committed 11212K, reserved 1048576K
}
Event: 27.504 GC heap before
{Heap before GC invocations=21 (full 0):
 garbage-first heap   total 131072K, used 107153K [0x0000000080000000, 0x0000000100000000)
  region size 1024K, 40 young (40960K), 4 survivors (4096K)
 Metaspace       used 80048K, capacity 82201K, committed 82416K, reserved 1120256K
  class space    used 10411K, capacity 11200K, committed 11212K, reserved 1048576K
}
Event: 27.509 GC heap after
{Heap after GC invocations=22 (full 0):
 garbage-first heap   total 131072K, used 73496K [0x0000000080000000, 0x0000000100000000)
  region size 1024K, 3 young (3072K), 3 survivors (3072K)
 Metaspace       used 80048K, capacity 82201K, committed 82416K, reserved 1120256K
  class space    used 10411K, capacity 11200K, committed 11212K, reserved 1048576K
}
Event: 28.365 GC heap before
{Heap before GC invocations=22 (full 0):
 garbage-first heap   total 131072K, used 107288K [0x0000000080000000, 0x0000000100000000)
  region size 1024K, 37 young (37888K), 3 survivors (3072K)
 Metaspace       used 80376K, capacity 82491K, committed 82672K, reserved 1120256K
  class space    used 10420K, capacity 11202K, committed 11212K, reserved 1048576K
}
Event: 28.370 GC heap after
{Heap after GC invocations=23 (full 0):
 garbage-first heap   total 131072K, used 75574K [0x0000000080000000, 0x0000000100000000)
  region size 1024K, 5 young (5120K), 5 survivors (5120K)
 Metaspace       used 80376K, capacity 82491K, committed 82672K, reserved 1120256K
  class space    used 10420K, capacity 11202K, committed 11212K, reserved 1048576K
}
Event: 28.969 GC heap before
{Heap before GC invocations=24 (full 0):
 garbage-first heap   total 131072K, used 108342K [0x0000000080000000, 0x0000000100000000)
  region size 1024K, 38 young (38912K), 5 survivors (5120K)
 Metaspace       used 82278K, capacity 84448K, committed 84720K, reserved 1122304K
  class space    used 10627K, capacity 11388K, committed 11468K, reserved 1048576K
}
Event: 28.975 GC heap after
{Heap after GC invocations=25 (full 0):
 garbage-first heap   total 131072K, used 77511K [0x0000000080000000, 0x0000000100000000)
  region size 1024K, 5 young (5120K), 5 survivors (5120K)
 Metaspace       used 82278K, capacity 84448K, committed 84720K, reserved 1122304K
  class space    used 10627K, capacity 11388K, committed 11468K, reserved 1048576K
}
Event: 29.365 GC heap before
{Heap before GC invocations=25 (full 0):
 garbage-first heap   total 131072K, used 109255K [0x0000000080000000, 0x0000000100000000)
  region size 1024K, 37 young (37888K), 5 survivors (5120K)
 Metaspace       used 83234K, capacity 85345K, committed 85616K, reserved 1124352K
  class space    used 10757K, capacity 11516K, committed 11596K, reserved 1048576K
}
Event: 29.370 GC heap after
{Heap after GC invocations=26 (full 0):
 garbage-first heap   total 131072K, used 78529K [0x0000000080000000, 0x0000000100000000)
  region size 1024K, 3 young (3072K), 3 survivors (3072K)
 Metaspace       used 83234K, capacity 85345K, committed 85616K, reserved 1124352K
  class space    used 10757K, capacity 11516K, committed 11596K, reserved 1048576K
}
Event: 29.731 GC heap before
{Heap before GC invocations=27 (full 0):
 garbage-first heap   total 131072K, used 110273K [0x0000000080000000, 0x0000000100000000)
  region size 1024K, 35 young (35840K), 3 survivors (3072K)
 Metaspace       used 84716K, capacity 86837K, committed 87152K, reserved 1124352K
  class space    used 10929K, capacity 11713K, committed 11852K, reserved 1048576K
}
Event: 29.737 GC heap after
{Heap after GC invocations=28 (full 0):
 garbage-first heap   total 131072K, used 80943K [0x0000000080000000, 0x0000000100000000)
  region size 1024K, 4 young (4096K), 4 survivors (4096K)
 Metaspace       used 84716K, capacity 86837K, committed 87152K, reserved 1124352K
  class space    used 10929K, capacity 11713K, committed 11852K, reserved 1048576K
}
Event: 30.374 GC heap before
{Heap before GC invocations=28 (full 0):
 garbage-first heap   total 131072K, used 110639K [0x0000000080000000, 0x0000000100000000)
  region size 1024K, 34 young (34816K), 4 survivors (4096K)
 Metaspace       used 85242K, capacity 87345K, committed 87664K, reserved 1126400K
  class space    used 10986K, capacity 11757K, committed 11852K, reserved 1048576K
}
Event: 30.380 GC heap after
{Heap after GC invocations=29 (full 0):
 garbage-first heap   total 131072K, used 82999K [0x0000000080000000, 0x0000000100000000)
  region size 1024K, 5 young (5120K), 5 survivors (5120K)
 Metaspace       used 85242K, capacity 87345K, committed 87664K, reserved 1126400K
  class space    used 10986K, capacity 11757K, committed 11852K, reserved 1048576K
}
Event: 30.956 GC heap before
{Heap before GC invocations=30 (full 0):
 garbage-first heap   total 131072K, used 111671K [0x0000000080000000, 0x0000000100000000)
  region size 1024K, 33 young (33792K), 5 survivors (5120K)
 Metaspace       used 85363K, capacity 87528K, committed 87664K, reserved 1126400K
  class space    used 11000K, capacity 11797K, committed 11852K, reserved 1048576K
}
Event: 30.963 GC heap after
{Heap after GC invocations=31 (full 0):
 garbage-first heap   total 131072K, used 83970K [0x0000000080000000, 0x0000000100000000)
  region size 1024K, 4 young (4096K), 4 survivors (4096K)
 Metaspace       used 85363K, capacity 87528K, committed 87664K, reserved 1126400K
  class space    used 11000K, capacity 11797K, committed 11852K, reserved 1048576K
}

Deoptimization events (20 events):
Event: 34.701 Thread 0x000001e326593000 Uncommon trap: trap_request=0xffffffd6 fr.pc=0x000001e3104f7da4 relative=0x0000000000000344
Event: 34.701 Thread 0x000001e326593000 Uncommon trap: reason=array_check action=maybe_recompile pc=0x000001e3104f7da4 method=java.util.AbstractCollection.toArray([Ljava/lang/Object;)[Ljava/lang/Object; @ 116 c2
Event: 34.701 Thread 0x000001e326593000 DEOPT PACKING pc=0x000001e3104f7da4 sp=0x00000019a7afd9f0
Event: 34.701 Thread 0x000001e326593000 DEOPT UNPACKING pc=0x000001e3082d78af sp=0x00000019a7afd990 mode 2
Event: 34.701 Thread 0x000001e326593000 Uncommon trap: trap_request=0xffffffd6 fr.pc=0x000001e3104f7da4 relative=0x0000000000000344
Event: 34.701 Thread 0x000001e326593000 Uncommon trap: reason=array_check action=maybe_recompile pc=0x000001e3104f7da4 method=java.util.AbstractCollection.toArray([Ljava/lang/Object;)[Ljava/lang/Object; @ 116 c2
Event: 34.701 Thread 0x000001e326593000 DEOPT PACKING pc=0x000001e3104f7da4 sp=0x00000019a7afd9f0
Event: 34.701 Thread 0x000001e326593000 DEOPT UNPACKING pc=0x000001e3082d78af sp=0x00000019a7afd990 mode 2
Event: 34.851 Thread 0x000001e326593000 Uncommon trap: trap_request=0xffffff4d fr.pc=0x000001e310501798 relative=0x0000000000001898
Event: 34.851 Thread 0x000001e326593000 Uncommon trap: reason=unstable_if action=reinterpret pc=0x000001e310501798 method=com.google.common.collect.MapMakerInternalMap$Segment.getEntry(Ljava/lang/Object;I)Lcom/google/common/collect/MapMakerInternalMap$InternalEntry; @ 24 c2
Event: 34.851 Thread 0x000001e326593000 DEOPT PACKING pc=0x000001e310501798 sp=0x00000019a7afd740
Event: 34.851 Thread 0x000001e326593000 DEOPT UNPACKING pc=0x000001e3082d78af sp=0x00000019a7afd5d8 mode 2
Event: 34.851 Thread 0x000001e326593000 Uncommon trap: trap_request=0xffffff4d fr.pc=0x000001e3104fda54 relative=0x0000000000001294
Event: 34.851 Thread 0x000001e326593000 Uncommon trap: reason=unstable_if action=reinterpret pc=0x000001e3104fda54 method=com.google.common.collect.MapMakerInternalMap$Segment.getEntry(Ljava/lang/Object;I)Lcom/google/common/collect/MapMakerInternalMap$InternalEntry; @ 24 c2
Event: 34.851 Thread 0x000001e326593000 DEOPT PACKING pc=0x000001e3104fda54 sp=0x00000019a7afd6b0
Event: 34.851 Thread 0x000001e326593000 DEOPT UNPACKING pc=0x000001e3082d78af sp=0x00000019a7afd5d8 mode 2
Event: 34.851 Thread 0x000001e326593000 Uncommon trap: trap_request=0xffffff4d fr.pc=0x000001e3104ff95c relative=0x000000000000011c
Event: 34.851 Thread 0x000001e326593000 Uncommon trap: reason=unstable_if action=reinterpret pc=0x000001e3104ff95c method=com.google.common.collect.MapMakerInternalMap$Segment.getEntry(Ljava/lang/Object;I)Lcom/google/common/collect/MapMakerInternalMap$InternalEntry; @ 24 c2
Event: 34.851 Thread 0x000001e326593000 DEOPT PACKING pc=0x000001e3104ff95c sp=0x00000019a7afd630
Event: 34.851 Thread 0x000001e326593000 DEOPT UNPACKING pc=0x000001e3082d78af sp=0x00000019a7afd5b0 mode 2

Classes redefined (0 events):
No events

Internal exceptions (20 events):
Event: 25.000 Thread 0x000001e3233b5800 Exception <a 'java/lang/NoSuchMethodError'{0x00000000868ea2f0}: 'java.lang.Object java.lang.invoke.DirectMethodHandle$Holder.invokeSpecialIFC(java.lang.Object, java.lang.Object, java.lang.Object)'> (0x00000000868ea2f0) thrown at [./src/hotspot/share/interpreter/linkResolver.cpp, line 773]
Event: 25.353 Thread 0x000001e3233b5800 Exception <a 'java/lang/NoSuchMethodError'{0x0000000085a1e3c8}: 'void java.lang.invoke.DirectMethodHandle$Holder.invokeVirtual(java.lang.Object, java.lang.Object)'> (0x0000000085a1e3c8) thrown at [./src/hotspot/share/interpreter/linkResolver.cpp, line 773]
Event: 27.684 Thread 0x000001e3233bd800 Implicit null exception at 0x000001e31035f2be to 0x000001e31035fb84
Event: 27.717 Thread 0x000001e3233b6000 Implicit null exception at 0x000001e3103635d2 to 0x000001e3103639d8
Event: 28.411 Thread 0x000001e32658f800 Exception <a 'java/lang/NoSuchMethodError'{0x0000000087e7a8e0}: <clinit>> (0x0000000087e7a8e0) thrown at [./src/hotspot/share/prims/jni.cpp, line 1362]
Event: 28.411 Thread 0x000001e32658f800 Exception <a 'java/lang/NoSuchMethodError'{0x0000000087e7bc18}: <clinit>> (0x0000000087e7bc18) thrown at [./src/hotspot/share/prims/jni.cpp, line 1362]
Event: 28.413 Thread 0x000001e32658f800 Exception <a 'java/lang/NoSuchMethodError'{0x0000000087e7e368}: <clinit>> (0x0000000087e7e368) thrown at [./src/hotspot/share/prims/jni.cpp, line 1362]
Event: 28.414 Thread 0x000001e32658f800 Exception <a 'java/lang/NoSuchMethodError'{0x0000000087e97a40}: <clinit>> (0x0000000087e97a40) thrown at [./src/hotspot/share/prims/jni.cpp, line 1362]
Event: 28.414 Thread 0x000001e32658f800 Exception <a 'java/lang/NoSuchMethodError'{0x0000000087e98f20}: <clinit>> (0x0000000087e98f20) thrown at [./src/hotspot/share/prims/jni.cpp, line 1362]
Event: 28.642 Thread 0x000001e32658f800 Exception <a 'java/lang/NoSuchMethodError'{0x00000000879d3dc0}: <clinit>> (0x00000000879d3dc0) thrown at [./src/hotspot/share/prims/jni.cpp, line 1362]
Event: 28.643 Thread 0x000001e32658f800 Exception <a 'java/lang/NoSuchMethodError'{0x000000008780aac0}: <clinit>> (0x000000008780aac0) thrown at [./src/hotspot/share/prims/jni.cpp, line 1362]
Event: 28.658 Thread 0x000001e32658f800 Exception <a 'java/lang/NoSuchMethodError'{0x00000000878422b0}: <clinit>> (0x00000000878422b0) thrown at [./src/hotspot/share/prims/jni.cpp, line 1362]
Event: 28.660 Thread 0x000001e32658f800 Exception <a 'java/lang/NoSuchMethodError'{0x0000000087855058}: <clinit>> (0x0000000087855058) thrown at [./src/hotspot/share/prims/jni.cpp, line 1362]
Event: 29.456 Thread 0x000001e31f151000 Exception <a 'java/lang/NoSuchMethodError'{0x00000000878fd6d0}: 'int java.lang.invoke.DirectMethodHandle$Holder.invokeSpecial(java.lang.Object, java.lang.Object, java.lang.Object, java.lang.Object, java.lang.Object)'> (0x00000000878fd6d0) thrown at [./src/hotspot/share/interpreter/linkResolver.cpp, line 773]
Event: 29.893 Thread 0x000001e326593000 Exception <a 'java/lang/NoSuchMethodError'{0x0000000087870330}: 'void java.lang.invoke.DirectMethodHandle$Holder.invokeStatic(java.lang.Object, long)'> (0x0000000087870330) thrown at [./src/hotspot/share/interpreter/linkResolver.cpp, line 773]
Event: 29.894 Thread 0x000001e326593000 Exception <a 'java/lang/NoSuchMethodError'{0x0000000087875548}: 'java.lang.Object java.lang.invoke.DirectMethodHandle$Holder.invokeStatic(java.lang.Object, long)'> (0x0000000087875548) thrown at [./src/hotspot/share/interpreter/linkResolver.cpp, line 773]
Event: 29.895 Thread 0x000001e326593000 Exception <a 'java/lang/NoSuchMethodError'{0x00000000878ba608}: 'java.lang.Object java.lang.invoke.DirectMethodHandle$Holder.invokeStaticInit(java.lang.Object, java.lang.Object, long, java.lang.Object)'> (0x00000000878ba608) thrown at [./src/hotspot/share/interpreter/linkResolver.cpp, line 773]
Event: 29.896 Thread 0x000001e326593000 Exception <a 'java/lang/NoSuchMethodError'{0x00000000878c07a0}: 'java.lang.Object java.lang.invoke.DirectMethodHandle$Holder.invokeStatic(java.lang.Object, java.lang.Object, long)'> (0x00000000878c07a0) thrown at [./src/hotspot/share/interpreter/linkResolver.cpp, line 773]
Event: 29.896 Thread 0x000001e326593000 Exception <a 'java/lang/NoSuchMethodError'{0x00000000878c6d18}: 'java.lang.Object java.lang.invoke.Invokers$Holder.linkToTargetMethod(java.lang.Object, long, java.lang.Object)'> (0x00000000878c6d18) thrown at [./src/hotspot/share/interpreter/linkResolver.cpp, line 773]
Event: 30.768 Thread 0x000001e326593000 Exception <a 'java/lang/NoSuchMethodError'{0x00000000871f1870}: 'int java.lang.invoke.DirectMethodHandle$Holder.invokeSpecialIFC(java.lang.Object, java.lang.Object, java.lang.Object)'> (0x00000000871f1870) thrown at [./src/hotspot/share/interpreter/linkResolver.cpp, line 773]

Events (20 events):
Event: 34.677 loading class com/google/common/collect/RegularImmutableTable$CellSet
Event: 34.677 loading class com/google/common/collect/RegularImmutableTable$CellSet done
Event: 34.706 loading class com/android/build/gradle/internal/services/SymbolTableBuildService$FileCacheKey
Event: 34.706 loading class com/android/build/gradle/internal/services/SymbolTableBuildService$FileCacheKey done
Event: 34.707 loading class com/google/common/cache/LocalCache$Values
Event: 34.707 loading class com/google/common/cache/LocalCache$Values done
Event: 34.708 loading class com/google/common/cache/LocalCache$ValueIterator
Event: 34.708 loading class com/google/common/cache/LocalCache$ValueIterator done
Event: 34.708 loading class com/google/common/cache/LocalCache$HashIterator
Event: 34.708 loading class com/google/common/cache/LocalCache$HashIterator done
Event: 34.710 loading class com/android/ide/common/symbols/Symbol$BasicNormalSymbol
Event: 34.710 loading class com/android/ide/common/symbols/Symbol$BasicNormalSymbol done
Event: 34.710 loading class com/google/common/cache/LocalCache$SoftValueReference
Event: 34.710 loading class com/google/common/cache/LocalCache$SoftValueReference done
Event: 34.714 loading class com/android/ide/common/symbols/Symbol$BasicAttributeSymbol
Event: 34.714 loading class com/android/ide/common/symbols/Symbol$BasicAttributeSymbol done
Event: 34.883 loading class com/google/common/base/Objects
Event: 34.883 loading class com/google/common/base/Objects done
Event: 34.888 loading class com/google/common/base/ExtraObjectsMethodsForWeb
Event: 34.888 loading class com/google/common/base/ExtraObjectsMethodsForWeb done


Dynamic libraries:
0x00007ff6267d0000 - 0x00007ff6267da000 	C:\Program Files\Android\Android Studio3\jre\bin\java.exe
0x00007ff9c5020000 - 0x00007ff9c5229000 	C:\WINDOWS\SYSTEM32\ntdll.dll
0x00007ff9c2ec0000 - 0x00007ff9c2f7d000 	C:\WINDOWS\System32\KERNEL32.DLL
0x00007ff9c25c0000 - 0x00007ff9c2939000 	C:\WINDOWS\System32\KERNELBASE.dll
0x00007ff9c2a00000 - 0x00007ff9c2b11000 	C:\WINDOWS\System32\ucrtbase.dll
0x00007ff9ad390000 - 0x00007ff9ad3a7000 	C:\Program Files\Android\Android Studio3\jre\bin\VCRUNTIME140.dll
0x00007ff99cdb0000 - 0x00007ff99cdc9000 	C:\Program Files\Android\Android Studio3\jre\bin\jli.dll
0x00007ff9c4890000 - 0x00007ff9c4a3c000 	C:\WINDOWS\System32\USER32.dll
0x00007ff9c1760000 - 0x00007ff9c1a05000 	C:\WINDOWS\WinSxS\amd64_microsoft.windows.common-controls_6595b64144ccf1df_6.0.22000.120_none_9d947278b86cc467\COMCTL32.dll
0x00007ff9c2590000 - 0x00007ff9c25b6000 	C:\WINDOWS\System32\win32u.dll
0x00007ff9c4da0000 - 0x00007ff9c4e43000 	C:\WINDOWS\System32\msvcrt.dll
0x00007ff9c39f0000 - 0x00007ff9c3a19000 	C:\WINDOWS\System32\GDI32.dll
0x00007ff9c2b20000 - 0x00007ff9c2c32000 	C:\WINDOWS\System32\gdi32full.dll
0x00007ff9c2db0000 - 0x00007ff9c2e4d000 	C:\WINDOWS\System32\msvcp_win.dll
0x00007ff9c4aa0000 - 0x00007ff9c4ad1000 	C:\WINDOWS\System32\IMM32.DLL
0x00007ff9670c0000 - 0x00007ff96715d000 	C:\Program Files\Android\Android Studio3\jre\bin\msvcp140.dll
0x00007ff9678b0000 - 0x00007ff96837f000 	C:\Program Files\Android\Android Studio3\jre\bin\server\jvm.dll
0x00007ff9c47e0000 - 0x00007ff9c488e000 	C:\WINDOWS\System32\ADVAPI32.dll
0x00007ff9c3a20000 - 0x00007ff9c3abe000 	C:\WINDOWS\System32\sechost.dll
0x00007ff9c4ec0000 - 0x00007ff9c4fe0000 	C:\WINDOWS\System32\RPCRT4.dll
0x00007ff9c4c80000 - 0x00007ff9c4c88000 	C:\WINDOWS\System32\PSAPI.DLL
0x00007ff9b3010000 - 0x00007ff9b3043000 	C:\WINDOWS\SYSTEM32\WINMM.dll
0x00007ff9c0f30000 - 0x00007ff9c0f39000 	C:\WINDOWS\SYSTEM32\WSOCK32.dll
0x00007ff9c4e50000 - 0x00007ff9c4ebf000 	C:\WINDOWS\System32\WS2_32.dll
0x00007ff9bc500000 - 0x00007ff9bc50a000 	C:\WINDOWS\SYSTEM32\VERSION.dll
0x00007ff9c0830000 - 0x00007ff9c0848000 	C:\WINDOWS\SYSTEM32\kernel.appcore.dll
0x00007ff9c0eb0000 - 0x00007ff9c0ec1000 	C:\Program Files\Android\Android Studio3\jre\bin\verify.dll
0x00007ff9c1e60000 - 0x00007ff9c2081000 	C:\WINDOWS\SYSTEM32\DBGHELP.DLL
0x00007ff9c1b60000 - 0x00007ff9c1b91000 	C:\WINDOWS\SYSTEM32\dbgcore.DLL
0x00007ff9c2510000 - 0x00007ff9c258f000 	C:\WINDOWS\System32\bcryptPrimitives.dll
0x00007ff9bedc0000 - 0x00007ff9bede9000 	C:\Program Files\Android\Android Studio3\jre\bin\java.dll
0x00007ff9c0e80000 - 0x00007ff9c0e8b000 	C:\Program Files\Android\Android Studio3\jre\bin\jimage.dll
0x00007ff9beda0000 - 0x00007ff9bedb8000 	C:\Program Files\Android\Android Studio3\jre\bin\zip.dll
0x00007ff9c3130000 - 0x00007ff9c38df000 	C:\WINDOWS\System32\SHELL32.dll
0x00007ff9bf8a0000 - 0x00007ff9c0108000 	C:\WINDOWS\SYSTEM32\windows.storage.dll
0x00007ff9c3ff0000 - 0x00007ff9c4368000 	C:\WINDOWS\System32\combase.dll
0x00007ff9bf730000 - 0x00007ff9bf896000 	C:\WINDOWS\SYSTEM32\wintypes.dll
0x00007ff9c3900000 - 0x00007ff9c39ea000 	C:\WINDOWS\System32\SHCORE.dll
0x00007ff9c2f80000 - 0x00007ff9c2fdd000 	C:\WINDOWS\System32\shlwapi.dll
0x00007ff9c2440000 - 0x00007ff9c2461000 	C:\WINDOWS\SYSTEM32\profapi.dll
0x00007ff9bdf40000 - 0x00007ff9bdf5a000 	C:\Program Files\Android\Android Studio3\jre\bin\net.dll
0x00007ff9bc5b0000 - 0x00007ff9bc6bc000 	C:\WINDOWS\SYSTEM32\WINHTTP.dll
0x00007ff9c14f0000 - 0x00007ff9c1557000 	C:\WINDOWS\system32\mswsock.dll
0x00007ff9bdf20000 - 0x00007ff9bdf34000 	C:\Program Files\Android\Android Studio3\jre\bin\nio.dll
0x00007ff99d030000 - 0x00007ff99d057000 	C:\Users\Khang\.gradle\native\8bec1ad78214c89d9ad589b4d07fe93259594b29d510b10fafb7a158f7737e5d\windows-amd64\native-platform.dll
0x00007ff9698d0000 - 0x00007ff969a0d000 	C:\Users\Khang\.gradle\native\53dbd7edfb1c66fb8903c78663c9afc45aea4f116125fa6feffd364cf09443e8\windows-amd64\native-platform-file-events.dll
0x00007ff9c0e70000 - 0x00007ff9c0e7a000 	C:\Program Files\Android\Android Studio3\jre\bin\management.dll
0x00007ff9c0d90000 - 0x00007ff9c0d9c000 	C:\Program Files\Android\Android Studio3\jre\bin\management_ext.dll
0x00007ff9c21c0000 - 0x00007ff9c21d8000 	C:\WINDOWS\SYSTEM32\CRYPTSP.dll
0x00007ff9c0790000 - 0x00007ff9c07c5000 	C:\WINDOWS\system32\rsaenh.dll
0x00007ff9c1630000 - 0x00007ff9c1659000 	C:\WINDOWS\SYSTEM32\USERENV.dll
0x00007ff9c1c60000 - 0x00007ff9c1c87000 	C:\WINDOWS\SYSTEM32\bcrypt.dll
0x00007ff9c1660000 - 0x00007ff9c166c000 	C:\WINDOWS\SYSTEM32\CRYPTBASE.dll
0x00007ff9c0360000 - 0x00007ff9c038d000 	C:\WINDOWS\SYSTEM32\IPHLPAPI.DLL
0x00007ff9c3f70000 - 0x00007ff9c3f79000 	C:\WINDOWS\System32\NSI.dll
0x00007ff9bc570000 - 0x00007ff9bc589000 	C:\WINDOWS\SYSTEM32\dhcpcsvc6.DLL
0x00007ff9bcdc0000 - 0x00007ff9bcdde000 	C:\WINDOWS\SYSTEM32\dhcpcsvc.DLL
0x00007ff9c0390000 - 0x00007ff9c0478000 	C:\WINDOWS\SYSTEM32\DNSAPI.dll

dbghelp: loaded successfully - version: 4.0.5 - missing functions: none
symbol engine: initialized successfully - sym options: 0x614 - pdb path: .;C:\Program Files\Android\Android Studio3\jre\bin;C:\WINDOWS\SYSTEM32;C:\WINDOWS\WinSxS\amd64_microsoft.windows.common-controls_6595b64144ccf1df_6.0.22000.120_none_9d947278b86cc467;C:\Program Files\Android\Android Studio3\jre\bin\server;C:\Users\Khang\.gradle\native\8bec1ad78214c89d9ad589b4d07fe93259594b29d510b10fafb7a158f7737e5d\windows-amd64;C:\Users\Khang\.gradle\native\53dbd7edfb1c66fb8903c78663c9afc45aea4f116125fa6feffd364cf09443e8\windows-amd64

VM Arguments:
jvm_args: --add-opens=java.base/java.util=ALL-UNNAMED --add-opens=java.base/java.lang=ALL-UNNAMED --add-opens=java.base/java.lang.invoke=ALL-UNNAMED --add-opens=java.base/java.util=ALL-UNNAMED --add-opens=java.prefs/java.util.prefs=ALL-UNNAMED --add-opens=java.prefs/java.util.prefs=ALL-UNNAMED --add-opens=java.base/java.nio.charset=ALL-UNNAMED --add-opens=java.base/java.net=ALL-UNNAMED --add-opens=java.base/java.util.concurrent.atomic=ALL-UNNAMED -Xmx2048m -Dfile.encoding=UTF-8 -Duser.country=US -Duser.language=en -Duser.variant 
java_command: org.gradle.launcher.daemon.bootstrap.GradleDaemon 7.0.2
java_class_path (initial): C:\Users\Khang\.gradle\wrapper\dists\gradle-7.0.2-bin\857tjihv64xamwrf0h14cai3r\gradle-7.0.2\lib\gradle-launcher-7.0.2.jar
Launcher Type: SUN_STANDARD

[Global flags]
     intx CICompilerCount                          = 3                                         {product} {ergonomic}
     uint ConcGCThreads                            = 1                                         {product} {ergonomic}
     uint G1ConcRefinementThreads                  = 4                                         {product} {ergonomic}
   size_t G1HeapRegionSize                         = 1048576                                   {product} {ergonomic}
    uintx GCDrainStackTargetSize                   = 64                                        {product} {ergonomic}
   size_t InitialHeapSize                          = 134217728                                 {product} {ergonomic}
   size_t MarkStackSize                            = 4194304                                   {product} {ergonomic}
   size_t MaxHeapSize                              = 2147483648                                {product} {command line}
   size_t MaxNewSize                               = 1287651328                                {product} {ergonomic}
   size_t MinHeapDeltaBytes                        = 1048576                                   {product} {ergonomic}
    uintx NonNMethodCodeHeapSize                   = 5830732                                {pd product} {ergonomic}
    uintx NonProfiledCodeHeapSize                  = 122913754                              {pd product} {ergonomic}
    uintx ProfiledCodeHeapSize                     = 122913754                              {pd product} {ergonomic}
    uintx ReservedCodeCacheSize                    = 251658240                              {pd product} {ergonomic}
     bool SegmentedCodeCache                       = true                                      {product} {ergonomic}
     bool UseCompressedClassPointers               = true                                 {lp64_product} {ergonomic}
     bool UseCompressedOops                        = true                                 {lp64_product} {ergonomic}
     bool UseG1GC                                  = true                                      {product} {ergonomic}
     bool UseLargePagesIndividualAllocation        = false                                  {pd product} {ergonomic}

Logging:
Log output configuration:
 #0: stdout all=warning uptime,level,tags
 #1: stderr all=off uptime,level,tags

Environment Variables:
PATH=C:\WINDOWS\system32;C:\WINDOWS;C:\WINDOWS\System32\Wbem;C:\WINDOWS\System32\WindowsPowerShell\v1.0\;C:\WINDOWS\System32\OpenSSH\;C:\Program Files\Microsoft SQL Server\Client SDK\ODBC\170\Tools\Binn\;C:\Program Files (x86)\Microsoft SQL Server\150\Tools\Binn\;C:\Program Files\Microsoft SQL Server\150\Tools\Binn\;C:\Program Files\Microsoft SQL Server\150\DTS\Binn\;C:\Program Files (x86)\Microsoft SQL Server\150\DTS\Binn\;C:\Program Files\Azure Data Studio\bin;C:\Program Files\dotnet\;C:\Program Files\Microsoft SQL Server\130\Tools\Binn\;C:\Program Files\Git\cmd;C:\Users\Khang\AppData\Local\Microsoft\WindowsApps;C:\Program Files\Azure Data Studio\bin;C:\Users\Khang\AppData\Local\Programs\Microsoft VS Code\bin;C:\Users\Khang\.dotnet\tools;C:\Users\Khang\AppData\Local\GitHubDesktop\bin
USERNAME=Khang
OS=Windows_NT
PROCESSOR_IDENTIFIER=Intel64 Family 6 Model 158 Stepping 10, GenuineIntel



---------------  S Y S T E M  ---------------

OS: Windows 10 , 64 bit Build 22000 (10.0.22000.675)
OS uptime: 0 days 11:40 hours

CPU:total 4 (initial active 4) (4 cores per cpu, 1 threads per core) family 6 model 158 stepping 10 microcode 0xde, cmov, cx8, fxsr, mmx, sse, sse2, sse3, ssse3, sse4.1, sse4.2, popcnt, avx, avx2, aes, clmul, erms, 3dnowpref, lzcnt, tsc, tscinvbit, bmi1, bmi2, adx, fma

Memory: 4k page, system-wide physical 8134M (622M free)
TotalPageFile size 15814M (AvailPageFile size 3245M)
current process WorkingSet (physical memory assigned to process): 687M, peak: 687M
current process commit charge ("private bytes"): 718M, peak: 718M

vm_info: OpenJDK 64-Bit Server VM (11.0.10+0-b96-7249189) for windows-amd64 JRE (11.0.10+0-b96-7249189), built on Mar 31 2021 21:44:00 by "builder" with MS VC++ 14.0 (VS2015)

END.
