#
# A fatal error has been detected by the Java Runtime Environment:
#
#  EXCEPTION_ACCESS_VIOLATION (0xc0000005) at pc=0x000001c1085577dc, pid=12248, tid=9876
#
# JRE version: OpenJDK Runtime Environment (11.0.10) (build 11.0.10+0-b96-7249189)
# Java VM: OpenJDK 64-Bit Server VM (11.0.10+0-b96-7249189, mixed mode, tiered, compressed oops, g1 gc, windows-amd64)
# Problematic frame:
# J 15979 c2 org.apache.xerces.dom.ParentNode.getLength()I (5 bytes) @ 0x000001c1085577dc [0x000001c108557540+0x000000000000029c]
#
# No core dump will be written. Minidumps are not enabled by default on client versions of Windows
#
# If you would like to submit a bug report, please visit:
#   https://bugreport.java.com/bugreport/crash.jsp
#

---------------  S U M M A R Y ------------

Command Line: --add-opens=java.base/java.util=ALL-UNNAMED --add-opens=java.base/java.lang=ALL-UNNAMED --add-opens=java.base/java.lang.invoke=ALL-UNNAMED --add-opens=java.base/java.util=ALL-UNNAMED --add-opens=java.prefs/java.util.prefs=ALL-UNNAMED --add-opens=java.prefs/java.util.prefs=ALL-UNNAMED --add-opens=java.base/java.nio.charset=ALL-UNNAMED --add-opens=java.base/java.net=ALL-UNNAMED --add-opens=java.base/java.util.concurrent.atomic=ALL-UNNAMED -Xmx2048m -Dfile.encoding=UTF-8 -Duser.country=US -Duser.language=en -Duser.variant org.gradle.launcher.daemon.bootstrap.GradleDaemon 7.0.2

Host: Intel(R) Core(TM) i3-9100F CPU @ 3.60GHz, 4 cores, 7G,  Windows 10 , 64 bit Build 22000 (10.0.22000.434)
Time: Sat Apr  2 18:07:03 2022 SE Asia Standard Time elapsed time: 698.041827 seconds (0d 0h 11m 38s)

---------------  T H R E A D  ---------------

Current thread (0x000001c1167e1000):  JavaThread "Execution worker for ':'" [_thread_in_Java, id=9876, stack(0x0000000c34900000,0x0000000c34a00000)]

Stack: [0x0000000c34900000,0x0000000c34a00000],  sp=0x0000000c349fa1f0,  free space=1000k
Native frames: (J=compiled Java code, j=interpreted, Vv=VM code, C=native code)
C  0x000001c1085577dc


siginfo: EXCEPTION_ACCESS_VIOLATION (0xc0000005), reading address 0x000000000000002d


Register to memory mapping:

RIP=0x000001c1085577dc is at entry_point+668 in (nmethod*)0x000001c108557390
RAX=0x000000000000000a is an unknown value
RBX=0x0000000086d8ac30 is an oop: org.apache.xerces.dom.NodeListCache 
{0x0000000086d8ac30} - klass: 'org/apache/xerces/dom/NodeListCache'
RCX=0x000001c17cb36c56 points into unknown readable memory: 00 ff
RDX=0x00000000835abfc8 is an oop: org.apache.xerces.dom.ElementImpl 
{0x00000000835abfc8} - klass: 'org/apache/xerces/dom/ElementImpl'
RSP=0x0000000c349fa1f0 is pointing into the stack for thread: 0x000001c1167e1000
RBP=
[error occurred during error reporting (printing register info), id 0xc0000005, EXCEPTION_ACCESS_VIOLATION (0xc0000005) at pc=0x00007ff95d769dc7]

Registers:
RAX=0x000000000000000a, RBX=0x0000000086d8ac30, RCX=0x000001c17cb36c56, RDX=0x00000000835abfc8
RSP=0x0000000c349fa1f0, RBP=0x00000000ffffffff, RSI=0x000001c120ee8868, RDI=0x00000000ffffffff
R8 =0x0000000000000015, R9 =0x0000000086d8ac30, R10=0x000001c1783f1000, R11=0x0000000000000015
R12=0x0000000000000000, R13=0x0000000086d8ac30, R14=0x00000000835abfc8, R15=0x000001c1167e1000
RIP=0x000001c1085577dc, EFLAGS=0x0000000000010206

Top of Stack: (sp=0x0000000c349fa1f0)
0x0000000c349fa1f0:   0000000c349fa1f0 000001c11d388ec1
0x0000000c349fa200:   0000000c349fa248 000001c11d3bda08
0x0000000c349fa210:   000001c1835abfc8 0000000084b06e48
0x0000000c349fa220:   000001c11d388ee8 0000000000000000
0x0000000c349fa230:   0000000c349fa250 0000000c349fa620
0x0000000c349fa240:   0000000c349fa620 000001c102933224
0x0000000c349fa250:   00000000000001ff 000001c11d28bb60
0x0000000c349fa260:   0000000000000003 00007ff95db8316c
0x0000000c349fa270:   000000000000893e 000001c11d28bb60
0x0000000c349fa280:   000001c178c19420 000000000001ace0
0x0000000c349fa290:   000001c11d28bb60 00007ff95da4f601
0x0000000c349fa2a0:   000000000001197e 000001c1167e1000
0x0000000c349fa2b0:   00007ff95db83d00 0000000c349fa6a0
0x0000000c349fa2c0:   000001c1167e1000 000001c11c77de70
0x0000000c349fa2d0:   00000000835abcd0 00000000808e0578
0x0000000c349fa2e0:   0000000000000000 00007ff95d5900d1 

Instructions: (pc=0x000001c1085577dc)
0x000001c1085576dc:   21 4d 85 d2 75 12 49 8b d7 49 ba d0 f7 75 5d f9
0x000001c1085576ec:   7f 00 00 41 ff d2 eb 0d 4b 89 4c 13 f8 49 83 c2
0x000001c1085576fc:   f8 4d 89 57 70 41 80 7f 30 00 0f 85 d2 01 00 00
0x000001c10855770c:   4d 8b d6 4c 8b cb 45 89 4e 24 4c 8b db 4d 33 da
0x000001c10855771c:   49 c1 eb 14 4d 85 db 74 6b 49 c1 ea 09 49 b8 00
0x000001c10855772c:   00 70 7c c1 01 00 00 4d 03 c2 41 80 38 20 74 54
0x000001c10855773c:   4d 8b 57 70 4d 8b 9f 80 00 00 00 f0 83 44 24 c0
0x000001c10855774c:   00 41 80 38 00 74 2a 45 88 20 4d 85 d2 74 0f 4f
0x000001c10855775c:   89 44 13 f8 49 83 c2 f8 4d 89 57 70 eb 13 49 8b
0x000001c10855776c:   c8 49 8b d7 49 ba d0 f7 75 5d f9 7f 00 00 41 ff
0x000001c10855777c:   d2 45 8b 4e 24 45 85 c9 75 0a ba f6 ff ff ff e8
0x000001c10855778c:   70 00 ad f7 41 8b 41 0c 83 f8 ff 0f 85 09 fe ff
0x000001c10855779c:   ff 41 8b 69 10 83 fd ff 0f 85 83 02 00 00 45 8b
0x000001c1085577ac:   56 20 45 85 d2 0f 84 20 01 00 00 4d 8b da b8 01
0x000001c1085577bc:   00 00 00 eb 14 66 66 66 0f 1f 84 00 00 00 00 00
0x000001c1085577cc:   66 66 66 90 4d 8b d8 ff c0 4d 8b 97 08 01 00 00
0x000001c1085577dc:   45 8b 43 18 41 85 02 45 85 c0 75 e8 41 89 41 0c
0x000001c1085577ec:   e9 b5 fd ff ff 49 8b 9f 18 01 00 00 4c 8b d3 49
0x000001c1085577fc:   83 c2 20 4d 3b 97 28 01 00 00 0f 83 d1 01 00 00
0x000001c10855780c:   4d 89 97 18 01 00 00 41 0f 0d 8a 00 01 00 00 41
0x000001c10855781c:   bb be 01 1d 20 49 ba 00 00 00 00 00 00 00 00 4f
0x000001c10855782c:   8d 14 da 4d 8b 92 b8 00 00 00 4c 89 13 c7 43 08
0x000001c10855783c:   be 01 1d 20 44 89 63 1c c7 43 0c ff ff ff ff 41
0x000001c10855784c:   ba ff ff ff ff 4c 89 53 10 44 8b 54 24 20 44 89
0x000001c10855785c:   53 18 4d 8b d6 4c 8b db 4d 33 d3 49 c1 ea 14 4d
0x000001c10855786c:   85 d2 0f 84 8d fe ff ff 49 c1 eb 09 48 b9 00 00
0x000001c10855787c:   70 7c c1 01 00 00 49 03 cb 80 39 20 0f 84 73 fe
0x000001c10855788c:   ff ff 4d 8b 57 70 4d 8b 9f 80 00 00 00 f0 83 44
0x000001c10855789c:   24 c0 00 80 39 00 0f 84 59 fe ff ff 44 88 21 4d
0x000001c1085578ac:   85 d2 75 15 49 8b d7 49 ba d0 f7 75 5d f9 7f 00
0x000001c1085578bc:   00 41 ff d2 e9 3c fe ff ff 4b 89 4c 13 f8 49 83
0x000001c1085578cc:   c2 f8 4d 89 57 70 e9 2a fe ff ff 33 c0 e9 0a ff 


Stack slot to memory mapping:
stack at sp + 0 slots: 0x0000000c349fa1f0 is pointing into the stack for thread: 0x000001c1167e1000
stack at sp + 1 slots: 0x000001c11d388ec1 is pointing into metadata
stack at sp + 2 slots: 0x0000000c349fa248 is pointing into the stack for thread: 0x000001c1167e1000
stack at sp + 3 slots: 0x000001c11d3bda08 is pointing into metadata
stack at sp + 4 slots: 0x000001c1835abfc8 is an unknown value
stack at sp + 5 slots: 0x0000000084b06e48 is an oop: java.lang.Class 
{0x0000000084b06e48} - klass: 'java/lang/Class'
stack at sp + 6 slots: {method} {0x000001c11d388ef0} 'getAttributes' '()Lorg/w3c/dom/NamedNodeMap;' in 'org/apache/xerces/dom/ElementImpl'
stack at sp + 7 slots: 0x0 is NULL



---------------  P R O C E S S  ---------------

Threads class SMR info:
_java_thread_list=0x000001c11a4d6ea0, length=51, elements={
0x000001c178c0e000, 0x000001c17f831800, 0x000001c17f83c000, 0x000001c17f843000,
0x000001c17f844800, 0x000001c17f847800, 0x000001c17f84e000, 0x000001c17f816800,
0x000001c17f817800, 0x000001c17f9dd000, 0x000001c115e48000, 0x000001c115e4b800,
0x000001c115e47000, 0x000001c115e55800, 0x000001c115e52000, 0x000001c115e4f800,
0x000001c115e56000, 0x000001c115e54800, 0x000001c115e50800, 0x000001c115e58000,
0x000001c115e58800, 0x000001c115e5b000, 0x000001c115e5a000, 0x000001c115e5c800,
0x000001c1167d9000, 0x000001c115e46800, 0x000001c115e49000, 0x000001c115e45800,
0x000001c115e4c000, 0x000001c115e49800, 0x000001c115e4a800, 0x000001c1167d6800,
0x000001c1167d4000, 0x000001c1167d8000, 0x000001c1167d7800, 0x000001c1167d5000,
0x000001c1167d2800, 0x000001c1167d3800, 0x000001c1167df800, 0x000001c1167de800,
0x000001c1167e0800, 0x000001c1167de000, 0x000001c1167dd000, 0x000001c1167e1000,
0x000001c1167db800, 0x000001c1167dc000, 0x000001c115e57000, 0x000001c115e51000,
0x000001c115e53000, 0x000001c115e59800, 0x000001c115e53800
}

Java Threads: ( => current thread )
  0x000001c178c0e000 JavaThread "main" [_thread_blocked, id=13684, stack(0x0000000c31700000,0x0000000c31800000)]
  0x000001c17f831800 JavaThread "Reference Handler" daemon [_thread_blocked, id=12524, stack(0x0000000c31e00000,0x0000000c31f00000)]
  0x000001c17f83c000 JavaThread "Finalizer" daemon [_thread_blocked, id=7196, stack(0x0000000c31f00000,0x0000000c32000000)]
  0x000001c17f843000 JavaThread "Signal Dispatcher" daemon [_thread_blocked, id=1988, stack(0x0000000c32000000,0x0000000c32100000)]
  0x000001c17f844800 JavaThread "Attach Listener" daemon [_thread_blocked, id=8392, stack(0x0000000c32100000,0x0000000c32200000)]
  0x000001c17f847800 JavaThread "Service Thread" daemon [_thread_blocked, id=1392, stack(0x0000000c32200000,0x0000000c32300000)]
  0x000001c17f84e000 JavaThread "C2 CompilerThread0" daemon [_thread_in_native, id=8508, stack(0x0000000c32300000,0x0000000c32400000)]
  0x000001c17f816800 JavaThread "C1 CompilerThread0" daemon [_thread_blocked, id=12056, stack(0x0000000c32400000,0x0000000c32500000)]
  0x000001c17f817800 JavaThread "Sweeper thread" daemon [_thread_blocked, id=5212, stack(0x0000000c32500000,0x0000000c32600000)]
  0x000001c17f9dd000 JavaThread "Common-Cleaner" daemon [_thread_blocked, id=9136, stack(0x0000000c32600000,0x0000000c32700000)]
  0x000001c115e48000 JavaThread "Daemon health stats" [_thread_blocked, id=13712, stack(0x0000000c32b00000,0x0000000c32c00000)]
  0x000001c115e4b800 JavaThread "Incoming local TCP Connector on port 53991" [_thread_in_native, id=3336, stack(0x0000000c32800000,0x0000000c32900000)]
  0x000001c115e47000 JavaThread "Daemon periodic checks" [_thread_blocked, id=12204, stack(0x0000000c32c00000,0x0000000c32d00000)]
  0x000001c115e55800 JavaThread "Cache worker for file hash cache (C:\Users\Khang\.gradle\caches\7.0.2\fileHashes)" [_thread_blocked, id=10212, stack(0x0000000c33400000,0x0000000c33500000)]
  0x000001c115e52000 JavaThread "File lock request listener" [_thread_in_native, id=12316, stack(0x0000000c33800000,0x0000000c33900000)]
  0x000001c115e4f800 JavaThread "Cache worker for journal cache (C:\Users\Khang\.gradle\caches\journal-1)" [_thread_blocked, id=12872, stack(0x0000000c33700000,0x0000000c33800000)]
  0x000001c115e56000 JavaThread "File watcher server" daemon [_thread_in_native, id=8032, stack(0x0000000c33b00000,0x0000000c33c00000)]
  0x000001c115e54800 JavaThread "File watcher consumer" daemon [_thread_blocked, id=6912, stack(0x0000000c33c00000,0x0000000c33d00000)]
  0x000001c115e50800 JavaThread "jar transforms" [_thread_blocked, id=7300, stack(0x0000000c33d00000,0x0000000c33e00000)]
  0x000001c115e58000 JavaThread "jar transforms Thread 2" [_thread_blocked, id=3680, stack(0x0000000c33e00000,0x0000000c33f00000)]
  0x000001c115e58800 JavaThread "jar transforms Thread 3" [_thread_blocked, id=4724, stack(0x0000000c33f00000,0x0000000c34000000)]
  0x000001c115e5b000 JavaThread "jar transforms Thread 4" [_thread_blocked, id=4928, stack(0x0000000c34000000,0x0000000c34100000)]
  0x000001c115e5a000 JavaThread "Cache worker for execution history cache (C:\Users\Khang\.gradle\caches\7.0.2\executionHistory)" [_thread_blocked, id=4476, stack(0x0000000c34300000,0x0000000c34400000)]
  0x000001c115e5c800 JavaThread "Cache worker for file content cache (C:\Users\Khang\.gradle\caches\7.0.2\fileContent)" [_thread_blocked, id=1716, stack(0x0000000c34400000,0x0000000c34500000)]
  0x000001c1167d9000 JavaThread "Memory manager" [_thread_blocked, id=992, stack(0x0000000c34a00000,0x0000000c34b00000)]
  0x000001c115e46800 JavaThread "Daemon Thread 5" [_thread_blocked, id=7852, stack(0x0000000c31400000,0x0000000c31500000)]
  0x000001c115e49000 JavaThread "Handler for socket connection from /127.0.0.1:53991 to /127.0.0.1:54192" [_thread_in_native, id=9552, stack(0x0000000c31500000,0x0000000c31600000)]
  0x000001c115e45800 JavaThread "Cancel handler" [_thread_blocked, id=13920, stack(0x0000000c31600000,0x0000000c31700000)]
  0x000001c115e4c000 JavaThread "Daemon worker Thread 4" [_thread_blocked, id=13024, stack(0x0000000c32d00000,0x0000000c32e00000)]
  0x000001c115e49800 JavaThread "Asynchronous log dispatcher for DefaultDaemonConnection: socket connection from /127.0.0.1:53991 to /127.0.0.1:54192" [_thread_blocked, id=5744, stack(0x0000000c32e00000,0x0000000c32f00000)]
  0x000001c115e4a800 JavaThread "Stdin handler" [_thread_blocked, id=3168, stack(0x0000000c32f00000,0x0000000c33000000)]
  0x000001c1167d6800 JavaThread "Daemon client event forwarder" [_thread_blocked, id=6084, stack(0x0000000c33000000,0x0000000c33100000)]
  0x000001c1167d4000 JavaThread "Cache worker for file hash cache (C:\Users\Khang\AndroidStudioProjects\DoAnAndroid\.gradle\7.0.2\fileHashes)" [_thread_blocked, id=4136, stack(0x0000000c33100000,0x0000000c33200000)]
  0x000001c1167d8000 JavaThread "Cache worker for checksums cache (C:\Users\Khang\AndroidStudioProjects\DoAnAndroid\.gradle\checksums)" [_thread_blocked, id=8872, stack(0x0000000c33200000,0x0000000c33300000)]
  0x000001c1167d7800 JavaThread "Cache worker for cache directory md-supplier (C:\Users\Khang\.gradle\caches\7.0.2\md-supplier)" [_thread_blocked, id=152, stack(0x0000000c33300000,0x0000000c33400000)]
  0x000001c1167d5000 JavaThread "Cache worker for cache directory md-rule (C:\Users\Khang\.gradle\caches\7.0.2\md-rule)" [_thread_blocked, id=12448, stack(0x0000000c33500000,0x0000000c33600000)]
  0x000001c1167d2800 JavaThread "Cache worker for dependencies-accessors (C:\Users\Khang\AndroidStudioProjects\DoAnAndroid\.gradle\7.0.2\dependencies-accessors)" [_thread_blocked, id=320, stack(0x0000000c33900000,0x0000000c33a00000)]
  0x000001c1167d3800 JavaThread "Cache worker for Build Output Cleanup Cache (C:\Users\Khang\AndroidStudioProjects\DoAnAndroid\.gradle\buildOutputCleanup)" [_thread_blocked, id=8364, stack(0x0000000c33a00000,0x0000000c33b00000)]
  0x000001c1167df800 JavaThread "Build operations" [_thread_blocked, id=8556, stack(0x0000000c34100000,0x0000000c34200000)]
  0x000001c1167de800 JavaThread "Build operations Thread 2" [_thread_blocked, id=12172, stack(0x0000000c34200000,0x0000000c34300000)]
  0x000001c1167e0800 JavaThread "Build operations Thread 3" [_thread_blocked, id=13420, stack(0x0000000c34500000,0x0000000c34600000)]
  0x000001c1167de000 JavaThread "Build operations Thread 4" [_thread_blocked, id=14108, stack(0x0000000c34600000,0x0000000c34700000)]
  0x000001c1167dd000 JavaThread "build event listener" [_thread_blocked, id=4396, stack(0x0000000c34800000,0x0000000c34900000)]
=>0x000001c1167e1000 JavaThread "Execution worker for ':'" [_thread_in_Java, id=9876, stack(0x0000000c34900000,0x0000000c34a00000)]
  0x000001c1167db800 JavaThread "Execution worker for ':' Thread 2" [_thread_blocked, id=6316, stack(0x0000000c34b00000,0x0000000c34c00000)]
  0x000001c1167dc000 JavaThread "Execution worker for ':' Thread 3" [_thread_blocked, id=9116, stack(0x0000000c34c00000,0x0000000c34d00000)]
  0x000001c115e57000 JavaThread "Cache worker for execution history cache (C:\Users\Khang\AndroidStudioProjects\DoAnAndroid\.gradle\7.0.2\executionHistory)" [_thread_blocked, id=7232, stack(0x0000000c34d00000,0x0000000c34e00000)]
  0x000001c115e51000 JavaThread "WorkerExecutor Queue" [_thread_blocked, id=13872, stack(0x0000000c34700000,0x0000000c34800000)]
  0x000001c115e53000 JavaThread "C2 CompilerThread1" daemon [_thread_in_native, id=1740, stack(0x0000000c34e00000,0x0000000c34f00000)]
  0x000001c115e59800 JavaThread "WorkerExecutor Queue Thread 2" [_thread_blocked, id=13888, stack(0x0000000c34f00000,0x0000000c35000000)]
  0x000001c115e53800 JavaThread "WorkerExecutor Queue Thread 3" [_thread_blocked, id=3960, stack(0x0000000c35000000,0x0000000c35100000)]

Other Threads:
  0x000001c17f7c6000 VMThread "VM Thread" [stack: 0x0000000c31d00000,0x0000000c31e00000] [id=12680]
  0x000001c17f9f6800 WatcherThread [stack: 0x0000000c32700000,0x0000000c32800000] [id=12128]
  0x000001c178c26800 GCTaskThread "GC Thread#0" [stack: 0x0000000c31800000,0x0000000c31900000] [id=13584]
  0x000001c113e14000 GCTaskThread "GC Thread#1" [stack: 0x0000000c32900000,0x0000000c32a00000] [id=10040]
  0x000001c113ace000 GCTaskThread "GC Thread#2" [stack: 0x0000000c32a00000,0x0000000c32b00000] [id=6020]
  0x000001c115852000 GCTaskThread "GC Thread#3" [stack: 0x0000000c33600000,0x0000000c33700000] [id=5808]
  0x000001c178c57000 ConcurrentGCThread "G1 Main Marker" [stack: 0x0000000c31900000,0x0000000c31a00000] [id=4736]
  0x000001c178c59800 ConcurrentGCThread "G1 Conc#0" [stack: 0x0000000c31a00000,0x0000000c31b00000] [id=3356]
  0x000001c178cea000 ConcurrentGCThread "G1 Refine#0" [stack: 0x0000000c31b00000,0x0000000c31c00000] [id=7696]
  0x000001c178ceb000 ConcurrentGCThread "G1 Young RemSet Sampling" [stack: 0x0000000c31c00000,0x0000000c31d00000] [id=3628]

Threads with active compile tasks:
C2 CompilerThread0 698166 16261       4       org.apache.xerces.dom.ParentNode::internalInsertBefore (651 bytes)
C2 CompilerThread1 698166 16285       4       com.android.utils.XmlUtils::append (647 bytes)

VM state:not at safepoint (normal execution)

VM Mutex/Monitor currently owned by a thread: None

Heap address: 0x0000000080000000, size: 2048 MB, Compressed Oops mode: 32-bit
Narrow klass base: 0x0000000000000000, Narrow klass shift: 3
Compressed class space size: 1073741824 Address: 0x0000000100000000

Heap:
 garbage-first heap   total 189440K, used 148356K [0x0000000080000000, 0x0000000100000000)
  region size 1024K, 2 young (2048K), 1 survivors (1024K)
 Metaspace       used 107609K, capacity 111298K, committed 111448K, reserved 1146880K
  class space    used 13654K, capacity 14971K, committed 14976K, reserved 1048576K
Heap Regions: E=young(eden), S=young(survivor), O=old, HS=humongous(starts), HC=humongous(continues), CS=collection set, F=free, A=archive, TAMS=top-at-mark-start (previous, next)
|   0|0x0000000080000000, 0x0000000080100000, 0x0000000080100000|100%| O|  |TAMS 0x0000000080100000, 0x0000000080100000| Untracked 
|   1|0x0000000080100000, 0x0000000080200000, 0x0000000080200000|100%| O|  |TAMS 0x0000000080200000, 0x0000000080200000| Untracked 
|   2|0x0000000080200000, 0x0000000080300000, 0x0000000080300000|100%| O|  |TAMS 0x0000000080300000, 0x0000000080300000| Untracked 
|   3|0x0000000080300000, 0x0000000080400000, 0x0000000080400000|100%|HS|  |TAMS 0x0000000080400000, 0x0000000080400000| Complete 
|   4|0x0000000080400000, 0x0000000080500000, 0x0000000080500000|100%|HC|  |TAMS 0x0000000080500000, 0x0000000080500000| Complete 
|   5|0x0000000080500000, 0x0000000080600000, 0x0000000080600000|100%|HC|  |TAMS 0x0000000080600000, 0x0000000080600000| Complete 
|   6|0x0000000080600000, 0x0000000080700000, 0x0000000080700000|100%| O|  |TAMS 0x0000000080700000, 0x0000000080700000| Untracked 
|   7|0x0000000080700000, 0x0000000080800000, 0x0000000080800000|100%| O|  |TAMS 0x0000000080800000, 0x0000000080800000| Untracked 
|   8|0x0000000080800000, 0x0000000080900000, 0x0000000080900000|100%| O|  |TAMS 0x0000000080900000, 0x0000000080900000| Untracked 
|   9|0x0000000080900000, 0x0000000080a00000, 0x0000000080a00000|100%|HS|  |TAMS 0x0000000080a00000, 0x0000000080a00000| Complete 
|  10|0x0000000080a00000, 0x0000000080b00000, 0x0000000080b00000|100%|HC|  |TAMS 0x0000000080b00000, 0x0000000080b00000| Complete 
|  11|0x0000000080b00000, 0x0000000080c00000, 0x0000000080c00000|100%|HS|  |TAMS 0x0000000080c00000, 0x0000000080c00000| Complete 
|  12|0x0000000080c00000, 0x0000000080d00000, 0x0000000080d00000|100%|HC|  |TAMS 0x0000000080d00000, 0x0000000080d00000| Complete 
|  13|0x0000000080d00000, 0x0000000080e00000, 0x0000000080e00000|100%|HC|  |TAMS 0x0000000080e00000, 0x0000000080e00000| Complete 
|  14|0x0000000080e00000, 0x0000000080f00000, 0x0000000080f00000|100%|HS|  |TAMS 0x0000000080f00000, 0x0000000080f00000| Complete 
|  15|0x0000000080f00000, 0x0000000081000000, 0x0000000081000000|100%|HC|  |TAMS 0x0000000081000000, 0x0000000081000000| Complete 
|  16|0x0000000081000000, 0x0000000081100000, 0x0000000081100000|100%|HC|  |TAMS 0x0000000081100000, 0x0000000081100000| Complete 
|  17|0x0000000081100000, 0x0000000081200000, 0x0000000081200000|100%|HC|  |TAMS 0x0000000081200000, 0x0000000081200000| Complete 
|  18|0x0000000081200000, 0x0000000081300000, 0x0000000081300000|100%|HC|  |TAMS 0x0000000081300000, 0x0000000081300000| Complete 
|  19|0x0000000081300000, 0x0000000081400000, 0x0000000081400000|100%| O|  |TAMS 0x0000000081400000, 0x0000000081400000| Untracked 
|  20|0x0000000081400000, 0x0000000081500000, 0x0000000081500000|100%| O|  |TAMS 0x0000000081500000, 0x0000000081500000| Untracked 
|  21|0x0000000081500000, 0x0000000081600000, 0x0000000081600000|100%| O|  |TAMS 0x0000000081600000, 0x0000000081600000| Untracked 
|  22|0x0000000081600000, 0x0000000081700000, 0x0000000081700000|100%| O|  |TAMS 0x0000000081700000, 0x0000000081700000| Untracked 
|  23|0x0000000081700000, 0x0000000081800000, 0x0000000081800000|100%| O|  |TAMS 0x0000000081800000, 0x0000000081800000| Untracked 
|  24|0x0000000081800000, 0x0000000081900000, 0x0000000081900000|100%| O|  |TAMS 0x0000000081900000, 0x0000000081900000| Untracked 
|  25|0x0000000081900000, 0x0000000081a00000, 0x0000000081a00000|100%| O|  |TAMS 0x0000000081a00000, 0x0000000081a00000| Untracked 
|  26|0x0000000081a00000, 0x0000000081b00000, 0x0000000081b00000|100%| O|  |TAMS 0x0000000081b00000, 0x0000000081b00000| Untracked 
|  27|0x0000000081b00000, 0x0000000081c00000, 0x0000000081c00000|100%| O|  |TAMS 0x0000000081c00000, 0x0000000081c00000| Untracked 
|  28|0x0000000081c00000, 0x0000000081d00000, 0x0000000081d00000|100%| O|  |TAMS 0x0000000081d00000, 0x0000000081d00000| Untracked 
|  29|0x0000000081d00000, 0x0000000081e00000, 0x0000000081e00000|100%| O|  |TAMS 0x0000000081e00000, 0x0000000081e00000| Untracked 
|  30|0x0000000081e00000, 0x0000000081f00000, 0x0000000081f00000|100%| O|  |TAMS 0x0000000081f00000, 0x0000000081f00000| Untracked 
|  31|0x0000000081f00000, 0x0000000082000000, 0x0000000082000000|100%| O|  |TAMS 0x0000000082000000, 0x0000000082000000| Untracked 
|  32|0x0000000082000000, 0x0000000082100000, 0x0000000082100000|100%| O|  |TAMS 0x0000000082100000, 0x0000000082100000| Untracked 
|  33|0x0000000082100000, 0x0000000082200000, 0x0000000082200000|100%| O|  |TAMS 0x0000000082200000, 0x0000000082200000| Untracked 
|  34|0x0000000082200000, 0x0000000082300000, 0x0000000082300000|100%|HS|  |TAMS 0x0000000082300000, 0x0000000082300000| Complete 
|  35|0x0000000082300000, 0x0000000082400000, 0x0000000082400000|100%|HC|  |TAMS 0x0000000082400000, 0x0000000082400000| Complete 
|  36|0x0000000082400000, 0x0000000082500000, 0x0000000082500000|100%|HC|  |TAMS 0x0000000082500000, 0x0000000082500000| Complete 
|  37|0x0000000082500000, 0x0000000082600000, 0x0000000082600000|100%|HC|  |TAMS 0x0000000082600000, 0x0000000082600000| Complete 
|  38|0x0000000082600000, 0x0000000082700000, 0x0000000082700000|100%|HC|  |TAMS 0x0000000082700000, 0x0000000082700000| Complete 
|  39|0x0000000082700000, 0x0000000082800000, 0x0000000082800000|100%| O|  |TAMS 0x0000000082800000, 0x0000000082800000| Untracked 
|  40|0x0000000082800000, 0x0000000082900000, 0x0000000082900000|100%| O|  |TAMS 0x0000000082900000, 0x0000000082900000| Untracked 
|  41|0x0000000082900000, 0x0000000082a00000, 0x0000000082a00000|100%| O|  |TAMS 0x0000000082a00000, 0x0000000082a00000| Untracked 
|  42|0x0000000082a00000, 0x0000000082b00000, 0x0000000082b00000|100%| O|  |TAMS 0x0000000082b00000, 0x0000000082b00000| Untracked 
|  43|0x0000000082b00000, 0x0000000082c00000, 0x0000000082c00000|100%| O|  |TAMS 0x0000000082c00000, 0x0000000082c00000| Untracked 
|  44|0x0000000082c00000, 0x0000000082d00000, 0x0000000082d00000|100%|HS|  |TAMS 0x0000000082d00000, 0x0000000082d00000| Complete 
|  45|0x0000000082d00000, 0x0000000082e00000, 0x0000000082e00000|100%|HC|  |TAMS 0x0000000082e00000, 0x0000000082e00000| Complete 
|  46|0x0000000082e00000, 0x0000000082f00000, 0x0000000082f00000|100%|HC|  |TAMS 0x0000000082f00000, 0x0000000082f00000| Complete 
|  47|0x0000000082f00000, 0x0000000083000000, 0x0000000083000000|100%| O|  |TAMS 0x0000000083000000, 0x0000000083000000| Untracked 
|  48|0x0000000083000000, 0x0000000083100000, 0x0000000083100000|100%| O|  |TAMS 0x0000000083100000, 0x0000000083100000| Untracked 
|  49|0x0000000083100000, 0x0000000083200000, 0x0000000083200000|100%| O|  |TAMS 0x0000000083200000, 0x0000000083200000| Untracked 
|  50|0x0000000083200000, 0x0000000083300000, 0x0000000083300000|100%| O|  |TAMS 0x0000000083300000, 0x0000000083300000| Untracked 
|  51|0x0000000083300000, 0x0000000083400000, 0x0000000083400000|100%| O|  |TAMS 0x0000000083400000, 0x0000000083400000| Untracked 
|  52|0x0000000083400000, 0x0000000083500000, 0x0000000083500000|100%| O|  |TAMS 0x0000000083400000, 0x0000000083500000| Untracked 
|  53|0x0000000083500000, 0x0000000083600000, 0x0000000083600000|100%| O|  |TAMS 0x0000000083500000, 0x0000000083600000| Untracked 
|  54|0x0000000083600000, 0x0000000083700000, 0x0000000083700000|100%|HS|  |TAMS 0x0000000083700000, 0x0000000083700000| Complete 
|  55|0x0000000083700000, 0x0000000083800000, 0x0000000083800000|100%|HS|  |TAMS 0x0000000083800000, 0x0000000083800000| Complete 
|  56|0x0000000083800000, 0x0000000083900000, 0x0000000083900000|100%|HS|  |TAMS 0x0000000083900000, 0x0000000083900000| Complete 
|  57|0x0000000083900000, 0x0000000083a00000, 0x0000000083a00000|100%|HC|  |TAMS 0x0000000083a00000, 0x0000000083a00000| Complete 
|  58|0x0000000083a00000, 0x0000000083b00000, 0x0000000083b00000|100%| O|  |TAMS 0x0000000083b00000, 0x0000000083b00000| Untracked 
|  59|0x0000000083b00000, 0x0000000083c00000, 0x0000000083c00000|100%| O|  |TAMS 0x0000000083c00000, 0x0000000083c00000| Untracked 
|  60|0x0000000083c00000, 0x0000000083d00000, 0x0000000083d00000|100%| O|  |TAMS 0x0000000083d00000, 0x0000000083d00000| Untracked 
|  61|0x0000000083d00000, 0x0000000083e00000, 0x0000000083e00000|100%| O|  |TAMS 0x0000000083e00000, 0x0000000083e00000| Untracked 
|  62|0x0000000083e00000, 0x0000000083f00000, 0x0000000083f00000|100%| O|  |TAMS 0x0000000083f00000, 0x0000000083f00000| Untracked 
|  63|0x0000000083f00000, 0x0000000084000000, 0x0000000084000000|100%| O|  |TAMS 0x0000000084000000, 0x0000000084000000| Untracked 
|  64|0x0000000084000000, 0x0000000084100000, 0x0000000084100000|100%| O|  |TAMS 0x0000000084100000, 0x0000000084100000| Untracked 
|  65|0x0000000084100000, 0x0000000084200000, 0x0000000084200000|100%| O|  |TAMS 0x0000000084200000, 0x0000000084200000| Untracked 
|  66|0x0000000084200000, 0x0000000084300000, 0x0000000084300000|100%| O|  |TAMS 0x0000000084300000, 0x0000000084300000| Untracked 
|  67|0x0000000084300000, 0x0000000084400000, 0x0000000084400000|100%| O|  |TAMS 0x0000000084400000, 0x0000000084400000| Untracked 
|  68|0x0000000084400000, 0x0000000084500000, 0x0000000084500000|100%| O|  |TAMS 0x0000000084500000, 0x0000000084500000| Untracked 
|  69|0x0000000084500000, 0x0000000084600000, 0x0000000084600000|100%| O|  |TAMS 0x0000000084600000, 0x0000000084600000| Untracked 
|  70|0x0000000084600000, 0x0000000084700000, 0x0000000084700000|100%| O|  |TAMS 0x0000000084700000, 0x0000000084700000| Untracked 
|  71|0x0000000084700000, 0x0000000084800000, 0x0000000084800000|100%| O|  |TAMS 0x0000000084800000, 0x0000000084800000| Untracked 
|  72|0x0000000084800000, 0x0000000084900000, 0x0000000084900000|100%| O|  |TAMS 0x0000000084900000, 0x0000000084900000| Untracked 
|  73|0x0000000084900000, 0x0000000084a00000, 0x0000000084a00000|100%| O|  |TAMS 0x0000000084a00000, 0x0000000084a00000| Untracked 
|  74|0x0000000084a00000, 0x0000000084b00000, 0x0000000084b00000|100%| O|  |TAMS 0x0000000084b00000, 0x0000000084b00000| Untracked 
|  75|0x0000000084b00000, 0x0000000084c00000, 0x0000000084c00000|100%| O|  |TAMS 0x0000000084c00000, 0x0000000084c00000| Untracked 
|  76|0x0000000084c00000, 0x0000000084d00000, 0x0000000084d00000|100%| O|  |TAMS 0x0000000084d00000, 0x0000000084d00000| Untracked 
|  77|0x0000000084d00000, 0x0000000084e00000, 0x0000000084e00000|100%| O|  |TAMS 0x0000000084e00000, 0x0000000084e00000| Untracked 
|  78|0x0000000084e00000, 0x0000000084f00000, 0x0000000084f00000|100%| O|  |TAMS 0x0000000084f00000, 0x0000000084f00000| Untracked 
|  79|0x0000000084f00000, 0x0000000085000000, 0x0000000085000000|100%| O|  |TAMS 0x0000000085000000, 0x0000000085000000| Untracked 
|  80|0x0000000085000000, 0x0000000085100000, 0x0000000085100000|100%| O|  |TAMS 0x0000000085100000, 0x0000000085100000| Untracked 
|  81|0x0000000085100000, 0x0000000085200000, 0x0000000085200000|100%| O|  |TAMS 0x0000000085200000, 0x0000000085200000| Untracked 
|  82|0x0000000085200000, 0x0000000085300000, 0x0000000085300000|100%| O|  |TAMS 0x0000000085300000, 0x0000000085300000| Untracked 
|  83|0x0000000085300000, 0x0000000085400000, 0x0000000085400000|100%| O|  |TAMS 0x0000000085400000, 0x0000000085400000| Untracked 
|  84|0x0000000085400000, 0x0000000085500000, 0x0000000085500000|100%| O|  |TAMS 0x0000000085500000, 0x0000000085500000| Untracked 
|  85|0x0000000085500000, 0x0000000085600000, 0x0000000085600000|100%| O|  |TAMS 0x0000000085600000, 0x0000000085600000| Untracked 
|  86|0x0000000085600000, 0x0000000085700000, 0x0000000085700000|100%| O|  |TAMS 0x0000000085700000, 0x0000000085700000| Untracked 
|  87|0x0000000085700000, 0x0000000085800000, 0x0000000085800000|100%| O|  |TAMS 0x0000000085800000, 0x0000000085800000| Untracked 
|  88|0x0000000085800000, 0x0000000085900000, 0x0000000085900000|100%| O|  |TAMS 0x0000000085900000, 0x0000000085900000| Untracked 
|  89|0x0000000085900000, 0x0000000085a00000, 0x0000000085a00000|100%| O|  |TAMS 0x0000000085a00000, 0x0000000085a00000| Untracked 
|  90|0x0000000085a00000, 0x0000000085b00000, 0x0000000085b00000|100%| O|  |TAMS 0x0000000085b00000, 0x0000000085b00000| Untracked 
|  91|0x0000000085b00000, 0x0000000085c00000, 0x0000000085c00000|100%| O|  |TAMS 0x0000000085c00000, 0x0000000085c00000| Untracked 
|  92|0x0000000085c00000, 0x0000000085d00000, 0x0000000085d00000|100%| O|  |TAMS 0x0000000085d00000, 0x0000000085d00000| Untracked 
|  93|0x0000000085d00000, 0x0000000085e00000, 0x0000000085e00000|100%| O|  |TAMS 0x0000000085e00000, 0x0000000085e00000| Untracked 
|  94|0x0000000085e00000, 0x0000000085f00000, 0x0000000085f00000|100%| O|  |TAMS 0x0000000085f00000, 0x0000000085f00000| Untracked 
|  95|0x0000000085f00000, 0x0000000086000000, 0x0000000086000000|100%| O|  |TAMS 0x0000000086000000, 0x0000000086000000| Untracked 
|  96|0x0000000086000000, 0x0000000086100000, 0x0000000086100000|100%| O|  |TAMS 0x0000000086100000, 0x0000000086100000| Untracked 
|  97|0x0000000086100000, 0x0000000086200000, 0x0000000086200000|100%| O|  |TAMS 0x0000000086200000, 0x0000000086200000| Untracked 
|  98|0x0000000086200000, 0x0000000086300000, 0x0000000086300000|100%| O|  |TAMS 0x0000000086300000, 0x0000000086300000| Untracked 
|  99|0x0000000086300000, 0x0000000086400000, 0x0000000086400000|100%| O|  |TAMS 0x0000000086400000, 0x0000000086400000| Untracked 
| 100|0x0000000086400000, 0x0000000086500000, 0x0000000086500000|100%| O|  |TAMS 0x0000000086500000, 0x0000000086500000| Untracked 
| 101|0x0000000086500000, 0x0000000086600000, 0x0000000086600000|100%| O|  |TAMS 0x0000000086600000, 0x0000000086600000| Untracked 
| 102|0x0000000086600000, 0x0000000086700000, 0x0000000086700000|100%| O|  |TAMS 0x0000000086600000, 0x0000000086700000| Untracked 
| 103|0x0000000086700000, 0x0000000086800000, 0x0000000086800000|100%| O|  |TAMS 0x0000000086800000, 0x0000000086800000| Untracked 
| 104|0x0000000086800000, 0x0000000086900000, 0x0000000086900000|100%| O|  |TAMS 0x0000000086900000, 0x0000000086900000| Untracked 
| 105|0x0000000086900000, 0x0000000086a00000, 0x0000000086a00000|100%| O|  |TAMS 0x0000000086a00000, 0x0000000086a00000| Untracked 
| 106|0x0000000086a00000, 0x0000000086b00000, 0x0000000086b00000|100%| O|  |TAMS 0x0000000086a00000, 0x0000000086b00000| Untracked 
| 107|0x0000000086b00000, 0x0000000086c00000, 0x0000000086c00000|100%|HS|  |TAMS 0x0000000086c00000, 0x0000000086c00000| Complete 
| 108|0x0000000086c00000, 0x0000000086c00000, 0x0000000086d00000|  0%| F|  |TAMS 0x0000000086c00000, 0x0000000086c00000| Untracked 
| 109|0x0000000086d00000, 0x0000000086e00000, 0x0000000086e00000|100%| O|  |TAMS 0x0000000086d00000, 0x0000000086e00000| Untracked 
| 110|0x0000000086e00000, 0x0000000086f00000, 0x0000000086f00000|100%| O|  |TAMS 0x0000000086f00000, 0x0000000086f00000| Untracked 
| 111|0x0000000086f00000, 0x0000000087000000, 0x0000000087000000|100%| O|  |TAMS 0x0000000086f00000, 0x0000000087000000| Untracked 
| 112|0x0000000087000000, 0x0000000087100000, 0x0000000087100000|100%| O|  |TAMS 0x0000000087100000, 0x0000000087100000| Untracked 
| 113|0x0000000087100000, 0x0000000087200000, 0x0000000087200000|100%| O|  |TAMS 0x0000000087200000, 0x0000000087200000| Untracked 
| 114|0x0000000087200000, 0x0000000087300000, 0x0000000087300000|100%| O|  |TAMS 0x0000000087300000, 0x0000000087300000| Untracked 
| 115|0x0000000087300000, 0x0000000087400000, 0x0000000087400000|100%| O|  |TAMS 0x0000000087400000, 0x0000000087400000| Untracked 
| 116|0x0000000087400000, 0x0000000087500000, 0x0000000087500000|100%| O|  |TAMS 0x0000000087400000, 0x0000000087500000| Untracked 
| 117|0x0000000087500000, 0x0000000087600000, 0x0000000087600000|100%| O|  |TAMS 0x0000000087600000, 0x0000000087600000| Untracked 
| 118|0x0000000087600000, 0x0000000087700000, 0x0000000087700000|100%| O|  |TAMS 0x0000000087700000, 0x0000000087700000| Untracked 
| 119|0x0000000087700000, 0x0000000087800000, 0x0000000087800000|100%| O|  |TAMS 0x0000000087800000, 0x0000000087800000| Untracked 
| 120|0x0000000087800000, 0x0000000087900000, 0x0000000087900000|100%| O|  |TAMS 0x0000000087900000, 0x0000000087900000| Untracked 
| 121|0x0000000087900000, 0x0000000087a00000, 0x0000000087a00000|100%| O|  |TAMS 0x0000000087a00000, 0x0000000087a00000| Untracked 
| 122|0x0000000087a00000, 0x0000000087b00000, 0x0000000087b00000|100%| O|  |TAMS 0x0000000087b00000, 0x0000000087b00000| Untracked 
| 123|0x0000000087b00000, 0x0000000087c00000, 0x0000000087c00000|100%| O|  |TAMS 0x0000000087c00000, 0x0000000087c00000| Untracked 
| 124|0x0000000087c00000, 0x0000000087d00000, 0x0000000087d00000|100%| O|  |TAMS 0x0000000087d00000, 0x0000000087d00000| Untracked 
| 125|0x0000000087d00000, 0x0000000087e00000, 0x0000000087e00000|100%| O|  |TAMS 0x0000000087e00000, 0x0000000087e00000| Untracked 
| 126|0x0000000087e00000, 0x0000000087f00000, 0x0000000087f00000|100%| O|  |TAMS 0x0000000087f00000, 0x0000000087f00000| Untracked 
| 127|0x0000000087f00000, 0x0000000088000000, 0x0000000088000000|100%| O|  |TAMS 0x0000000088000000, 0x0000000088000000| Untracked 
| 128|0x0000000088000000, 0x0000000088100000, 0x0000000088100000|100%| O|  |TAMS 0x0000000088100000, 0x0000000088100000| Untracked 
| 129|0x0000000088100000, 0x0000000088200000, 0x0000000088200000|100%| O|  |TAMS 0x0000000088200000, 0x0000000088200000| Untracked 
| 130|0x0000000088200000, 0x0000000088300000, 0x0000000088300000|100%| O|  |TAMS 0x0000000088300000, 0x0000000088300000| Untracked 
| 131|0x0000000088300000, 0x0000000088400000, 0x0000000088400000|100%| O|  |TAMS 0x0000000088400000, 0x0000000088400000| Untracked 
| 132|0x0000000088400000, 0x0000000088500000, 0x0000000088500000|100%| O|  |TAMS 0x0000000088500000, 0x0000000088500000| Untracked 
| 133|0x0000000088500000, 0x0000000088600000, 0x0000000088600000|100%| O|  |TAMS 0x0000000088600000, 0x0000000088600000| Untracked 
| 134|0x0000000088600000, 0x0000000088700000, 0x0000000088700000|100%|HS|  |TAMS 0x0000000088600000, 0x0000000088700000| Complete 
| 135|0x0000000088700000, 0x0000000088800000, 0x0000000088800000|100%|HC|  |TAMS 0x0000000088700000, 0x0000000088800000| Complete 
| 136|0x0000000088800000, 0x0000000088900000, 0x0000000088900000|100%| O|  |TAMS 0x0000000088800000, 0x0000000088900000| Untracked 
| 137|0x0000000088900000, 0x0000000088a00000, 0x0000000088a00000|100%| O|  |TAMS 0x0000000088900000, 0x0000000088a00000| Untracked 
| 138|0x0000000088a00000, 0x0000000088b00000, 0x0000000088b00000|100%| O|  |TAMS 0x0000000088a00000, 0x0000000088b00000| Untracked 
| 139|0x0000000088b00000, 0x0000000088b8e200, 0x0000000088c00000| 55%| O|  |TAMS 0x0000000088b00000, 0x0000000088b8e200| Untracked 
| 140|0x0000000088c00000, 0x0000000088d00000, 0x0000000088d00000|100%| O|  |TAMS 0x0000000088c00000, 0x0000000088d00000| Untracked 
| 141|0x0000000088d00000, 0x0000000088e00000, 0x0000000088e00000|100%| O|  |TAMS 0x0000000088d00000, 0x0000000088e00000| Untracked 
| 142|0x0000000088e00000, 0x0000000088f00000, 0x0000000088f00000|100%|HS|  |TAMS 0x0000000088e00000, 0x0000000088e00000| Complete 
| 143|0x0000000088f00000, 0x0000000089000000, 0x0000000089000000|100%|HC|  |TAMS 0x0000000088f00000, 0x0000000088f00000| Complete 
| 144|0x0000000089000000, 0x0000000089100000, 0x0000000089100000|100%|HC|  |TAMS 0x0000000089000000, 0x0000000089000000| Complete 
| 145|0x0000000089100000, 0x0000000089200000, 0x0000000089200000|100%|HC|  |TAMS 0x0000000089100000, 0x0000000089100000| Complete 
| 146|0x0000000089200000, 0x0000000089200000, 0x0000000089300000|  0%| F|  |TAMS 0x0000000089200000, 0x0000000089200000| Untracked 
| 147|0x0000000089300000, 0x0000000089300000, 0x0000000089400000|  0%| F|  |TAMS 0x0000000089300000, 0x0000000089300000| Untracked 
| 148|0x0000000089400000, 0x0000000089400000, 0x0000000089500000|  0%| F|  |TAMS 0x0000000089400000, 0x0000000089400000| Untracked 
| 149|0x0000000089500000, 0x0000000089500000, 0x0000000089600000|  0%| F|  |TAMS 0x0000000089500000, 0x0000000089500000| Untracked 
| 150|0x0000000089600000, 0x0000000089600000, 0x0000000089700000|  0%| F|  |TAMS 0x0000000089600000, 0x0000000089600000| Untracked 
| 151|0x0000000089700000, 0x0000000089700000, 0x0000000089800000|  0%| F|  |TAMS 0x0000000089700000, 0x0000000089700000| Untracked 
| 152|0x0000000089800000, 0x0000000089800000, 0x0000000089900000|  0%| F|  |TAMS 0x0000000089800000, 0x0000000089800000| Untracked 
| 153|0x0000000089900000, 0x0000000089900000, 0x0000000089a00000|  0%| F|  |TAMS 0x0000000089900000, 0x0000000089900000| Untracked 
| 154|0x0000000089a00000, 0x0000000089a00000, 0x0000000089b00000|  0%| F|  |TAMS 0x0000000089a00000, 0x0000000089a00000| Untracked 
| 155|0x0000000089b00000, 0x0000000089b00000, 0x0000000089c00000|  0%| F|  |TAMS 0x0000000089b00000, 0x0000000089b00000| Untracked 
| 156|0x0000000089c00000, 0x0000000089c00000, 0x0000000089d00000|  0%| F|  |TAMS 0x0000000089c00000, 0x0000000089c00000| Untracked 
| 157|0x0000000089d00000, 0x0000000089d00000, 0x0000000089e00000|  0%| F|  |TAMS 0x0000000089d00000, 0x0000000089d00000| Untracked 
| 158|0x0000000089e00000, 0x0000000089e00000, 0x0000000089f00000|  0%| F|  |TAMS 0x0000000089e00000, 0x0000000089e00000| Untracked 
| 159|0x0000000089f00000, 0x0000000089f00000, 0x000000008a000000|  0%| F|  |TAMS 0x0000000089f00000, 0x0000000089f00000| Untracked 
| 160|0x000000008a000000, 0x000000008a000000, 0x000000008a100000|  0%| F|  |TAMS 0x000000008a000000, 0x000000008a000000| Untracked 
| 161|0x000000008a100000, 0x000000008a100000, 0x000000008a200000|  0%| F|  |TAMS 0x000000008a100000, 0x000000008a100000| Untracked 
| 162|0x000000008a200000, 0x000000008a200000, 0x000000008a300000|  0%| F|  |TAMS 0x000000008a200000, 0x000000008a200000| Untracked 
| 163|0x000000008a300000, 0x000000008a300000, 0x000000008a400000|  0%| F|  |TAMS 0x000000008a300000, 0x000000008a300000| Untracked 
| 164|0x000000008a400000, 0x000000008a400000, 0x000000008a500000|  0%| F|  |TAMS 0x000000008a400000, 0x000000008a400000| Untracked 
| 165|0x000000008a500000, 0x000000008a500000, 0x000000008a600000|  0%| F|  |TAMS 0x000000008a500000, 0x000000008a500000| Untracked 
| 166|0x000000008a600000, 0x000000008a600000, 0x000000008a700000|  0%| F|  |TAMS 0x000000008a600000, 0x000000008a600000| Untracked 
| 167|0x000000008a700000, 0x000000008a700000, 0x000000008a800000|  0%| F|  |TAMS 0x000000008a700000, 0x000000008a700000| Untracked 
| 168|0x000000008a800000, 0x000000008a800000, 0x000000008a900000|  0%| F|  |TAMS 0x000000008a800000, 0x000000008a800000| Untracked 
| 169|0x000000008a900000, 0x000000008a900000, 0x000000008aa00000|  0%| F|  |TAMS 0x000000008a900000, 0x000000008a900000| Untracked 
| 170|0x000000008aa00000, 0x000000008aa00000, 0x000000008ab00000|  0%| F|  |TAMS 0x000000008aa00000, 0x000000008aa00000| Untracked 
| 171|0x000000008ab00000, 0x000000008ab00000, 0x000000008ac00000|  0%| F|  |TAMS 0x000000008ab00000, 0x000000008ab00000| Untracked 
| 172|0x000000008ac00000, 0x000000008ac00000, 0x000000008ad00000|  0%| F|  |TAMS 0x000000008ac00000, 0x000000008ac00000| Untracked 
| 173|0x000000008ad00000, 0x000000008ad00000, 0x000000008ae00000|  0%| F|  |TAMS 0x000000008ad00000, 0x000000008ad00000| Untracked 
| 174|0x000000008ae00000, 0x000000008ae00000, 0x000000008af00000|  0%| F|  |TAMS 0x000000008ae00000, 0x000000008ae00000| Untracked 
| 175|0x000000008af00000, 0x000000008af00000, 0x000000008b000000|  0%| F|  |TAMS 0x000000008af00000, 0x000000008af00000| Untracked 
| 176|0x000000008b000000, 0x000000008b000000, 0x000000008b100000|  0%| F|  |TAMS 0x000000008b000000, 0x000000008b000000| Untracked 
| 177|0x000000008b100000, 0x000000008b100000, 0x000000008b200000|  0%| F|  |TAMS 0x000000008b100000, 0x000000008b100000| Untracked 
| 178|0x000000008b200000, 0x000000008b200000, 0x000000008b300000|  0%| F|  |TAMS 0x000000008b200000, 0x000000008b200000| Untracked 
| 179|0x000000008b300000, 0x000000008b300000, 0x000000008b400000|  0%| F|  |TAMS 0x000000008b300000, 0x000000008b300000| Untracked 
| 180|0x000000008b400000, 0x000000008b400000, 0x000000008b500000|  0%| F|  |TAMS 0x000000008b400000, 0x000000008b400000| Untracked 
| 181|0x000000008b500000, 0x000000008b500000, 0x000000008b600000|  0%| F|  |TAMS 0x000000008b500000, 0x000000008b500000| Untracked 
| 182|0x000000008b600000, 0x000000008b653028, 0x000000008b700000| 32%| S|CS|TAMS 0x000000008b600000, 0x000000008b600000| Complete 
| 183|0x000000008b700000, 0x000000008b700000, 0x000000008b800000|  0%| F|  |TAMS 0x000000008b700000, 0x000000008b700000| Untracked 
| 184|0x000000008b800000, 0x000000008b895c18, 0x000000008b900000| 58%| E|  |TAMS 0x000000008b800000, 0x000000008b800000| Complete 

Card table byte_map: [0x000001c17cb00000,0x000001c17cf00000] _byte_map_base: 0x000001c17c700000

Marking Bits (Prev, Next): (CMBitMap*) 0x000001c178c4e5d0, (CMBitMap*) 0x000001c178c4e598
 Prev Bits: [0x000001c10f000000, 0x000001c111000000)
 Next Bits: [0x000001c17d300000, 0x000001c17f300000)

Polling page: 0x000001c1783f0000

Metaspace:

Usage:
  Non-class:     94.07 MB capacity,    91.75 MB ( 98%) used,     1.97 MB (  2%) free+waste,   350.44 KB ( <1%) overhead. 
      Class:     14.62 MB capacity,    13.33 MB ( 91%) used,     1.13 MB (  8%) free+waste,   161.50 KB (  1%) overhead. 
       Both:    108.69 MB capacity,   105.09 MB ( 97%) used,     3.10 MB (  3%) free+waste,   511.94 KB ( <1%) overhead. 

Virtual space:
  Non-class space:       96.00 MB reserved,      94.21 MB ( 98%) committed 
      Class space:        1.00 GB reserved,      14.63 MB (  1%) committed 
             Both:        1.09 GB reserved,     108.84 MB ( 10%) committed 

Chunk freelists:
   Non-Class:  17.00 KB
       Class:  5.00 KB
        Both:  22.00 KB

MaxMetaspaceSize: 17179869184.00 GB
CompressedClassSpaceSize: 1.00 GB

CodeHeap 'non-profiled nmethods': size=120064Kb used=11238Kb max_used=11238Kb free=108825Kb
 bounds [0x000001c107ac0000, 0x000001c1085c0000, 0x000001c10f000000]
CodeHeap 'profiled nmethods': size=120000Kb used=36507Kb max_used=36507Kb free=83492Kb
 bounds [0x000001c100590000, 0x000001c102940000, 0x000001c107ac0000]
CodeHeap 'non-nmethods': size=5696Kb used=2323Kb max_used=2389Kb free=3372Kb
 bounds [0x000001c100000000, 0x000001c100270000, 0x000001c100590000]
 total_blobs=17069 nmethods=16139 adapters=840
 compilation: enabled
              stopped_count=0, restarted_count=0
 full_count=0

Compilation events (20 events):
Event: 697.963 Thread 0x000001c17f816800 16274       2       com.android.ide.common.resources.NodeUtils::getPrefixForNs (71 bytes)
Event: 697.963 Thread 0x000001c17f816800 nmethod 16274 0x000001c102920990 code [0x000001c102920bc0, 0x000001c102921028]
Event: 697.964 Thread 0x000001c17f816800 16275 %     3       com.android.ide.common.resources.NodeUtils::duplicateNode @ 54 (315 bytes)
Event: 697.966 Thread 0x000001c17f816800 nmethod 16275% 0x000001c102921310 code [0x000001c102921840, 0x000001c102924848]
Event: 697.968 Thread 0x000001c17f816800 16276       3       com.android.ide.common.resources.NodeUtils::duplicateNode (315 bytes)
Event: 697.969 Thread 0x000001c17f816800 nmethod 16276 0x000001c102925710 code [0x000001c102925c20, 0x000001c102928ac8]
Event: 697.970 Thread 0x000001c17f816800 16277       2       org.apache.xerces.dom.AttributeMap::setNamedItemNS (366 bytes)
Event: 697.971 Thread 0x000001c17f816800 nmethod 16277 0x000001c102929910 code [0x000001c102929c80, 0x000001c10292a948]
Event: 697.977 Thread 0x000001c17f816800 16278       2       com.android.ide.common.resources.DataFile::hasNotRemovedItems (48 bytes)
Event: 697.977 Thread 0x000001c17f816800 nmethod 16278 0x000001c10292af90 code [0x000001c10292b180, 0x000001c10292b3f8]
Event: 697.977 Thread 0x000001c17f816800 16279       2       com.android.ide.common.resources.DataSet::createFileElement (81 bytes)
Event: 697.978 Thread 0x000001c17f816800 nmethod 16279 0x000001c10292b590 code [0x000001c10292b800, 0x000001c10292bd58]
Event: 697.985 Thread 0x000001c17f816800 16281       2       com.android.utils.XmlUtils::append (647 bytes)
Event: 697.987 Thread 0x000001c17f816800 nmethod 16281 0x000001c10292c190 code [0x000001c10292c780, 0x000001c10292e028]
Event: 697.987 Thread 0x000001c17f816800 16282       3       com.android.utils.XmlUtils::toXmlAttributeValue (89 bytes)
Event: 697.988 Thread 0x000001c17f816800 nmethod 16282 0x000001c10292f110 code [0x000001c10292f400, 0x000001c102930498]
Event: 697.988 Thread 0x000001c17f816800 16283       3       com.android.utils.XmlUtils::append (647 bytes)
Event: 697.996 Thread 0x000001c17f816800 nmethod 16283 0x000001c102930b90 code [0x000001c1029313e0, 0x000001c102935828]
Event: 698.028 Thread 0x000001c17f84e000 nmethod 16207 0x000001c1085a3510 code [0x000001c1085a3a20, 0x000001c1085a85b8]
Event: 698.028 Thread 0x000001c17f84e000 16284       4       com.android.utils.XmlUtils::toXmlAttributeValue (89 bytes)

GC Heap History (20 events):
Event: 696.287 GC heap before
{Heap before GC invocations=47 (full 0):
 garbage-first heap   total 189440K, used 155315K [0x0000000080000000, 0x0000000100000000)
  region size 1024K, 39 young (39936K), 1 survivors (1024K)
 Metaspace       used 106725K, capacity 110364K, committed 110680K, reserved 1144832K
  class space    used 13587K, capacity 14915K, committed 14976K, reserved 1048576K
}
Event: 696.302 GC heap after
{Heap after GC invocations=48 (full 0):
 garbage-first heap   total 189440K, used 122631K [0x0000000080000000, 0x0000000100000000)
  region size 1024K, 5 young (5120K), 5 survivors (5120K)
 Metaspace       used 106725K, capacity 110364K, committed 110680K, reserved 1144832K
  class space    used 13587K, capacity 14915K, committed 14976K, reserved 1048576K
}
Event: 696.712 GC heap before
{Heap before GC invocations=49 (full 0):
 garbage-first heap   total 189440K, used 158471K [0x0000000080000000, 0x0000000100000000)
  region size 1024K, 39 young (39936K), 5 survivors (5120K)
 Metaspace       used 106868K, capacity 110556K, committed 110680K, reserved 1144832K
  class space    used 13587K, capacity 14915K, committed 14976K, reserved 1048576K
}
Event: 696.728 GC heap after
{Heap after GC invocations=50 (full 0):
 garbage-first heap   total 189440K, used 135535K [0x0000000080000000, 0x0000000100000000)
  region size 1024K, 5 young (5120K), 5 survivors (5120K)
 Metaspace       used 106868K, capacity 110556K, committed 110680K, reserved 1144832K
  class space    used 13587K, capacity 14915K, committed 14976K, reserved 1048576K
}
Event: 696.770 GC heap before
{Heap before GC invocations=50 (full 0):
 garbage-first heap   total 189440K, used 139631K [0x0000000080000000, 0x0000000100000000)
  region size 1024K, 9 young (9216K), 5 survivors (5120K)
 Metaspace       used 106871K, capacity 110556K, committed 110680K, reserved 1144832K
  class space    used 13587K, capacity 14915K, committed 14976K, reserved 1048576K
}
Event: 696.777 GC heap after
{Heap after GC invocations=51 (full 0):
 garbage-first heap   total 189440K, used 133523K [0x0000000080000000, 0x0000000100000000)
  region size 1024K, 2 young (2048K), 2 survivors (2048K)
 Metaspace       used 106871K, capacity 110556K, committed 110680K, reserved 1144832K
  class space    used 13587K, capacity 14915K, committed 14976K, reserved 1048576K
}
Event: 696.978 GC heap before
{Heap before GC invocations=51 (full 0):
 garbage-first heap   total 189440K, used 154003K [0x0000000080000000, 0x0000000100000000)
  region size 1024K, 22 young (22528K), 2 survivors (2048K)
 Metaspace       used 107457K, capacity 111223K, committed 111448K, reserved 1146880K
  class space    used 13644K, capacity 14968K, committed 14976K, reserved 1048576K
}
Event: 696.984 GC heap after
{Heap after GC invocations=52 (full 0):
 garbage-first heap   total 189440K, used 137216K [0x0000000080000000, 0x0000000100000000)
  region size 1024K, 3 young (3072K), 3 survivors (3072K)
 Metaspace       used 107457K, capacity 111223K, committed 111448K, reserved 1146880K
  class space    used 13644K, capacity 14968K, committed 14976K, reserved 1048576K
}
Event: 697.531 GC heap before
{Heap before GC invocations=53 (full 0):
 garbage-first heap   total 189440K, used 162816K [0x0000000080000000, 0x0000000100000000)
  region size 1024K, 22 young (22528K), 3 survivors (3072K)
 Metaspace       used 107508K, capacity 111223K, committed 111448K, reserved 1146880K
  class space    used 13646K, capacity 14968K, committed 14976K, reserved 1048576K
}
Event: 697.538 GC heap after
{Heap after GC invocations=54 (full 0):
 garbage-first heap   total 189440K, used 141246K [0x0000000080000000, 0x0000000100000000)
  region size 1024K, 3 young (3072K), 3 survivors (3072K)
 Metaspace       used 107508K, capacity 111223K, committed 111448K, reserved 1146880K
  class space    used 13646K, capacity 14968K, committed 14976K, reserved 1048576K
}
Event: 697.637 GC heap before
{Heap before GC invocations=54 (full 0):
 garbage-first heap   total 189440K, used 147390K [0x0000000080000000, 0x0000000100000000)
  region size 1024K, 9 young (9216K), 3 survivors (3072K)
 Metaspace       used 107562K, capacity 111291K, committed 111448K, reserved 1146880K
  class space    used 13652K, capacity 14969K, committed 14976K, reserved 1048576K
}
Event: 697.648 GC heap after
{Heap after GC invocations=55 (full 0):
 garbage-first heap   total 189440K, used 137714K [0x0000000080000000, 0x0000000100000000)
  region size 1024K, 1 young (1024K), 1 survivors (1024K)
 Metaspace       used 107562K, capacity 111291K, committed 111448K, reserved 1146880K
  class space    used 13652K, capacity 14969K, committed 14976K, reserved 1048576K
}
Event: 697.788 GC heap before
{Heap before GC invocations=55 (full 0):
 garbage-first heap   total 189440K, used 157170K [0x0000000080000000, 0x0000000100000000)
  region size 1024K, 20 young (20480K), 1 survivors (1024K)
 Metaspace       used 107576K, capacity 111292K, committed 111448K, reserved 1146880K
  class space    used 13652K, capacity 14969K, committed 14976K, reserved 1048576K
}
Event: 697.790 GC heap after
{Heap after GC invocations=56 (full 0):
 garbage-first heap   total 189440K, used 137484K [0x0000000080000000, 0x0000000100000000)
  region size 1024K, 1 young (1024K), 1 survivors (1024K)
 Metaspace       used 107576K, capacity 111292K, committed 111448K, reserved 1146880K
  class space    used 13652K, capacity 14969K, committed 14976K, reserved 1048576K
}
Event: 697.860 GC heap before
{Heap before GC invocations=56 (full 0):
 garbage-first heap   total 189440K, used 157964K [0x0000000080000000, 0x0000000100000000)
  region size 1024K, 21 young (21504K), 1 survivors (1024K)
 Metaspace       used 107580K, capacity 111292K, committed 111448K, reserved 1146880K
  class space    used 13652K, capacity 14969K, committed 14976K, reserved 1048576K
}
Event: 697.861 GC heap after
{Heap after GC invocations=57 (full 0):
 garbage-first heap   total 189440K, used 137542K [0x0000000080000000, 0x0000000100000000)
  region size 1024K, 1 young (1024K), 1 survivors (1024K)
 Metaspace       used 107580K, capacity 111292K, committed 111448K, reserved 1146880K
  class space    used 13652K, capacity 14969K, committed 14976K, reserved 1048576K
}
Event: 697.989 GC heap before
{Heap before GC invocations=57 (full 0):
 garbage-first heap   total 189440K, used 158022K [0x0000000080000000, 0x0000000100000000)
  region size 1024K, 22 young (22528K), 1 survivors (1024K)
 Metaspace       used 107609K, capacity 111298K, committed 111448K, reserved 1146880K
  class space    used 13654K, capacity 14971K, committed 14976K, reserved 1048576K
}
Event: 697.995 GC heap after
{Heap after GC invocations=58 (full 0):
 garbage-first heap   total 189440K, used 141954K [0x0000000080000000, 0x0000000100000000)
  region size 1024K, 3 young (3072K), 3 survivors (3072K)
 Metaspace       used 107609K, capacity 111298K, committed 111448K, reserved 1146880K
  class space    used 13654K, capacity 14971K, committed 14976K, reserved 1048576K
}
Event: 698.013 GC heap before
{Heap before GC invocations=58 (full 0):
 garbage-first heap   total 189440K, used 146050K [0x0000000080000000, 0x0000000100000000)
  region size 1024K, 5 young (5120K), 3 survivors (3072K)
 Metaspace       used 107609K, capacity 111298K, committed 111448K, reserved 1146880K
  class space    used 13654K, capacity 14971K, committed 14976K, reserved 1048576K
}
Event: 698.017 GC heap after
{Heap after GC invocations=59 (full 0):
 garbage-first heap   total 189440K, used 144260K [0x0000000080000000, 0x0000000100000000)
  region size 1024K, 1 young (1024K), 1 survivors (1024K)
 Metaspace       used 107609K, capacity 111298K, committed 111448K, reserved 1146880K
  class space    used 13654K, capacity 14971K, committed 14976K, reserved 1048576K
}

Deoptimization events (20 events):
Event: 697.958 Thread 0x000001c1167e1000 DEOPT PACKING pc=0x000001c108553224 sp=0x0000000c349fa410
Event: 697.958 Thread 0x000001c1167e1000 DEOPT UNPACKING pc=0x000001c1000278af sp=0x0000000c349fa3e8 mode 2
Event: 697.958 Thread 0x000001c1167e1000 Uncommon trap: trap_request=0xffffffde fr.pc=0x000001c108553224 relative=0x00000000000002e4
Event: 697.958 Thread 0x000001c1167e1000 Uncommon trap: reason=class_check action=maybe_recompile pc=0x000001c108553224 method=org.apache.xerces.dom.ElementImpl.getAttributes()Lorg/w3c/dom/NamedNodeMap; @ 8 c2
Event: 697.958 Thread 0x000001c1167e1000 DEOPT PACKING pc=0x000001c108553224 sp=0x0000000c349fa410
Event: 697.958 Thread 0x000001c1167e1000 DEOPT UNPACKING pc=0x000001c1000278af sp=0x0000000c349fa3e8 mode 2
Event: 697.961 Thread 0x000001c1167e1000 DEOPT PACKING pc=0x000001c102918cdb sp=0x0000000c349fa6f0
Event: 697.961 Thread 0x000001c1167e1000 DEOPT UNPACKING pc=0x000001c1000276ce sp=0x0000000c349f9bb0 mode 0
Event: 697.968 Thread 0x000001c1167e1000 DEOPT PACKING pc=0x000001c102918cdb sp=0x0000000c349fa6f0
Event: 697.968 Thread 0x000001c1167e1000 DEOPT UNPACKING pc=0x000001c1000276ce sp=0x0000000c349f9bb0 mode 0
Event: 697.978 Thread 0x000001c1167e1000 DEOPT PACKING pc=0x000001c102918cdb sp=0x0000000c349fa6f0
Event: 697.978 Thread 0x000001c1167e1000 DEOPT UNPACKING pc=0x000001c1000276ce sp=0x0000000c349f9bb0 mode 0
Event: 697.985 Thread 0x000001c1167e1000 Uncommon trap: trap_request=0xffffff4d fr.pc=0x000001c108574aa0 relative=0x00000000000039a0
Event: 697.985 Thread 0x000001c1167e1000 Uncommon trap: reason=unstable_if action=reinterpret pc=0x000001c108574aa0 method=com.android.utils.XmlUtils.toXmlAttributeValue(Ljava/lang/String;)Ljava/lang/String; @ 33 c2
Event: 697.985 Thread 0x000001c1167e1000 DEOPT PACKING pc=0x000001c108574aa0 sp=0x0000000c349fa5e0
Event: 697.985 Thread 0x000001c1167e1000 DEOPT UNPACKING pc=0x000001c1000278af sp=0x0000000c349fa518 mode 2
Event: 697.985 Thread 0x000001c1167e1000 Uncommon trap: trap_request=0xffffff4d fr.pc=0x000001c108555550 relative=0x00000000000004f0
Event: 697.985 Thread 0x000001c1167e1000 Uncommon trap: reason=unstable_if action=reinterpret pc=0x000001c108555550 method=com.android.utils.XmlUtils.toXmlAttributeValue(Ljava/lang/String;)Ljava/lang/String; @ 33 c2
Event: 697.985 Thread 0x000001c1167e1000 DEOPT PACKING pc=0x000001c108555550 sp=0x0000000c349fa560
Event: 697.985 Thread 0x000001c1167e1000 DEOPT UNPACKING pc=0x000001c1000278af sp=0x0000000c349fa508 mode 2

Classes redefined (0 events):
No events

Internal exceptions (20 events):
Event: 695.473 Thread 0x000001c115e51000 Exception <a 'sun/nio/fs/WindowsException'{0x0000000089348c60}> (0x0000000089348c60) thrown at [./src/hotspot/share/prims/jni.cpp, line 615]
Event: 695.642 Thread 0x000001c1167df800 Implicit null exception at 0x000001c108492d8a to 0x000001c108493620
Event: 695.651 Thread 0x000001c1167dc000 Exception <a 'java/lang/NoSuchMethodError'{0x000000008b2d3828}: <clinit>> (0x000000008b2d3828) thrown at [./src/hotspot/share/prims/jni.cpp, line 1362]
Event: 696.891 Thread 0x000001c1167e1000 Exception <a 'java/lang/NoSuchMethodError'{0x000000008ab2d358}: <clinit>> (0x000000008ab2d358) thrown at [./src/hotspot/share/prims/jni.cpp, line 1362]
Event: 696.892 Thread 0x000001c1167e1000 Exception <a 'java/lang/NoSuchMethodError'{0x000000008ab3d618}: <clinit>> (0x000000008ab3d618) thrown at [./src/hotspot/share/prims/jni.cpp, line 1362]
Event: 696.896 Thread 0x000001c1167e1000 Exception <a 'java/lang/NoSuchMethodError'{0x000000008abacb88}: <clinit>> (0x000000008abacb88) thrown at [./src/hotspot/share/prims/jni.cpp, line 1362]
Event: 696.896 Thread 0x000001c1167e1000 Exception <a 'java/lang/NoSuchMethodError'{0x000000008abaf750}: <clinit>> (0x000000008abaf750) thrown at [./src/hotspot/share/prims/jni.cpp, line 1362]
Event: 696.896 Thread 0x000001c1167e1000 Exception <a 'java/lang/NoSuchMethodError'{0x000000008abb4130}: <clinit>> (0x000000008abb4130) thrown at [./src/hotspot/share/prims/jni.cpp, line 1362]
Event: 696.896 Thread 0x000001c1167e1000 Exception <a 'java/lang/NoSuchMethodError'{0x000000008abbf8d0}: <clinit>> (0x000000008abbf8d0) thrown at [./src/hotspot/share/prims/jni.cpp, line 1362]
Event: 696.899 Thread 0x000001c1167e1000 Exception <a 'java/lang/NoSuchMethodError'{0x000000008aa173c0}: <clinit>> (0x000000008aa173c0) thrown at [./src/hotspot/share/prims/jni.cpp, line 1362]
Event: 696.902 Thread 0x000001c1167e1000 Exception <a 'java/lang/NoSuchMethodError'{0x000000008aa49200}: <clinit>> (0x000000008aa49200) thrown at [./src/hotspot/share/prims/jni.cpp, line 1362]
Event: 696.902 Thread 0x000001c1167e1000 Exception <a 'java/lang/NoSuchMethodError'{0x000000008aa4c668}: <clinit>> (0x000000008aa4c668) thrown at [./src/hotspot/share/prims/jni.cpp, line 1362]
Event: 696.902 Thread 0x000001c1167e1000 Exception <a 'java/lang/NoSuchMethodError'{0x000000008aa4f2d8}: <clinit>> (0x000000008aa4f2d8) thrown at [./src/hotspot/share/prims/jni.cpp, line 1362]
Event: 696.902 Thread 0x000001c1167e1000 Exception <a 'java/lang/NoSuchMethodError'{0x000000008aa672e8}: <clinit>> (0x000000008aa672e8) thrown at [./src/hotspot/share/prims/jni.cpp, line 1362]
Event: 696.903 Thread 0x000001c1167e1000 Exception <a 'java/lang/NoSuchMethodError'{0x000000008aa7e608}: <clinit>> (0x000000008aa7e608) thrown at [./src/hotspot/share/prims/jni.cpp, line 1362]
Event: 696.903 Thread 0x000001c1167e1000 Exception <a 'java/lang/NoSuchMethodError'{0x000000008aa932f8}: <clinit>> (0x000000008aa932f8) thrown at [./src/hotspot/share/prims/jni.cpp, line 1362]
Event: 696.904 Thread 0x000001c1167e1000 Exception <a 'java/lang/NoSuchMethodError'{0x000000008aab5cb0}: <clinit>> (0x000000008aab5cb0) thrown at [./src/hotspot/share/prims/jni.cpp, line 1362]
Event: 696.905 Thread 0x000001c1167e1000 Exception <a 'java/lang/NoSuchMethodError'{0x000000008aadb2a8}: <clinit>> (0x000000008aadb2a8) thrown at [./src/hotspot/share/prims/jni.cpp, line 1362]
Event: 696.906 Thread 0x000001c1167e1000 Exception <a 'java/lang/NoSuchMethodError'{0x000000008aaef898}: <clinit>> (0x000000008aaef898) thrown at [./src/hotspot/share/prims/jni.cpp, line 1362]
Event: 698.031 Thread 0x000001c1167e1000 Implicit null exception at 0x000001c1085577dc to 0x0000000000000000

Events (20 events):
Event: 697.823 Executing VM operation: RevokeBias
Event: 697.823 Executing VM operation: RevokeBias done
Event: 697.860 Executing VM operation: G1CollectForAllocation
Event: 697.861 Executing VM operation: G1CollectForAllocation done
Event: 697.949 loading class com/android/ide/common/resources/SingleFileProcessor
Event: 697.949 loading class com/android/ide/common/resources/SingleFileProcessor done
Event: 697.949 loading class com/android/ide/common/resources/SingleFileProcessor
Event: 697.949 loading class com/android/ide/common/resources/SingleFileProcessor done
Event: 697.950 loading class com/android/ide/common/resources/ResourceMerger
Event: 697.950 loading class com/android/ide/common/resources/ResourceMerger done
Event: 697.950 loading class com/android/ide/common/resources/ResourceMerger
Event: 697.950 loading class com/android/ide/common/resources/ResourceMerger done
Event: 697.951 loading class com/android/ide/common/resources/DataSet$1
Event: 697.951 loading class com/android/ide/common/resources/DataSet$1 done
Event: 697.951 loading class com/android/ide/common/resources/FileStatus
Event: 697.951 loading class com/android/ide/common/resources/FileStatus done
Event: 697.989 Executing VM operation: G1CollectForAllocation
Event: 697.995 Executing VM operation: G1CollectForAllocation done
Event: 698.013 Executing VM operation: G1CollectForAllocation
Event: 698.017 Executing VM operation: G1CollectForAllocation done


Dynamic libraries:
0x00007ff698010000 - 0x00007ff69801a000 	C:\Program Files\Android\Android Studio\jre\bin\java.exe
0x00007ff9c4a40000 - 0x00007ff9c4c49000 	C:\WINDOWS\SYSTEM32\ntdll.dll
0x00007ff9c2c00000 - 0x00007ff9c2cbd000 	C:\WINDOWS\System32\KERNEL32.DLL
0x00007ff9c2050000 - 0x00007ff9c23c4000 	C:\WINDOWS\System32\KERNELBASE.dll
0x00007ff9c1f30000 - 0x00007ff9c2041000 	C:\WINDOWS\System32\ucrtbase.dll
0x00007ff984850000 - 0x00007ff984869000 	C:\Program Files\Android\Android Studio\jre\bin\jli.dll
0x00007ff983f00000 - 0x00007ff983f17000 	C:\Program Files\Android\Android Studio\jre\bin\VCRUNTIME140.dll
0x00007ff9c37b0000 - 0x00007ff9c395c000 	C:\WINDOWS\System32\USER32.dll
0x00007ff9c2620000 - 0x00007ff9c2646000 	C:\WINDOWS\System32\win32u.dll
0x00007ff9c32e0000 - 0x00007ff9c3309000 	C:\WINDOWS\System32\GDI32.dll
0x00007ff99bd50000 - 0x00007ff99bff5000 	C:\WINDOWS\WinSxS\amd64_microsoft.windows.common-controls_6595b64144ccf1df_6.0.22000.120_none_9d947278b86cc467\COMCTL32.dll
0x00007ff9c2cc0000 - 0x00007ff9c2d63000 	C:\WINDOWS\System32\msvcrt.dll
0x00007ff9c2500000 - 0x00007ff9c2612000 	C:\WINDOWS\System32\gdi32full.dll
0x00007ff9c26d0000 - 0x00007ff9c276d000 	C:\WINDOWS\System32\msvcp_win.dll
0x00007ff9c2a20000 - 0x00007ff9c2a51000 	C:\WINDOWS\System32\IMM32.DLL
0x00007ff96b360000 - 0x00007ff96b3fd000 	C:\Program Files\Android\Android Studio\jre\bin\msvcp140.dll
0x00007ff95d490000 - 0x00007ff95df5f000 	C:\Program Files\Android\Android Studio\jre\bin\server\jvm.dll
0x00007ff9c3b80000 - 0x00007ff9c3c2e000 	C:\WINDOWS\System32\ADVAPI32.dll
0x00007ff9c2ad0000 - 0x00007ff9c2b6e000 	C:\WINDOWS\System32\sechost.dll
0x00007ff9c3690000 - 0x00007ff9c37b0000 	C:\WINDOWS\System32\RPCRT4.dll
0x00007ff9c2bf0000 - 0x00007ff9c2bf8000 	C:\WINDOWS\System32\PSAPI.DLL
0x00007ff9b1150000 - 0x00007ff9b1159000 	C:\WINDOWS\SYSTEM32\WSOCK32.dll
0x00007ff9b4cd0000 - 0x00007ff9b4d03000 	C:\WINDOWS\SYSTEM32\WINMM.dll
0x00007ff9c3210000 - 0x00007ff9c327f000 	C:\WINDOWS\System32\WS2_32.dll
0x00007ff9bca50000 - 0x00007ff9bca5a000 	C:\WINDOWS\SYSTEM32\VERSION.dll
0x00007ff9c1030000 - 0x00007ff9c1048000 	C:\WINDOWS\SYSTEM32\kernel.appcore.dll
0x00007ff9b0b10000 - 0x00007ff9b0b21000 	C:\Program Files\Android\Android Studio\jre\bin\verify.dll
0x00007ff9af0a0000 - 0x00007ff9af2c1000 	C:\WINDOWS\SYSTEM32\DBGHELP.DLL
0x00007ff9a27d0000 - 0x00007ff9a2801000 	C:\WINDOWS\SYSTEM32\dbgcore.DLL
0x00007ff9c2650000 - 0x00007ff9c26cf000 	C:\WINDOWS\System32\bcryptPrimitives.dll
0x00007ff9aff40000 - 0x00007ff9aff69000 	C:\Program Files\Android\Android Studio\jre\bin\java.dll
0x00007ff9b1140000 - 0x00007ff9b114b000 	C:\Program Files\Android\Android Studio\jre\bin\jimage.dll
0x00007ff9afe80000 - 0x00007ff9afe98000 	C:\Program Files\Android\Android Studio\jre\bin\zip.dll
0x00007ff9c3fb0000 - 0x00007ff9c475e000 	C:\WINDOWS\System32\SHELL32.dll
0x00007ff9c00a0000 - 0x00007ff9c0908000 	C:\WINDOWS\SYSTEM32\windows.storage.dll
0x00007ff9c3c30000 - 0x00007ff9c3fa8000 	C:\WINDOWS\System32\combase.dll
0x00007ff9bff30000 - 0x00007ff9c0096000 	C:\WINDOWS\SYSTEM32\wintypes.dll
0x00007ff9c3a90000 - 0x00007ff9c3b7a000 	C:\WINDOWS\System32\SHCORE.dll
0x00007ff9c3280000 - 0x00007ff9c32dd000 	C:\WINDOWS\System32\shlwapi.dll
0x00007ff9c1e60000 - 0x00007ff9c1e81000 	C:\WINDOWS\SYSTEM32\profapi.dll
0x00007ff9af880000 - 0x00007ff9af89a000 	C:\Program Files\Android\Android Studio\jre\bin\net.dll
0x00007ff9bd260000 - 0x00007ff9bd36c000 	C:\WINDOWS\SYSTEM32\WINHTTP.dll
0x00007ff9c1460000 - 0x00007ff9c14c7000 	C:\WINDOWS\system32\mswsock.dll
0x00007ff9af860000 - 0x00007ff9af874000 	C:\Program Files\Android\Android Studio\jre\bin\nio.dll
0x00007ff98b2b0000 - 0x00007ff98b2d7000 	C:\Users\Khang\.gradle\native\8bec1ad78214c89d9ad589b4d07fe93259594b29d510b10fafb7a158f7737e5d\windows-amd64\native-platform.dll
0x00007ff96af80000 - 0x00007ff96b0bd000 	C:\Users\Khang\.gradle\native\53dbd7edfb1c66fb8903c78663c9afc45aea4f116125fa6feffd364cf09443e8\windows-amd64\native-platform-file-events.dll
0x00007ff9b02e0000 - 0x00007ff9b02ea000 	C:\Program Files\Android\Android Studio\jre\bin\management.dll
0x00007ff9afe70000 - 0x00007ff9afe7c000 	C:\Program Files\Android\Android Studio\jre\bin\management_ext.dll
0x00007ff9c16b0000 - 0x00007ff9c16c8000 	C:\WINDOWS\SYSTEM32\CRYPTSP.dll
0x00007ff9c0f90000 - 0x00007ff9c0fc5000 	C:\WINDOWS\system32\rsaenh.dll
0x00007ff9c1550000 - 0x00007ff9c1579000 	C:\WINDOWS\SYSTEM32\USERENV.dll
0x00007ff9c1910000 - 0x00007ff9c1937000 	C:\WINDOWS\SYSTEM32\bcrypt.dll
0x00007ff9c16a0000 - 0x00007ff9c16ac000 	C:\WINDOWS\SYSTEM32\CRYPTBASE.dll
0x00007ff9c0b60000 - 0x00007ff9c0b8d000 	C:\WINDOWS\SYSTEM32\IPHLPAPI.DLL
0x00007ff9c3560000 - 0x00007ff9c3569000 	C:\WINDOWS\System32\NSI.dll
0x00007ff9bd210000 - 0x00007ff9bd229000 	C:\WINDOWS\SYSTEM32\dhcpcsvc6.DLL
0x00007ff9bdc40000 - 0x00007ff9bdc5e000 	C:\WINDOWS\SYSTEM32\dhcpcsvc.DLL
0x00007ff9c0b90000 - 0x00007ff9c0c77000 	C:\WINDOWS\SYSTEM32\DNSAPI.dll

dbghelp: loaded successfully - version: 4.0.5 - missing functions: none
symbol engine: initialized successfully - sym options: 0x614 - pdb path: .;C:\Program Files\Android\Android Studio\jre\bin;C:\WINDOWS\SYSTEM32;C:\WINDOWS\WinSxS\amd64_microsoft.windows.common-controls_6595b64144ccf1df_6.0.22000.120_none_9d947278b86cc467;C:\Program Files\Android\Android Studio\jre\bin\server;C:\Users\Khang\.gradle\native\8bec1ad78214c89d9ad589b4d07fe93259594b29d510b10fafb7a158f7737e5d\windows-amd64;C:\Users\Khang\.gradle\native\53dbd7edfb1c66fb8903c78663c9afc45aea4f116125fa6feffd364cf09443e8\windows-amd64

VM Arguments:
jvm_args: --add-opens=java.base/java.util=ALL-UNNAMED --add-opens=java.base/java.lang=ALL-UNNAMED --add-opens=java.base/java.lang.invoke=ALL-UNNAMED --add-opens=java.base/java.util=ALL-UNNAMED --add-opens=java.prefs/java.util.prefs=ALL-UNNAMED --add-opens=java.prefs/java.util.prefs=ALL-UNNAMED --add-opens=java.base/java.nio.charset=ALL-UNNAMED --add-opens=java.base/java.net=ALL-UNNAMED --add-opens=java.base/java.util.concurrent.atomic=ALL-UNNAMED -Xmx2048m -Dfile.encoding=UTF-8 -Duser.country=US -Duser.language=en -Duser.variant 
java_command: org.gradle.launcher.daemon.bootstrap.GradleDaemon 7.0.2
java_class_path (initial): C:\Users\Khang\.gradle\wrapper\dists\gradle-7.0.2-bin\857tjihv64xamwrf0h14cai3r\gradle-7.0.2\lib\gradle-launcher-7.0.2.jar
Launcher Type: SUN_STANDARD

[Global flags]
     intx CICompilerCount                          = 3                                         {product} {ergonomic}
     uint ConcGCThreads                            = 1                                         {product} {ergonomic}
     uint G1ConcRefinementThreads                  = 4                                         {product} {ergonomic}
   size_t G1HeapRegionSize                         = 1048576                                   {product} {ergonomic}
    uintx GCDrainStackTargetSize                   = 64                                        {product} {ergonomic}
   size_t InitialHeapSize                          = 134217728                                 {product} {ergonomic}
   size_t MarkStackSize                            = 4194304                                   {product} {ergonomic}
   size_t MaxHeapSize                              = 2147483648                                {product} {command line}
   size_t MaxNewSize                               = 1287651328                                {product} {ergonomic}
   size_t MinHeapDeltaBytes                        = 1048576                                   {product} {ergonomic}
    uintx NonNMethodCodeHeapSize                   = 5830732                                {pd product} {ergonomic}
    uintx NonProfiledCodeHeapSize                  = 122913754                              {pd product} {ergonomic}
    uintx ProfiledCodeHeapSize                     = 122913754                              {pd product} {ergonomic}
    uintx ReservedCodeCacheSize                    = 251658240                              {pd product} {ergonomic}
     bool SegmentedCodeCache                       = true                                      {product} {ergonomic}
     bool UseCompressedClassPointers               = true                                 {lp64_product} {ergonomic}
     bool UseCompressedOops                        = true                                 {lp64_product} {ergonomic}
     bool UseG1GC                                  = true                                      {product} {ergonomic}
     bool UseLargePagesIndividualAllocation        = false                                  {pd product} {ergonomic}

Logging:
Log output configuration:
 #0: stdout all=warning uptime,level,tags
 #1: stderr all=off uptime,level,tags

Environment Variables:
PATH=C:\WINDOWS\system32;C:\WINDOWS;C:\WINDOWS\System32\Wbem;C:\WINDOWS\System32\WindowsPowerShell\v1.0\;C:\WINDOWS\System32\OpenSSH\;C:\Program Files\Microsoft SQL Server\Client SDK\ODBC\170\Tools\Binn\;C:\Program Files (x86)\Microsoft SQL Server\150\Tools\Binn\;C:\Program Files\Microsoft SQL Server\150\Tools\Binn\;C:\Program Files\Microsoft SQL Server\150\DTS\Binn\;C:\Program Files (x86)\Microsoft SQL Server\150\DTS\Binn\;C:\Program Files\Azure Data Studio\bin;C:\Program Files\dotnet\;C:\Program Files\Microsoft SQL Server\130\Tools\Binn\;C:\Users\Khang\AppData\Local\Microsoft\WindowsApps;;C:\Program Files\Azure Data Studio\bin;C:\Users\Khang\AppData\Local\Programs\Microsoft VS Code\bin;C:\Users\Khang\.dotnet\tools
USERNAME=Khang
OS=Windows_NT
PROCESSOR_IDENTIFIER=Intel64 Family 6 Model 158 Stepping 10, GenuineIntel



---------------  S Y S T E M  ---------------

OS: Windows 10 , 64 bit Build 22000 (10.0.22000.434)
OS uptime: 0 days 9:24 hours

CPU:total 4 (initial active 4) (4 cores per cpu, 1 threads per core) family 6 model 158 stepping 10 microcode 0xde, cmov, cx8, fxsr, mmx, sse, sse2, sse3, ssse3, sse4.1, sse4.2, popcnt, avx, avx2, aes, clmul, erms, 3dnowpref, lzcnt, tsc, tscinvbit, bmi1, bmi2, adx, fma

Memory: 4k page, system-wide physical 8134M (1812M free)
TotalPageFile size 14790M (AvailPageFile size 4792M)
current process WorkingSet (physical memory assigned to process): 487M, peak: 493M
current process commit charge ("private bytes"): 515M, peak: 520M

vm_info: OpenJDK 64-Bit Server VM (11.0.10+0-b96-7249189) for windows-amd64 JRE (11.0.10+0-b96-7249189), built on Mar 31 2021 21:44:00 by "builder" with MS VC++ 14.0 (VS2015)

END.
