#
# A fatal error has been detected by the Java Runtime Environment:
#
#  EXCEPTION_ACCESS_VIOLATION (0xc0000005) at pc=0x00007ff968cce6d1, pid=7700, tid=11276
#
# JRE version: OpenJDK Runtime Environment (11.0.10) (build 11.0.10+0-b96-7249189)
# Java VM: OpenJDK 64-Bit Server VM (11.0.10+0-b96-7249189, mixed mode, tiered, compressed oops, g1 gc, windows-amd64)
# Problematic frame:
# V  [jvm.dll+0x34e6d1]
#
# No core dump will be written. Minidumps are not enabled by default on client versions of Windows
#
# If you would like to submit a bug report, please visit:
#   https://bugreport.java.com/bugreport/crash.jsp
#

---------------  S U M M A R Y ------------

Command Line: --add-opens=java.base/java.util=ALL-UNNAMED --add-opens=java.base/java.lang=ALL-UNNAMED --add-opens=java.base/java.lang.invoke=ALL-UNNAMED --add-opens=java.base/java.util=ALL-UNNAMED --add-opens=java.prefs/java.util.prefs=ALL-UNNAMED --add-opens=java.prefs/java.util.prefs=ALL-UNNAMED --add-opens=java.base/java.nio.charset=ALL-UNNAMED --add-opens=java.base/java.net=ALL-UNNAMED --add-opens=java.base/java.util.concurrent.atomic=ALL-UNNAMED -Xmx2048m -Dfile.encoding=UTF-8 -Duser.country=US -Duser.language=en -Duser.variant org.gradle.launcher.daemon.bootstrap.GradleDaemon 7.0.2

Host: Intel(R) Core(TM) i3-9100F CPU @ 3.60GHz, 4 cores, 7G,  Windows 10 , 64 bit Build 22000 (10.0.22000.675)
Time: Wed May 25 11:38:42 2022 SE Asia Standard Time elapsed time: 8.383931 seconds (0d 0h 0m 8s)

---------------  T H R E A D  ---------------

Current thread (0x000001c415731000):  JavaThread "Daemon worker" [_thread_in_vm, id=11276, stack(0x00000019ed100000,0x00000019ed200000)]

Stack: [0x00000019ed100000,0x00000019ed200000],  sp=0x00000019ed1f8840,  free space=994k
Native frames: (J=compiled Java code, j=interpreted, Vv=VM code, C=native code)
V  [jvm.dll+0x34e6d1]
V  [jvm.dll+0x20edf5]
V  [jvm.dll+0x658e11]
V  [jvm.dll+0x659585]
C  0x000001c400025c0c

Java frames: (J=compiled Java code, j=interpreted, Vv=VM code)
v  ~RuntimeStub::ic_miss_stub
J 3717 c1 com.google.common.cache.LocalCache$Segment.getEntry(Ljava/lang/Object;I)Lcom/google/common/cache/ReferenceEntry; (73 bytes) @ 0x000001c400d659bc [0x000001c400d651c0+0x00000000000007fc]
j  com.google.common.cache.LocalCache$Segment.get(Ljava/lang/Object;ILcom/google/common/cache/CacheLoader;)Ljava/lang/Object;+20
j  com.google.common.cache.LocalCache.get(Ljava/lang/Object;Lcom/google/common/cache/CacheLoader;)Ljava/lang/Object;+17
j  com.google.common.cache.LocalCache.getOrLoad(Ljava/lang/Object;)Ljava/lang/Object;+6
j  com.google.common.cache.LocalCache$LocalLoadingCache.get(Ljava/lang/Object;)Ljava/lang/Object;+5
j  com.google.common.cache.LocalCache$LocalLoadingCache.getUnchecked(Ljava/lang/Object;)Ljava/lang/Object;+2
j  org.gradle.api.internal.model.NamedObjectInstantiator.named(Ljava/lang/Class;Ljava/lang/String;)Lorg/gradle/api/Named;+19
j  org.gradle.api.internal.model.DefaultObjectFactory.named(Ljava/lang/Class;Ljava/lang/String;)Lorg/gradle/api/Named;+6
j  org.gradle.api.internal.artifacts.JavaEcosystemSupport$1.execute(Lorg/gradle/api/ActionConfiguration;)V+15
j  org.gradle.api.internal.artifacts.JavaEcosystemSupport$1.execute(Ljava/lang/Object;)V+5
j  org.gradle.internal.action.DefaultConfigurableRule.of(Ljava/lang/Class;Lorg/gradle/api/Action;Lorg/gradle/internal/isolation/IsolatableFactory;)Lorg/gradle/internal/action/ConfigurableRule;+20
j  org.gradle.api.internal.attributes.DefaultDisambiguationRuleChain.add(Ljava/lang/Class;Lorg/gradle/api/Action;)V+14
j  org.gradle.api.internal.artifacts.JavaEcosystemSupport.configureUsage(Lorg/gradle/api/attributes/AttributesSchema;Lorg/gradle/api/model/ObjectFactory;)V+39
j  org.gradle.api.internal.artifacts.JavaEcosystemSupport.configureSchema(Lorg/gradle/api/attributes/AttributesSchema;Lorg/gradle/api/model/ObjectFactory;)V+2
j  org.gradle.api.internal.initialization.DefaultScriptHandler.<init>(Lorg/gradle/groovy/scripts/ScriptSource;Lorg/gradle/api/internal/artifacts/DependencyResolutionServices;Lorg/gradle/api/internal/initialization/ClassLoaderScope;Lorg/gradle/api/internal/initialization/ScriptClassPathResolver;Lorg/gradle/api/internal/model/NamedObjectInstantiator;)V+63
j  org.gradle.api.internal.initialization.DefaultScriptHandlerFactory.create(Lorg/gradle/groovy/scripts/ScriptSource;Lorg/gradle/api/internal/initialization/ClassLoaderScope;Lorg/gradle/api/internal/DomainObjectContext;)Lorg/gradle/api/internal/initialization/ScriptHandlerInternal;+44
j  org.gradle.api.internal.initialization.DefaultScriptHandlerFactory.create(Lorg/gradle/groovy/scripts/ScriptSource;Lorg/gradle/api/internal/initialization/ClassLoaderScope;)Lorg/gradle/api/internal/initialization/ScriptHandlerInternal;+6
j  org.gradle.initialization.SettingsFactory.createSettings(Lorg/gradle/api/internal/GradleInternal;Ljava/io/File;Lorg/gradle/groovy/scripts/ScriptSource;Ljava/util/Map;Lorg/gradle/StartParameter;Lorg/gradle/api/internal/initialization/ClassLoaderScope;)Lorg/gradle/api/internal/SettingsInternal;+45
j  org.gradle.initialization.ScriptEvaluatingSettingsProcessor.process(Lorg/gradle/api/internal/GradleInternal;Lorg/gradle/initialization/SettingsLocation;Lorg/gradle/api/internal/initialization/ClassLoaderScope;Lorg/gradle/StartParameter;)Lorg/gradle/api/internal/SettingsInternal;+59
j  org.gradle.initialization.SettingsEvaluatedCallbackFiringSettingsProcessor.process(Lorg/gradle/api/internal/GradleInternal;Lorg/gradle/initialization/SettingsLocation;Lorg/gradle/api/internal/initialization/ClassLoaderScope;Lorg/gradle/StartParameter;)Lorg/gradle/api/internal/SettingsInternal;+9
j  org.gradle.initialization.RootBuildCacheControllerSettingsProcessor.process(Lorg/gradle/api/internal/GradleInternal;Lorg/gradle/initialization/SettingsLocation;Lorg/gradle/api/internal/initialization/ClassLoaderScope;Lorg/gradle/StartParameter;)Lorg/gradle/api/internal/SettingsInternal;+9
j  org.gradle.initialization.BuildOperationSettingsProcessor$2.call(Lorg/gradle/internal/operations/BuildOperationContext;)Lorg/gradle/api/internal/SettingsInternal;+23
j  org.gradle.initialization.BuildOperationSettingsProcessor$2.call(Lorg/gradle/internal/operations/BuildOperationContext;)Ljava/lang/Object;+2
j  org.gradle.internal.operations.DefaultBuildOperationRunner$CallableBuildOperationWorker.execute(Lorg/gradle/internal/operations/CallableBuildOperation;Lorg/gradle/internal/operations/BuildOperationContext;)V+3
j  org.gradle.internal.operations.DefaultBuildOperationRunner$CallableBuildOperationWorker.execute(Lorg/gradle/internal/operations/BuildOperation;Lorg/gradle/internal/operations/BuildOperationContext;)V+6
j  org.gradle.internal.operations.DefaultBuildOperationRunner$3.execute(Lorg/gradle/internal/operations/BuildOperationDescriptor;Lorg/gradle/internal/operations/BuildOperationState;Lorg/gradle/internal/operations/BuildOperationState;Lorg/gradle/internal/operations/DefaultBuildOperationRunner$ReadableBuildOperationContext;Lorg/gradle/internal/operations/DefaultBuildOperationRunner$BuildOperationExecutionListener;)Lorg/gradle/internal/operations/BuildOperation;+22
j  org.gradle.internal.operations.DefaultBuildOperationRunner$3.execute(Lorg/gradle/internal/operations/BuildOperationDescriptor;Lorg/gradle/internal/operations/BuildOperationState;Lorg/gradle/internal/operations/BuildOperationState;Lorg/gradle/internal/operations/DefaultBuildOperationRunner$ReadableBuildOperationContext;Lorg/gradle/internal/operations/DefaultBuildOperationRunner$BuildOperationExecutionListener;)Ljava/lang/Object;+8
j  org.gradle.internal.operations.DefaultBuildOperationRunner.execute(Lorg/gradle/internal/operations/BuildOperationDescriptor$Builder;Lorg/gradle/internal/operations/BuildOperationState;Lorg/gradle/internal/operations/DefaultBuildOperationRunner$BuildOperationExecution;)Ljava/lang/Object;+134
j  org.gradle.internal.operations.DefaultBuildOperationRunner.execute(Lorg/gradle/internal/operations/BuildOperation;Lorg/gradle/internal/operations/BuildOperationWorker;Lorg/gradle/internal/operations/BuildOperationState;)V+18
j  org.gradle.internal.operations.DefaultBuildOperationRunner.call(Lorg/gradle/internal/operations/CallableBuildOperation;)Ljava/lang/Object;+16
j  org.gradle.internal.operations.DefaultBuildOperationExecutor.lambda$call$2(Lorg/gradle/internal/operations/CallableBuildOperation;Lorg/gradle/internal/operations/BuildOperationState;)Ljava/lang/Object;+5
j  org.gradle.internal.operations.DefaultBuildOperationExecutor$$Lambda$153.apply(Ljava/lang/Object;)Ljava/lang/Object;+12
j  org.gradle.internal.operations.UnmanagedBuildOperationWrapper.callWithUnmanagedSupport(Lorg/gradle/internal/operations/BuildOperationState;Ljava/util/function/Function;)Ljava/lang/Object;+8
j  org.gradle.internal.operations.DefaultBuildOperationExecutor.call(Lorg/gradle/internal/operations/CallableBuildOperation;)Ljava/lang/Object;+15
j  org.gradle.initialization.BuildOperationSettingsProcessor.process(Lorg/gradle/api/internal/GradleInternal;Lorg/gradle/initialization/SettingsLocation;Lorg/gradle/api/internal/initialization/ClassLoaderScope;Lorg/gradle/StartParameter;)Lorg/gradle/api/internal/SettingsInternal;+17
j  org.gradle.initialization.DefaultSettingsLoader.findSettingsAndLoadIfAppropriate(Lorg/gradle/api/internal/GradleInternal;Lorg/gradle/StartParameter;Lorg/gradle/initialization/SettingsLocation;Lorg/gradle/api/internal/initialization/ClassLoaderScope;)Lorg/gradle/api/internal/SettingsInternal;+9
j  org.gradle.initialization.DefaultSettingsLoader.findAndLoadSettings(Lorg/gradle/api/internal/GradleInternal;)Lorg/gradle/api/internal/SettingsInternal;+38
j  org.gradle.initialization.SettingsAttachingSettingsLoader.findAndLoadSettings(Lorg/gradle/api/internal/GradleInternal;)Lorg/gradle/api/internal/SettingsInternal;+5
j  org.gradle.internal.composite.CommandLineIncludedBuildSettingsLoader.findAndLoadSettings(Lorg/gradle/api/internal/GradleInternal;)Lorg/gradle/api/internal/SettingsInternal;+5
j  org.gradle.internal.composite.ChildBuildRegisteringSettingsLoader.findAndLoadSettings(Lorg/gradle/api/internal/GradleInternal;)Lorg/gradle/api/internal/SettingsInternal;+5
j  org.gradle.internal.composite.CompositeBuildSettingsLoader.findAndLoadSettings(Lorg/gradle/api/internal/GradleInternal;)Lorg/gradle/api/internal/SettingsInternal;+5
j  org.gradle.initialization.DefaultSettingsPreparer.prepareSettings(Lorg/gradle/api/internal/GradleInternal;)V+41
j  org.gradle.initialization.BuildOperationFiringSettingsPreparer$LoadBuild.doLoadBuild()V+11
j  org.gradle.initialization.BuildOperationFiringSettingsPreparer$LoadBuild.run(Lorg/gradle/internal/operations/BuildOperationContext;)V+1
j  org.gradle.internal.operations.DefaultBuildOperationRunner$1.execute(Lorg/gradle/internal/operations/RunnableBuildOperation;Lorg/gradle/internal/operations/BuildOperationContext;)V+2
j  org.gradle.internal.operations.DefaultBuildOperationRunner$1.execute(Lorg/gradle/internal/operations/BuildOperation;Lorg/gradle/internal/operations/BuildOperationContext;)V+6
j  org.gradle.internal.operations.DefaultBuildOperationRunner$3.execute(Lorg/gradle/internal/operations/BuildOperationDescriptor;Lorg/gradle/internal/operations/BuildOperationState;Lorg/gradle/internal/operations/BuildOperationState;Lorg/gradle/internal/operations/DefaultBuildOperationRunner$ReadableBuildOperationContext;Lorg/gradle/internal/operations/DefaultBuildOperationRunner$BuildOperationExecutionListener;)Lorg/gradle/internal/operations/BuildOperation;+22
j  org.gradle.internal.operations.DefaultBuildOperationRunner$3.execute(Lorg/gradle/internal/operations/BuildOperationDescriptor;Lorg/gradle/internal/operations/BuildOperationState;Lorg/gradle/internal/operations/BuildOperationState;Lorg/gradle/internal/operations/DefaultBuildOperationRunner$ReadableBuildOperationContext;Lorg/gradle/internal/operations/DefaultBuildOperationRunner$BuildOperationExecutionListener;)Ljava/lang/Object;+8
j  org.gradle.internal.operations.DefaultBuildOperationRunner.execute(Lorg/gradle/internal/operations/BuildOperationDescriptor$Builder;Lorg/gradle/internal/operations/BuildOperationState;Lorg/gradle/internal/operations/DefaultBuildOperationRunner$BuildOperationExecution;)Ljava/lang/Object;+134
j  org.gradle.internal.operations.DefaultBuildOperationRunner.execute(Lorg/gradle/internal/operations/BuildOperation;Lorg/gradle/internal/operations/BuildOperationWorker;Lorg/gradle/internal/operations/BuildOperationState;)V+18
j  org.gradle.internal.operations.DefaultBuildOperationRunner.run(Lorg/gradle/internal/operations/RunnableBuildOperation;)V+9
j  org.gradle.internal.operations.DefaultBuildOperationExecutor.lambda$run$1(Lorg/gradle/internal/operations/RunnableBuildOperation;Lorg/gradle/internal/operations/BuildOperationState;)V+5
j  org.gradle.internal.operations.DefaultBuildOperationExecutor$$Lambda$201.accept(Ljava/lang/Object;)V+12
j  org.gradle.internal.operations.UnmanagedBuildOperationWrapper.runWithUnmanagedSupport(Lorg/gradle/internal/operations/BuildOperationState;Ljava/util/function/Consumer;)V+8
j  org.gradle.internal.operations.DefaultBuildOperationExecutor.run(Lorg/gradle/internal/operations/RunnableBuildOperation;)V+15
j  org.gradle.initialization.BuildOperationFiringSettingsPreparer.prepareSettings(Lorg/gradle/api/internal/GradleInternal;)V+13
j  org.gradle.initialization.DefaultGradleLauncher.prepareSettings()V+15
j  org.gradle.initialization.DefaultGradleLauncher.doClassicBuildStages(Lorg/gradle/initialization/DefaultGradleLauncher$Stage;)V+17
j  org.gradle.initialization.DefaultGradleLauncher.doBuildStages(Lorg/gradle/initialization/DefaultGradleLauncher$Stage;)V+80
j  org.gradle.initialization.DefaultGradleLauncher.executeTasks()Lorg/gradle/api/internal/GradleInternal;+4
j  org.gradle.internal.invocation.GradleBuildController$$Lambda$200.transform(Ljava/lang/Object;)Ljava/lang/Object;+4
j  org.gradle.internal.invocation.GradleBuildController$1.create()Ljava/lang/Object;+13
j  org.gradle.internal.work.DefaultWorkerLeaseService.withLocks(Ljava/lang/Iterable;Lorg/gradle/internal/Factory;)Ljava/lang/Object;+26
j  org.gradle.internal.invocation.GradleBuildController.doBuild(Lorg/gradle/api/Transformer;)Ljava/lang/Object;+25
j  org.gradle.internal.invocation.GradleBuildController.run()Lorg/gradle/api/internal/GradleInternal;+6
j  org.gradle.tooling.internal.provider.runner.AbstractClientProvidedBuildActionRunner.runClientAction(Lorg/gradle/tooling/internal/provider/runner/AbstractClientProvidedBuildActionRunner$ClientAction;Lorg/gradle/internal/invocation/BuildController;)Lorg/gradle/internal/invocation/BuildActionRunner$Result;+53
j  org.gradle.tooling.internal.provider.runner.ClientProvidedPhasedActionRunner.run(Lorg/gradle/internal/invocation/BuildAction;Lorg/gradle/internal/invocation/BuildController;)Lorg/gradle/internal/invocation/BuildActionRunner$Result;+70
j  org.gradle.launcher.exec.ChainingBuildActionRunner.run(Lorg/gradle/internal/invocation/BuildAction;Lorg/gradle/internal/invocation/BuildController;)Lorg/gradle/internal/invocation/BuildActionRunner$Result;+34
j  org.gradle.launcher.exec.ChainingBuildActionRunner.run(Lorg/gradle/internal/invocation/BuildAction;Lorg/gradle/internal/invocation/BuildController;)Lorg/gradle/internal/invocation/BuildActionRunner$Result;+34
j  org.gradle.launcher.exec.BuildOutcomeReportingBuildActionRunner.run(Lorg/gradle/internal/invocation/BuildAction;Lorg/gradle/internal/invocation/BuildController;)Lorg/gradle/internal/invocation/BuildActionRunner$Result;+147
j  org.gradle.tooling.internal.provider.ValidatingBuildActionRunner.run(Lorg/gradle/internal/invocation/BuildAction;Lorg/gradle/internal/invocation/BuildController;)Lorg/gradle/internal/invocation/BuildActionRunner$Result;+6
j  org.gradle.tooling.internal.provider.FileSystemWatchingBuildActionRunner.run(Lorg/gradle/internal/invocation/BuildAction;Lorg/gradle/internal/invocation/BuildController;)Lorg/gradle/internal/invocation/BuildActionRunner$Result;+227
j  org.gradle.launcher.exec.BuildCompletionNotifyingBuildActionRunner.run(Lorg/gradle/internal/invocation/BuildAction;Lorg/gradle/internal/invocation/BuildController;)Lorg/gradle/internal/invocation/BuildActionRunner$Result;+28
j  org.gradle.launcher.exec.RunAsBuildOperationBuildActionRunner$3.call(Lorg/gradle/internal/operations/BuildOperationContext;)Lorg/gradle/internal/invocation/BuildActionRunner$Result;+71
j  org.gradle.launcher.exec.RunAsBuildOperationBuildActionRunner$3.call(Lorg/gradle/internal/operations/BuildOperationContext;)Ljava/lang/Object;+2
j  org.gradle.internal.operations.DefaultBuildOperationRunner$CallableBuildOperationWorker.execute(Lorg/gradle/internal/operations/CallableBuildOperation;Lorg/gradle/internal/operations/BuildOperationContext;)V+3
j  org.gradle.internal.operations.DefaultBuildOperationRunner$CallableBuildOperationWorker.execute(Lorg/gradle/internal/operations/BuildOperation;Lorg/gradle/internal/operations/BuildOperationContext;)V+6
j  org.gradle.internal.operations.DefaultBuildOperationRunner$3.execute(Lorg/gradle/internal/operations/BuildOperationDescriptor;Lorg/gradle/internal/operations/BuildOperationState;Lorg/gradle/internal/operations/BuildOperationState;Lorg/gradle/internal/operations/DefaultBuildOperationRunner$ReadableBuildOperationContext;Lorg/gradle/internal/operations/DefaultBuildOperationRunner$BuildOperationExecutionListener;)Lorg/gradle/internal/operations/BuildOperation;+22
j  org.gradle.internal.operations.DefaultBuildOperationRunner$3.execute(Lorg/gradle/internal/operations/BuildOperationDescriptor;Lorg/gradle/internal/operations/BuildOperationState;Lorg/gradle/internal/operations/BuildOperationState;Lorg/gradle/internal/operations/DefaultBuildOperationRunner$ReadableBuildOperationContext;Lorg/gradle/internal/operations/DefaultBuildOperationRunner$BuildOperationExecutionListener;)Ljava/lang/Object;+8
j  org.gradle.internal.operations.DefaultBuildOperationRunner.execute(Lorg/gradle/internal/operations/BuildOperationDescriptor$Builder;Lorg/gradle/internal/operations/BuildOperationState;Lorg/gradle/internal/operations/DefaultBuildOperationRunner$BuildOperationExecution;)Ljava/lang/Object;+134
j  org.gradle.internal.operations.DefaultBuildOperationRunner.execute(Lorg/gradle/internal/operations/BuildOperation;Lorg/gradle/internal/operations/BuildOperationWorker;Lorg/gradle/internal/operations/BuildOperationState;)V+18
j  org.gradle.internal.operations.DefaultBuildOperationRunner.call(Lorg/gradle/internal/operations/CallableBuildOperation;)Ljava/lang/Object;+16
j  org.gradle.internal.operations.DefaultBuildOperationExecutor.lambda$call$2(Lorg/gradle/internal/operations/CallableBuildOperation;Lorg/gradle/internal/operations/BuildOperationState;)Ljava/lang/Object;+5
j  org.gradle.internal.operations.DefaultBuildOperationExecutor$$Lambda$153.apply(Ljava/lang/Object;)Ljava/lang/Object;+12
j  org.gradle.internal.operations.UnmanagedBuildOperationWrapper.callWithUnmanagedSupport(Lorg/gradle/internal/operations/BuildOperationState;Ljava/util/function/Function;)Ljava/lang/Object;+8
j  org.gradle.internal.operations.DefaultBuildOperationExecutor.call(Lorg/gradle/internal/operations/CallableBuildOperation;)Ljava/lang/Object;+15
j  org.gradle.launcher.exec.RunAsBuildOperationBuildActionRunner.run(Lorg/gradle/internal/invocation/BuildAction;Lorg/gradle/internal/invocation/BuildController;)Lorg/gradle/internal/invocation/BuildActionRunner$Result;+33
j  org.gradle.launcher.exec.InProcessBuildActionExecuter.lambda$execute$0(Lorg/gradle/internal/invocation/BuildAction;Lorg/gradle/internal/invocation/BuildController;)Lorg/gradle/launcher/exec/BuildActionResult;+6
j  org.gradle.launcher.exec.InProcessBuildActionExecuter$$Lambda$152.transform(Ljava/lang/Object;)Ljava/lang/Object;+12
j  org.gradle.composite.internal.DefaultRootBuildState.run(Lorg/gradle/api/Transformer;)Ljava/lang/Object;+43
j  org.gradle.launcher.exec.InProcessBuildActionExecuter.execute(Lorg/gradle/internal/invocation/BuildAction;Lorg/gradle/launcher/exec/BuildActionParameters;Lorg/gradle/internal/buildtree/BuildTreeContext;)Lorg/gradle/launcher/exec/BuildActionResult;+44
j  org.gradle.launcher.exec.InProcessBuildActionExecuter.execute(Lorg/gradle/internal/invocation/BuildAction;Ljava/lang/Object;Ljava/lang/Object;)Lorg/gradle/launcher/exec/BuildActionResult;+10
j  org.gradle.launcher.exec.BuildTreeScopeLifecycleBuildActionExecuter.lambda$execute$0(Lorg/gradle/internal/invocation/BuildAction;Lorg/gradle/launcher/exec/BuildActionParameters;Lorg/gradle/internal/buildtree/BuildTreeContext;)Lorg/gradle/launcher/exec/BuildActionResult;+19
j  org.gradle.launcher.exec.BuildTreeScopeLifecycleBuildActionExecuter$$Lambda$99.apply(Ljava/lang/Object;)Ljava/lang/Object;+12
j  org.gradle.internal.buildtree.BuildTreeState.run(Ljava/util/function/Function;)Ljava/lang/Object;+7
j  org.gradle.launcher.exec.BuildTreeScopeLifecycleBuildActionExecuter.execute(Lorg/gradle/internal/invocation/BuildAction;Lorg/gradle/launcher/exec/BuildActionParameters;Lorg/gradle/internal/session/BuildSessionContext;)Lorg/gradle/launcher/exec/BuildActionResult;+49
j  org.gradle.launcher.exec.BuildTreeScopeLifecycleBuildActionExecuter.execute(Lorg/gradle/internal/invocation/BuildAction;Ljava/lang/Object;Ljava/lang/Object;)Lorg/gradle/launcher/exec/BuildActionResult;+10
j  org.gradle.tooling.internal.provider.ContinuousBuildActionExecuter.execute(Lorg/gradle/internal/invocation/BuildAction;Lorg/gradle/launcher/exec/BuildActionParameters;Lorg/gradle/internal/session/BuildSessionContext;)Lorg/gradle/launcher/exec/BuildActionResult;+59
j  org.gradle.tooling.internal.provider.ContinuousBuildActionExecuter.execute(Lorg/gradle/internal/invocation/BuildAction;Ljava/lang/Object;Ljava/lang/Object;)Lorg/gradle/launcher/exec/BuildActionResult;+10
j  org.gradle.tooling.internal.provider.SubscribableBuildActionExecuter.execute(Lorg/gradle/internal/invocation/BuildAction;Lorg/gradle/launcher/exec/BuildActionParameters;Lorg/gradle/internal/session/BuildSessionContext;)Lorg/gradle/launcher/exec/BuildActionResult;+33
j  org.gradle.tooling.internal.provider.SubscribableBuildActionExecuter.execute(Lorg/gradle/internal/invocation/BuildAction;Ljava/lang/Object;Ljava/lang/Object;)Lorg/gradle/launcher/exec/BuildActionResult;+10
j  org.gradle.tooling.internal.provider.SessionScopeLifecycleBuildActionExecuter.lambda$execute$0(Lorg/gradle/internal/invocation/BuildAction;Lorg/gradle/launcher/exec/BuildActionParameters;Lorg/gradle/internal/session/BuildSessionContext;)Lorg/gradle/launcher/exec/BuildActionResult;+52
j  org.gradle.tooling.internal.provider.SessionScopeLifecycleBuildActionExecuter$$Lambda$91.apply(Ljava/lang/Object;)Ljava/lang/Object;+12
j  org.gradle.internal.session.BuildSessionState.run(Ljava/util/function/Function;)Ljava/lang/Object;+9
j  org.gradle.tooling.internal.provider.SessionScopeLifecycleBuildActionExecuter.execute(Lorg/gradle/internal/invocation/BuildAction;Lorg/gradle/launcher/exec/BuildActionParameters;Lorg/gradle/initialization/BuildRequestContext;)Lorg/gradle/launcher/exec/BuildActionResult;+74
j  org.gradle.tooling.internal.provider.SessionScopeLifecycleBuildActionExecuter.execute(Lorg/gradle/internal/invocation/BuildAction;Ljava/lang/Object;Ljava/lang/Object;)Lorg/gradle/launcher/exec/BuildActionResult;+10
j  org.gradle.tooling.internal.provider.GradleThreadBuildActionExecuter.execute(Lorg/gradle/internal/invocation/BuildAction;Lorg/gradle/launcher/exec/BuildActionParameters;Lorg/gradle/initialization/BuildRequestContext;)Lorg/gradle/launcher/exec/BuildActionResult;+10
j  org.gradle.tooling.internal.provider.GradleThreadBuildActionExecuter.execute(Lorg/gradle/internal/invocation/BuildAction;Ljava/lang/Object;Ljava/lang/Object;)Lorg/gradle/launcher/exec/BuildActionResult;+10
j  org.gradle.tooling.internal.provider.StartParamsValidatingActionExecuter.execute(Lorg/gradle/internal/invocation/BuildAction;Lorg/gradle/launcher/exec/BuildActionParameters;Lorg/gradle/initialization/BuildRequestContext;)Lorg/gradle/launcher/exec/BuildActionResult;+175
j  org.gradle.tooling.internal.provider.StartParamsValidatingActionExecuter.execute(Lorg/gradle/internal/invocation/BuildAction;Ljava/lang/Object;Ljava/lang/Object;)Lorg/gradle/launcher/exec/BuildActionResult;+10
j  org.gradle.tooling.internal.provider.SessionFailureReportingActionExecuter.execute(Lorg/gradle/internal/invocation/BuildAction;Lorg/gradle/launcher/exec/BuildActionParameters;Lorg/gradle/initialization/BuildRequestContext;)Lorg/gradle/launcher/exec/BuildActionResult;+7
j  org.gradle.tooling.internal.provider.SessionFailureReportingActionExecuter.execute(Lorg/gradle/internal/invocation/BuildAction;Ljava/lang/Object;Ljava/lang/Object;)Lorg/gradle/launcher/exec/BuildActionResult;+10
j  org.gradle.tooling.internal.provider.SetupLoggingActionExecuter.execute(Lorg/gradle/internal/invocation/BuildAction;Lorg/gradle/launcher/exec/BuildActionParameters;Lorg/gradle/initialization/BuildRequestContext;)Lorg/gradle/launcher/exec/BuildActionResult;+50
j  org.gradle.tooling.internal.provider.SetupLoggingActionExecuter.execute(Lorg/gradle/internal/invocation/BuildAction;Ljava/lang/Object;Ljava/lang/Object;)Lorg/gradle/launcher/exec/BuildActionResult;+10
j  org.gradle.launcher.daemon.server.exec.ExecuteBuild.doBuild(Lorg/gradle/launcher/daemon/server/api/DaemonCommandExecution;Lorg/gradle/launcher/daemon/protocol/Build;)V+114
j  org.gradle.launcher.daemon.server.exec.BuildCommandOnly.execute(Lorg/gradle/launcher/daemon/server/api/DaemonCommandExecution;)V+49
j  org.gradle.launcher.daemon.server.api.DaemonCommandExecution.proceed()Z+23
j  org.gradle.launcher.daemon.server.exec.WatchForDisconnection.execute(Lorg/gradle/launcher/daemon/server/api/DaemonCommandExecution;)V+19
j  org.gradle.launcher.daemon.server.api.DaemonCommandExecution.proceed()Z+23
j  org.gradle.launcher.daemon.server.exec.ResetDeprecationLogger.execute(Lorg/gradle/launcher/daemon/server/api/DaemonCommandExecution;)V+7
j  org.gradle.launcher.daemon.server.api.DaemonCommandExecution.proceed()Z+23
j  org.gradle.launcher.daemon.server.exec.RequestStopIfSingleUsedDaemon.execute(Lorg/gradle/launcher/daemon/server/api/DaemonCommandExecution;)V+33
j  org.gradle.launcher.daemon.server.api.DaemonCommandExecution.proceed()Z+23
j  org.gradle.launcher.daemon.server.exec.ForwardClientInput$2.create()Ljava/lang/Void;+4
j  org.gradle.launcher.daemon.server.exec.ForwardClientInput$2.create()Ljava/lang/Object;+1
j  org.gradle.util.Swapper.swap(Ljava/lang/Object;Lorg/gradle/internal/Factory;)Ljava/lang/Object;+21
j  org.gradle.launcher.daemon.server.exec.ForwardClientInput.execute(Lorg/gradle/launcher/daemon/server/api/DaemonCommandExecution;)V+63
j  org.gradle.launcher.daemon.server.api.DaemonCommandExecution.proceed()Z+23
j  org.gradle.launcher.daemon.server.exec.LogAndCheckHealth.execute(Lorg/gradle/launcher/daemon/server/api/DaemonCommandExecution;)V+28
j  org.gradle.launcher.daemon.server.api.DaemonCommandExecution.proceed()Z+23
j  org.gradle.launcher.daemon.server.exec.LogToClient.doBuild(Lorg/gradle/launcher/daemon/server/api/DaemonCommandExecution;Lorg/gradle/launcher/daemon/protocol/Build;)V+87
j  org.gradle.launcher.daemon.server.exec.BuildCommandOnly.execute(Lorg/gradle/launcher/daemon/server/api/DaemonCommandExecution;)V+49
j  org.gradle.launcher.daemon.server.api.DaemonCommandExecution.proceed()Z+23
j  org.gradle.launcher.daemon.server.exec.EstablishBuildEnvironment.doBuild(Lorg/gradle/launcher/daemon/server/api/DaemonCommandExecution;Lorg/gradle/launcher/daemon/protocol/Build;)V+356
j  org.gradle.launcher.daemon.server.exec.BuildCommandOnly.execute(Lorg/gradle/launcher/daemon/server/api/DaemonCommandExecution;)V+49
j  org.gradle.launcher.daemon.server.api.DaemonCommandExecution.proceed()Z+23
j  org.gradle.launcher.daemon.server.exec.StartBuildOrRespondWithBusy$1.run()V+44
j  org.gradle.launcher.daemon.server.DaemonStateCoordinator$1.run()V+4
j  org.gradle.internal.concurrent.ExecutorPolicy$CatchAndRecordFailures.onExecute(Ljava/lang/Runnable;)V+1
j  org.gradle.internal.concurrent.ManagedExecutorImpl$1.run()V+25
j  java.util.concurrent.ThreadPoolExecutor.runWorker(Ljava/util/concurrent/ThreadPoolExecutor$Worker;)V+92 java.base@11.0.10
j  java.util.concurrent.ThreadPoolExecutor$Worker.run()V+5 java.base@11.0.10
j  org.gradle.internal.concurrent.ThreadFactoryImpl$ManagedThreadRunnable.run()V+7
j  java.lang.Thread.run()V+11 java.base@11.0.10
v  ~StubRoutines::call_stub

siginfo: EXCEPTION_ACCESS_VIOLATION (0xc0000005), reading address 0xffffffffffffffff


Register to memory mapping:

RIP=0x00007ff968cce6d1 jvm.dll
RAX=0x000001c400d659b7 is at entry_point+2039 in (nmethod*)0x000001c400d64e10
RBX=0x2000000000000000 is an unknown value
RCX=0x2000000000000020 is an unknown value
RDX=0x000001c41957d790 points into unknown readable memory: 0x000000010023eba8 | a8 eb 23 00 01 00 00 00
RSP=0x00000019ed1f8840 is pointing into the stack for thread: 0x000001c415731000
RBP=0x000001c41957d790 points into unknown readable memory: 0x000000010023eba8 | a8 eb 23 00 01 00 00 00
RSI=0x000001c4000f35b8 is at entry_point+0 in a vtable stub
vtable stub (index = 2, receiver_location = 4, code = [0x000001c4000f35b8, 0x000001c4000f3657[)
RDI=0x000001c41352eeb0 points into unknown readable memory: 0x000001c41352eed0 | d0 ee 52 13 c4 01 00 00
R8 =0x000001c4000f35b8 is at entry_point+0 in a vtable stub
vtable stub (index = 2, receiver_location = 4, code = [0x000001c4000f35b8, 0x000001c4000f3657[)
R9 =0x000001c415f61140 points into unknown readable memory: 0x000000f000000006 | 06 00 00 00 f0 00 00 00
R10={method} {0x000001c418639d38} 'getHash' '()I' in 'com/google/common/cache/ReferenceEntry'
R11=0x0000000000500000 is an unknown value
R12=0x000001c415731000 is a thread
R13=0x000001c41352eeb0 points into unknown readable memory: 0x000001c41352eed0 | d0 ee 52 13 c4 01 00 00
R14=0x000001c41352eea0 points into unknown readable memory: 0x0000000000000000 | 00 00 00 00 00 00 00 00
R15=0x00000019ed1f9d50 is pointing into the stack for thread: 0x000001c415731000


Registers:
RAX=0x000001c400d659b7, RBX=0x2000000000000000, RCX=0x2000000000000020, RDX=0x000001c41957d790
RSP=0x00000019ed1f8840, RBP=0x000001c41957d790, RSI=0x000001c4000f35b8, RDI=0x000001c41352eeb0
R8 =0x000001c4000f35b8, R9 =0x000001c415f61140, R10=0x000001c418639d30, R11=0x0000000000500000
R12=0x000001c415731000, R13=0x000001c41352eeb0, R14=0x000001c41352eea0, R15=0x00000019ed1f9d50
RIP=0x00007ff968cce6d1, EFLAGS=0x0000000000010246

Top of Stack: (sp=0x00000019ed1f8840)
0x00000019ed1f8840:   0000000000000000 0000000000000000
0x00000019ed1f8850:   000001c407bd8db0 00007ff9690b57db
0x00000019ed1f8860:   000001c41957d790 00007ff968b8edf5
0x00000019ed1f8870:   0000000000000001 000001c4000f35b8
0x00000019ed1f8880:   000001c41352eeb0 00007ff968b8e753
0x00000019ed1f8890:   000001c418639d30 000001c415731000
0x00000019ed1f88a0:   000001c47987a8e0 000001c41617ba50
0x00000019ed1f88b0:   00000019ed1f89c0 00007ff968fd8e11
0x00000019ed1f88c0:   000001c41352eea0 000001c400000000
0x00000019ed1f88d0:   000001c415286808 000001c418aade58
0x00000019ed1f88e0:   00000019ed1f8980 000001c415731000
0x00000019ed1f88f0:   0000001918b49868 00007ff918aadef8
0x00000019ed1f8900:   000001c41352eeb0 00000000000003d8
0x00000019ed1f8910:   000001c415286808 00007ff918b4ea40
0x00000019ed1f8920:   000001c415731000 000001c4000000b9
0x00000019ed1f8930:   000001c41352eea0 000001c415731000 

Instructions: (pc=0x00007ff968cce6d1)
0x00007ff968cce5d1:   e8 7a 07 00 00 48 8b c8 e8 22 02 ec ff 84 c0 74
0x00007ff968cce5e1:   4f 48 8d 4f 20 48 89 74 24 30 e8 50 07 00 00 48
0x00007ff968cce5f1:   8b 1d 59 bf 6b 00 48 8b f0 48 85 db 74 08 48 8b
0x00007ff968cce601:   cb e8 79 14 27 00 48 8b 0d 12 96 6a 00 48 89 4e
0x00007ff968cce611:   10 ff 05 10 96 6a 00 48 89 35 01 96 6a 00 48 8b
0x00007ff968cce621:   74 24 30 48 85 db 74 08 48 8b cb e8 5f 13 27 00
0x00007ff968cce631:   48 c7 47 08 00 00 00 00 48 8b 5c 24 38 48 83 c4
0x00007ff968cce641:   20 5f c3 cc cc cc cc cc cc cc cc cc cc cc cc 48
0x00007ff968cce651:   8b 05 b9 95 6a 00 48 8b 50 08 48 3b d1 77 0f 48
0x00007ff968cce661:   63 40 14 48 03 c2 48 3b c8 73 03 b0 01 c3 32 c0
0x00007ff968cce671:   c3 cc cc cc cc cc cc cc cc cc cc cc cc cc cc 48
0x00007ff968cce681:   89 5c 24 08 48 89 6c 24 10 48 89 74 24 18 57 48
0x00007ff968cce691:   83 ec 20 49 8b f0 48 8b ea 48 8b f9 e8 de 01 ec
0x00007ff968cce6a1:   ff 84 c0 74 11 48 8b cf e8 e2 c8 e6 ff 48 8d 48
0x00007ff968cce6b1:   e0 e8 09 ff ff ff 48 8b 0f 48 8b 1d 57 95 6a 00
0x00007ff968cce6c1:   48 8b 01 ff 50 08 48 8d 4b 20 4c 8b c6 48 8b d5
0x00007ff968cce6d1:   48 89 43 08 e8 66 04 00 00 48 8b d3 48 8b cf e8
0x00007ff968cce6e1:   db 03 ec ff e8 56 02 00 00 48 8b 5c 24 30 48 8b
0x00007ff968cce6f1:   6c 24 38 48 8b 74 24 40 48 89 05 18 95 6a 00 48
0x00007ff968cce701:   83 c4 20 5f c3 cc cc cc cc cc cc cc cc cc cc 40
0x00007ff968cce711:   53 57 48 83 ec 48 48 8b 59 08 48 8b f9 48 85 db
0x00007ff968cce721:   0f 84 fc 00 00 00 8b 15 4f 50 6e 00 65 48 8b 04
0x00007ff968cce731:   25 58 00 00 00 48 89 6c 24 60 48 89 74 24 68 4c
0x00007ff968cce741:   89 64 24 70 48 8b 04 d0 4c 89 6c 24 40 b9 08 00
0x00007ff968cce751:   00 00 4c 89 74 24 38 4c 89 7c 24 30 48 8b 14 08
0x00007ff968cce761:   48 8b cb 48 8b b2 78 02 00 00 48 8b 6e 10 4c 8b
0x00007ff968cce771:   7e 18 4c 8b 66 20 4c 8b 6e 28 e8 30 e9 e8 ff 33
0x00007ff968cce781:   d2 4c 8b f0 8d 4a 20 e8 73 a2 2f 00 48 85 c0 74
0x00007ff968cce791:   13 4c 8b c3 49 8b d6 48 8b c8 e8 d0 f7 eb ff 4c
0x00007ff968cce7a1:   8b f0 eb 03 45 33 f6 48 8d 5f 20 48 8b cb e8 8c
0x00007ff968cce7b1:   05 00 00 48 8b cb 48 8b f8 e8 91 05 00 00 48 8b
0x00007ff968cce7c1:   c8 48 8b d8 e8 36 00 ec ff 4c 8b cf 88 44 24 20 


Stack slot to memory mapping:
stack at sp + 0 slots: 0x0 is NULL
stack at sp + 1 slots: 0x0 is NULL
stack at sp + 2 slots: 0x000001c407bd8db0 is at entry_point+-16 in (nmethod*)0x000001c407bd8c10
stack at sp + 3 slots: 0x00007ff9690b57db jvm.dll
stack at sp + 4 slots: 0x000001c41957d790 points into unknown readable memory: 0x000000010023eba8 | a8 eb 23 00 01 00 00 00
stack at sp + 5 slots: 0x00007ff968b8edf5 jvm.dll
stack at sp + 6 slots: 0x0000000000000001 is an unknown value
stack at sp + 7 slots: 0x000001c4000f35b8 is at entry_point+0 in a vtable stub
vtable stub (index = 2, receiver_location = 4, code = [0x000001c4000f35b8, 0x000001c4000f3657[)


---------------  P R O C E S S  ---------------

Threads class SMR info:
_java_thread_list=0x000001c419db8630, length=37, elements={
0x000001c47987e800, 0x000001c4134ef000, 0x000001c4134f3000, 0x000001c413e82800,
0x000001c413510800, 0x000001c413511800, 0x000001c413514000, 0x000001c413ebd000,
0x000001c413ec3800, 0x000001c413fbc000, 0x000001c4162bf000, 0x000001c4140e0800,
0x000001c415d98800, 0x000001c415288800, 0x000001c4152d3800, 0x000001c414d67000,
0x000001c415731000, 0x000001c4152ff000, 0x000001c4154a8800, 0x000001c4154a6800,
0x000001c4154a9000, 0x000001c4154a7800, 0x000001c416295000, 0x000001c41628f000,
0x000001c416292800, 0x000001c416295800, 0x000001c416293800, 0x000001c416291000,
0x000001c416294000, 0x000001c416290000, 0x000001c416297800, 0x000001c416296800,
0x000001c416291800, 0x000001c416298000, 0x000001c416299000, 0x000001c41629b800,
0x000001c419dc4800
}

Java Threads: ( => current thread )
  0x000001c47987e800 JavaThread "main" [_thread_blocked, id=4244, stack(0x00000019eb800000,0x00000019eb900000)]
  0x000001c4134ef000 JavaThread "Reference Handler" daemon [_thread_blocked, id=11504, stack(0x00000019ebf00000,0x00000019ec000000)]
  0x000001c4134f3000 JavaThread "Finalizer" daemon [_thread_blocked, id=14512, stack(0x00000019ec000000,0x00000019ec100000)]
  0x000001c413e82800 JavaThread "Signal Dispatcher" daemon [_thread_blocked, id=832, stack(0x00000019ec100000,0x00000019ec200000)]
  0x000001c413510800 JavaThread "Attach Listener" daemon [_thread_blocked, id=11304, stack(0x00000019ec200000,0x00000019ec300000)]
  0x000001c413511800 JavaThread "Service Thread" daemon [_thread_blocked, id=9576, stack(0x00000019ec300000,0x00000019ec400000)]
  0x000001c413514000 JavaThread "C2 CompilerThread0" daemon [_thread_in_vm, id=5400, stack(0x00000019ec400000,0x00000019ec500000)]
  0x000001c413ebd000 JavaThread "C1 CompilerThread0" daemon [_thread_in_native, id=2496, stack(0x00000019ec500000,0x00000019ec600000)]
  0x000001c413ec3800 JavaThread "Sweeper thread" daemon [_thread_blocked, id=11720, stack(0x00000019ec600000,0x00000019ec700000)]
  0x000001c413fbc000 JavaThread "Common-Cleaner" daemon [_thread_blocked, id=15120, stack(0x00000019ec700000,0x00000019ec800000)]
  0x000001c4162bf000 JavaThread "Daemon health stats" [_thread_blocked, id=5512, stack(0x00000019ecc00000,0x00000019ecd00000)]
  0x000001c4140e0800 JavaThread "Incoming local TCP Connector on port 58610" [_thread_in_native, id=408, stack(0x00000019ec900000,0x00000019eca00000)]
  0x000001c415d98800 JavaThread "Daemon periodic checks" [_thread_blocked, id=11616, stack(0x00000019ecd00000,0x00000019ece00000)]
  0x000001c415288800 JavaThread "Daemon" [_thread_blocked, id=13668, stack(0x00000019ece00000,0x00000019ecf00000)]
  0x000001c4152d3800 JavaThread "Handler for socket connection from /127.0.0.1:58610 to /127.0.0.1:58611" [_thread_in_native, id=8028, stack(0x00000019ecf00000,0x00000019ed000000)]
  0x000001c414d67000 JavaThread "Cancel handler" [_thread_blocked, id=10416, stack(0x00000019ed000000,0x00000019ed100000)]
=>0x000001c415731000 JavaThread "Daemon worker" [_thread_in_vm, id=11276, stack(0x00000019ed100000,0x00000019ed200000)]
  0x000001c4152ff000 JavaThread "Asynchronous log dispatcher for DefaultDaemonConnection: socket connection from /127.0.0.1:58610 to /127.0.0.1:58611" [_thread_blocked, id=11644, stack(0x00000019ed200000,0x00000019ed300000)]
  0x000001c4154a8800 JavaThread "Stdin handler" [_thread_blocked, id=2672, stack(0x00000019ed300000,0x00000019ed400000)]
  0x000001c4154a6800 JavaThread "Daemon client event forwarder" [_thread_blocked, id=9660, stack(0x00000019ed400000,0x00000019ed500000)]
  0x000001c4154a9000 JavaThread "Cache worker for file hash cache (C:\Users\Khang\.gradle\caches\7.0.2\fileHashes)" [_thread_blocked, id=12604, stack(0x00000019ed500000,0x00000019ed600000)]
  0x000001c4154a7800 JavaThread "File lock request listener" [_thread_in_native, id=9008, stack(0x00000019ed600000,0x00000019ed700000)]
  0x000001c416295000 JavaThread "Cache worker for journal cache (C:\Users\Khang\.gradle\caches\journal-1)" [_thread_blocked, id=8496, stack(0x00000019ed800000,0x00000019ed900000)]
  0x000001c41628f000 JavaThread "Cache worker for file hash cache (C:\Users\Khang\AndroidStudioProjects\DoAnAndroid\.gradle\7.0.2\fileHashes)" [_thread_blocked, id=7020, stack(0x00000019eda00000,0x00000019edb00000)]
  0x000001c416292800 JavaThread "File watcher server" daemon [_thread_in_native, id=4792, stack(0x00000019edb00000,0x00000019edc00000)]
  0x000001c416295800 JavaThread "File watcher consumer" daemon [_thread_blocked, id=1616, stack(0x00000019edc00000,0x00000019edd00000)]
  0x000001c416293800 JavaThread "jar transforms" [_thread_blocked, id=7012, stack(0x00000019edd00000,0x00000019ede00000)]
  0x000001c416291000 JavaThread "jar transforms Thread 2" [_thread_blocked, id=7720, stack(0x00000019ede00000,0x00000019edf00000)]
  0x000001c416294000 JavaThread "jar transforms Thread 3" [_thread_blocked, id=9284, stack(0x00000019edf00000,0x00000019ee000000)]
  0x000001c416290000 JavaThread "jar transforms Thread 4" [_thread_blocked, id=7940, stack(0x00000019ee000000,0x00000019ee100000)]
  0x000001c416297800 JavaThread "File lock release action executor" [_thread_blocked, id=7208, stack(0x00000019ee100000,0x00000019ee200000)]
  0x000001c416296800 JavaThread "Cache worker for checksums cache (C:\Users\Khang\AndroidStudioProjects\DoAnAndroid\.gradle\checksums)" [_thread_blocked, id=6364, stack(0x00000019ee200000,0x00000019ee300000)]
  0x000001c416291800 JavaThread "Cache worker for cache directory md-supplier (C:\Users\Khang\.gradle\caches\7.0.2\md-supplier)" [_thread_blocked, id=4808, stack(0x00000019ee300000,0x00000019ee400000)]
  0x000001c416298000 JavaThread "Cache worker for cache directory md-rule (C:\Users\Khang\.gradle\caches\7.0.2\md-rule)" [_thread_blocked, id=1196, stack(0x00000019ed900000,0x00000019eda00000)]
  0x000001c416299000 JavaThread "Cache worker for execution history cache (C:\Users\Khang\.gradle\caches\7.0.2\executionHistory)" [_thread_blocked, id=13552, stack(0x00000019ee400000,0x00000019ee500000)]
  0x000001c41629b800 JavaThread "Cache worker for file content cache (C:\Users\Khang\.gradle\caches\7.0.2\fileContent)" [_thread_blocked, id=3396, stack(0x00000019ee600000,0x00000019ee700000)]
  0x000001c419dc4800 JavaThread "C2 CompilerThread1" daemon [_thread_in_vm, id=13752, stack(0x00000019ee500000,0x00000019ee600000)]

Other Threads:
  0x000001c4134b1800 VMThread "VM Thread" [stack: 0x00000019ebe00000,0x00000019ebf00000] [id=9864]
  0x000001c41400d800 WatcherThread [stack: 0x00000019ec800000,0x00000019ec900000] [id=14936]
  0x000001c479897800 GCTaskThread "GC Thread#0" [stack: 0x00000019eb900000,0x00000019eba00000] [id=7784]
  0x000001c41427a800 GCTaskThread "GC Thread#1" [stack: 0x00000019eca00000,0x00000019ecb00000] [id=264]
  0x000001c4149cb000 GCTaskThread "GC Thread#2" [stack: 0x00000019ecb00000,0x00000019ecc00000] [id=15000]
  0x000001c415ffd800 GCTaskThread "GC Thread#3" [stack: 0x00000019ed700000,0x00000019ed800000] [id=6076]
  0x000001c4798c9800 ConcurrentGCThread "G1 Main Marker" [stack: 0x00000019eba00000,0x00000019ebb00000] [id=14884]
  0x000001c4798ca800 ConcurrentGCThread "G1 Conc#0" [stack: 0x00000019ebb00000,0x00000019ebc00000] [id=8400]
  0x000001c47995a000 ConcurrentGCThread "G1 Refine#0" [stack: 0x00000019ebc00000,0x00000019ebd00000] [id=3864]
  0x000001c47995b800 ConcurrentGCThread "G1 Young RemSet Sampling" [stack: 0x00000019ebd00000,0x00000019ebe00000] [id=8488]

Threads with active compile tasks:
C2 CompilerThread0   8455 3677       4       java.util.Arrays::binarySearch0 (95 bytes)
C1 CompilerThread0   8455 3932       3       org.gradle.internal.instantiation.generator.AbstractClassGenerator$GeneratedClassImpl$GeneratedConstructorImpl::getParameterTypes (8 bytes)
C2 CompilerThread1   8455 3837       4       org.codehaus.groovy.reflection.CachedMethod::compareTo (25 bytes)

VM state:not at safepoint (normal execution)

VM Mutex/Monitor currently owned by a thread:  ([mutex/lock_event])
[0x000001c47987b660] CodeCache_lock - owner thread: 0x000001c413514000
[0x000001c47987a8e0] CompiledIC_lock - owner thread: 0x000001c415731000
[0x000001c47987a340] Compile_lock - owner thread: 0x000001c413514000
[0x000001c47987b300] MethodCompileQueue_lock - owner thread: 0x000001c413514000

Heap address: 0x0000000080000000, size: 2048 MB, Compressed Oops mode: 32-bit
Narrow klass base: 0x0000000000000000, Narrow klass shift: 3
Compressed class space size: 1073741824 Address: 0x0000000100000000

Heap:
 garbage-first heap   total 131072K, used 89322K [0x0000000080000000, 0x0000000100000000)
  region size 1024K, 50 young (51200K), 8 survivors (8192K)
 Metaspace       used 43940K, capacity 45162K, committed 45440K, reserved 1089536K
  class space    used 5531K, capacity 5945K, committed 6016K, reserved 1048576K
Heap Regions: E=young(eden), S=young(survivor), O=old, HS=humongous(starts), HC=humongous(continues), CS=collection set, F=free, A=archive, TAMS=top-at-mark-start (previous, next)
|   0|0x0000000080000000, 0x0000000080100000, 0x0000000080100000|100%| O|  |TAMS 0x0000000080100000, 0x0000000080000000| Untracked 
|   1|0x0000000080100000, 0x0000000080200000, 0x0000000080200000|100%|HS|  |TAMS 0x0000000080200000, 0x0000000080100000| Complete 
|   2|0x0000000080200000, 0x0000000080300000, 0x0000000080300000|100%|HC|  |TAMS 0x0000000080300000, 0x0000000080200000| Complete 
|   3|0x0000000080300000, 0x0000000080400000, 0x0000000080400000|100%|HS|  |TAMS 0x0000000080400000, 0x0000000080300000| Complete 
|   4|0x0000000080400000, 0x0000000080500000, 0x0000000080500000|100%|HC|  |TAMS 0x0000000080500000, 0x0000000080400000| Complete 
|   5|0x0000000080500000, 0x0000000080600000, 0x0000000080600000|100%|HC|  |TAMS 0x0000000080600000, 0x0000000080500000| Complete 
|   6|0x0000000080600000, 0x0000000080700000, 0x0000000080700000|100%| O|  |TAMS 0x0000000080700000, 0x0000000080600000| Untracked 
|   7|0x0000000080700000, 0x0000000080800000, 0x0000000080800000|100%| O|  |TAMS 0x0000000080800000, 0x0000000080700000| Untracked 
|   8|0x0000000080800000, 0x0000000080900000, 0x0000000080900000|100%| O|  |TAMS 0x0000000080900000, 0x0000000080800000| Untracked 
|   9|0x0000000080900000, 0x0000000080a00000, 0x0000000080a00000|100%| O|  |TAMS 0x0000000080a00000, 0x0000000080900000| Untracked 
|  10|0x0000000080a00000, 0x0000000080b00000, 0x0000000080b00000|100%|HS|  |TAMS 0x0000000080b00000, 0x0000000080a00000| Complete 
|  11|0x0000000080b00000, 0x0000000080c00000, 0x0000000080c00000|100%|HC|  |TAMS 0x0000000080c00000, 0x0000000080b00000| Complete 
|  12|0x0000000080c00000, 0x0000000080d00000, 0x0000000080d00000|100%|HC|  |TAMS 0x0000000080d00000, 0x0000000080c00000| Complete 
|  13|0x0000000080d00000, 0x0000000080e00000, 0x0000000080e00000|100%|HS|  |TAMS 0x0000000080e00000, 0x0000000080d00000| Complete 
|  14|0x0000000080e00000, 0x0000000080f00000, 0x0000000080f00000|100%|HC|  |TAMS 0x0000000080f00000, 0x0000000080e00000| Complete 
|  15|0x0000000080f00000, 0x0000000081000000, 0x0000000081000000|100%|HC|  |TAMS 0x0000000081000000, 0x0000000080f00000| Complete 
|  16|0x0000000081000000, 0x0000000081100000, 0x0000000081100000|100%|HC|  |TAMS 0x0000000081100000, 0x0000000081000000| Complete 
|  17|0x0000000081100000, 0x0000000081200000, 0x0000000081200000|100%|HC|  |TAMS 0x0000000081200000, 0x0000000081100000| Complete 
|  18|0x0000000081200000, 0x0000000081300000, 0x0000000081300000|100%| O|  |TAMS 0x0000000081300000, 0x0000000081200000| Untracked 
|  19|0x0000000081300000, 0x0000000081400000, 0x0000000081400000|100%| O|  |TAMS 0x0000000081400000, 0x0000000081300000| Untracked 
|  20|0x0000000081400000, 0x0000000081500000, 0x0000000081500000|100%| O|  |TAMS 0x0000000081500000, 0x0000000081400000| Untracked 
|  21|0x0000000081500000, 0x0000000081600000, 0x0000000081600000|100%| O|  |TAMS 0x0000000081600000, 0x0000000081500000| Untracked 
|  22|0x0000000081600000, 0x0000000081700000, 0x0000000081700000|100%| O|  |TAMS 0x0000000081700000, 0x0000000081600000| Untracked 
|  23|0x0000000081700000, 0x0000000081800000, 0x0000000081800000|100%| O|  |TAMS 0x0000000081800000, 0x0000000081700000| Untracked 
|  24|0x0000000081800000, 0x0000000081900000, 0x0000000081900000|100%| O|  |TAMS 0x0000000081900000, 0x0000000081800000| Untracked 
|  25|0x0000000081900000, 0x0000000081a00000, 0x0000000081a00000|100%| O|  |TAMS 0x0000000081a00000, 0x0000000081900000| Untracked 
|  26|0x0000000081a00000, 0x0000000081b00000, 0x0000000081b00000|100%| O|  |TAMS 0x0000000081b00000, 0x0000000081a00000| Untracked 
|  27|0x0000000081b00000, 0x0000000081c00000, 0x0000000081c00000|100%| O|  |TAMS 0x0000000081c00000, 0x0000000081b00000| Untracked 
|  28|0x0000000081c00000, 0x0000000081d00000, 0x0000000081d00000|100%| O|  |TAMS 0x0000000081d00000, 0x0000000081c00000| Untracked 
|  29|0x0000000081d00000, 0x0000000081e00000, 0x0000000081e00000|100%| O|  |TAMS 0x0000000081e00000, 0x0000000081d00000| Untracked 
|  30|0x0000000081e00000, 0x0000000081ec5c00, 0x0000000081f00000| 77%| O|  |TAMS 0x0000000081ec5c00, 0x0000000081e00000| Untracked 
|  31|0x0000000081f00000, 0x0000000082000000, 0x0000000082000000|100%|HS|  |TAMS 0x0000000081f00000, 0x0000000081f00000| Complete 
|  32|0x0000000082000000, 0x0000000082100000, 0x0000000082100000|100%|HC|  |TAMS 0x0000000082000000, 0x0000000082000000| Complete 
|  33|0x0000000082100000, 0x0000000082200000, 0x0000000082200000|100%|HC|  |TAMS 0x0000000082100000, 0x0000000082100000| Complete 
|  34|0x0000000082200000, 0x0000000082300000, 0x0000000082300000|100%|HC|  |TAMS 0x0000000082200000, 0x0000000082200000| Complete 
|  35|0x0000000082300000, 0x0000000082400000, 0x0000000082400000|100%|HC|  |TAMS 0x0000000082300000, 0x0000000082300000| Complete 
|  36|0x0000000082400000, 0x0000000082500000, 0x0000000082500000|100%|HS|  |TAMS 0x0000000082400000, 0x0000000082400000| Complete 
|  37|0x0000000082500000, 0x0000000082600000, 0x0000000082600000|100%|HC|  |TAMS 0x0000000082500000, 0x0000000082500000| Complete 
|  38|0x0000000082600000, 0x0000000082700000, 0x0000000082700000|100%|HC|  |TAMS 0x0000000082600000, 0x0000000082600000| Complete 
|  39|0x0000000082700000, 0x0000000082800000, 0x0000000082800000|100%|HS|  |TAMS 0x0000000082700000, 0x0000000082700000| Complete 
|  40|0x0000000082800000, 0x0000000082800000, 0x0000000082900000|  0%| F|  |TAMS 0x0000000082800000, 0x0000000082800000| Untracked 
|  41|0x0000000082900000, 0x0000000082900000, 0x0000000082a00000|  0%| F|  |TAMS 0x0000000082900000, 0x0000000082900000| Untracked 
|  42|0x0000000082a00000, 0x0000000082a00000, 0x0000000082b00000|  0%| F|  |TAMS 0x0000000082a00000, 0x0000000082a00000| Untracked 
|  43|0x0000000082b00000, 0x0000000082b00000, 0x0000000082c00000|  0%| F|  |TAMS 0x0000000082b00000, 0x0000000082b00000| Untracked 
|  44|0x0000000082c00000, 0x0000000082c00000, 0x0000000082d00000|  0%| F|  |TAMS 0x0000000082c00000, 0x0000000082c00000| Untracked 
|  45|0x0000000082d00000, 0x0000000082d00000, 0x0000000082e00000|  0%| F|  |TAMS 0x0000000082d00000, 0x0000000082d00000| Untracked 
|  46|0x0000000082e00000, 0x0000000082e00000, 0x0000000082f00000|  0%| F|  |TAMS 0x0000000082e00000, 0x0000000082e00000| Untracked 
|  47|0x0000000082f00000, 0x0000000082f00000, 0x0000000083000000|  0%| F|  |TAMS 0x0000000082f00000, 0x0000000082f00000| Untracked 
|  48|0x0000000083000000, 0x0000000083000000, 0x0000000083100000|  0%| F|  |TAMS 0x0000000083000000, 0x0000000083000000| Untracked 
|  49|0x0000000083100000, 0x0000000083100000, 0x0000000083200000|  0%| F|  |TAMS 0x0000000083100000, 0x0000000083100000| Untracked 
|  50|0x0000000083200000, 0x0000000083200000, 0x0000000083300000|  0%| F|  |TAMS 0x0000000083200000, 0x0000000083200000| Untracked 
|  51|0x0000000083300000, 0x0000000083300000, 0x0000000083400000|  0%| F|  |TAMS 0x0000000083300000, 0x0000000083300000| Untracked 
|  52|0x0000000083400000, 0x0000000083400000, 0x0000000083500000|  0%| F|  |TAMS 0x0000000083400000, 0x0000000083400000| Untracked 
|  53|0x0000000083500000, 0x0000000083500000, 0x0000000083600000|  0%| F|  |TAMS 0x0000000083500000, 0x0000000083500000| Untracked 
|  54|0x0000000083600000, 0x0000000083600000, 0x0000000083700000|  0%| F|  |TAMS 0x0000000083600000, 0x0000000083600000| Untracked 
|  55|0x0000000083700000, 0x0000000083700000, 0x0000000083800000|  0%| F|  |TAMS 0x0000000083700000, 0x0000000083700000| Untracked 
|  56|0x0000000083800000, 0x0000000083874c88, 0x0000000083900000| 45%| S|CS|TAMS 0x0000000083800000, 0x0000000083800000| Complete 
|  57|0x0000000083900000, 0x0000000083a00000, 0x0000000083a00000|100%| S|CS|TAMS 0x0000000083900000, 0x0000000083900000| Complete 
|  58|0x0000000083a00000, 0x0000000083b00000, 0x0000000083b00000|100%| S|CS|TAMS 0x0000000083a00000, 0x0000000083a00000| Complete 
|  59|0x0000000083b00000, 0x0000000083c00000, 0x0000000083c00000|100%| S|CS|TAMS 0x0000000083b00000, 0x0000000083b00000| Complete 
|  60|0x0000000083c00000, 0x0000000083d00000, 0x0000000083d00000|100%| S|CS|TAMS 0x0000000083c00000, 0x0000000083c00000| Complete 
|  61|0x0000000083d00000, 0x0000000083e00000, 0x0000000083e00000|100%| S|CS|TAMS 0x0000000083d00000, 0x0000000083d00000| Complete 
|  62|0x0000000083e00000, 0x0000000083f00000, 0x0000000083f00000|100%| S|CS|TAMS 0x0000000083e00000, 0x0000000083e00000| Complete 
|  63|0x0000000083f00000, 0x0000000084000000, 0x0000000084000000|100%| S|CS|TAMS 0x0000000083f00000, 0x0000000083f00000| Complete 
|  64|0x0000000084000000, 0x0000000084000000, 0x0000000084100000|  0%| F|  |TAMS 0x0000000084000000, 0x0000000084000000| Untracked 
|  65|0x0000000084100000, 0x0000000084100000, 0x0000000084200000|  0%| F|  |TAMS 0x0000000084100000, 0x0000000084100000| Untracked 
|  66|0x0000000084200000, 0x0000000084200000, 0x0000000084300000|  0%| F|  |TAMS 0x0000000084200000, 0x0000000084200000| Untracked 
|  67|0x0000000084300000, 0x0000000084300000, 0x0000000084400000|  0%| F|  |TAMS 0x0000000084300000, 0x0000000084300000| Untracked 
|  68|0x0000000084400000, 0x0000000084400000, 0x0000000084500000|  0%| F|  |TAMS 0x0000000084400000, 0x0000000084400000| Untracked 
|  69|0x0000000084500000, 0x0000000084500000, 0x0000000084600000|  0%| F|  |TAMS 0x0000000084500000, 0x0000000084500000| Untracked 
|  70|0x0000000084600000, 0x0000000084600000, 0x0000000084700000|  0%| F|  |TAMS 0x0000000084600000, 0x0000000084600000| Untracked 
|  71|0x0000000084700000, 0x0000000084700000, 0x0000000084800000|  0%| F|  |TAMS 0x0000000084700000, 0x0000000084700000| Untracked 
|  72|0x0000000084800000, 0x0000000084800000, 0x0000000084900000|  0%| F|  |TAMS 0x0000000084800000, 0x0000000084800000| Untracked 
|  73|0x0000000084900000, 0x0000000084900000, 0x0000000084a00000|  0%| F|  |TAMS 0x0000000084900000, 0x0000000084900000| Untracked 
|  74|0x0000000084a00000, 0x0000000084a00000, 0x0000000084b00000|  0%| F|  |TAMS 0x0000000084a00000, 0x0000000084a00000| Untracked 
|  75|0x0000000084b00000, 0x0000000084b00000, 0x0000000084c00000|  0%| F|  |TAMS 0x0000000084b00000, 0x0000000084b00000| Untracked 
|  76|0x0000000084c00000, 0x0000000084c00000, 0x0000000084d00000|  0%| F|  |TAMS 0x0000000084c00000, 0x0000000084c00000| Untracked 
|  77|0x0000000084d00000, 0x0000000084d00000, 0x0000000084e00000|  0%| F|  |TAMS 0x0000000084d00000, 0x0000000084d00000| Untracked 
|  78|0x0000000084e00000, 0x0000000084e00000, 0x0000000084f00000|  0%| F|  |TAMS 0x0000000084e00000, 0x0000000084e00000| Untracked 
|  79|0x0000000084f00000, 0x0000000084f00000, 0x0000000085000000|  0%| F|  |TAMS 0x0000000084f00000, 0x0000000084f00000| Untracked 
|  80|0x0000000085000000, 0x0000000085000000, 0x0000000085100000|  0%| F|  |TAMS 0x0000000085000000, 0x0000000085000000| Untracked 
|  81|0x0000000085100000, 0x0000000085100000, 0x0000000085200000|  0%| F|  |TAMS 0x0000000085100000, 0x0000000085100000| Untracked 
|  82|0x0000000085200000, 0x0000000085200000, 0x0000000085300000|  0%| F|  |TAMS 0x0000000085200000, 0x0000000085200000| Untracked 
|  83|0x0000000085300000, 0x0000000085300000, 0x0000000085400000|  0%| F|  |TAMS 0x0000000085300000, 0x0000000085300000| Untracked 
|  84|0x0000000085400000, 0x0000000085400000, 0x0000000085500000|  0%| F|  |TAMS 0x0000000085400000, 0x0000000085400000| Untracked 
|  85|0x0000000085500000, 0x0000000085500000, 0x0000000085600000|  0%| F|  |TAMS 0x0000000085500000, 0x0000000085500000| Untracked 
|  86|0x0000000085600000, 0x0000000085700000, 0x0000000085700000|100%| E|  |TAMS 0x0000000085600000, 0x0000000085600000| Complete 
|  87|0x0000000085700000, 0x0000000085800000, 0x0000000085800000|100%| E|CS|TAMS 0x0000000085700000, 0x0000000085700000| Complete 
|  88|0x0000000085800000, 0x0000000085900000, 0x0000000085900000|100%| E|CS|TAMS 0x0000000085800000, 0x0000000085800000| Complete 
|  89|0x0000000085900000, 0x0000000085a00000, 0x0000000085a00000|100%| E|CS|TAMS 0x0000000085900000, 0x0000000085900000| Complete 
|  90|0x0000000085a00000, 0x0000000085b00000, 0x0000000085b00000|100%| E|CS|TAMS 0x0000000085a00000, 0x0000000085a00000| Complete 
|  91|0x0000000085b00000, 0x0000000085c00000, 0x0000000085c00000|100%| E|CS|TAMS 0x0000000085b00000, 0x0000000085b00000| Complete 
|  92|0x0000000085c00000, 0x0000000085d00000, 0x0000000085d00000|100%| E|CS|TAMS 0x0000000085c00000, 0x0000000085c00000| Complete 
|  93|0x0000000085d00000, 0x0000000085e00000, 0x0000000085e00000|100%| E|CS|TAMS 0x0000000085d00000, 0x0000000085d00000| Complete 
|  94|0x0000000085e00000, 0x0000000085f00000, 0x0000000085f00000|100%| E|CS|TAMS 0x0000000085e00000, 0x0000000085e00000| Complete 
|  95|0x0000000085f00000, 0x0000000086000000, 0x0000000086000000|100%| E|CS|TAMS 0x0000000085f00000, 0x0000000085f00000| Complete 
|  96|0x0000000086000000, 0x0000000086100000, 0x0000000086100000|100%| E|CS|TAMS 0x0000000086000000, 0x0000000086000000| Complete 
|  97|0x0000000086100000, 0x0000000086200000, 0x0000000086200000|100%| E|  |TAMS 0x0000000086100000, 0x0000000086100000| Complete 
|  98|0x0000000086200000, 0x0000000086300000, 0x0000000086300000|100%| E|CS|TAMS 0x0000000086200000, 0x0000000086200000| Complete 
|  99|0x0000000086300000, 0x0000000086400000, 0x0000000086400000|100%| E|CS|TAMS 0x0000000086300000, 0x0000000086300000| Complete 
| 100|0x0000000086400000, 0x0000000086500000, 0x0000000086500000|100%| E|CS|TAMS 0x0000000086400000, 0x0000000086400000| Complete 
| 101|0x0000000086500000, 0x0000000086600000, 0x0000000086600000|100%| E|CS|TAMS 0x0000000086500000, 0x0000000086500000| Complete 
| 102|0x0000000086600000, 0x0000000086700000, 0x0000000086700000|100%| E|CS|TAMS 0x0000000086600000, 0x0000000086600000| Complete 
| 103|0x0000000086700000, 0x0000000086800000, 0x0000000086800000|100%| E|CS|TAMS 0x0000000086700000, 0x0000000086700000| Complete 
| 104|0x0000000086800000, 0x0000000086900000, 0x0000000086900000|100%| E|CS|TAMS 0x0000000086800000, 0x0000000086800000| Complete 
| 105|0x0000000086900000, 0x0000000086a00000, 0x0000000086a00000|100%| E|CS|TAMS 0x0000000086900000, 0x0000000086900000| Complete 
| 106|0x0000000086a00000, 0x0000000086b00000, 0x0000000086b00000|100%| E|CS|TAMS 0x0000000086a00000, 0x0000000086a00000| Complete 
| 107|0x0000000086b00000, 0x0000000086c00000, 0x0000000086c00000|100%| E|CS|TAMS 0x0000000086b00000, 0x0000000086b00000| Complete 
| 108|0x0000000086c00000, 0x0000000086d00000, 0x0000000086d00000|100%| E|CS|TAMS 0x0000000086c00000, 0x0000000086c00000| Complete 
| 109|0x0000000086d00000, 0x0000000086e00000, 0x0000000086e00000|100%| E|CS|TAMS 0x0000000086d00000, 0x0000000086d00000| Complete 
| 110|0x0000000086e00000, 0x0000000086f00000, 0x0000000086f00000|100%| E|CS|TAMS 0x0000000086e00000, 0x0000000086e00000| Complete 
| 111|0x0000000086f00000, 0x0000000087000000, 0x0000000087000000|100%| E|CS|TAMS 0x0000000086f00000, 0x0000000086f00000| Complete 
| 112|0x0000000087000000, 0x0000000087100000, 0x0000000087100000|100%| E|CS|TAMS 0x0000000087000000, 0x0000000087000000| Complete 
| 113|0x0000000087100000, 0x0000000087200000, 0x0000000087200000|100%| E|CS|TAMS 0x0000000087100000, 0x0000000087100000| Complete 
| 114|0x0000000087200000, 0x0000000087300000, 0x0000000087300000|100%| E|CS|TAMS 0x0000000087200000, 0x0000000087200000| Complete 
| 115|0x0000000087300000, 0x0000000087400000, 0x0000000087400000|100%| E|CS|TAMS 0x0000000087300000, 0x0000000087300000| Complete 
| 116|0x0000000087400000, 0x0000000087500000, 0x0000000087500000|100%| E|CS|TAMS 0x0000000087400000, 0x0000000087400000| Complete 
| 117|0x0000000087500000, 0x0000000087600000, 0x0000000087600000|100%| E|CS|TAMS 0x0000000087500000, 0x0000000087500000| Complete 
| 118|0x0000000087600000, 0x0000000087700000, 0x0000000087700000|100%| E|CS|TAMS 0x0000000087600000, 0x0000000087600000| Complete 
| 119|0x0000000087700000, 0x0000000087800000, 0x0000000087800000|100%| E|CS|TAMS 0x0000000087700000, 0x0000000087700000| Complete 
| 120|0x0000000087800000, 0x0000000087900000, 0x0000000087900000|100%| E|CS|TAMS 0x0000000087800000, 0x0000000087800000| Complete 
| 121|0x0000000087900000, 0x0000000087a00000, 0x0000000087a00000|100%| E|CS|TAMS 0x0000000087900000, 0x0000000087900000| Complete 
| 122|0x0000000087a00000, 0x0000000087b00000, 0x0000000087b00000|100%| E|CS|TAMS 0x0000000087a00000, 0x0000000087a00000| Complete 
| 123|0x0000000087b00000, 0x0000000087c00000, 0x0000000087c00000|100%| E|CS|TAMS 0x0000000087b00000, 0x0000000087b00000| Complete 
| 124|0x0000000087c00000, 0x0000000087d00000, 0x0000000087d00000|100%| E|CS|TAMS 0x0000000087c00000, 0x0000000087c00000| Complete 
| 125|0x0000000087d00000, 0x0000000087e00000, 0x0000000087e00000|100%| E|CS|TAMS 0x0000000087d00000, 0x0000000087d00000| Complete 
| 126|0x0000000087e00000, 0x0000000087f00000, 0x0000000087f00000|100%| E|CS|TAMS 0x0000000087e00000, 0x0000000087e00000| Complete 
| 127|0x0000000087f00000, 0x0000000088000000, 0x0000000088000000|100%| E|CS|TAMS 0x0000000087f00000, 0x0000000087f00000| Complete 

Card table byte_map: [0x000001c47d770000,0x000001c47db70000] _byte_map_base: 0x000001c47d370000

Marking Bits (Prev, Next): (CMBitMap*) 0x000001c4798c0778, (CMBitMap*) 0x000001c4798c07b0
 Prev Bits: [0x000001c47df70000, 0x000001c47ff70000)
 Next Bits: [0x000001c40f000000, 0x000001c411000000)

Polling page: 0x000001c477840000

Metaspace:

Usage:
  Non-class:     38.30 MB capacity,    37.51 MB ( 98%) used,   699.82 KB (  2%) free+waste,   107.88 KB ( <1%) overhead. 
      Class:      5.81 MB capacity,     5.40 MB ( 93%) used,   361.71 KB (  6%) free+waste,    52.00 KB ( <1%) overhead. 
       Both:     44.10 MB capacity,    42.91 MB ( 97%) used,     1.04 MB (  2%) free+waste,   159.88 KB ( <1%) overhead. 

Virtual space:
  Non-class space:       40.00 MB reserved,      38.50 MB ( 96%) committed 
      Class space:        1.00 GB reserved,       5.88 MB ( <1%) committed 
             Both:        1.04 GB reserved,      44.38 MB (  4%) committed 

Chunk freelists:
   Non-Class:  15.00 KB
       Class:  7.00 KB
        Both:  22.00 KB

MaxMetaspaceSize: 17179869184.00 GB
CompressedClassSpaceSize: 1.00 GB

CodeHeap 'non-profiled nmethods': size=120064Kb used=2142Kb max_used=2142Kb free=117921Kb
 bounds [0x000001c407ac0000, 0x000001c407d30000, 0x000001c40f000000]
CodeHeap 'profiled nmethods': size=120000Kb used=8615Kb max_used=8615Kb free=111384Kb
 bounds [0x000001c400590000, 0x000001c400e00000, 0x000001c407ac0000]
CodeHeap 'non-nmethods': size=5696Kb used=2256Kb max_used=2277Kb free=3439Kb
 bounds [0x000001c400000000, 0x000001c400270000, 0x000001c400590000]
 total_blobs=4696 nmethods=3918 adapters=686
 compilation: enabled
              stopped_count=0, restarted_count=0
 full_count=0

Compilation events (20 events):
Event: 8.354 Thread 0x000001c413ebd000 nmethod 3923 0x000001c400df3f90 code [0x000001c400df4200, 0x000001c400df4f58]
Event: 8.354 Thread 0x000001c413ebd000 3922       3       java.lang.Class::getEnclosingClass (69 bytes)
Event: 8.354 Thread 0x000001c413ebd000 nmethod 3922 0x000001c400df5410 code [0x000001c400df5660, 0x000001c400df5cf8]
Event: 8.354 Thread 0x000001c413ebd000 3924       3       groovyjarjarasm.asm.Frame::push (109 bytes)
Event: 8.355 Thread 0x000001c413ebd000 nmethod 3924 0x000001c400df5f90 code [0x000001c400df6180, 0x000001c400df66e8]
Event: 8.358 Thread 0x000001c413ebd000 3925       3       com.google.common.collect.MapMakerInternalMap$StrongKeyWeakValueSegment::maybeDrainReferenceQueues (9 bytes)
Event: 8.359 Thread 0x000001c413ebd000 nmethod 3925 0x000001c400df6890 code [0x000001c400df6a40, 0x000001c400df6be8]
Event: 8.359 Thread 0x000001c413ebd000 3926       3       com.google.common.collect.MapMakerInternalMap$Segment::drainValueReferenceQueue (42 bytes)
Event: 8.359 Thread 0x000001c413ebd000 nmethod 3926 0x000001c400df6c90 code [0x000001c400df6ee0, 0x000001c400df7968]
Event: 8.364 Thread 0x000001c413ebd000 3927       3       java.util.concurrent.ConcurrentHashMap$EntryIterator::next (5 bytes)
Event: 8.364 Thread 0x000001c413ebd000 nmethod 3927 0x000001c400df7d10 code [0x000001c400df7ec0, 0x000001c400df7fe8]
Event: 8.364 Thread 0x000001c413ebd000 3928       3       java.util.concurrent.ConcurrentHashMap$EntryIterator::next (51 bytes)
Event: 8.365 Thread 0x000001c413ebd000 nmethod 3928 0x000001c400df8090 code [0x000001c400df8280, 0x000001c400df8778]
Event: 8.365 Thread 0x000001c413ebd000 3929       1       org.gradle.internal.operations.BuildOperationDescriptor::getParentId (5 bytes)
Event: 8.365 Thread 0x000001c413ebd000 nmethod 3929 0x000001c407cca290 code [0x000001c407cca440, 0x000001c407cca4f8]
Event: 8.366 Thread 0x000001c413ebd000 3930       3       org.gradle.internal.service.DefaultServiceRegistry$SingletonService::<init> (26 bytes)
Event: 8.366 Thread 0x000001c413ebd000 nmethod 3930 0x000001c400df8910 code [0x000001c400df8b40, 0x000001c400df9328]
Event: 8.366 Thread 0x000001c413ebd000 3931       3       org.gradle.internal.service.DefaultServiceRegistry$ManagedObjectServiceProvider::<init> (21 bytes)
Event: 8.366 Thread 0x000001c413ebd000 nmethod 3931 0x000001c400df9590 code [0x000001c400df9780, 0x000001c400df9d58]
Event: 8.366 Thread 0x000001c413ebd000 3932       3       org.gradle.internal.instantiation.generator.AbstractClassGenerator$GeneratedClassImpl$GeneratedConstructorImpl::getParameterTypes (8 bytes)

GC Heap History (14 events):
Event: 1.013 GC heap before
{Heap before GC invocations=0 (full 0):
 garbage-first heap   total 131072K, used 19456K [0x0000000080000000, 0x0000000100000000)
  region size 1024K, 14 young (14336K), 0 survivors (0K)
 Metaspace       used 6751K, capacity 6925K, committed 7168K, reserved 1056768K
  class space    used 582K, capacity 650K, committed 768K, reserved 1048576K
}
Event: 1.017 GC heap after
{Heap after GC invocations=1 (full 0):
 garbage-first heap   total 131072K, used 8216K [0x0000000080000000, 0x0000000100000000)
  region size 1024K, 2 young (2048K), 2 survivors (2048K)
 Metaspace       used 6751K, capacity 6925K, committed 7168K, reserved 1056768K
  class space    used 582K, capacity 650K, committed 768K, reserved 1048576K
}
Event: 1.331 GC heap before
{Heap before GC invocations=1 (full 0):
 garbage-first heap   total 131072K, used 19480K [0x0000000080000000, 0x0000000100000000)
  region size 1024K, 13 young (13312K), 2 survivors (2048K)
 Metaspace       used 9867K, capacity 10054K, committed 10112K, reserved 1058816K
  class space    used 1022K, capacity 1102K, committed 1152K, reserved 1048576K
}
Event: 1.334 GC heap after
{Heap after GC invocations=2 (full 0):
 garbage-first heap   total 131072K, used 9211K [0x0000000080000000, 0x0000000100000000)
  region size 1024K, 2 young (2048K), 2 survivors (2048K)
 Metaspace       used 9867K, capacity 10054K, committed 10112K, reserved 1058816K
  class space    used 1022K, capacity 1102K, committed 1152K, reserved 1048576K
}
Event: 1.829 GC heap before
{Heap before GC invocations=2 (full 0):
 garbage-first heap   total 131072K, used 38907K [0x0000000080000000, 0x0000000100000000)
  region size 1024K, 31 young (31744K), 2 survivors (2048K)
 Metaspace       used 10782K, capacity 11007K, committed 11264K, reserved 1058816K
  class space    used 1125K, capacity 1206K, committed 1280K, reserved 1048576K
}
Event: 1.832 GC heap after
{Heap after GC invocations=3 (full 0):
 garbage-first heap   total 131072K, used 11975K [0x0000000080000000, 0x0000000100000000)
  region size 1024K, 3 young (3072K), 3 survivors (3072K)
 Metaspace       used 10782K, capacity 11007K, committed 11264K, reserved 1058816K
  class space    used 1125K, capacity 1206K, committed 1280K, reserved 1048576K
}
Event: 2.954 GC heap before
{Heap before GC invocations=3 (full 0):
 garbage-first heap   total 131072K, used 76487K [0x0000000080000000, 0x0000000100000000)
  region size 1024K, 67 young (68608K), 3 survivors (3072K)
 Metaspace       used 20561K, capacity 21089K, committed 21248K, reserved 1067008K
  class space    used 2507K, capacity 2699K, committed 2816K, reserved 1048576K
}
Event: 2.962 GC heap after
{Heap after GC invocations=4 (full 0):
 garbage-first heap   total 131072K, used 16634K [0x0000000080000000, 0x0000000100000000)
  region size 1024K, 9 young (9216K), 9 survivors (9216K)
 Metaspace       used 20561K, capacity 21089K, committed 21248K, reserved 1067008K
  class space    used 2507K, capacity 2699K, committed 2816K, reserved 1048576K
}
Event: 4.204 GC heap before
{Heap before GC invocations=5 (full 0):
 garbage-first heap   total 131072K, used 92410K [0x0000000080000000, 0x0000000100000000)
  region size 1024K, 73 young (74752K), 9 survivors (9216K)
 Metaspace       used 26881K, capacity 27665K, committed 27904K, reserved 1073152K
  class space    used 3538K, capacity 3807K, committed 3840K, reserved 1048576K
}
Event: 4.212 GC heap after
{Heap after GC invocations=6 (full 0):
 garbage-first heap   total 131072K, used 32340K [0x0000000080000000, 0x0000000100000000)
  region size 1024K, 6 young (6144K), 6 survivors (6144K)
 Metaspace       used 26881K, capacity 27665K, committed 27904K, reserved 1073152K
  class space    used 3538K, capacity 3807K, committed 3840K, reserved 1048576K
}
Event: 5.880 GC heap before
{Heap before GC invocations=6 (full 0):
 garbage-first heap   total 131072K, used 82516K [0x0000000080000000, 0x0000000100000000)
  region size 1024K, 56 young (57344K), 6 survivors (6144K)
 Metaspace       used 34817K, capacity 35722K, committed 35840K, reserved 1081344K
  class space    used 4548K, capacity 4896K, committed 4992K, reserved 1048576K
}
Event: 5.891 GC heap after
{Heap after GC invocations=7 (full 0):
 garbage-first heap   total 131072K, used 34767K [0x0000000080000000, 0x0000000100000000)
  region size 1024K, 4 young (4096K), 4 survivors (4096K)
 Metaspace       used 34817K, capacity 35722K, committed 35840K, reserved 1081344K
  class space    used 4548K, capacity 4896K, committed 4992K, reserved 1048576K
}
Event: 7.029 GC heap before
{Heap before GC invocations=8 (full 0):
 garbage-first heap   total 131072K, used 98255K [0x0000000080000000, 0x0000000100000000)
  region size 1024K, 64 young (65536K), 4 survivors (4096K)
 Metaspace       used 40546K, capacity 41645K, committed 41728K, reserved 1085440K
  class space    used 5215K, capacity 5612K, committed 5632K, reserved 1048576K
}
Event: 7.035 GC heap after
{Heap after GC invocations=9 (full 0):
 garbage-first heap   total 131072K, used 39146K [0x0000000080000000, 0x0000000100000000)
  region size 1024K, 8 young (8192K), 8 survivors (8192K)
 Metaspace       used 40546K, capacity 41645K, committed 41728K, reserved 1085440K
  class space    used 5215K, capacity 5612K, committed 5632K, reserved 1048576K
}

Deoptimization events (20 events):
Event: 7.992 Thread 0x000001c415731000 DEOPT PACKING pc=0x000001c407ca9f6c sp=0x00000019ed1f6d40
Event: 7.992 Thread 0x000001c415731000 DEOPT UNPACKING pc=0x000001c4000278af sp=0x00000019ed1f6cf8 mode 2
Event: 7.992 Thread 0x000001c415731000 Uncommon trap: trap_request=0xffffffbe fr.pc=0x000001c407ca9f6c relative=0x000000000000070c
Event: 7.992 Thread 0x000001c415731000 Uncommon trap: reason=profile_predicate action=maybe_recompile pc=0x000001c407ca9f6c method=java.lang.PublicMethods$MethodList.filter([Ljava/lang/reflect/Method;Ljava/lang/String;[Ljava/lang/Class;Z)Ljava/lang/PublicMethods$MethodList; @ 21 c2
Event: 7.992 Thread 0x000001c415731000 DEOPT PACKING pc=0x000001c407ca9f6c sp=0x00000019ed1f6c90
Event: 7.992 Thread 0x000001c415731000 DEOPT UNPACKING pc=0x000001c4000278af sp=0x00000019ed1f6c48 mode 2
Event: 7.992 Thread 0x000001c415731000 Uncommon trap: trap_request=0xffffffbe fr.pc=0x000001c407ca9f6c relative=0x000000000000070c
Event: 7.992 Thread 0x000001c415731000 Uncommon trap: reason=profile_predicate action=maybe_recompile pc=0x000001c407ca9f6c method=java.lang.PublicMethods$MethodList.filter([Ljava/lang/reflect/Method;Ljava/lang/String;[Ljava/lang/Class;Z)Ljava/lang/PublicMethods$MethodList; @ 21 c2
Event: 7.992 Thread 0x000001c415731000 DEOPT PACKING pc=0x000001c407ca9f6c sp=0x00000019ed1f6d40
Event: 7.992 Thread 0x000001c415731000 DEOPT UNPACKING pc=0x000001c4000278af sp=0x00000019ed1f6cf8 mode 2
Event: 8.031 Thread 0x000001c415731000 Uncommon trap: trap_request=0xffffffbe fr.pc=0x000001c407ca9f6c relative=0x000000000000070c
Event: 8.031 Thread 0x000001c415731000 Uncommon trap: reason=profile_predicate action=maybe_recompile pc=0x000001c407ca9f6c method=java.lang.PublicMethods$MethodList.filter([Ljava/lang/reflect/Method;Ljava/lang/String;[Ljava/lang/Class;Z)Ljava/lang/PublicMethods$MethodList; @ 21 c2
Event: 8.031 Thread 0x000001c415731000 DEOPT PACKING pc=0x000001c407ca9f6c sp=0x00000019ed1f9310
Event: 8.031 Thread 0x000001c415731000 DEOPT UNPACKING pc=0x000001c4000278af sp=0x00000019ed1f92c8 mode 2
Event: 8.061 Thread 0x000001c415731000 Uncommon trap: trap_request=0xffffff4d fr.pc=0x000001c407b15e7c relative=0x000000000000059c
Event: 8.061 Thread 0x000001c415731000 Uncommon trap: reason=unstable_if action=reinterpret pc=0x000001c407b15e7c method=java.util.jar.Manifest$FastInputStream.readLine([BII)I @ 130 c2
Event: 8.061 Thread 0x000001c415731000 DEOPT PACKING pc=0x000001c407b15e7c sp=0x00000019ed1f64e0
Event: 8.061 Thread 0x000001c415731000 DEOPT UNPACKING pc=0x000001c4000278af sp=0x00000019ed1f6470 mode 2
Event: 8.159 Thread 0x000001c415731000 DEOPT PACKING pc=0x000001c4007ec697 sp=0x00000019ed1f7810
Event: 8.159 Thread 0x000001c415731000 DEOPT UNPACKING pc=0x000001c4000276ce sp=0x00000019ed1f6d98 mode 0

Classes redefined (0 events):
No events

Internal exceptions (20 events):
Event: 8.268 Thread 0x000001c415731000 Exception <a 'java/lang/ClassNotFoundException'{0x0000000085e7b4b0}: org/jetbrains/plugins/gradle/tooling/builder/EarModelBuilderImplBeanInfo> (0x0000000085e7b4b0) thrown at [./src/hotspot/share/classfile/systemDictionary.cpp, line 231]
Event: 8.268 Thread 0x000001c415731000 Exception <a 'java/lang/ClassNotFoundException'{0x0000000085e87a98}: org/jetbrains/plugins/gradle/tooling/builder/EarModelBuilderImplCustomizer> (0x0000000085e87a98) thrown at [./src/hotspot/share/classfile/systemDictionary.cpp, line 231]
Event: 8.275 Thread 0x000001c415731000 Exception <a 'java/lang/ClassNotFoundException'{0x0000000085d700f8}: org/jetbrains/plugins/gradle/tooling/builder/ScalaModelBuilderImplBeanInfo> (0x0000000085d700f8) thrown at [./src/hotspot/share/classfile/systemDictionary.cpp, line 231]
Event: 8.276 Thread 0x000001c415731000 Exception <a 'java/lang/ClassNotFoundException'{0x0000000085d7c598}: org/jetbrains/plugins/gradle/tooling/builder/ScalaModelBuilderImplCustomizer> (0x0000000085d7c598) thrown at [./src/hotspot/share/classfile/systemDictionary.cpp, line 231]
Event: 8.284 Thread 0x000001c415731000 Exception <a 'java/lang/ClassNotFoundException'{0x0000000085deb898}: org/jetbrains/plugins/gradle/tooling/builder/ExternalProjectBuilderImpl$1BeanInfo> (0x0000000085deb898) thrown at [./src/hotspot/share/classfile/systemDictionary.cpp, line 231]
Event: 8.284 Thread 0x000001c415731000 Exception <a 'java/lang/ClassNotFoundException'{0x0000000085df8c10}: org/jetbrains/plugins/gradle/tooling/builder/ExternalProjectBuilderImpl$1Customizer> (0x0000000085df8c10) thrown at [./src/hotspot/share/classfile/systemDictionary.cpp, line 231]
Event: 8.288 Thread 0x000001c415731000 Exception <a 'java/lang/ClassNotFoundException'{0x0000000085c664d8}: org/jetbrains/plugins/gradle/tooling/builder/ExternalProjectBuilderImplBeanInfo> (0x0000000085c664d8) thrown at [./src/hotspot/share/classfile/systemDictionary.cpp, line 231]
Event: 8.289 Thread 0x000001c415731000 Exception <a 'java/lang/ClassNotFoundException'{0x0000000085c72a98}: org/jetbrains/plugins/gradle/tooling/builder/ExternalProjectBuilderImplCustomizer> (0x0000000085c72a98) thrown at [./src/hotspot/share/classfile/systemDictionary.cpp, line 231]
Event: 8.294 Thread 0x000001c415731000 Exception <a 'java/lang/ClassNotFoundException'{0x0000000085cca518}: org/jetbrains/plugins/gradle/tooling/builder/DependencyGraphModelBuilderImplBeanInfo> (0x0000000085cca518) thrown at [./src/hotspot/share/classfile/systemDictionary.cpp, line 231]
Event: 8.294 Thread 0x000001c415731000 Exception <a 'java/lang/ClassNotFoundException'{0x0000000085cd6d40}: org/jetbrains/plugins/gradle/tooling/builder/DependencyGraphModelBuilderImplCustomizer> (0x0000000085cd6d40) thrown at [./src/hotspot/share/classfile/systemDictionary.cpp, line 231]
Event: 8.302 Thread 0x000001c415731000 Exception <a 'java/lang/ClassNotFoundException'{0x0000000085b83bc0}: org/jetbrains/plugins/gradle/tooling/builder/ExternalTestsModelBuilderImplBeanInfo> (0x0000000085b83bc0) thrown at [./src/hotspot/share/classfile/systemDictionary.cpp, line 231]
Event: 8.302 Thread 0x000001c415731000 Exception <a 'java/lang/ClassNotFoundException'{0x0000000085b90370}: org/jetbrains/plugins/gradle/tooling/builder/ExternalTestsModelBuilderImplCustomizer> (0x0000000085b90370) thrown at [./src/hotspot/share/classfile/systemDictionary.cpp, line 231]
Event: 8.323 Thread 0x000001c415731000 Exception <a 'java/lang/ClassNotFoundException'{0x00000000859f6338}: org/jetbrains/plugins/gradle/tooling/builder/ProjectExtensionsDataBuilderImplBeanInfo> (0x00000000859f6338) thrown at [./src/hotspot/share/classfile/systemDictionary.cpp, line 231]
Event: 8.324 Thread 0x000001c415731000 Exception <a 'java/lang/ClassNotFoundException'{0x0000000085803080}: org/jetbrains/plugins/gradle/tooling/builder/ProjectExtensionsDataBuilderImplCustomizer> (0x0000000085803080) thrown at [./src/hotspot/share/classfile/systemDictionary.cpp, line 231]
Event: 8.326 Thread 0x000001c415731000 Exception <a 'java/lang/ClassNotFoundException'{0x000000008583abc0}: org/jetbrains/plugins/gradle/tooling/builder/IntelliJSettingsBuilderBeanInfo> (0x000000008583abc0) thrown at [./src/hotspot/share/classfile/systemDictionary.cpp, line 231]
Event: 8.327 Thread 0x000001c415731000 Exception <a 'java/lang/ClassNotFoundException'{0x00000000858470d8}: org/jetbrains/plugins/gradle/tooling/builder/IntelliJSettingsBuilderCustomizer> (0x00000000858470d8) thrown at [./src/hotspot/share/classfile/systemDictionary.cpp, line 231]
Event: 8.329 Thread 0x000001c415731000 Exception <a 'java/lang/ClassNotFoundException'{0x000000008587f0b0}: org/jetbrains/plugins/gradle/tooling/builder/IntelliJProjectSettingsBuilderBeanInfo> (0x000000008587f0b0) thrown at [./src/hotspot/share/classfile/systemDictionary.cpp, line 231]
Event: 8.330 Thread 0x000001c415731000 Exception <a 'java/lang/ClassNotFoundException'{0x000000008588bad0}: org/jetbrains/plugins/gradle/tooling/builder/IntelliJProjectSettingsBuilderCustomizer> (0x000000008588bad0) thrown at [./src/hotspot/share/classfile/systemDictionary.cpp, line 231]
Event: 8.352 Thread 0x000001c415731000 Exception <a 'java/lang/ClassNotFoundException'{0x00000000857e8160}: java/util/concurrent/CopyOnWriteArrayListBeanInfo> (0x00000000857e8160) thrown at [./src/hotspot/share/classfile/systemDictionary.cpp, line 231]
Event: 8.352 Thread 0x000001c415731000 Exception <a 'java/lang/ClassNotFoundException'{0x00000000857f0518}: java/util/concurrent/CopyOnWriteArrayListCustomizer> (0x00000000857f0518) thrown at [./src/hotspot/share/classfile/systemDictionary.cpp, line 231]

Events (20 events):
Event: 8.361 loading class org/gradle/internal/composite/CompositeBuildSettingsLoader
Event: 8.361 loading class org/gradle/internal/composite/CompositeBuildSettingsLoader done
Event: 8.362 loading class org/gradle/internal/composite/ChildBuildRegisteringSettingsLoader
Event: 8.362 loading class org/gradle/internal/composite/ChildBuildRegisteringSettingsLoader done
Event: 8.362 loading class org/gradle/internal/composite/CommandLineIncludedBuildSettingsLoader
Event: 8.362 loading class org/gradle/internal/composite/CommandLineIncludedBuildSettingsLoader done
Event: 8.362 loading class org/gradle/initialization/SettingsAttachingSettingsLoader
Event: 8.362 loading class org/gradle/initialization/SettingsAttachingSettingsLoader done
Event: 8.362 loading class org/gradle/initialization/DefaultSettingsLoader
Event: 8.362 loading class org/gradle/initialization/DefaultSettingsLoader done
Event: 8.363 loading class org/gradle/initialization/DefaultGradlePropertiesController$Loaded
Event: 8.363 loading class org/gradle/initialization/DefaultGradlePropertiesController$Loaded done
Event: 8.364 loading class org/gradle/initialization/DefaultGradleProperties
Event: 8.364 loading class org/gradle/initialization/DefaultGradleProperties done
Event: 8.365 loading class org/gradle/initialization/BuildOperationSettingsProcessor$2
Event: 8.365 loading class org/gradle/initialization/BuildOperationSettingsProcessor$2 done
Event: 8.365 loading class org/gradle/initialization/BuildOperationSettingsProcessor$2$1
Event: 8.365 loading class org/gradle/initialization/BuildOperationSettingsProcessor$2$1 done
Event: 8.365 loading class org/gradle/initialization/EvaluateSettingsBuildOperationType$Details
Event: 8.365 loading class org/gradle/initialization/EvaluateSettingsBuildOperationType$Details done


Dynamic libraries:
0x00007ff6ac930000 - 0x00007ff6ac93a000 	C:\Program Files\Android\Android Studio3\jre\bin\java.exe
0x00007ff9c5020000 - 0x00007ff9c5229000 	C:\WINDOWS\SYSTEM32\ntdll.dll
0x00007ff9c2ec0000 - 0x00007ff9c2f7d000 	C:\WINDOWS\System32\KERNEL32.DLL
0x00007ff9c25c0000 - 0x00007ff9c2939000 	C:\WINDOWS\System32\KERNELBASE.dll
0x00007ff9c2a00000 - 0x00007ff9c2b11000 	C:\WINDOWS\System32\ucrtbase.dll
0x00007ff9bdb60000 - 0x00007ff9bdb79000 	C:\Program Files\Android\Android Studio3\jre\bin\jli.dll
0x00007ff9c4890000 - 0x00007ff9c4a3c000 	C:\WINDOWS\System32\USER32.dll
0x00007ff9c2590000 - 0x00007ff9c25b6000 	C:\WINDOWS\System32\win32u.dll
0x00007ff9c39f0000 - 0x00007ff9c3a19000 	C:\WINDOWS\System32\GDI32.dll
0x00007ff9c2b20000 - 0x00007ff9c2c32000 	C:\WINDOWS\System32\gdi32full.dll
0x00007ff9c2db0000 - 0x00007ff9c2e4d000 	C:\WINDOWS\System32\msvcp_win.dll
0x00007ff9b03b0000 - 0x00007ff9b0655000 	C:\WINDOWS\WinSxS\amd64_microsoft.windows.common-controls_6595b64144ccf1df_6.0.22000.120_none_9d947278b86cc467\COMCTL32.dll
0x00007ff9c4da0000 - 0x00007ff9c4e43000 	C:\WINDOWS\System32\msvcrt.dll
0x00007ff9bdb80000 - 0x00007ff9bdb97000 	C:\Program Files\Android\Android Studio3\jre\bin\VCRUNTIME140.dll
0x00007ff9c4aa0000 - 0x00007ff9c4ad1000 	C:\WINDOWS\System32\IMM32.DLL
0x00007ff9aefe0000 - 0x00007ff9af07d000 	C:\Program Files\Android\Android Studio3\jre\bin\msvcp140.dll
0x00007ff968980000 - 0x00007ff96944f000 	C:\Program Files\Android\Android Studio3\jre\bin\server\jvm.dll
0x00007ff9c47e0000 - 0x00007ff9c488e000 	C:\WINDOWS\System32\ADVAPI32.dll
0x00007ff9c3a20000 - 0x00007ff9c3abe000 	C:\WINDOWS\System32\sechost.dll
0x00007ff9c4ec0000 - 0x00007ff9c4fe0000 	C:\WINDOWS\System32\RPCRT4.dll
0x00007ff9c4c80000 - 0x00007ff9c4c88000 	C:\WINDOWS\System32\PSAPI.DLL
0x00007ff9c19d0000 - 0x00007ff9c19d9000 	C:\WINDOWS\SYSTEM32\WSOCK32.dll
0x00007ff9c4e50000 - 0x00007ff9c4ebf000 	C:\WINDOWS\System32\WS2_32.dll
0x00007ff9b3010000 - 0x00007ff9b3043000 	C:\WINDOWS\SYSTEM32\WINMM.dll
0x00007ff9bc500000 - 0x00007ff9bc50a000 	C:\WINDOWS\SYSTEM32\VERSION.dll
0x00007ff9c0830000 - 0x00007ff9c0848000 	C:\WINDOWS\SYSTEM32\kernel.appcore.dll
0x00007ff9c1900000 - 0x00007ff9c1911000 	C:\Program Files\Android\Android Studio3\jre\bin\verify.dll
0x00007ff9c1e60000 - 0x00007ff9c2081000 	C:\WINDOWS\SYSTEM32\DBGHELP.DLL
0x00007ff9c1b60000 - 0x00007ff9c1b91000 	C:\WINDOWS\SYSTEM32\dbgcore.DLL
0x00007ff9c2510000 - 0x00007ff9c258f000 	C:\WINDOWS\System32\bcryptPrimitives.dll
0x00007ff9c0bc0000 - 0x00007ff9c0be9000 	C:\Program Files\Android\Android Studio3\jre\bin\java.dll
0x00007ff9c18f0000 - 0x00007ff9c18fb000 	C:\Program Files\Android\Android Studio3\jre\bin\jimage.dll
0x00007ff9c1830000 - 0x00007ff9c1848000 	C:\Program Files\Android\Android Studio3\jre\bin\zip.dll
0x00007ff9c3130000 - 0x00007ff9c38df000 	C:\WINDOWS\System32\SHELL32.dll
0x00007ff9bf8a0000 - 0x00007ff9c0108000 	C:\WINDOWS\SYSTEM32\windows.storage.dll
0x00007ff9c3ff0000 - 0x00007ff9c4368000 	C:\WINDOWS\System32\combase.dll
0x00007ff9bf730000 - 0x00007ff9bf896000 	C:\WINDOWS\SYSTEM32\wintypes.dll
0x00007ff9c3900000 - 0x00007ff9c39ea000 	C:\WINDOWS\System32\SHCORE.dll
0x00007ff9c2f80000 - 0x00007ff9c2fdd000 	C:\WINDOWS\System32\shlwapi.dll
0x00007ff9c2440000 - 0x00007ff9c2461000 	C:\WINDOWS\SYSTEM32\profapi.dll
0x00007ff9c0ba0000 - 0x00007ff9c0bba000 	C:\Program Files\Android\Android Studio3\jre\bin\net.dll
0x00007ff9bc5b0000 - 0x00007ff9bc6bc000 	C:\WINDOWS\SYSTEM32\WINHTTP.dll
0x00007ff9c14f0000 - 0x00007ff9c1557000 	C:\WINDOWS\system32\mswsock.dll
0x00007ff9c0b80000 - 0x00007ff9c0b94000 	C:\Program Files\Android\Android Studio3\jre\bin\nio.dll
0x00007ff9c19e0000 - 0x00007ff9c1a07000 	C:\Users\Khang\.gradle\native\8bec1ad78214c89d9ad589b4d07fe93259594b29d510b10fafb7a158f7737e5d\windows-amd64\native-platform.dll
0x00007ff9af080000 - 0x00007ff9af1bd000 	C:\Users\Khang\.gradle\native\53dbd7edfb1c66fb8903c78663c9afc45aea4f116125fa6feffd364cf09443e8\windows-amd64\native-platform-file-events.dll
0x00007ff9c0d60000 - 0x00007ff9c0d6a000 	C:\Program Files\Android\Android Studio3\jre\bin\management.dll
0x00007ff9c0cd0000 - 0x00007ff9c0cdc000 	C:\Program Files\Android\Android Studio3\jre\bin\management_ext.dll
0x00007ff9c21c0000 - 0x00007ff9c21d8000 	C:\WINDOWS\SYSTEM32\CRYPTSP.dll
0x00007ff9c0790000 - 0x00007ff9c07c5000 	C:\WINDOWS\system32\rsaenh.dll
0x00007ff9c1630000 - 0x00007ff9c1659000 	C:\WINDOWS\SYSTEM32\USERENV.dll
0x00007ff9c1c60000 - 0x00007ff9c1c87000 	C:\WINDOWS\SYSTEM32\bcrypt.dll
0x00007ff9c1660000 - 0x00007ff9c166c000 	C:\WINDOWS\SYSTEM32\CRYPTBASE.dll
0x00007ff9c0360000 - 0x00007ff9c038d000 	C:\WINDOWS\SYSTEM32\IPHLPAPI.DLL
0x00007ff9c3f70000 - 0x00007ff9c3f79000 	C:\WINDOWS\System32\NSI.dll
0x00007ff9bc570000 - 0x00007ff9bc589000 	C:\WINDOWS\SYSTEM32\dhcpcsvc6.DLL
0x00007ff9bcdc0000 - 0x00007ff9bcdde000 	C:\WINDOWS\SYSTEM32\dhcpcsvc.DLL
0x00007ff9c0390000 - 0x00007ff9c0478000 	C:\WINDOWS\SYSTEM32\DNSAPI.dll

dbghelp: loaded successfully - version: 4.0.5 - missing functions: none
symbol engine: initialized successfully - sym options: 0x614 - pdb path: .;C:\Program Files\Android\Android Studio3\jre\bin;C:\WINDOWS\SYSTEM32;C:\WINDOWS\WinSxS\amd64_microsoft.windows.common-controls_6595b64144ccf1df_6.0.22000.120_none_9d947278b86cc467;C:\Program Files\Android\Android Studio3\jre\bin\server;C:\Users\Khang\.gradle\native\8bec1ad78214c89d9ad589b4d07fe93259594b29d510b10fafb7a158f7737e5d\windows-amd64;C:\Users\Khang\.gradle\native\53dbd7edfb1c66fb8903c78663c9afc45aea4f116125fa6feffd364cf09443e8\windows-amd64

VM Arguments:
jvm_args: --add-opens=java.base/java.util=ALL-UNNAMED --add-opens=java.base/java.lang=ALL-UNNAMED --add-opens=java.base/java.lang.invoke=ALL-UNNAMED --add-opens=java.base/java.util=ALL-UNNAMED --add-opens=java.prefs/java.util.prefs=ALL-UNNAMED --add-opens=java.prefs/java.util.prefs=ALL-UNNAMED --add-opens=java.base/java.nio.charset=ALL-UNNAMED --add-opens=java.base/java.net=ALL-UNNAMED --add-opens=java.base/java.util.concurrent.atomic=ALL-UNNAMED -Xmx2048m -Dfile.encoding=UTF-8 -Duser.country=US -Duser.language=en -Duser.variant 
java_command: org.gradle.launcher.daemon.bootstrap.GradleDaemon 7.0.2
java_class_path (initial): C:\Users\Khang\.gradle\wrapper\dists\gradle-7.0.2-bin\857tjihv64xamwrf0h14cai3r\gradle-7.0.2\lib\gradle-launcher-7.0.2.jar
Launcher Type: SUN_STANDARD

[Global flags]
     intx CICompilerCount                          = 3                                         {product} {ergonomic}
     uint ConcGCThreads                            = 1                                         {product} {ergonomic}
     uint G1ConcRefinementThreads                  = 4                                         {product} {ergonomic}
   size_t G1HeapRegionSize                         = 1048576                                   {product} {ergonomic}
    uintx GCDrainStackTargetSize                   = 64                                        {product} {ergonomic}
   size_t InitialHeapSize                          = 134217728                                 {product} {ergonomic}
   size_t MarkStackSize                            = 4194304                                   {product} {ergonomic}
   size_t MaxHeapSize                              = 2147483648                                {product} {command line}
   size_t MaxNewSize                               = 1287651328                                {product} {ergonomic}
   size_t MinHeapDeltaBytes                        = 1048576                                   {product} {ergonomic}
    uintx NonNMethodCodeHeapSize                   = 5830732                                {pd product} {ergonomic}
    uintx NonProfiledCodeHeapSize                  = 122913754                              {pd product} {ergonomic}
    uintx ProfiledCodeHeapSize                     = 122913754                              {pd product} {ergonomic}
    uintx ReservedCodeCacheSize                    = 251658240                              {pd product} {ergonomic}
     bool SegmentedCodeCache                       = true                                      {product} {ergonomic}
     bool UseCompressedClassPointers               = true                                 {lp64_product} {ergonomic}
     bool UseCompressedOops                        = true                                 {lp64_product} {ergonomic}
     bool UseG1GC                                  = true                                      {product} {ergonomic}
     bool UseLargePagesIndividualAllocation        = false                                  {pd product} {ergonomic}

Logging:
Log output configuration:
 #0: stdout all=warning uptime,level,tags
 #1: stderr all=off uptime,level,tags

Environment Variables:
PATH=C:\WINDOWS\system32;C:\WINDOWS;C:\WINDOWS\System32\Wbem;C:\WINDOWS\System32\WindowsPowerShell\v1.0\;C:\WINDOWS\System32\OpenSSH\;C:\Program Files\Microsoft SQL Server\Client SDK\ODBC\170\Tools\Binn\;C:\Program Files (x86)\Microsoft SQL Server\150\Tools\Binn\;C:\Program Files\Microsoft SQL Server\150\Tools\Binn\;C:\Program Files\Microsoft SQL Server\150\DTS\Binn\;C:\Program Files (x86)\Microsoft SQL Server\150\DTS\Binn\;C:\Program Files\Azure Data Studio\bin;C:\Program Files\dotnet\;C:\Program Files\Microsoft SQL Server\130\Tools\Binn\;C:\Program Files\Git\cmd;C:\Users\Khang\AppData\Local\Microsoft\WindowsApps;C:\Program Files\Azure Data Studio\bin;C:\Users\Khang\AppData\Local\Programs\Microsoft VS Code\bin;C:\Users\Khang\.dotnet\tools;C:\Users\Khang\AppData\Local\GitHubDesktop\bin
USERNAME=Khang
OS=Windows_NT
PROCESSOR_IDENTIFIER=Intel64 Family 6 Model 158 Stepping 10, GenuineIntel



---------------  S Y S T E M  ---------------

OS: Windows 10 , 64 bit Build 22000 (10.0.22000.675)
OS uptime: 2 days 2:04 hours

CPU:total 4 (initial active 4) (4 cores per cpu, 1 threads per core) family 6 model 158 stepping 10 microcode 0xde, cmov, cx8, fxsr, mmx, sse, sse2, sse3, ssse3, sse4.1, sse4.2, popcnt, avx, avx2, aes, clmul, erms, 3dnowpref, lzcnt, tsc, tscinvbit, bmi1, bmi2, adx, fma

Memory: 4k page, system-wide physical 8134M (1296M free)
TotalPageFile size 15814M (AvailPageFile size 5854M)
current process WorkingSet (physical memory assigned to process): 280M, peak: 285M
current process commit charge ("private bytes"): 320M, peak: 325M

vm_info: OpenJDK 64-Bit Server VM (11.0.10+0-b96-7249189) for windows-amd64 JRE (11.0.10+0-b96-7249189), built on Mar 31 2021 21:44:00 by "builder" with MS VC++ 14.0 (VS2015)

END.
